CRITICAL - 2021-06-23 01:10:12 --> Undefined variable: submenu_query
#0 /developers/developer-talha/blackOptic/app/Views/cpanel-layout/navbar.php(11): CodeIgniter\Debug\Exceptions->errorHandler(8, 'Undefined varia...', '/developers/dev...', 11, Array)
#1 /developers/developer-talha/blackOptic/vendor/codeigniter4/framework/system/View/View.php(230): include('/developers/dev...')
#2 /developers/developer-talha/blackOptic/vendor/codeigniter4/framework/system/View/View.php(232): CodeIgniter\View\View->CodeIgniter\View\{closure}()
#3 /developers/developer-talha/blackOptic/vendor/codeigniter4/framework/system/Common.php(1271): CodeIgniter\View\View->render('cpanel-layout/n...', Array, true)
#4 /developers/developer-talha/blackOptic/app/Views/cpanel/user_access.php(6): view('cpanel-layout/n...')
#5 /developers/developer-talha/blackOptic/vendor/codeigniter4/framework/system/View/View.php(230): include('/developers/dev...')
#6 /developers/developer-talha/blackOptic/vendor/codeigniter4/framework/system/View/View.php(232): CodeIgniter\View\View->CodeIgniter\View\{closure}()
#7 /developers/developer-talha/blackOptic/vendor/codeigniter4/framework/system/Common.php(1271): CodeIgniter\View\View->render('cpanel/user_acc...', Array, true)
#8 /developers/developer-talha/blackOptic/app/Controllers/User.php(384): view('cpanel/user_acc...', Array)
#9 /developers/developer-talha/blackOptic/vendor/codeigniter4/framework/system/CodeIgniter.php(928): App\Controllers\User->user_access()
#10 /developers/developer-talha/blackOptic/vendor/codeigniter4/framework/system/CodeIgniter.php(436): CodeIgniter\CodeIgniter->runController(Object(App\Controllers\User))
#11 /developers/developer-talha/blackOptic/vendor/codeigniter4/framework/system/CodeIgniter.php(336): CodeIgniter\CodeIgniter->handleRequest(NULL, Object(Config\Cache), false)
#12 /developers/developer-talha/blackOptic/public/index.php(37): CodeIgniter\CodeIgniter->run()
#13 {main}
CRITICAL - 2021-06-23 01:10:13 --> Undefined variable: submenu_query
#0 /developers/developer-talha/blackOptic/app/Views/cpanel-layout/navbar.php(11): CodeIgniter\Debug\Exceptions->errorHandler(8, 'Undefined varia...', '/developers/dev...', 11, Array)
#1 /developers/developer-talha/blackOptic/vendor/codeigniter4/framework/system/View/View.php(230): include('/developers/dev...')
#2 /developers/developer-talha/blackOptic/vendor/codeigniter4/framework/system/View/View.php(232): CodeIgniter\View\View->CodeIgniter\View\{closure}()
#3 /developers/developer-talha/blackOptic/vendor/codeigniter4/framework/system/Common.php(1271): CodeIgniter\View\View->render('cpanel-layout/n...', Array, true)
#4 /developers/developer-talha/blackOptic/app/Views/cpanel/user_access.php(6): view('cpanel-layout/n...')
#5 /developers/developer-talha/blackOptic/vendor/codeigniter4/framework/system/View/View.php(230): include('/developers/dev...')
#6 /developers/developer-talha/blackOptic/vendor/codeigniter4/framework/system/View/View.php(232): CodeIgniter\View\View->CodeIgniter\View\{closure}()
#7 /developers/developer-talha/blackOptic/vendor/codeigniter4/framework/system/Common.php(1271): CodeIgniter\View\View->render('cpanel/user_acc...', Array, true)
#8 /developers/developer-talha/blackOptic/app/Controllers/User.php(384): view('cpanel/user_acc...', Array)
#9 /developers/developer-talha/blackOptic/vendor/codeigniter4/framework/system/CodeIgniter.php(928): App\Controllers\User->user_access()
#10 /developers/developer-talha/blackOptic/vendor/codeigniter4/framework/system/CodeIgniter.php(436): CodeIgniter\CodeIgniter->runController(Object(App\Controllers\User))
#11 /developers/developer-talha/blackOptic/vendor/codeigniter4/framework/system/CodeIgniter.php(336): CodeIgniter\CodeIgniter->handleRequest(NULL, Object(Config\Cache), false)
#12 /developers/developer-talha/blackOptic/public/index.php(37): CodeIgniter\CodeIgniter->run()
#13 {main}
CRITICAL - 2021-06-23 01:10:40 --> Undefined variable: menuValue
#0 /developers/developer-talha/blackOptic/app/Views/cpanel-layout/navbar.php(12): CodeIgniter\Debug\Exceptions->errorHandler(8, 'Undefined varia...', '/developers/dev...', 12, Array)
#1 /developers/developer-talha/blackOptic/vendor/codeigniter4/framework/system/View/View.php(230): include('/developers/dev...')
#2 /developers/developer-talha/blackOptic/vendor/codeigniter4/framework/system/View/View.php(232): CodeIgniter\View\View->CodeIgniter\View\{closure}()
#3 /developers/developer-talha/blackOptic/vendor/codeigniter4/framework/system/Common.php(1271): CodeIgniter\View\View->render('cpanel-layout/n...', Array, true)
#4 /developers/developer-talha/blackOptic/app/Views/cpanel/user_access.php(6): view('cpanel-layout/n...')
#5 /developers/developer-talha/blackOptic/vendor/codeigniter4/framework/system/View/View.php(230): include('/developers/dev...')
#6 /developers/developer-talha/blackOptic/vendor/codeigniter4/framework/system/View/View.php(232): CodeIgniter\View\View->CodeIgniter\View\{closure}()
#7 /developers/developer-talha/blackOptic/vendor/codeigniter4/framework/system/Common.php(1271): CodeIgniter\View\View->render('cpanel/user_acc...', Array, true)
#8 /developers/developer-talha/blackOptic/app/Controllers/User.php(384): view('cpanel/user_acc...', Array)
#9 /developers/developer-talha/blackOptic/vendor/codeigniter4/framework/system/CodeIgniter.php(928): App\Controllers\User->user_access()
#10 /developers/developer-talha/blackOptic/vendor/codeigniter4/framework/system/CodeIgniter.php(436): CodeIgniter\CodeIgniter->runController(Object(App\Controllers\User))
#11 /developers/developer-talha/blackOptic/vendor/codeigniter4/framework/system/CodeIgniter.php(336): CodeIgniter\CodeIgniter->handleRequest(NULL, Object(Config\Cache), false)
#12 /developers/developer-talha/blackOptic/public/index.php(37): CodeIgniter\CodeIgniter->run()
#13 {main}
CRITICAL - 2021-06-23 01:10:41 --> Undefined variable: menuValue
#0 /developers/developer-talha/blackOptic/app/Views/cpanel-layout/navbar.php(12): CodeIgniter\Debug\Exceptions->errorHandler(8, 'Undefined varia...', '/developers/dev...', 12, Array)
#1 /developers/developer-talha/blackOptic/vendor/codeigniter4/framework/system/View/View.php(230): include('/developers/dev...')
#2 /developers/developer-talha/blackOptic/vendor/codeigniter4/framework/system/View/View.php(232): CodeIgniter\View\View->CodeIgniter\View\{closure}()
#3 /developers/developer-talha/blackOptic/vendor/codeigniter4/framework/system/Common.php(1271): CodeIgniter\View\View->render('cpanel-layout/n...', Array, true)
#4 /developers/developer-talha/blackOptic/app/Views/cpanel/user_access.php(6): view('cpanel-layout/n...')
#5 /developers/developer-talha/blackOptic/vendor/codeigniter4/framework/system/View/View.php(230): include('/developers/dev...')
#6 /developers/developer-talha/blackOptic/vendor/codeigniter4/framework/system/View/View.php(232): CodeIgniter\View\View->CodeIgniter\View\{closure}()
#7 /developers/developer-talha/blackOptic/vendor/codeigniter4/framework/system/Common.php(1271): CodeIgniter\View\View->render('cpanel/user_acc...', Array, true)
#8 /developers/developer-talha/blackOptic/app/Controllers/User.php(384): view('cpanel/user_acc...', Array)
#9 /developers/developer-talha/blackOptic/vendor/codeigniter4/framework/system/CodeIgniter.php(928): App\Controllers\User->user_access()
#10 /developers/developer-talha/blackOptic/vendor/codeigniter4/framework/system/CodeIgniter.php(436): CodeIgniter\CodeIgniter->runController(Object(App\Controllers\User))
#11 /developers/developer-talha/blackOptic/vendor/codeigniter4/framework/system/CodeIgniter.php(336): CodeIgniter\CodeIgniter->handleRequest(NULL, Object(Config\Cache), false)
#12 /developers/developer-talha/blackOptic/public/index.php(37): CodeIgniter\CodeIgniter->run()
#13 {main}
CRITICAL - 2021-06-23 01:10:41 --> Undefined variable: menuValue
#0 /developers/developer-talha/blackOptic/app/Views/cpanel-layout/navbar.php(12): CodeIgniter\Debug\Exceptions->errorHandler(8, 'Undefined varia...', '/developers/dev...', 12, Array)
#1 /developers/developer-talha/blackOptic/vendor/codeigniter4/framework/system/View/View.php(230): include('/developers/dev...')
#2 /developers/developer-talha/blackOptic/vendor/codeigniter4/framework/system/View/View.php(232): CodeIgniter\View\View->CodeIgniter\View\{closure}()
#3 /developers/developer-talha/blackOptic/vendor/codeigniter4/framework/system/Common.php(1271): CodeIgniter\View\View->render('cpanel-layout/n...', Array, true)
#4 /developers/developer-talha/blackOptic/app/Views/cpanel/user_access.php(6): view('cpanel-layout/n...')
#5 /developers/developer-talha/blackOptic/vendor/codeigniter4/framework/system/View/View.php(230): include('/developers/dev...')
#6 /developers/developer-talha/blackOptic/vendor/codeigniter4/framework/system/View/View.php(232): CodeIgniter\View\View->CodeIgniter\View\{closure}()
#7 /developers/developer-talha/blackOptic/vendor/codeigniter4/framework/system/Common.php(1271): CodeIgniter\View\View->render('cpanel/user_acc...', Array, true)
#8 /developers/developer-talha/blackOptic/app/Controllers/User.php(384): view('cpanel/user_acc...', Array)
#9 /developers/developer-talha/blackOptic/vendor/codeigniter4/framework/system/CodeIgniter.php(928): App\Controllers\User->user_access()
#10 /developers/developer-talha/blackOptic/vendor/codeigniter4/framework/system/CodeIgniter.php(436): CodeIgniter\CodeIgniter->runController(Object(App\Controllers\User))
#11 /developers/developer-talha/blackOptic/vendor/codeigniter4/framework/system/CodeIgniter.php(336): CodeIgniter\CodeIgniter->handleRequest(NULL, Object(Config\Cache), false)
#12 /developers/developer-talha/blackOptic/public/index.php(37): CodeIgniter\CodeIgniter->run()
#13 {main}
CRITICAL - 2021-06-23 01:10:42 --> Undefined variable: menuValue
#0 /developers/developer-talha/blackOptic/app/Views/cpanel-layout/navbar.php(12): CodeIgniter\Debug\Exceptions->errorHandler(8, 'Undefined varia...', '/developers/dev...', 12, Array)
#1 /developers/developer-talha/blackOptic/vendor/codeigniter4/framework/system/View/View.php(230): include('/developers/dev...')
#2 /developers/developer-talha/blackOptic/vendor/codeigniter4/framework/system/View/View.php(232): CodeIgniter\View\View->CodeIgniter\View\{closure}()
#3 /developers/developer-talha/blackOptic/vendor/codeigniter4/framework/system/Common.php(1271): CodeIgniter\View\View->render('cpanel-layout/n...', Array, true)
#4 /developers/developer-talha/blackOptic/app/Views/cpanel/user_access.php(6): view('cpanel-layout/n...')
#5 /developers/developer-talha/blackOptic/vendor/codeigniter4/framework/system/View/View.php(230): include('/developers/dev...')
#6 /developers/developer-talha/blackOptic/vendor/codeigniter4/framework/system/View/View.php(232): CodeIgniter\View\View->CodeIgniter\View\{closure}()
#7 /developers/developer-talha/blackOptic/vendor/codeigniter4/framework/system/Common.php(1271): CodeIgniter\View\View->render('cpanel/user_acc...', Array, true)
#8 /developers/developer-talha/blackOptic/app/Controllers/User.php(384): view('cpanel/user_acc...', Array)
#9 /developers/developer-talha/blackOptic/vendor/codeigniter4/framework/system/CodeIgniter.php(928): App\Controllers\User->user_access()
#10 /developers/developer-talha/blackOptic/vendor/codeigniter4/framework/system/CodeIgniter.php(436): CodeIgniter\CodeIgniter->runController(Object(App\Controllers\User))
#11 /developers/developer-talha/blackOptic/vendor/codeigniter4/framework/system/CodeIgniter.php(336): CodeIgniter\CodeIgniter->handleRequest(NULL, Object(Config\Cache), false)
#12 /developers/developer-talha/blackOptic/public/index.php(37): CodeIgniter\CodeIgniter->run()
#13 {main}
CRITICAL - 2021-06-23 01:25:52 --> Undefined variable: sess_status
#0 /developers/developer-talha/blackOptic/app/Controllers/Dashboard_menu.php(17): CodeIgniter\Debug\Exceptions->errorHandler(8, 'Undefined varia...', '/developers/dev...', 17, Array)
#1 /developers/developer-talha/blackOptic/vendor/codeigniter4/framework/system/CodeIgniter.php(928): App\Controllers\Dashboard_menu->index()
#2 /developers/developer-talha/blackOptic/vendor/codeigniter4/framework/system/CodeIgniter.php(436): CodeIgniter\CodeIgniter->runController(Object(App\Controllers\Dashboard_menu))
#3 /developers/developer-talha/blackOptic/vendor/codeigniter4/framework/system/CodeIgniter.php(336): CodeIgniter\CodeIgniter->handleRequest(NULL, Object(Config\Cache), false)
#4 /developers/developer-talha/blackOptic/public/index.php(37): CodeIgniter\CodeIgniter->run()
#5 {main}
CRITICAL - 2021-06-23 01:26:00 --> Undefined variable: sess_status
#0 /developers/developer-talha/blackOptic/app/Controllers/Dashboard_menu.php(17): CodeIgniter\Debug\Exceptions->errorHandler(8, 'Undefined varia...', '/developers/dev...', 17, Array)
#1 /developers/developer-talha/blackOptic/vendor/codeigniter4/framework/system/CodeIgniter.php(928): App\Controllers\Dashboard_menu->index()
#2 /developers/developer-talha/blackOptic/vendor/codeigniter4/framework/system/CodeIgniter.php(436): CodeIgniter\CodeIgniter->runController(Object(App\Controllers\Dashboard_menu))
#3 /developers/developer-talha/blackOptic/vendor/codeigniter4/framework/system/CodeIgniter.php(336): CodeIgniter\CodeIgniter->handleRequest(NULL, Object(Config\Cache), false)
#4 /developers/developer-talha/blackOptic/public/index.php(37): CodeIgniter\CodeIgniter->run()
#5 {main}
CRITICAL - 2021-06-23 01:26:00 --> Undefined variable: sess_status
#0 /developers/developer-talha/blackOptic/app/Controllers/Dashboard_menu.php(17): CodeIgniter\Debug\Exceptions->errorHandler(8, 'Undefined varia...', '/developers/dev...', 17, Array)
#1 /developers/developer-talha/blackOptic/vendor/codeigniter4/framework/system/CodeIgniter.php(928): App\Controllers\Dashboard_menu->index()
#2 /developers/developer-talha/blackOptic/vendor/codeigniter4/framework/system/CodeIgniter.php(436): CodeIgniter\CodeIgniter->runController(Object(App\Controllers\Dashboard_menu))
#3 /developers/developer-talha/blackOptic/vendor/codeigniter4/framework/system/CodeIgniter.php(336): CodeIgniter\CodeIgniter->handleRequest(NULL, Object(Config\Cache), false)
#4 /developers/developer-talha/blackOptic/public/index.php(37): CodeIgniter\CodeIgniter->run()
#5 {main}
CRITICAL - 2021-06-23 02:10:35 --> Undefined property: stdClass::$menu_order
#0 /developers/developer-talha/blackOptic/app/Controllers/Dashboard_menu.php(36): CodeIgniter\Debug\Exceptions->errorHandler(8, 'Undefined prope...', '/developers/dev...', 36, Array)
#1 /developers/developer-talha/blackOptic/vendor/codeigniter4/framework/system/CodeIgniter.php(928): App\Controllers\Dashboard_menu->show_main_menu()
#2 /developers/developer-talha/blackOptic/vendor/codeigniter4/framework/system/CodeIgniter.php(436): CodeIgniter\CodeIgniter->runController(Object(App\Controllers\Dashboard_menu))
#3 /developers/developer-talha/blackOptic/vendor/codeigniter4/framework/system/CodeIgniter.php(336): CodeIgniter\CodeIgniter->handleRequest(NULL, Object(Config\Cache), false)
#4 /developers/developer-talha/blackOptic/public/index.php(37): CodeIgniter\CodeIgniter->run()
#5 {main}
CRITICAL - 2021-06-23 02:15:32 --> syntax error, unexpected '=>' (T_DOUBLE_ARROW)
#0 /developers/developer-talha/blackOptic/vendor/codeigniter4/framework/system/Autoloader/Autoloader.php(273): CodeIgniter\Autoloader\Autoloader->includeFile('/developers/dev...')
#1 /developers/developer-talha/blackOptic/vendor/codeigniter4/framework/system/Autoloader/Autoloader.php(247): CodeIgniter\Autoloader\Autoloader->loadInNamespace('App\\Controllers...')
#2 [internal function]: CodeIgniter\Autoloader\Autoloader->loadClass('App\\Controllers...')
#3 [internal function]: spl_autoload_call('App\\Controllers...')
#4 /developers/developer-talha/blackOptic/vendor/codeigniter4/framework/system/CodeIgniter.php(885): class_exists('\\App\\Controller...', true)
#5 /developers/developer-talha/blackOptic/vendor/codeigniter4/framework/system/CodeIgniter.php(421): CodeIgniter\CodeIgniter->startController()
#6 /developers/developer-talha/blackOptic/vendor/codeigniter4/framework/system/CodeIgniter.php(336): CodeIgniter\CodeIgniter->handleRequest(NULL, Object(Config\Cache), false)
#7 /developers/developer-talha/blackOptic/public/index.php(37): CodeIgniter\CodeIgniter->run()
#8 {main}
CRITICAL - 2021-06-23 02:15:34 --> syntax error, unexpected '=>' (T_DOUBLE_ARROW)
#0 /developers/developer-talha/blackOptic/vendor/codeigniter4/framework/system/Autoloader/Autoloader.php(273): CodeIgniter\Autoloader\Autoloader->includeFile('/developers/dev...')
#1 /developers/developer-talha/blackOptic/vendor/codeigniter4/framework/system/Autoloader/Autoloader.php(247): CodeIgniter\Autoloader\Autoloader->loadInNamespace('App\\Controllers...')
#2 [internal function]: CodeIgniter\Autoloader\Autoloader->loadClass('App\\Controllers...')
#3 [internal function]: spl_autoload_call('App\\Controllers...')
#4 /developers/developer-talha/blackOptic/vendor/codeigniter4/framework/system/CodeIgniter.php(885): class_exists('\\App\\Controller...', true)
#5 /developers/developer-talha/blackOptic/vendor/codeigniter4/framework/system/CodeIgniter.php(421): CodeIgniter\CodeIgniter->startController()
#6 /developers/developer-talha/blackOptic/vendor/codeigniter4/framework/system/CodeIgniter.php(336): CodeIgniter\CodeIgniter->handleRequest(NULL, Object(Config\Cache), false)
#7 /developers/developer-talha/blackOptic/public/index.php(37): CodeIgniter\CodeIgniter->run()
#8 {main}
CRITICAL - 2021-06-23 02:47:35 --> Undefined variable: id
#0 /developers/developer-talha/blackOptic/app/Controllers/Dashboard_menu.php(53): CodeIgniter\Debug\Exceptions->errorHandler(8, 'Undefined varia...', '/developers/dev...', 53, Array)
#1 /developers/developer-talha/blackOptic/vendor/codeigniter4/framework/system/CodeIgniter.php(928): App\Controllers\Dashboard_menu->show_sub_menu()
#2 /developers/developer-talha/blackOptic/vendor/codeigniter4/framework/system/CodeIgniter.php(436): CodeIgniter\CodeIgniter->runController(Object(App\Controllers\Dashboard_menu))
#3 /developers/developer-talha/blackOptic/vendor/codeigniter4/framework/system/CodeIgniter.php(336): CodeIgniter\CodeIgniter->handleRequest(NULL, Object(Config\Cache), false)
#4 /developers/developer-talha/blackOptic/public/index.php(37): CodeIgniter\CodeIgniter->run()
#5 {main}
CRITICAL - 2021-06-23 06:10:22 --> Cannot redeclare App\Controllers\Dashboard_menu::add_main_menu()
#0 [internal function]: CodeIgniter\Debug\Exceptions->shutdownHandler()
#1 {main}
CRITICAL - 2021-06-23 06:14:57 --> Trying to get property 'view' of non-object
#0 /developers/developer-talha/blackOptic/app/Controllers/User.php(401): CodeIgniter\Debug\Exceptions->errorHandler(8, 'Trying to get p...', '/developers/dev...', 401, Array)
#1 /developers/developer-talha/blackOptic/vendor/codeigniter4/framework/system/CodeIgniter.php(928): App\Controllers\User->crud_flip()
#2 /developers/developer-talha/blackOptic/vendor/codeigniter4/framework/system/CodeIgniter.php(436): CodeIgniter\CodeIgniter->runController(Object(App\Controllers\User))
#3 /developers/developer-talha/blackOptic/vendor/codeigniter4/framework/system/CodeIgniter.php(336): CodeIgniter\CodeIgniter->handleRequest(NULL, Object(Config\Cache), false)
#4 /developers/developer-talha/blackOptic/public/index.php(37): CodeIgniter\CodeIgniter->run()
#5 {main}
CRITICAL - 2021-06-23 06:29:38 --> Call to undefined method CodeIgniter\Database\MySQLi\Result::get()
#0 /developers/developer-talha/blackOptic/vendor/codeigniter4/framework/system/CodeIgniter.php(928): App\Controllers\Dashboard_menu->add_sub_menu()
#1 /developers/developer-talha/blackOptic/vendor/codeigniter4/framework/system/CodeIgniter.php(436): CodeIgniter\CodeIgniter->runController(Object(App\Controllers\Dashboard_menu))
#2 /developers/developer-talha/blackOptic/vendor/codeigniter4/framework/system/CodeIgniter.php(336): CodeIgniter\CodeIgniter->handleRequest(NULL, Object(Config\Cache), false)
#3 /developers/developer-talha/blackOptic/public/index.php(37): CodeIgniter\CodeIgniter->run()
#4 {main}
CRITICAL - 2021-06-23 06:34:42 --> Call to undefined method CodeIgniter\Database\MySQLi\Result::get()
#0 /developers/developer-talha/blackOptic/vendor/codeigniter4/framework/system/CodeIgniter.php(928): App\Controllers\Dashboard_menu->index()
#1 /developers/developer-talha/blackOptic/vendor/codeigniter4/framework/system/CodeIgniter.php(436): CodeIgniter\CodeIgniter->runController(Object(App\Controllers\Dashboard_menu))
#2 /developers/developer-talha/blackOptic/vendor/codeigniter4/framework/system/CodeIgniter.php(336): CodeIgniter\CodeIgniter->handleRequest(NULL, Object(Config\Cache), false)
#3 /developers/developer-talha/blackOptic/public/index.php(37): CodeIgniter\CodeIgniter->run()
#4 {main}
CRITICAL - 2021-06-23 06:34:51 --> Call to undefined method CodeIgniter\Database\MySQLi\Result::get()
#0 /developers/developer-talha/blackOptic/vendor/codeigniter4/framework/system/CodeIgniter.php(928): App\Controllers\Dashboard_menu->index()
#1 /developers/developer-talha/blackOptic/vendor/codeigniter4/framework/system/CodeIgniter.php(436): CodeIgniter\CodeIgniter->runController(Object(App\Controllers\Dashboard_menu))
#2 /developers/developer-talha/blackOptic/vendor/codeigniter4/framework/system/CodeIgniter.php(336): CodeIgniter\CodeIgniter->handleRequest(NULL, Object(Config\Cache), false)
#3 /developers/developer-talha/blackOptic/public/index.php(37): CodeIgniter\CodeIgniter->run()
#4 {main}
CRITICAL - 2021-06-23 06:34:53 --> Call to undefined method CodeIgniter\Database\MySQLi\Result::get()
#0 /developers/developer-talha/blackOptic/vendor/codeigniter4/framework/system/CodeIgniter.php(928): App\Controllers\Dashboard_menu->index()
#1 /developers/developer-talha/blackOptic/vendor/codeigniter4/framework/system/CodeIgniter.php(436): CodeIgniter\CodeIgniter->runController(Object(App\Controllers\Dashboard_menu))
#2 /developers/developer-talha/blackOptic/vendor/codeigniter4/framework/system/CodeIgniter.php(336): CodeIgniter\CodeIgniter->handleRequest(NULL, Object(Config\Cache), false)
#3 /developers/developer-talha/blackOptic/public/index.php(37): CodeIgniter\CodeIgniter->run()
#4 {main}
CRITICAL - 2021-06-23 06:34:53 --> Call to undefined method CodeIgniter\Database\MySQLi\Result::get()
#0 /developers/developer-talha/blackOptic/vendor/codeigniter4/framework/system/CodeIgniter.php(928): App\Controllers\Dashboard_menu->index()
#1 /developers/developer-talha/blackOptic/vendor/codeigniter4/framework/system/CodeIgniter.php(436): CodeIgniter\CodeIgniter->runController(Object(App\Controllers\Dashboard_menu))
#2 /developers/developer-talha/blackOptic/vendor/codeigniter4/framework/system/CodeIgniter.php(336): CodeIgniter\CodeIgniter->handleRequest(NULL, Object(Config\Cache), false)
#3 /developers/developer-talha/blackOptic/public/index.php(37): CodeIgniter\CodeIgniter->run()
#4 {main}
CRITICAL - 2021-06-23 06:34:53 --> Call to undefined method CodeIgniter\Database\MySQLi\Result::get()
#0 /developers/developer-talha/blackOptic/vendor/codeigniter4/framework/system/CodeIgniter.php(928): App\Controllers\Dashboard_menu->index()
#1 /developers/developer-talha/blackOptic/vendor/codeigniter4/framework/system/CodeIgniter.php(436): CodeIgniter\CodeIgniter->runController(Object(App\Controllers\Dashboard_menu))
#2 /developers/developer-talha/blackOptic/vendor/codeigniter4/framework/system/CodeIgniter.php(336): CodeIgniter\CodeIgniter->handleRequest(NULL, Object(Config\Cache), false)
#3 /developers/developer-talha/blackOptic/public/index.php(37): CodeIgniter\CodeIgniter->run()
#4 {main}
CRITICAL - 2021-06-23 06:34:53 --> Call to undefined method CodeIgniter\Database\MySQLi\Result::get()
#0 /developers/developer-talha/blackOptic/vendor/codeigniter4/framework/system/CodeIgniter.php(928): App\Controllers\Dashboard_menu->index()
#1 /developers/developer-talha/blackOptic/vendor/codeigniter4/framework/system/CodeIgniter.php(436): CodeIgniter\CodeIgniter->runController(Object(App\Controllers\Dashboard_menu))
#2 /developers/developer-talha/blackOptic/vendor/codeigniter4/framework/system/CodeIgniter.php(336): CodeIgniter\CodeIgniter->handleRequest(NULL, Object(Config\Cache), false)
#3 /developers/developer-talha/blackOptic/public/index.php(37): CodeIgniter\CodeIgniter->run()
#4 {main}
