ERROR - 2022-09-30 11:18:46 --> Error connecting to the database: No route to host
CRITICAL - 2022-09-30 11:18:46 --> Unable to connect to the database.
Main connection [MySQLi]: No route to host
#0 /var/www/html/my-blackoptic/vendor/codeigniter4/framework/system/Database/BaseConnection.php(625): CodeIgniter\Database\BaseConnection->initialize()
#1 /var/www/html/my-blackoptic/vendor/codeigniter4/framework/system/Database/BaseBuilder.php(1881): CodeIgniter\Database\BaseConnection->query()
#2 /var/www/html/my-blackoptic/app/Filters/MaintenanceFilter.php(17): CodeIgniter\Database\BaseBuilder->get()
#3 /var/www/html/my-blackoptic/vendor/codeigniter4/framework/system/Filters/Filters.php(181): App\Filters\MaintenanceFilter->before()
#4 /var/www/html/my-blackoptic/vendor/codeigniter4/framework/system/CodeIgniter.php(410): CodeIgniter\Filters\Filters->run()
#5 /var/www/html/my-blackoptic/vendor/codeigniter4/framework/system/CodeIgniter.php(339): CodeIgniter\CodeIgniter->handleRequest()
#6 /var/www/html/my-blackoptic/public/index.php(37): CodeIgniter\CodeIgniter->run()
#7 {main}
ERROR - 2022-09-30 14:54:21 --> Error connecting to the database: No route to host
CRITICAL - 2022-09-30 14:54:21 --> Unable to connect to the database.
Main connection [MySQLi]: No route to host
#0 /var/www/html/my-blackoptic/vendor/codeigniter4/framework/system/Database/BaseConnection.php(625): CodeIgniter\Database\BaseConnection->initialize()
#1 /var/www/html/my-blackoptic/vendor/codeigniter4/framework/system/Database/BaseBuilder.php(1881): CodeIgniter\Database\BaseConnection->query()
#2 /var/www/html/my-blackoptic/app/Filters/MaintenanceFilter.php(17): CodeIgniter\Database\BaseBuilder->get()
#3 /var/www/html/my-blackoptic/vendor/codeigniter4/framework/system/Filters/Filters.php(181): App\Filters\MaintenanceFilter->before()
#4 /var/www/html/my-blackoptic/vendor/codeigniter4/framework/system/CodeIgniter.php(410): CodeIgniter\Filters\Filters->run()
#5 /var/www/html/my-blackoptic/vendor/codeigniter4/framework/system/CodeIgniter.php(339): CodeIgniter\CodeIgniter->handleRequest()
#6 /var/www/html/my-blackoptic/public/index.php(37): CodeIgniter\CodeIgniter->run()
#7 {main}
ERROR - 2022-09-30 17:18:17 --> Error connecting to the database: No route to host
CRITICAL - 2022-09-30 17:18:17 --> Unable to connect to the database.
Main connection [MySQLi]: No route to host
#0 /var/www/html/my-blackoptic/vendor/codeigniter4/framework/system/Database/BaseConnection.php(625): CodeIgniter\Database\BaseConnection->initialize()
#1 /var/www/html/my-blackoptic/vendor/codeigniter4/framework/system/Database/BaseBuilder.php(1881): CodeIgniter\Database\BaseConnection->query()
#2 /var/www/html/my-blackoptic/app/Filters/MaintenanceFilter.php(17): CodeIgniter\Database\BaseBuilder->get()
#3 /var/www/html/my-blackoptic/vendor/codeigniter4/framework/system/Filters/Filters.php(181): App\Filters\MaintenanceFilter->before()
#4 /var/www/html/my-blackoptic/vendor/codeigniter4/framework/system/CodeIgniter.php(410): CodeIgniter\Filters\Filters->run()
#5 /var/www/html/my-blackoptic/vendor/codeigniter4/framework/system/CodeIgniter.php(339): CodeIgniter\CodeIgniter->handleRequest()
#6 /var/www/html/my-blackoptic/public/index.php(37): CodeIgniter\CodeIgniter->run()
#7 {main}
ERROR - 2022-09-30 17:19:03 --> Error connecting to the database: No route to host
CRITICAL - 2022-09-30 17:19:03 --> Unable to connect to the database.
Main connection [MySQLi]: No route to host
#0 /var/www/html/my-blackoptic/vendor/codeigniter4/framework/system/Database/BaseConnection.php(625): CodeIgniter\Database\BaseConnection->initialize()
#1 /var/www/html/my-blackoptic/vendor/codeigniter4/framework/system/Database/BaseBuilder.php(1881): CodeIgniter\Database\BaseConnection->query()
#2 /var/www/html/my-blackoptic/app/Filters/MaintenanceFilter.php(17): CodeIgniter\Database\BaseBuilder->get()
#3 /var/www/html/my-blackoptic/vendor/codeigniter4/framework/system/Filters/Filters.php(181): App\Filters\MaintenanceFilter->before()
#4 /var/www/html/my-blackoptic/vendor/codeigniter4/framework/system/CodeIgniter.php(410): CodeIgniter\Filters\Filters->run()
#5 /var/www/html/my-blackoptic/vendor/codeigniter4/framework/system/CodeIgniter.php(339): CodeIgniter\CodeIgniter->handleRequest()
#6 /var/www/html/my-blackoptic/public/index.php(37): CodeIgniter\CodeIgniter->run()
#7 {main}
ERROR - 2022-09-30 17:21:00 --> Error connecting to the database: No route to host
CRITICAL - 2022-09-30 17:21:00 --> Unable to connect to the database.
Main connection [MySQLi]: No route to host
#0 /var/www/html/my-blackoptic/vendor/codeigniter4/framework/system/Database/BaseConnection.php(625): CodeIgniter\Database\BaseConnection->initialize()
#1 /var/www/html/my-blackoptic/vendor/codeigniter4/framework/system/Database/BaseBuilder.php(1881): CodeIgniter\Database\BaseConnection->query()
#2 /var/www/html/my-blackoptic/app/Filters/MaintenanceFilter.php(17): CodeIgniter\Database\BaseBuilder->get()
#3 /var/www/html/my-blackoptic/vendor/codeigniter4/framework/system/Filters/Filters.php(181): App\Filters\MaintenanceFilter->before()
#4 /var/www/html/my-blackoptic/vendor/codeigniter4/framework/system/CodeIgniter.php(410): CodeIgniter\Filters\Filters->run()
#5 /var/www/html/my-blackoptic/vendor/codeigniter4/framework/system/CodeIgniter.php(339): CodeIgniter\CodeIgniter->handleRequest()
#6 /var/www/html/my-blackoptic/public/index.php(37): CodeIgniter\CodeIgniter->run()
#7 {main}
ERROR - 2022-09-30 17:23:07 --> Error connecting to the database: No route to host
CRITICAL - 2022-09-30 17:23:07 --> Unable to connect to the database.
Main connection [MySQLi]: No route to host
#0 /var/www/html/my-blackoptic/vendor/codeigniter4/framework/system/Database/BaseConnection.php(625): CodeIgniter\Database\BaseConnection->initialize()
#1 /var/www/html/my-blackoptic/vendor/codeigniter4/framework/system/Database/BaseBuilder.php(1881): CodeIgniter\Database\BaseConnection->query()
#2 /var/www/html/my-blackoptic/app/Filters/MaintenanceFilter.php(17): CodeIgniter\Database\BaseBuilder->get()
#3 /var/www/html/my-blackoptic/vendor/codeigniter4/framework/system/Filters/Filters.php(181): App\Filters\MaintenanceFilter->before()
#4 /var/www/html/my-blackoptic/vendor/codeigniter4/framework/system/CodeIgniter.php(410): CodeIgniter\Filters\Filters->run()
#5 /var/www/html/my-blackoptic/vendor/codeigniter4/framework/system/CodeIgniter.php(339): CodeIgniter\CodeIgniter->handleRequest()
#6 /var/www/html/my-blackoptic/public/index.php(37): CodeIgniter\CodeIgniter->run()
#7 {main}
ERROR - 2022-09-30 18:24:21 --> Error connecting to the database: No route to host
CRITICAL - 2022-09-30 18:24:21 --> Unable to connect to the database.
Main connection [MySQLi]: No route to host
#0 /var/www/html/my-blackoptic/vendor/codeigniter4/framework/system/Database/BaseConnection.php(625): CodeIgniter\Database\BaseConnection->initialize()
#1 /var/www/html/my-blackoptic/vendor/codeigniter4/framework/system/Database/BaseBuilder.php(1881): CodeIgniter\Database\BaseConnection->query()
#2 /var/www/html/my-blackoptic/app/Filters/MaintenanceFilter.php(17): CodeIgniter\Database\BaseBuilder->get()
#3 /var/www/html/my-blackoptic/vendor/codeigniter4/framework/system/Filters/Filters.php(181): App\Filters\MaintenanceFilter->before()
#4 /var/www/html/my-blackoptic/vendor/codeigniter4/framework/system/CodeIgniter.php(410): CodeIgniter\Filters\Filters->run()
#5 /var/www/html/my-blackoptic/vendor/codeigniter4/framework/system/CodeIgniter.php(339): CodeIgniter\CodeIgniter->handleRequest()
#6 /var/www/html/my-blackoptic/public/index.php(37): CodeIgniter\CodeIgniter->run()
#7 {main}
