CRITICAL - 2021-07-11 14:44:16 --> unlink(/developers/developer-talha/blackOptic/writable/debugbar/debugbar_1624603189.json): Operation not permitted
#0 [internal function]: CodeIgniter\Debug\Exceptions->errorHandler(2, 'unlink(/develop...', '/developers/dev...', 78, Array)
#1 /developers/developer-talha/blackOptic/vendor/codeigniter4/framework/system/Debug/Toolbar/Collectors/History.php(78): unlink('/developers/dev...')
#2 /developers/developer-talha/blackOptic/vendor/codeigniter4/framework/system/Debug/Toolbar.php(480): CodeIgniter\Debug\Toolbar\Collectors\History->setFiles(1626032647, 20)
#3 /developers/developer-talha/blackOptic/vendor/codeigniter4/framework/system/Debug/Toolbar.php(452): CodeIgniter\Debug\Toolbar->format(Array, 'html')
#4 /developers/developer-talha/blackOptic/app/Config/Events.php(52): CodeIgniter\Debug\Toolbar->respond()
#5 [internal function]: CodeIgniter\Events\Events::Config\{closure}()
#6 /developers/developer-talha/blackOptic/vendor/codeigniter4/framework/system/Events/Events.php(166): call_user_func(Object(Closure))
#7 /developers/developer-talha/blackOptic/vendor/codeigniter4/framework/system/CodeIgniter.php(316): CodeIgniter\Events\Events::trigger('pre_system')
#8 /developers/developer-talha/blackOptic/public/index.php(37): CodeIgniter\CodeIgniter->run()
#9 {main}
CRITICAL - 2021-07-11 14:45:00 --> unlink(/developers/developer-talha/blackOptic/writable/debugbar/debugbar_1624603189.json): Operation not permitted
#0 [internal function]: CodeIgniter\Debug\Exceptions->errorHandler(2, 'unlink(/develop...', '/developers/dev...', 78, Array)
#1 /developers/developer-talha/blackOptic/vendor/codeigniter4/framework/system/Debug/Toolbar/Collectors/History.php(78): unlink('/developers/dev...')
#2 /developers/developer-talha/blackOptic/vendor/codeigniter4/framework/system/Debug/Toolbar.php(480): CodeIgniter\Debug\Toolbar\Collectors\History->setFiles(1626032693, 20)
#3 /developers/developer-talha/blackOptic/vendor/codeigniter4/framework/system/Debug/Toolbar.php(452): CodeIgniter\Debug\Toolbar->format(Array, 'html')
#4 /developers/developer-talha/blackOptic/app/Config/Events.php(52): CodeIgniter\Debug\Toolbar->respond()
#5 [internal function]: CodeIgniter\Events\Events::Config\{closure}()
#6 /developers/developer-talha/blackOptic/vendor/codeigniter4/framework/system/Events/Events.php(166): call_user_func(Object(Closure))
#7 /developers/developer-talha/blackOptic/vendor/codeigniter4/framework/system/CodeIgniter.php(316): CodeIgniter\Events\Events::trigger('pre_system')
#8 /developers/developer-talha/blackOptic/public/index.php(37): CodeIgniter\CodeIgniter->run()
#9 {main}
CRITICAL - 2021-07-11 14:45:29 --> unlink(/developers/developer-talha/blackOptic/writable/debugbar/debugbar_1624603189.json): Operation not permitted
#0 [internal function]: CodeIgniter\Debug\Exceptions->errorHandler(2, 'unlink(/develop...', '/developers/dev...', 78, Array)
#1 /developers/developer-talha/blackOptic/vendor/codeigniter4/framework/system/Debug/Toolbar/Collectors/History.php(78): unlink('/developers/dev...')
#2 /developers/developer-talha/blackOptic/vendor/codeigniter4/framework/system/Debug/Toolbar.php(480): CodeIgniter\Debug\Toolbar\Collectors\History->setFiles(1626032728, 20)
#3 /developers/developer-talha/blackOptic/vendor/codeigniter4/framework/system/Debug/Toolbar.php(452): CodeIgniter\Debug\Toolbar->format(Array, 'html')
#4 /developers/developer-talha/blackOptic/app/Config/Events.php(52): CodeIgniter\Debug\Toolbar->respond()
#5 [internal function]: CodeIgniter\Events\Events::Config\{closure}()
#6 /developers/developer-talha/blackOptic/vendor/codeigniter4/framework/system/Events/Events.php(166): call_user_func(Object(Closure))
#7 /developers/developer-talha/blackOptic/vendor/codeigniter4/framework/system/CodeIgniter.php(316): CodeIgniter\Events\Events::trigger('pre_system')
#8 /developers/developer-talha/blackOptic/public/index.php(37): CodeIgniter\CodeIgniter->run()
#9 {main}
CRITICAL - 2021-07-11 14:45:53 --> unlink(/developers/developer-talha/blackOptic/writable/debugbar/debugbar_1624603189.json): Operation not permitted
#0 [internal function]: CodeIgniter\Debug\Exceptions->errorHandler(2, 'unlink(/develop...', '/developers/dev...', 78, Array)
#1 /developers/developer-talha/blackOptic/vendor/codeigniter4/framework/system/Debug/Toolbar/Collectors/History.php(78): unlink('/developers/dev...')
#2 /developers/developer-talha/blackOptic/vendor/codeigniter4/framework/system/Debug/Toolbar.php(480): CodeIgniter\Debug\Toolbar\Collectors\History->setFiles(1626032753, 20)
#3 /developers/developer-talha/blackOptic/vendor/codeigniter4/framework/system/Debug/Toolbar.php(452): CodeIgniter\Debug\Toolbar->format(Array, 'html')
#4 /developers/developer-talha/blackOptic/app/Config/Events.php(52): CodeIgniter\Debug\Toolbar->respond()
#5 [internal function]: CodeIgniter\Events\Events::Config\{closure}()
#6 /developers/developer-talha/blackOptic/vendor/codeigniter4/framework/system/Events/Events.php(166): call_user_func(Object(Closure))
#7 /developers/developer-talha/blackOptic/vendor/codeigniter4/framework/system/CodeIgniter.php(316): CodeIgniter\Events\Events::trigger('pre_system')
#8 /developers/developer-talha/blackOptic/public/index.php(37): CodeIgniter\CodeIgniter->run()
#9 {main}
CRITICAL - 2021-07-11 14:46:00 --> unlink(/developers/developer-talha/blackOptic/writable/debugbar/debugbar_1624603189.json): Operation not permitted
#0 [internal function]: CodeIgniter\Debug\Exceptions->errorHandler(2, 'unlink(/develop...', '/developers/dev...', 78, Array)
#1 /developers/developer-talha/blackOptic/vendor/codeigniter4/framework/system/Debug/Toolbar/Collectors/History.php(78): unlink('/developers/dev...')
#2 /developers/developer-talha/blackOptic/vendor/codeigniter4/framework/system/Debug/Toolbar.php(480): CodeIgniter\Debug\Toolbar\Collectors\History->setFiles(1626032758, 20)
#3 /developers/developer-talha/blackOptic/vendor/codeigniter4/framework/system/Debug/Toolbar.php(452): CodeIgniter\Debug\Toolbar->format(Array, 'html')
#4 /developers/developer-talha/blackOptic/app/Config/Events.php(52): CodeIgniter\Debug\Toolbar->respond()
#5 [internal function]: CodeIgniter\Events\Events::Config\{closure}()
#6 /developers/developer-talha/blackOptic/vendor/codeigniter4/framework/system/Events/Events.php(166): call_user_func(Object(Closure))
#7 /developers/developer-talha/blackOptic/vendor/codeigniter4/framework/system/CodeIgniter.php(316): CodeIgniter\Events\Events::trigger('pre_system')
#8 /developers/developer-talha/blackOptic/public/index.php(37): CodeIgniter\CodeIgniter->run()
#9 {main}
CRITICAL - 2021-07-11 14:46:25 --> unlink(/developers/developer-talha/blackOptic/writable/debugbar/debugbar_1624603189.json): Operation not permitted
#0 [internal function]: CodeIgniter\Debug\Exceptions->errorHandler(2, 'unlink(/develop...', '/developers/dev...', 78, Array)
#1 /developers/developer-talha/blackOptic/vendor/codeigniter4/framework/system/Debug/Toolbar/Collectors/History.php(78): unlink('/developers/dev...')
#2 /developers/developer-talha/blackOptic/vendor/codeigniter4/framework/system/Debug/Toolbar.php(480): CodeIgniter\Debug\Toolbar\Collectors\History->setFiles(1626032784, 20)
#3 /developers/developer-talha/blackOptic/vendor/codeigniter4/framework/system/Debug/Toolbar.php(452): CodeIgniter\Debug\Toolbar->format(Array, 'html')
#4 /developers/developer-talha/blackOptic/app/Config/Events.php(52): CodeIgniter\Debug\Toolbar->respond()
#5 [internal function]: CodeIgniter\Events\Events::Config\{closure}()
#6 /developers/developer-talha/blackOptic/vendor/codeigniter4/framework/system/Events/Events.php(166): call_user_func(Object(Closure))
#7 /developers/developer-talha/blackOptic/vendor/codeigniter4/framework/system/CodeIgniter.php(316): CodeIgniter\Events\Events::trigger('pre_system')
#8 /developers/developer-talha/blackOptic/public/index.php(37): CodeIgniter\CodeIgniter->run()
#9 {main}
CRITICAL - 2021-07-11 14:46:46 --> unlink(/developers/developer-talha/blackOptic/writable/debugbar/debugbar_1624603189.json): Operation not permitted
#0 [internal function]: CodeIgniter\Debug\Exceptions->errorHandler(2, 'unlink(/develop...', '/developers/dev...', 78, Array)
#1 /developers/developer-talha/blackOptic/vendor/codeigniter4/framework/system/Debug/Toolbar/Collectors/History.php(78): unlink('/developers/dev...')
#2 /developers/developer-talha/blackOptic/vendor/codeigniter4/framework/system/Debug/Toolbar.php(480): CodeIgniter\Debug\Toolbar\Collectors\History->setFiles(1626032805, 20)
#3 /developers/developer-talha/blackOptic/vendor/codeigniter4/framework/system/Debug/Toolbar.php(452): CodeIgniter\Debug\Toolbar->format(Array, 'html')
#4 /developers/developer-talha/blackOptic/app/Config/Events.php(52): CodeIgniter\Debug\Toolbar->respond()
#5 [internal function]: CodeIgniter\Events\Events::Config\{closure}()
#6 /developers/developer-talha/blackOptic/vendor/codeigniter4/framework/system/Events/Events.php(166): call_user_func(Object(Closure))
#7 /developers/developer-talha/blackOptic/vendor/codeigniter4/framework/system/CodeIgniter.php(316): CodeIgniter\Events\Events::trigger('pre_system')
#8 /developers/developer-talha/blackOptic/public/index.php(37): CodeIgniter\CodeIgniter->run()
#9 {main}
CRITICAL - 2021-07-11 14:47:02 --> unlink(/developers/developer-talha/blackOptic/writable/debugbar/debugbar_1624603189.json): Operation not permitted
#0 [internal function]: CodeIgniter\Debug\Exceptions->errorHandler(2, 'unlink(/develop...', '/developers/dev...', 78, Array)
#1 /developers/developer-talha/blackOptic/vendor/codeigniter4/framework/system/Debug/Toolbar/Collectors/History.php(78): unlink('/developers/dev...')
#2 /developers/developer-talha/blackOptic/vendor/codeigniter4/framework/system/Debug/Toolbar.php(480): CodeIgniter\Debug\Toolbar\Collectors\History->setFiles(1626032821, 20)
#3 /developers/developer-talha/blackOptic/vendor/codeigniter4/framework/system/Debug/Toolbar.php(452): CodeIgniter\Debug\Toolbar->format(Array, 'html')
#4 /developers/developer-talha/blackOptic/app/Config/Events.php(52): CodeIgniter\Debug\Toolbar->respond()
#5 [internal function]: CodeIgniter\Events\Events::Config\{closure}()
#6 /developers/developer-talha/blackOptic/vendor/codeigniter4/framework/system/Events/Events.php(166): call_user_func(Object(Closure))
#7 /developers/developer-talha/blackOptic/vendor/codeigniter4/framework/system/CodeIgniter.php(316): CodeIgniter\Events\Events::trigger('pre_system')
#8 /developers/developer-talha/blackOptic/public/index.php(37): CodeIgniter\CodeIgniter->run()
#9 {main}
CRITICAL - 2021-07-11 14:47:06 --> unlink(/developers/developer-talha/blackOptic/writable/debugbar/debugbar_1624603189.json): Operation not permitted
#0 [internal function]: CodeIgniter\Debug\Exceptions->errorHandler(2, 'unlink(/develop...', '/developers/dev...', 78, Array)
#1 /developers/developer-talha/blackOptic/vendor/codeigniter4/framework/system/Debug/Toolbar/Collectors/History.php(78): unlink('/developers/dev...')
#2 /developers/developer-talha/blackOptic/vendor/codeigniter4/framework/system/Debug/Toolbar.php(480): CodeIgniter\Debug\Toolbar\Collectors\History->setFiles(1626032825, 20)
#3 /developers/developer-talha/blackOptic/vendor/codeigniter4/framework/system/Debug/Toolbar.php(452): CodeIgniter\Debug\Toolbar->format(Array, 'html')
#4 /developers/developer-talha/blackOptic/app/Config/Events.php(52): CodeIgniter\Debug\Toolbar->respond()
#5 [internal function]: CodeIgniter\Events\Events::Config\{closure}()
#6 /developers/developer-talha/blackOptic/vendor/codeigniter4/framework/system/Events/Events.php(166): call_user_func(Object(Closure))
#7 /developers/developer-talha/blackOptic/vendor/codeigniter4/framework/system/CodeIgniter.php(316): CodeIgniter\Events\Events::trigger('pre_system')
#8 /developers/developer-talha/blackOptic/public/index.php(37): CodeIgniter\CodeIgniter->run()
#9 {main}
CRITICAL - 2021-07-11 14:47:09 --> unlink(/developers/developer-talha/blackOptic/writable/debugbar/debugbar_1624603189.json): Operation not permitted
#0 [internal function]: CodeIgniter\Debug\Exceptions->errorHandler(2, 'unlink(/develop...', '/developers/dev...', 78, Array)
#1 /developers/developer-talha/blackOptic/vendor/codeigniter4/framework/system/Debug/Toolbar/Collectors/History.php(78): unlink('/developers/dev...')
#2 /developers/developer-talha/blackOptic/vendor/codeigniter4/framework/system/Debug/Toolbar.php(480): CodeIgniter\Debug\Toolbar\Collectors\History->setFiles(1626032828, 20)
#3 /developers/developer-talha/blackOptic/vendor/codeigniter4/framework/system/Debug/Toolbar.php(452): CodeIgniter\Debug\Toolbar->format(Array, 'html')
#4 /developers/developer-talha/blackOptic/app/Config/Events.php(52): CodeIgniter\Debug\Toolbar->respond()
#5 [internal function]: CodeIgniter\Events\Events::Config\{closure}()
#6 /developers/developer-talha/blackOptic/vendor/codeigniter4/framework/system/Events/Events.php(166): call_user_func(Object(Closure))
#7 /developers/developer-talha/blackOptic/vendor/codeigniter4/framework/system/CodeIgniter.php(316): CodeIgniter\Events\Events::trigger('pre_system')
#8 /developers/developer-talha/blackOptic/public/index.php(37): CodeIgniter\CodeIgniter->run()
#9 {main}
CRITICAL - 2021-07-11 14:47:18 --> unlink(/developers/developer-talha/blackOptic/writable/debugbar/debugbar_1624603189.json): Operation not permitted
#0 [internal function]: CodeIgniter\Debug\Exceptions->errorHandler(2, 'unlink(/develop...', '/developers/dev...', 78, Array)
#1 /developers/developer-talha/blackOptic/vendor/codeigniter4/framework/system/Debug/Toolbar/Collectors/History.php(78): unlink('/developers/dev...')
#2 /developers/developer-talha/blackOptic/vendor/codeigniter4/framework/system/Debug/Toolbar.php(480): CodeIgniter\Debug\Toolbar\Collectors\History->setFiles(1626032837, 20)
#3 /developers/developer-talha/blackOptic/vendor/codeigniter4/framework/system/Debug/Toolbar.php(452): CodeIgniter\Debug\Toolbar->format(Array, 'html')
#4 /developers/developer-talha/blackOptic/app/Config/Events.php(52): CodeIgniter\Debug\Toolbar->respond()
#5 [internal function]: CodeIgniter\Events\Events::Config\{closure}()
#6 /developers/developer-talha/blackOptic/vendor/codeigniter4/framework/system/Events/Events.php(166): call_user_func(Object(Closure))
#7 /developers/developer-talha/blackOptic/vendor/codeigniter4/framework/system/CodeIgniter.php(316): CodeIgniter\Events\Events::trigger('pre_system')
#8 /developers/developer-talha/blackOptic/public/index.php(37): CodeIgniter\CodeIgniter->run()
#9 {main}
CRITICAL - 2021-07-11 14:47:40 --> unlink(/developers/developer-talha/blackOptic/writable/debugbar/debugbar_1624603189.json): Operation not permitted
#0 [internal function]: CodeIgniter\Debug\Exceptions->errorHandler(2, 'unlink(/develop...', '/developers/dev...', 78, Array)
#1 /developers/developer-talha/blackOptic/vendor/codeigniter4/framework/system/Debug/Toolbar/Collectors/History.php(78): unlink('/developers/dev...')
#2 /developers/developer-talha/blackOptic/vendor/codeigniter4/framework/system/Debug/Toolbar.php(480): CodeIgniter\Debug\Toolbar\Collectors\History->setFiles(1626032859, 20)
#3 /developers/developer-talha/blackOptic/vendor/codeigniter4/framework/system/Debug/Toolbar.php(452): CodeIgniter\Debug\Toolbar->format(Array, 'html')
#4 /developers/developer-talha/blackOptic/app/Config/Events.php(52): CodeIgniter\Debug\Toolbar->respond()
#5 [internal function]: CodeIgniter\Events\Events::Config\{closure}()
#6 /developers/developer-talha/blackOptic/vendor/codeigniter4/framework/system/Events/Events.php(166): call_user_func(Object(Closure))
#7 /developers/developer-talha/blackOptic/vendor/codeigniter4/framework/system/CodeIgniter.php(316): CodeIgniter\Events\Events::trigger('pre_system')
#8 /developers/developer-talha/blackOptic/public/index.php(37): CodeIgniter\CodeIgniter->run()
#9 {main}
CRITICAL - 2021-07-11 14:48:10 --> unlink(/developers/developer-talha/blackOptic/writable/debugbar/debugbar_1624603189.json): Operation not permitted
#0 [internal function]: CodeIgniter\Debug\Exceptions->errorHandler(2, 'unlink(/develop...', '/developers/dev...', 78, Array)
#1 /developers/developer-talha/blackOptic/vendor/codeigniter4/framework/system/Debug/Toolbar/Collectors/History.php(78): unlink('/developers/dev...')
#2 /developers/developer-talha/blackOptic/vendor/codeigniter4/framework/system/Debug/Toolbar.php(480): CodeIgniter\Debug\Toolbar\Collectors\History->setFiles(1626032889, 20)
#3 /developers/developer-talha/blackOptic/vendor/codeigniter4/framework/system/Debug/Toolbar.php(452): CodeIgniter\Debug\Toolbar->format(Array, 'html')
#4 /developers/developer-talha/blackOptic/app/Config/Events.php(52): CodeIgniter\Debug\Toolbar->respond()
#5 [internal function]: CodeIgniter\Events\Events::Config\{closure}()
#6 /developers/developer-talha/blackOptic/vendor/codeigniter4/framework/system/Events/Events.php(166): call_user_func(Object(Closure))
#7 /developers/developer-talha/blackOptic/vendor/codeigniter4/framework/system/CodeIgniter.php(316): CodeIgniter\Events\Events::trigger('pre_system')
#8 /developers/developer-talha/blackOptic/public/index.php(37): CodeIgniter\CodeIgniter->run()
#9 {main}
