ERROR - 2023-03-04 12:02:46 --> Duplicate entry '610024923' for key 'gateway.serial'
CRITICAL - 2023-03-04 12:02:46 --> Duplicate entry '610024923' for key 'gateway.serial'
#0 /www/wwwroot/talha_logon/bo_old/vendor/codeigniter4/framework/system/Database/MySQLi/Connection.php(329): mysqli->query()
#1 /www/wwwroot/talha_logon/bo_old/vendor/codeigniter4/framework/system/Database/BaseConnection.php(732): CodeIgniter\Database\MySQLi\Connection->execute()
#2 /www/wwwroot/talha_logon/bo_old/vendor/codeigniter4/framework/system/Database/BaseConnection.php(647): CodeIgniter\Database\BaseConnection->simpleQuery()
#3 /www/wwwroot/talha_logon/bo_old/vendor/codeigniter4/framework/system/Database/BaseBuilder.php(2277): CodeIgniter\Database\BaseConnection->query()
#4 /www/wwwroot/talha_logon/bo_old/app/Controllers/General.php(140): CodeIgniter\Database\BaseBuilder->insert()
#5 /www/wwwroot/talha_logon/bo_old/vendor/codeigniter4/framework/system/CodeIgniter.php(931): App\Controllers\General->gateway_upload_csv_action()
#6 /www/wwwroot/talha_logon/bo_old/vendor/codeigniter4/framework/system/CodeIgniter.php(439): CodeIgniter\CodeIgniter->runController()
#7 /www/wwwroot/talha_logon/bo_old/vendor/codeigniter4/framework/system/CodeIgniter.php(339): CodeIgniter\CodeIgniter->handleRequest()
#8 /www/wwwroot/talha_logon/bo_old/public/index.php(37): CodeIgniter\CodeIgniter->run()
#9 {main}
ERROR - 2023-03-04 12:24:05 --> Cannot add or update a child row: a foreign key constraint fails (`blackoptic_test`.`task_detail`, CONSTRAINT `task_detail_ibfk_1` FOREIGN KEY (`gateway`) REFERENCES `gateway` (`serial`))
CRITICAL - 2023-03-04 12:24:05 --> Cannot add or update a child row: a foreign key constraint fails (`blackoptic_test`.`task_detail`, CONSTRAINT `task_detail_ibfk_1` FOREIGN KEY (`gateway`) REFERENCES `gateway` (`serial`))
#0 /www/wwwroot/talha_logon/bo_old/vendor/codeigniter4/framework/system/Database/MySQLi/Connection.php(329): mysqli->query()
#1 /www/wwwroot/talha_logon/bo_old/vendor/codeigniter4/framework/system/Database/BaseConnection.php(732): CodeIgniter\Database\MySQLi\Connection->execute()
#2 /www/wwwroot/talha_logon/bo_old/vendor/codeigniter4/framework/system/Database/BaseConnection.php(647): CodeIgniter\Database\BaseConnection->simpleQuery()
#3 /www/wwwroot/talha_logon/bo_old/vendor/codeigniter4/framework/system/Database/BaseBuilder.php(2277): CodeIgniter\Database\BaseConnection->query()
#4 /www/wwwroot/talha_logon/bo_old/app/Models/Model_General.php(54): CodeIgniter\Database\BaseBuilder->insert()
#5 /www/wwwroot/talha_logon/bo_old/app/Controllers/Task.php(189): App\Models\Model_General->task_detail_insert()
#6 /www/wwwroot/talha_logon/bo_old/vendor/codeigniter4/framework/system/CodeIgniter.php(931): App\Controllers\Task->update_task()
#7 /www/wwwroot/talha_logon/bo_old/vendor/codeigniter4/framework/system/CodeIgniter.php(439): CodeIgniter\CodeIgniter->runController()
#8 /www/wwwroot/talha_logon/bo_old/vendor/codeigniter4/framework/system/CodeIgniter.php(339): CodeIgniter\CodeIgniter->handleRequest()
#9 /www/wwwroot/talha_logon/bo_old/public/index.php(37): CodeIgniter\CodeIgniter->run()
#10 {main}
ERROR - 2023-03-04 12:24:14 --> Cannot add or update a child row: a foreign key constraint fails (`blackoptic_test`.`task_detail`, CONSTRAINT `task_detail_ibfk_1` FOREIGN KEY (`gateway`) REFERENCES `gateway` (`serial`))
CRITICAL - 2023-03-04 12:24:14 --> Cannot add or update a child row: a foreign key constraint fails (`blackoptic_test`.`task_detail`, CONSTRAINT `task_detail_ibfk_1` FOREIGN KEY (`gateway`) REFERENCES `gateway` (`serial`))
#0 /www/wwwroot/talha_logon/bo_old/vendor/codeigniter4/framework/system/Database/MySQLi/Connection.php(329): mysqli->query()
#1 /www/wwwroot/talha_logon/bo_old/vendor/codeigniter4/framework/system/Database/BaseConnection.php(732): CodeIgniter\Database\MySQLi\Connection->execute()
#2 /www/wwwroot/talha_logon/bo_old/vendor/codeigniter4/framework/system/Database/BaseConnection.php(647): CodeIgniter\Database\BaseConnection->simpleQuery()
#3 /www/wwwroot/talha_logon/bo_old/vendor/codeigniter4/framework/system/Database/BaseBuilder.php(2277): CodeIgniter\Database\BaseConnection->query()
#4 /www/wwwroot/talha_logon/bo_old/app/Models/Model_General.php(54): CodeIgniter\Database\BaseBuilder->insert()
#5 /www/wwwroot/talha_logon/bo_old/app/Controllers/Task.php(189): App\Models\Model_General->task_detail_insert()
#6 /www/wwwroot/talha_logon/bo_old/vendor/codeigniter4/framework/system/CodeIgniter.php(931): App\Controllers\Task->update_task()
#7 /www/wwwroot/talha_logon/bo_old/vendor/codeigniter4/framework/system/CodeIgniter.php(439): CodeIgniter\CodeIgniter->runController()
#8 /www/wwwroot/talha_logon/bo_old/vendor/codeigniter4/framework/system/CodeIgniter.php(339): CodeIgniter\CodeIgniter->handleRequest()
#9 /www/wwwroot/talha_logon/bo_old/public/index.php(37): CodeIgniter\CodeIgniter->run()
#10 {main}
ERROR - 2023-03-04 14:35:03 --> Error connecting to the database: Access denied for user '****'@'localhost' (using password: YES)
CRITICAL - 2023-03-04 14:35:03 --> Unable to connect to the database.
Main connection [MySQLi]: Access denied for user '****'@'localhost' (using password: YES)
#0 /www/wwwroot/talha_logon/bo_old/vendor/codeigniter4/framework/system/Database/BaseConnection.php(625): CodeIgniter\Database\BaseConnection->initialize()
#1 /www/wwwroot/talha_logon/bo_old/vendor/codeigniter4/framework/system/Database/BaseBuilder.php(1881): CodeIgniter\Database\BaseConnection->query()
#2 /www/wwwroot/talha_logon/bo_old/app/Filters/AuthFilter.php(17): CodeIgniter\Database\BaseBuilder->get()
#3 /www/wwwroot/talha_logon/bo_old/vendor/codeigniter4/framework/system/Filters/Filters.php(181): App\Filters\AuthFilter->before()
#4 /www/wwwroot/talha_logon/bo_old/vendor/codeigniter4/framework/system/CodeIgniter.php(410): CodeIgniter\Filters\Filters->run()
#5 /www/wwwroot/talha_logon/bo_old/vendor/codeigniter4/framework/system/CodeIgniter.php(339): CodeIgniter\CodeIgniter->handleRequest()
#6 /www/wwwroot/talha_logon/bo_old/public/index.php(37): CodeIgniter\CodeIgniter->run()
#7 {main}
CRITICAL - 2023-03-04 20:19:56 --> Trying to get property 'name' of non-object
#0 /www/wwwroot/talha_logon/bo_old/app/Views/cpanel/customerView.php(51): CodeIgniter\Debug\Exceptions->errorHandler()
#1 /www/wwwroot/talha_logon/bo_old/vendor/codeigniter4/framework/system/View/View.php(230): include('/www/wwwroot/ta...')
#2 /www/wwwroot/talha_logon/bo_old/vendor/codeigniter4/framework/system/View/View.php(232): CodeIgniter\View\View->CodeIgniter\View\{closure}()
#3 /www/wwwroot/talha_logon/bo_old/vendor/codeigniter4/framework/system/Common.php(1271): CodeIgniter\View\View->render()
#4 /www/wwwroot/talha_logon/bo_old/app/Controllers/Customer.php(649): view()
#5 /www/wwwroot/talha_logon/bo_old/vendor/codeigniter4/framework/system/CodeIgniter.php(931): App\Controllers\Customer->view_detail()
#6 /www/wwwroot/talha_logon/bo_old/vendor/codeigniter4/framework/system/CodeIgniter.php(439): CodeIgniter\CodeIgniter->runController()
#7 /www/wwwroot/talha_logon/bo_old/vendor/codeigniter4/framework/system/CodeIgniter.php(339): CodeIgniter\CodeIgniter->handleRequest()
#8 /www/wwwroot/talha_logon/bo_old/public/index.php(37): CodeIgniter\CodeIgniter->run()
#9 {main}
CRITICAL - 2023-03-04 21:07:05 --> Undefined variable: progress
#0 /www/wwwroot/talha_logon/bo_old/app/Views/cpanel/customerView.php(154): CodeIgniter\Debug\Exceptions->errorHandler()
#1 /www/wwwroot/talha_logon/bo_old/vendor/codeigniter4/framework/system/View/View.php(230): include('/www/wwwroot/ta...')
#2 /www/wwwroot/talha_logon/bo_old/vendor/codeigniter4/framework/system/View/View.php(232): CodeIgniter\View\View->CodeIgniter\View\{closure}()
#3 /www/wwwroot/talha_logon/bo_old/vendor/codeigniter4/framework/system/Common.php(1271): CodeIgniter\View\View->render()
#4 /www/wwwroot/talha_logon/bo_old/app/Controllers/Customer.php(652): view()
#5 /www/wwwroot/talha_logon/bo_old/vendor/codeigniter4/framework/system/CodeIgniter.php(931): App\Controllers\Customer->view_detail()
#6 /www/wwwroot/talha_logon/bo_old/vendor/codeigniter4/framework/system/CodeIgniter.php(439): CodeIgniter\CodeIgniter->runController()
#7 /www/wwwroot/talha_logon/bo_old/vendor/codeigniter4/framework/system/CodeIgniter.php(339): CodeIgniter\CodeIgniter->handleRequest()
#8 /www/wwwroot/talha_logon/bo_old/public/index.php(37): CodeIgniter\CodeIgniter->run()
#9 {main}
CRITICAL - 2023-03-04 21:07:27 --> Undefined variable: progress
#0 /www/wwwroot/talha_logon/bo_old/app/Views/cpanel/customerView.php(154): CodeIgniter\Debug\Exceptions->errorHandler()
#1 /www/wwwroot/talha_logon/bo_old/vendor/codeigniter4/framework/system/View/View.php(230): include('/www/wwwroot/ta...')
#2 /www/wwwroot/talha_logon/bo_old/vendor/codeigniter4/framework/system/View/View.php(232): CodeIgniter\View\View->CodeIgniter\View\{closure}()
#3 /www/wwwroot/talha_logon/bo_old/vendor/codeigniter4/framework/system/Common.php(1271): CodeIgniter\View\View->render()
#4 /www/wwwroot/talha_logon/bo_old/app/Controllers/Customer.php(652): view()
#5 /www/wwwroot/talha_logon/bo_old/vendor/codeigniter4/framework/system/CodeIgniter.php(931): App\Controllers\Customer->view_detail()
#6 /www/wwwroot/talha_logon/bo_old/vendor/codeigniter4/framework/system/CodeIgniter.php(439): CodeIgniter\CodeIgniter->runController()
#7 /www/wwwroot/talha_logon/bo_old/vendor/codeigniter4/framework/system/CodeIgniter.php(339): CodeIgniter\CodeIgniter->handleRequest()
#8 /www/wwwroot/talha_logon/bo_old/public/index.php(37): CodeIgniter\CodeIgniter->run()
#9 {main}
CRITICAL - 2023-03-04 21:25:54 --> Undefined variable: lastname
#0 /www/wwwroot/talha_logon/bo_old/app/Views/cpanel/customerView.php(151): CodeIgniter\Debug\Exceptions->errorHandler()
#1 /www/wwwroot/talha_logon/bo_old/vendor/codeigniter4/framework/system/View/View.php(230): include('/www/wwwroot/ta...')
#2 /www/wwwroot/talha_logon/bo_old/vendor/codeigniter4/framework/system/View/View.php(232): CodeIgniter\View\View->CodeIgniter\View\{closure}()
#3 /www/wwwroot/talha_logon/bo_old/vendor/codeigniter4/framework/system/Common.php(1271): CodeIgniter\View\View->render()
#4 /www/wwwroot/talha_logon/bo_old/app/Controllers/Customer.php(653): view()
#5 /www/wwwroot/talha_logon/bo_old/vendor/codeigniter4/framework/system/CodeIgniter.php(931): App\Controllers\Customer->view_detail()
#6 /www/wwwroot/talha_logon/bo_old/vendor/codeigniter4/framework/system/CodeIgniter.php(439): CodeIgniter\CodeIgniter->runController()
#7 /www/wwwroot/talha_logon/bo_old/vendor/codeigniter4/framework/system/CodeIgniter.php(339): CodeIgniter\CodeIgniter->handleRequest()
#8 /www/wwwroot/talha_logon/bo_old/public/index.php(37): CodeIgniter\CodeIgniter->run()
#9 {main}
