CRITICAL - 2023-04-17 11:17:55 --> whereIn() expects $values to be of type array or closure
#0 /www/wwwroot/talha_logon/bo_old/vendor/codeigniter4/framework/system/Database/BaseBuilder.php(867): CodeIgniter\Database\BaseBuilder->_whereIn()
#1 /www/wwwroot/talha_logon/bo_old/app/Models/Model_Users.php(22): CodeIgniter\Database\BaseBuilder->whereIn()
#2 /www/wwwroot/talha_logon/bo_old/app/Controllers/Report.php(121): App\Models\Model_Users->get_users()
#3 /www/wwwroot/talha_logon/bo_old/vendor/codeigniter4/framework/system/CodeIgniter.php(931): App\Controllers\Report->users_report()
#4 /www/wwwroot/talha_logon/bo_old/vendor/codeigniter4/framework/system/CodeIgniter.php(439): CodeIgniter\CodeIgniter->runController()
#5 /www/wwwroot/talha_logon/bo_old/vendor/codeigniter4/framework/system/CodeIgniter.php(339): CodeIgniter\CodeIgniter->handleRequest()
#6 /www/wwwroot/talha_logon/bo_old/public/index.php(37): CodeIgniter\CodeIgniter->run()
#7 {main}
CRITICAL - 2023-04-17 11:18:42 --> whereIn() expects $values to be of type array or closure
#0 /www/wwwroot/talha_logon/bo_old/vendor/codeigniter4/framework/system/Database/BaseBuilder.php(867): CodeIgniter\Database\BaseBuilder->_whereIn()
#1 /www/wwwroot/talha_logon/bo_old/app/Models/Model_Users.php(22): CodeIgniter\Database\BaseBuilder->whereIn()
#2 /www/wwwroot/talha_logon/bo_old/app/Controllers/Report.php(121): App\Models\Model_Users->get_users()
#3 /www/wwwroot/talha_logon/bo_old/vendor/codeigniter4/framework/system/CodeIgniter.php(931): App\Controllers\Report->users_report()
#4 /www/wwwroot/talha_logon/bo_old/vendor/codeigniter4/framework/system/CodeIgniter.php(439): CodeIgniter\CodeIgniter->runController()
#5 /www/wwwroot/talha_logon/bo_old/vendor/codeigniter4/framework/system/CodeIgniter.php(339): CodeIgniter\CodeIgniter->handleRequest()
#6 /www/wwwroot/talha_logon/bo_old/public/index.php(37): CodeIgniter\CodeIgniter->run()
#7 {main}
CRITICAL - 2023-04-17 11:19:02 --> whereIn() expects $values to be of type array or closure
#0 /www/wwwroot/talha_logon/bo_old/vendor/codeigniter4/framework/system/Database/BaseBuilder.php(867): CodeIgniter\Database\BaseBuilder->_whereIn()
#1 /www/wwwroot/talha_logon/bo_old/app/Models/Model_Users.php(22): CodeIgniter\Database\BaseBuilder->whereIn()
#2 /www/wwwroot/talha_logon/bo_old/app/Controllers/Report.php(121): App\Models\Model_Users->get_users()
#3 /www/wwwroot/talha_logon/bo_old/vendor/codeigniter4/framework/system/CodeIgniter.php(931): App\Controllers\Report->users_report()
#4 /www/wwwroot/talha_logon/bo_old/vendor/codeigniter4/framework/system/CodeIgniter.php(439): CodeIgniter\CodeIgniter->runController()
#5 /www/wwwroot/talha_logon/bo_old/vendor/codeigniter4/framework/system/CodeIgniter.php(339): CodeIgniter\CodeIgniter->handleRequest()
#6 /www/wwwroot/talha_logon/bo_old/public/index.php(37): CodeIgniter\CodeIgniter->run()
#7 {main}
CRITICAL - 2023-04-17 11:19:58 --> whereIn() expects $values to be of type array or closure
#0 /www/wwwroot/talha_logon/bo_old/vendor/codeigniter4/framework/system/Database/BaseBuilder.php(867): CodeIgniter\Database\BaseBuilder->_whereIn()
#1 /www/wwwroot/talha_logon/bo_old/app/Models/Model_Users.php(22): CodeIgniter\Database\BaseBuilder->whereIn()
#2 /www/wwwroot/talha_logon/bo_old/app/Controllers/Report.php(121): App\Models\Model_Users->get_users()
#3 /www/wwwroot/talha_logon/bo_old/vendor/codeigniter4/framework/system/CodeIgniter.php(931): App\Controllers\Report->users_report()
#4 /www/wwwroot/talha_logon/bo_old/vendor/codeigniter4/framework/system/CodeIgniter.php(439): CodeIgniter\CodeIgniter->runController()
#5 /www/wwwroot/talha_logon/bo_old/vendor/codeigniter4/framework/system/CodeIgniter.php(339): CodeIgniter\CodeIgniter->handleRequest()
#6 /www/wwwroot/talha_logon/bo_old/public/index.php(37): CodeIgniter\CodeIgniter->run()
#7 {main}
CRITICAL - 2023-04-17 11:20:25 --> whereIn() expects $values to be of type array or closure
#0 /www/wwwroot/talha_logon/bo_old/vendor/codeigniter4/framework/system/Database/BaseBuilder.php(867): CodeIgniter\Database\BaseBuilder->_whereIn()
#1 /www/wwwroot/talha_logon/bo_old/app/Models/Model_Users.php(22): CodeIgniter\Database\BaseBuilder->whereIn()
#2 /www/wwwroot/talha_logon/bo_old/app/Controllers/Report.php(121): App\Models\Model_Users->get_users()
#3 /www/wwwroot/talha_logon/bo_old/vendor/codeigniter4/framework/system/CodeIgniter.php(931): App\Controllers\Report->users_report()
#4 /www/wwwroot/talha_logon/bo_old/vendor/codeigniter4/framework/system/CodeIgniter.php(439): CodeIgniter\CodeIgniter->runController()
#5 /www/wwwroot/talha_logon/bo_old/vendor/codeigniter4/framework/system/CodeIgniter.php(339): CodeIgniter\CodeIgniter->handleRequest()
#6 /www/wwwroot/talha_logon/bo_old/public/index.php(37): CodeIgniter\CodeIgniter->run()
#7 {main}
CRITICAL - 2023-04-17 11:40:28 --> Undefined property: stdClass::$created_on
#0 /www/wwwroot/talha_logon/bo_old/app/Views/cpanel/reports/excel/users_report_excel.php(14): CodeIgniter\Debug\Exceptions->errorHandler()
#1 /www/wwwroot/talha_logon/bo_old/vendor/codeigniter4/framework/system/View/View.php(230): include('/www/wwwroot/ta...')
#2 /www/wwwroot/talha_logon/bo_old/vendor/codeigniter4/framework/system/View/View.php(232): CodeIgniter\View\View->CodeIgniter\View\{closure}()
#3 /www/wwwroot/talha_logon/bo_old/vendor/codeigniter4/framework/system/Common.php(1271): CodeIgniter\View\View->render()
#4 /www/wwwroot/talha_logon/bo_old/app/Controllers/Report.php(128): view()
#5 /www/wwwroot/talha_logon/bo_old/vendor/codeigniter4/framework/system/CodeIgniter.php(931): App\Controllers\Report->users_report()
#6 /www/wwwroot/talha_logon/bo_old/vendor/codeigniter4/framework/system/CodeIgniter.php(439): CodeIgniter\CodeIgniter->runController()
#7 /www/wwwroot/talha_logon/bo_old/vendor/codeigniter4/framework/system/CodeIgniter.php(339): CodeIgniter\CodeIgniter->handleRequest()
#8 /www/wwwroot/talha_logon/bo_old/public/index.php(37): CodeIgniter\CodeIgniter->run()
#9 {main}
