CRITICAL - 2022-09-12 19:12:53 --> Invalid argument supplied for foreach()
#0 /var/www/html/my-blackoptic/app/Views/cpanel/olt.php(59): CodeIgniter\Debug\Exceptions->errorHandler()
#1 /var/www/html/my-blackoptic/vendor/codeigniter4/framework/system/View/View.php(230): include('/var/www/html/m...')
#2 /var/www/html/my-blackoptic/vendor/codeigniter4/framework/system/View/View.php(232): CodeIgniter\View\View->CodeIgniter\View\{closure}()
#3 /var/www/html/my-blackoptic/vendor/codeigniter4/framework/system/Common.php(1271): CodeIgniter\View\View->render()
#4 /var/www/html/my-blackoptic/app/Controllers/Network.php(22): view()
#5 /var/www/html/my-blackoptic/vendor/codeigniter4/framework/system/CodeIgniter.php(931): App\Controllers\Network->olt()
#6 /var/www/html/my-blackoptic/vendor/codeigniter4/framework/system/CodeIgniter.php(439): CodeIgniter\CodeIgniter->runController()
#7 /var/www/html/my-blackoptic/vendor/codeigniter4/framework/system/CodeIgniter.php(339): CodeIgniter\CodeIgniter->handleRequest()
#8 /var/www/html/my-blackoptic/public/index.php(37): CodeIgniter\CodeIgniter->run()
#9 {main}
ERROR - 2022-09-12 19:14:11 --> Cannot delete or update a parent row: a foreign key constraint fails (`bo-db`.`bo_area`, CONSTRAINT `bo_area_ibfk_1` FOREIGN KEY (`city`) REFERENCES `bo_city` (`city`))
ERROR - 2022-09-12 19:14:21 --> Cannot delete or update a parent row: a foreign key constraint fails (`bo-db`.`bo_area`, CONSTRAINT `bo_area_ibfk_1` FOREIGN KEY (`city`) REFERENCES `bo_city` (`city`))
ERROR - 2022-09-12 19:14:52 --> Cannot delete or update a parent row: a foreign key constraint fails (`bo-db`.`bo_area`, CONSTRAINT `bo_area_ibfk_1` FOREIGN KEY (`city`) REFERENCES `bo_city` (`city`))
ERROR - 2022-09-12 19:15:22 --> Cannot delete or update a parent row: a foreign key constraint fails (`bo-db`.`bo_ndt`, CONSTRAINT `bo_ndt_ibfk_1` FOREIGN KEY (`project_id`) REFERENCES `bo_project` (`id`))
ERROR - 2022-09-12 19:15:35 --> Cannot delete or update a parent row: a foreign key constraint fails (`bo-db`.`bo_ndt`, CONSTRAINT `bo_ndt_ibfk_1` FOREIGN KEY (`project_id`) REFERENCES `bo_project` (`id`))
CRITICAL - 2022-09-12 19:40:26 --> syntax error, unexpected end of file
#0 /var/www/html/my-blackoptic/vendor/codeigniter4/framework/system/View/View.php(232): CodeIgniter\View\View->CodeIgniter\View\{closure}()
#1 /var/www/html/my-blackoptic/vendor/codeigniter4/framework/system/Common.php(1271): CodeIgniter\View\View->render()
#2 /var/www/html/my-blackoptic/app/Controllers/Network.php(22): view()
#3 /var/www/html/my-blackoptic/vendor/codeigniter4/framework/system/CodeIgniter.php(931): App\Controllers\Network->olt()
#4 /var/www/html/my-blackoptic/vendor/codeigniter4/framework/system/CodeIgniter.php(439): CodeIgniter\CodeIgniter->runController()
#5 /var/www/html/my-blackoptic/vendor/codeigniter4/framework/system/CodeIgniter.php(339): CodeIgniter\CodeIgniter->handleRequest()
#6 /var/www/html/my-blackoptic/public/index.php(37): CodeIgniter\CodeIgniter->run()
#7 {main}
CRITICAL - 2022-09-12 19:40:27 --> syntax error, unexpected end of file
#0 /var/www/html/my-blackoptic/vendor/codeigniter4/framework/system/View/View.php(232): CodeIgniter\View\View->CodeIgniter\View\{closure}()
#1 /var/www/html/my-blackoptic/vendor/codeigniter4/framework/system/Common.php(1271): CodeIgniter\View\View->render()
#2 /var/www/html/my-blackoptic/app/Controllers/Network.php(22): view()
#3 /var/www/html/my-blackoptic/vendor/codeigniter4/framework/system/CodeIgniter.php(931): App\Controllers\Network->olt()
#4 /var/www/html/my-blackoptic/vendor/codeigniter4/framework/system/CodeIgniter.php(439): CodeIgniter\CodeIgniter->runController()
#5 /var/www/html/my-blackoptic/vendor/codeigniter4/framework/system/CodeIgniter.php(339): CodeIgniter\CodeIgniter->handleRequest()
#6 /var/www/html/my-blackoptic/public/index.php(37): CodeIgniter\CodeIgniter->run()
#7 {main}
CRITICAL - 2022-09-12 19:40:27 --> syntax error, unexpected end of file
#0 /var/www/html/my-blackoptic/vendor/codeigniter4/framework/system/View/View.php(232): CodeIgniter\View\View->CodeIgniter\View\{closure}()
#1 /var/www/html/my-blackoptic/vendor/codeigniter4/framework/system/Common.php(1271): CodeIgniter\View\View->render()
#2 /var/www/html/my-blackoptic/app/Controllers/Network.php(22): view()
#3 /var/www/html/my-blackoptic/vendor/codeigniter4/framework/system/CodeIgniter.php(931): App\Controllers\Network->olt()
#4 /var/www/html/my-blackoptic/vendor/codeigniter4/framework/system/CodeIgniter.php(439): CodeIgniter\CodeIgniter->runController()
#5 /var/www/html/my-blackoptic/vendor/codeigniter4/framework/system/CodeIgniter.php(339): CodeIgniter\CodeIgniter->handleRequest()
#6 /var/www/html/my-blackoptic/public/index.php(37): CodeIgniter\CodeIgniter->run()
#7 {main}
CRITICAL - 2022-09-12 19:40:43 --> syntax error, unexpected end of file
#0 /var/www/html/my-blackoptic/vendor/codeigniter4/framework/system/View/View.php(232): CodeIgniter\View\View->CodeIgniter\View\{closure}()
#1 /var/www/html/my-blackoptic/vendor/codeigniter4/framework/system/Common.php(1271): CodeIgniter\View\View->render()
#2 /var/www/html/my-blackoptic/app/Controllers/Network.php(22): view()
#3 /var/www/html/my-blackoptic/vendor/codeigniter4/framework/system/CodeIgniter.php(931): App\Controllers\Network->olt()
#4 /var/www/html/my-blackoptic/vendor/codeigniter4/framework/system/CodeIgniter.php(439): CodeIgniter\CodeIgniter->runController()
#5 /var/www/html/my-blackoptic/vendor/codeigniter4/framework/system/CodeIgniter.php(339): CodeIgniter\CodeIgniter->handleRequest()
#6 /var/www/html/my-blackoptic/public/index.php(37): CodeIgniter\CodeIgniter->run()
#7 {main}
CRITICAL - 2022-09-12 19:41:24 --> unlink(/var/www/html/my-blackoptic/writable/debugbar/debugbar_1660721688.json): Operation not permitted
#0 [internal function]: CodeIgniter\Debug\Exceptions->errorHandler()
#1 /var/www/html/my-blackoptic/vendor/codeigniter4/framework/system/Debug/Toolbar/Collectors/History.php(78): unlink()
#2 /var/www/html/my-blackoptic/vendor/codeigniter4/framework/system/Debug/Toolbar.php(480): CodeIgniter\Debug\Toolbar\Collectors\History->setFiles()
#3 /var/www/html/my-blackoptic/vendor/codeigniter4/framework/system/Debug/Toolbar.php(452): CodeIgniter\Debug\Toolbar->format()
#4 /var/www/html/my-blackoptic/app/Config/Events.php(52): CodeIgniter\Debug\Toolbar->respond()
#5 [internal function]: CodeIgniter\Events\Events::Config\{closure}()
#6 /var/www/html/my-blackoptic/vendor/codeigniter4/framework/system/Events/Events.php(166): call_user_func()
#7 /var/www/html/my-blackoptic/vendor/codeigniter4/framework/system/CodeIgniter.php(319): CodeIgniter\Events\Events::trigger()
#8 /var/www/html/my-blackoptic/public/index.php(37): CodeIgniter\CodeIgniter->run()
#9 {main}
ERROR - 2022-09-12 19:42:42 --> Cannot delete or update a parent row: a foreign key constraint fails (`bo-db`.`bo_area`, CONSTRAINT `bo_area_ibfk_1` FOREIGN KEY (`city`) REFERENCES `bo_city` (`city`))
ERROR - 2022-09-12 19:42:50 --> Cannot delete or update a parent row: a foreign key constraint fails (`bo-db`.`bo_area`, CONSTRAINT `bo_area_ibfk_1` FOREIGN KEY (`city`) REFERENCES `bo_city` (`city`))
ERROR - 2022-09-12 19:43:06 --> Cannot delete or update a parent row: a foreign key constraint fails (`bo-db`.`bo_area`, CONSTRAINT `bo_area_ibfk_1` FOREIGN KEY (`city`) REFERENCES `bo_city` (`city`))
ERROR - 2022-09-12 19:43:12 --> Cannot delete or update a parent row: a foreign key constraint fails (`bo-db`.`bo_area`, CONSTRAINT `bo_area_ibfk_1` FOREIGN KEY (`city`) REFERENCES `bo_city` (`city`))
CRITICAL - 2022-09-12 19:55:36 --> Header may not contain more than a single header, new line detected
#0 [internal function]: CodeIgniter\Debug\Exceptions->errorHandler()
#1 /var/www/html/my-blackoptic/vendor/codeigniter4/framework/system/HTTP/ResponseTrait.php(494): header()
#2 /var/www/html/my-blackoptic/vendor/codeigniter4/framework/system/HTTP/ResponseTrait.php(466): CodeIgniter\HTTP\Response->sendHeaders()
#3 /var/www/html/my-blackoptic/vendor/codeigniter4/framework/system/CodeIgniter.php(1117): CodeIgniter\HTTP\Response->send()
#4 /var/www/html/my-blackoptic/vendor/codeigniter4/framework/system/CodeIgniter.php(483): CodeIgniter\CodeIgniter->sendResponse()
#5 /var/www/html/my-blackoptic/vendor/codeigniter4/framework/system/CodeIgniter.php(339): CodeIgniter\CodeIgniter->handleRequest()
#6 /var/www/html/my-blackoptic/public/index.php(37): CodeIgniter\CodeIgniter->run()
#7 {main}
CRITICAL - 2022-09-12 19:55:45 --> Header may not contain more than a single header, new line detected
#0 [internal function]: CodeIgniter\Debug\Exceptions->errorHandler()
#1 /var/www/html/my-blackoptic/vendor/codeigniter4/framework/system/HTTP/ResponseTrait.php(494): header()
#2 /var/www/html/my-blackoptic/vendor/codeigniter4/framework/system/HTTP/ResponseTrait.php(466): CodeIgniter\HTTP\Response->sendHeaders()
#3 /var/www/html/my-blackoptic/vendor/codeigniter4/framework/system/CodeIgniter.php(1117): CodeIgniter\HTTP\Response->send()
#4 /var/www/html/my-blackoptic/vendor/codeigniter4/framework/system/CodeIgniter.php(483): CodeIgniter\CodeIgniter->sendResponse()
#5 /var/www/html/my-blackoptic/vendor/codeigniter4/framework/system/CodeIgniter.php(339): CodeIgniter\CodeIgniter->handleRequest()
#6 /var/www/html/my-blackoptic/public/index.php(37): CodeIgniter\CodeIgniter->run()
#7 {main}
CRITICAL - 2022-09-12 19:55:52 --> Header may not contain more than a single header, new line detected
#0 [internal function]: CodeIgniter\Debug\Exceptions->errorHandler()
#1 /var/www/html/my-blackoptic/vendor/codeigniter4/framework/system/HTTP/ResponseTrait.php(494): header()
#2 /var/www/html/my-blackoptic/vendor/codeigniter4/framework/system/HTTP/ResponseTrait.php(466): CodeIgniter\HTTP\Response->sendHeaders()
#3 /var/www/html/my-blackoptic/vendor/codeigniter4/framework/system/CodeIgniter.php(1117): CodeIgniter\HTTP\Response->send()
#4 /var/www/html/my-blackoptic/vendor/codeigniter4/framework/system/CodeIgniter.php(483): CodeIgniter\CodeIgniter->sendResponse()
#5 /var/www/html/my-blackoptic/vendor/codeigniter4/framework/system/CodeIgniter.php(339): CodeIgniter\CodeIgniter->handleRequest()
#6 /var/www/html/my-blackoptic/public/index.php(37): CodeIgniter\CodeIgniter->run()
#7 {main}
CRITICAL - 2022-09-12 19:56:05 --> Header may not contain more than a single header, new line detected
#0 [internal function]: CodeIgniter\Debug\Exceptions->errorHandler()
#1 /var/www/html/my-blackoptic/vendor/codeigniter4/framework/system/HTTP/ResponseTrait.php(494): header()
#2 /var/www/html/my-blackoptic/vendor/codeigniter4/framework/system/HTTP/ResponseTrait.php(466): CodeIgniter\HTTP\Response->sendHeaders()
#3 /var/www/html/my-blackoptic/vendor/codeigniter4/framework/system/CodeIgniter.php(1117): CodeIgniter\HTTP\Response->send()
#4 /var/www/html/my-blackoptic/vendor/codeigniter4/framework/system/CodeIgniter.php(483): CodeIgniter\CodeIgniter->sendResponse()
#5 /var/www/html/my-blackoptic/vendor/codeigniter4/framework/system/CodeIgniter.php(339): CodeIgniter\CodeIgniter->handleRequest()
#6 /var/www/html/my-blackoptic/public/index.php(37): CodeIgniter\CodeIgniter->run()
#7 {main}
CRITICAL - 2022-09-12 19:56:42 --> Header may not contain more than a single header, new line detected
#0 [internal function]: CodeIgniter\Debug\Exceptions->errorHandler()
#1 /var/www/html/my-blackoptic/vendor/codeigniter4/framework/system/HTTP/ResponseTrait.php(494): header()
#2 /var/www/html/my-blackoptic/vendor/codeigniter4/framework/system/HTTP/ResponseTrait.php(466): CodeIgniter\HTTP\Response->sendHeaders()
#3 /var/www/html/my-blackoptic/vendor/codeigniter4/framework/system/CodeIgniter.php(1117): CodeIgniter\HTTP\Response->send()
#4 /var/www/html/my-blackoptic/vendor/codeigniter4/framework/system/CodeIgniter.php(483): CodeIgniter\CodeIgniter->sendResponse()
#5 /var/www/html/my-blackoptic/vendor/codeigniter4/framework/system/CodeIgniter.php(339): CodeIgniter\CodeIgniter->handleRequest()
#6 /var/www/html/my-blackoptic/public/index.php(37): CodeIgniter\CodeIgniter->run()
#7 {main}
CRITICAL - 2022-09-12 19:57:23 --> Header may not contain more than a single header, new line detected
#0 [internal function]: CodeIgniter\Debug\Exceptions->errorHandler()
#1 /var/www/html/my-blackoptic/vendor/codeigniter4/framework/system/HTTP/ResponseTrait.php(494): header()
#2 /var/www/html/my-blackoptic/vendor/codeigniter4/framework/system/HTTP/ResponseTrait.php(466): CodeIgniter\HTTP\Response->sendHeaders()
#3 /var/www/html/my-blackoptic/vendor/codeigniter4/framework/system/CodeIgniter.php(1117): CodeIgniter\HTTP\Response->send()
#4 /var/www/html/my-blackoptic/vendor/codeigniter4/framework/system/CodeIgniter.php(483): CodeIgniter\CodeIgniter->sendResponse()
#5 /var/www/html/my-blackoptic/vendor/codeigniter4/framework/system/CodeIgniter.php(339): CodeIgniter\CodeIgniter->handleRequest()
#6 /var/www/html/my-blackoptic/public/index.php(37): CodeIgniter\CodeIgniter->run()
#7 {main}
CRITICAL - 2022-09-12 19:57:44 --> unlink(/var/www/html/my-blackoptic/writable/debugbar/debugbar_1660721688.json): Operation not permitted
#0 [internal function]: CodeIgniter\Debug\Exceptions->errorHandler()
#1 /var/www/html/my-blackoptic/vendor/codeigniter4/framework/system/Debug/Toolbar/Collectors/History.php(78): unlink()
#2 /var/www/html/my-blackoptic/vendor/codeigniter4/framework/system/Debug/Toolbar.php(480): CodeIgniter\Debug\Toolbar\Collectors\History->setFiles()
#3 /var/www/html/my-blackoptic/vendor/codeigniter4/framework/system/Debug/Toolbar.php(452): CodeIgniter\Debug\Toolbar->format()
#4 /var/www/html/my-blackoptic/app/Config/Events.php(52): CodeIgniter\Debug\Toolbar->respond()
#5 [internal function]: CodeIgniter\Events\Events::Config\{closure}()
#6 /var/www/html/my-blackoptic/vendor/codeigniter4/framework/system/Events/Events.php(166): call_user_func()
#7 /var/www/html/my-blackoptic/vendor/codeigniter4/framework/system/CodeIgniter.php(319): CodeIgniter\Events\Events::trigger()
#8 /var/www/html/my-blackoptic/public/index.php(37): CodeIgniter\CodeIgniter->run()
#9 {main}
