CRITICAL - 2023-03-13 12:05:04 --> Invalid file: cpanel/misc_equipment.php
#0 /www/wwwroot/talha_logon/bo_old/vendor/codeigniter4/framework/system/View/View.php(213): CodeIgniter\Exceptions\FrameworkException::forInvalidFile()
#1 /www/wwwroot/talha_logon/bo_old/vendor/codeigniter4/framework/system/Common.php(1271): CodeIgniter\View\View->render()
#2 /www/wwwroot/talha_logon/bo_old/app/Controllers/General.php(196): view()
#3 /www/wwwroot/talha_logon/bo_old/vendor/codeigniter4/framework/system/CodeIgniter.php(931): App\Controllers\General->miscellaneous_equipment()
#4 /www/wwwroot/talha_logon/bo_old/vendor/codeigniter4/framework/system/CodeIgniter.php(439): CodeIgniter\CodeIgniter->runController()
#5 /www/wwwroot/talha_logon/bo_old/vendor/codeigniter4/framework/system/CodeIgniter.php(339): CodeIgniter\CodeIgniter->handleRequest()
#6 /www/wwwroot/talha_logon/bo_old/public/index.php(37): CodeIgniter\CodeIgniter->run()
#7 {main}
CRITICAL - 2023-03-13 12:05:34 --> Undefined variable: return_reason
#0 /www/wwwroot/talha_logon/bo_old/app/Views/cpanel/misc_equipment.php(74): CodeIgniter\Debug\Exceptions->errorHandler()
#1 /www/wwwroot/talha_logon/bo_old/vendor/codeigniter4/framework/system/View/View.php(230): include('/www/wwwroot/ta...')
#2 /www/wwwroot/talha_logon/bo_old/vendor/codeigniter4/framework/system/View/View.php(232): CodeIgniter\View\View->CodeIgniter\View\{closure}()
#3 /www/wwwroot/talha_logon/bo_old/vendor/codeigniter4/framework/system/Common.php(1271): CodeIgniter\View\View->render()
#4 /www/wwwroot/talha_logon/bo_old/app/Controllers/General.php(196): view()
#5 /www/wwwroot/talha_logon/bo_old/vendor/codeigniter4/framework/system/CodeIgniter.php(931): App\Controllers\General->miscellaneous_equipment()
#6 /www/wwwroot/talha_logon/bo_old/vendor/codeigniter4/framework/system/CodeIgniter.php(439): CodeIgniter\CodeIgniter->runController()
#7 /www/wwwroot/talha_logon/bo_old/vendor/codeigniter4/framework/system/CodeIgniter.php(339): CodeIgniter\CodeIgniter->handleRequest()
#8 /www/wwwroot/talha_logon/bo_old/public/index.php(37): CodeIgniter\CodeIgniter->run()
#9 {main}
CRITICAL - 2023-03-13 12:12:14 --> Trying to get property 'firstname' of non-object
#0 /www/wwwroot/talha_logon/bo_old/app/Views/cpanel/customerView.php(155): CodeIgniter\Debug\Exceptions->errorHandler()
#1 /www/wwwroot/talha_logon/bo_old/vendor/codeigniter4/framework/system/View/View.php(230): include('/www/wwwroot/ta...')
#2 /www/wwwroot/talha_logon/bo_old/vendor/codeigniter4/framework/system/View/View.php(232): CodeIgniter\View\View->CodeIgniter\View\{closure}()
#3 /www/wwwroot/talha_logon/bo_old/vendor/codeigniter4/framework/system/Common.php(1271): CodeIgniter\View\View->render()
#4 /www/wwwroot/talha_logon/bo_old/app/Controllers/Customer.php(354): view()
#5 /www/wwwroot/talha_logon/bo_old/vendor/codeigniter4/framework/system/CodeIgniter.php(931): App\Controllers\Customer->view_detail()
#6 /www/wwwroot/talha_logon/bo_old/vendor/codeigniter4/framework/system/CodeIgniter.php(439): CodeIgniter\CodeIgniter->runController()
#7 /www/wwwroot/talha_logon/bo_old/vendor/codeigniter4/framework/system/CodeIgniter.php(339): CodeIgniter\CodeIgniter->handleRequest()
#8 /www/wwwroot/talha_logon/bo_old/public/index.php(37): CodeIgniter\CodeIgniter->run()
#9 {main}
CRITICAL - 2023-03-13 12:14:45 --> Undefined variable: reason
#0 /www/wwwroot/talha_logon/bo_old/app/Controllers/General.php(221): CodeIgniter\Debug\Exceptions->errorHandler()
#1 /www/wwwroot/talha_logon/bo_old/vendor/codeigniter4/framework/system/CodeIgniter.php(931): App\Controllers\General->add_misc_equipment()
#2 /www/wwwroot/talha_logon/bo_old/vendor/codeigniter4/framework/system/CodeIgniter.php(439): CodeIgniter\CodeIgniter->runController()
#3 /www/wwwroot/talha_logon/bo_old/vendor/codeigniter4/framework/system/CodeIgniter.php(339): CodeIgniter\CodeIgniter->handleRequest()
#4 /www/wwwroot/talha_logon/bo_old/public/index.php(37): CodeIgniter\CodeIgniter->run()
#5 {main}
CRITICAL - 2023-03-13 12:20:34 --> Trying to get property 'firstname' of non-object
#0 /www/wwwroot/talha_logon/bo_old/app/Views/cpanel/customerView.php(155): CodeIgniter\Debug\Exceptions->errorHandler()
#1 /www/wwwroot/talha_logon/bo_old/vendor/codeigniter4/framework/system/View/View.php(230): include('/www/wwwroot/ta...')
#2 /www/wwwroot/talha_logon/bo_old/vendor/codeigniter4/framework/system/View/View.php(232): CodeIgniter\View\View->CodeIgniter\View\{closure}()
#3 /www/wwwroot/talha_logon/bo_old/vendor/codeigniter4/framework/system/Common.php(1271): CodeIgniter\View\View->render()
#4 /www/wwwroot/talha_logon/bo_old/app/Controllers/Customer.php(354): view()
#5 /www/wwwroot/talha_logon/bo_old/vendor/codeigniter4/framework/system/CodeIgniter.php(931): App\Controllers\Customer->view_detail()
#6 /www/wwwroot/talha_logon/bo_old/vendor/codeigniter4/framework/system/CodeIgniter.php(439): CodeIgniter\CodeIgniter->runController()
#7 /www/wwwroot/talha_logon/bo_old/vendor/codeigniter4/framework/system/CodeIgniter.php(339): CodeIgniter\CodeIgniter->handleRequest()
#8 /www/wwwroot/talha_logon/bo_old/public/index.php(37): CodeIgniter\CodeIgniter->run()
#9 {main}
CRITICAL - 2023-03-13 14:40:25 --> Trying to get property 'firstname' of non-object
#0 /www/wwwroot/talha_logon/bo_old/app/Views/cpanel/customerView.php(155): CodeIgniter\Debug\Exceptions->errorHandler()
#1 /www/wwwroot/talha_logon/bo_old/vendor/codeigniter4/framework/system/View/View.php(230): include('/www/wwwroot/ta...')
#2 /www/wwwroot/talha_logon/bo_old/vendor/codeigniter4/framework/system/View/View.php(232): CodeIgniter\View\View->CodeIgniter\View\{closure}()
#3 /www/wwwroot/talha_logon/bo_old/vendor/codeigniter4/framework/system/Common.php(1271): CodeIgniter\View\View->render()
#4 /www/wwwroot/talha_logon/bo_old/app/Controllers/Customer.php(354): view()
#5 /www/wwwroot/talha_logon/bo_old/vendor/codeigniter4/framework/system/CodeIgniter.php(931): App\Controllers\Customer->view_detail()
#6 /www/wwwroot/talha_logon/bo_old/vendor/codeigniter4/framework/system/CodeIgniter.php(439): CodeIgniter\CodeIgniter->runController()
#7 /www/wwwroot/talha_logon/bo_old/vendor/codeigniter4/framework/system/CodeIgniter.php(339): CodeIgniter\CodeIgniter->handleRequest()
#8 /www/wwwroot/talha_logon/bo_old/public/index.php(37): CodeIgniter\CodeIgniter->run()
#9 {main}
CRITICAL - 2023-03-13 16:34:07 --> Undefined property: mysqli::$name
#0 /www/wwwroot/talha_logon/bo_old/app/Views/customer/my-task.php(134): CodeIgniter\Debug\Exceptions->errorHandler()
#1 /www/wwwroot/talha_logon/bo_old/vendor/codeigniter4/framework/system/View/View.php(230): include('/www/wwwroot/ta...')
#2 /www/wwwroot/talha_logon/bo_old/vendor/codeigniter4/framework/system/View/View.php(232): CodeIgniter\View\View->CodeIgniter\View\{closure}()
#3 /www/wwwroot/talha_logon/bo_old/vendor/codeigniter4/framework/system/Common.php(1271): CodeIgniter\View\View->render()
#4 /www/wwwroot/talha_logon/bo_old/app/Controllers/Task.php(23): view()
#5 /www/wwwroot/talha_logon/bo_old/vendor/codeigniter4/framework/system/CodeIgniter.php(931): App\Controllers\Task->my_task()
#6 /www/wwwroot/talha_logon/bo_old/vendor/codeigniter4/framework/system/CodeIgniter.php(439): CodeIgniter\CodeIgniter->runController()
#7 /www/wwwroot/talha_logon/bo_old/vendor/codeigniter4/framework/system/CodeIgniter.php(339): CodeIgniter\CodeIgniter->handleRequest()
#8 /www/wwwroot/talha_logon/bo_old/public/index.php(37): CodeIgniter\CodeIgniter->run()
#9 {main}
CRITICAL - 2023-03-13 20:54:14 --> implode(): Invalid arguments passed
#0 [internal function]: CodeIgniter\Debug\Exceptions->errorHandler()
#1 /www/wwwroot/talha_logon/bo_old/app/Controllers/Task.php(117): implode()
#2 /www/wwwroot/talha_logon/bo_old/vendor/codeigniter4/framework/system/CodeIgniter.php(931): App\Controllers\Task->update_task()
#3 /www/wwwroot/talha_logon/bo_old/vendor/codeigniter4/framework/system/CodeIgniter.php(439): CodeIgniter\CodeIgniter->runController()
#4 /www/wwwroot/talha_logon/bo_old/vendor/codeigniter4/framework/system/CodeIgniter.php(339): CodeIgniter\CodeIgniter->handleRequest()
#5 /www/wwwroot/talha_logon/bo_old/public/index.php(37): CodeIgniter\CodeIgniter->run()
#6 {main}
CRITICAL - 2023-03-13 20:54:28 --> implode(): Invalid arguments passed
#0 [internal function]: CodeIgniter\Debug\Exceptions->errorHandler()
#1 /www/wwwroot/talha_logon/bo_old/app/Controllers/Task.php(117): implode()
#2 /www/wwwroot/talha_logon/bo_old/vendor/codeigniter4/framework/system/CodeIgniter.php(931): App\Controllers\Task->update_task()
#3 /www/wwwroot/talha_logon/bo_old/vendor/codeigniter4/framework/system/CodeIgniter.php(439): CodeIgniter\CodeIgniter->runController()
#4 /www/wwwroot/talha_logon/bo_old/vendor/codeigniter4/framework/system/CodeIgniter.php(339): CodeIgniter\CodeIgniter->handleRequest()
#5 /www/wwwroot/talha_logon/bo_old/public/index.php(37): CodeIgniter\CodeIgniter->run()
#6 {main}
CRITICAL - 2023-03-13 20:54:37 --> implode(): Invalid arguments passed
#0 [internal function]: CodeIgniter\Debug\Exceptions->errorHandler()
#1 /www/wwwroot/talha_logon/bo_old/app/Controllers/Task.php(117): implode()
#2 /www/wwwroot/talha_logon/bo_old/vendor/codeigniter4/framework/system/CodeIgniter.php(931): App\Controllers\Task->update_task()
#3 /www/wwwroot/talha_logon/bo_old/vendor/codeigniter4/framework/system/CodeIgniter.php(439): CodeIgniter\CodeIgniter->runController()
#4 /www/wwwroot/talha_logon/bo_old/vendor/codeigniter4/framework/system/CodeIgniter.php(339): CodeIgniter\CodeIgniter->handleRequest()
#5 /www/wwwroot/talha_logon/bo_old/public/index.php(37): CodeIgniter\CodeIgniter->run()
#6 {main}
CRITICAL - 2023-03-13 21:03:11 --> Trying to get property 'gateway' of non-object
#0 /www/wwwroot/talha_logon/bo_old/app/Views/cpanel/customerView.php(161): CodeIgniter\Debug\Exceptions->errorHandler()
#1 /www/wwwroot/talha_logon/bo_old/vendor/codeigniter4/framework/system/View/View.php(230): include('/www/wwwroot/ta...')
#2 /www/wwwroot/talha_logon/bo_old/vendor/codeigniter4/framework/system/View/View.php(232): CodeIgniter\View\View->CodeIgniter\View\{closure}()
#3 /www/wwwroot/talha_logon/bo_old/vendor/codeigniter4/framework/system/Common.php(1271): CodeIgniter\View\View->render()
#4 /www/wwwroot/talha_logon/bo_old/app/Controllers/Customer.php(354): view()
#5 /www/wwwroot/talha_logon/bo_old/vendor/codeigniter4/framework/system/CodeIgniter.php(931): App\Controllers\Customer->view_detail()
#6 /www/wwwroot/talha_logon/bo_old/vendor/codeigniter4/framework/system/CodeIgniter.php(439): CodeIgniter\CodeIgniter->runController()
#7 /www/wwwroot/talha_logon/bo_old/vendor/codeigniter4/framework/system/CodeIgniter.php(339): CodeIgniter\CodeIgniter->handleRequest()
#8 /www/wwwroot/talha_logon/bo_old/public/index.php(37): CodeIgniter\CodeIgniter->run()
#9 {main}
