CRITICAL - 2022-07-06 16:38:08 --> unlink(/developers/developer-talha/blackOptic/writable/debugbar/debugbar_1634991869.json): Operation not permitted
#0 [internal function]: CodeIgniter\Debug\Exceptions->errorHandler(2, 'unlink(/develop...', '/developers/dev...', 78, Array)
#1 /developers/developer-talha/blackOptic/vendor/codeigniter4/framework/system/Debug/Toolbar/Collectors/History.php(78): unlink('/developers/dev...')
#2 /developers/developer-talha/blackOptic/vendor/codeigniter4/framework/system/Debug/Toolbar.php(480): CodeIgniter\Debug\Toolbar\Collectors\History->setFiles(1657107484, 20)
#3 /developers/developer-talha/blackOptic/vendor/codeigniter4/framework/system/Debug/Toolbar.php(452): CodeIgniter\Debug\Toolbar->format(Array, 'html')
#4 /developers/developer-talha/blackOptic/app/Config/Events.php(52): CodeIgniter\Debug\Toolbar->respond()
#5 [internal function]: CodeIgniter\Events\Events::Config\{closure}()
#6 /developers/developer-talha/blackOptic/vendor/codeigniter4/framework/system/Events/Events.php(166): call_user_func(Object(Closure))
#7 /developers/developer-talha/blackOptic/vendor/codeigniter4/framework/system/CodeIgniter.php(319): CodeIgniter\Events\Events::trigger('pre_system')
#8 /developers/developer-talha/blackOptic/public/index.php(37): CodeIgniter\CodeIgniter->run()
#9 {main}
CRITICAL - 2022-07-06 16:38:31 --> unlink(/developers/developer-talha/blackOptic/writable/debugbar/debugbar_1634991869.json): Operation not permitted
#0 [internal function]: CodeIgniter\Debug\Exceptions->errorHandler(2, 'unlink(/develop...', '/developers/dev...', 78, Array)
#1 /developers/developer-talha/blackOptic/vendor/codeigniter4/framework/system/Debug/Toolbar/Collectors/History.php(78): unlink('/developers/dev...')
#2 /developers/developer-talha/blackOptic/vendor/codeigniter4/framework/system/Debug/Toolbar.php(480): CodeIgniter\Debug\Toolbar\Collectors\History->setFiles(1657107510, 20)
#3 /developers/developer-talha/blackOptic/vendor/codeigniter4/framework/system/Debug/Toolbar.php(452): CodeIgniter\Debug\Toolbar->format(Array, 'html')
#4 /developers/developer-talha/blackOptic/app/Config/Events.php(52): CodeIgniter\Debug\Toolbar->respond()
#5 [internal function]: CodeIgniter\Events\Events::Config\{closure}()
#6 /developers/developer-talha/blackOptic/vendor/codeigniter4/framework/system/Events/Events.php(166): call_user_func(Object(Closure))
#7 /developers/developer-talha/blackOptic/vendor/codeigniter4/framework/system/CodeIgniter.php(319): CodeIgniter\Events\Events::trigger('pre_system')
#8 /developers/developer-talha/blackOptic/public/index.php(37): CodeIgniter\CodeIgniter->run()
#9 {main}
CRITICAL - 2022-07-06 16:38:39 --> unlink(/developers/developer-talha/blackOptic/writable/debugbar/debugbar_1634991869.json): Operation not permitted
#0 [internal function]: CodeIgniter\Debug\Exceptions->errorHandler(2, 'unlink(/develop...', '/developers/dev...', 78, Array)
#1 /developers/developer-talha/blackOptic/vendor/codeigniter4/framework/system/Debug/Toolbar/Collectors/History.php(78): unlink('/developers/dev...')
#2 /developers/developer-talha/blackOptic/vendor/codeigniter4/framework/system/Debug/Toolbar.php(480): CodeIgniter\Debug\Toolbar\Collectors\History->setFiles(1657107518, 20)
#3 /developers/developer-talha/blackOptic/vendor/codeigniter4/framework/system/Debug/Toolbar.php(452): CodeIgniter\Debug\Toolbar->format(Array, 'html')
#4 /developers/developer-talha/blackOptic/app/Config/Events.php(52): CodeIgniter\Debug\Toolbar->respond()
#5 [internal function]: CodeIgniter\Events\Events::Config\{closure}()
#6 /developers/developer-talha/blackOptic/vendor/codeigniter4/framework/system/Events/Events.php(166): call_user_func(Object(Closure))
#7 /developers/developer-talha/blackOptic/vendor/codeigniter4/framework/system/CodeIgniter.php(319): CodeIgniter\Events\Events::trigger('pre_system')
#8 /developers/developer-talha/blackOptic/public/index.php(37): CodeIgniter\CodeIgniter->run()
#9 {main}
CRITICAL - 2022-07-06 16:38:40 --> unlink(/developers/developer-talha/blackOptic/writable/debugbar/debugbar_1634991869.json): Operation not permitted
#0 [internal function]: CodeIgniter\Debug\Exceptions->errorHandler(2, 'unlink(/develop...', '/developers/dev...', 78, Array)
#1 /developers/developer-talha/blackOptic/vendor/codeigniter4/framework/system/Debug/Toolbar/Collectors/History.php(78): unlink('/developers/dev...')
#2 /developers/developer-talha/blackOptic/vendor/codeigniter4/framework/system/Debug/Toolbar.php(480): CodeIgniter\Debug\Toolbar\Collectors\History->setFiles(1657107520, 20)
#3 /developers/developer-talha/blackOptic/vendor/codeigniter4/framework/system/Debug/Toolbar.php(452): CodeIgniter\Debug\Toolbar->format(Array, 'html')
#4 /developers/developer-talha/blackOptic/app/Config/Events.php(52): CodeIgniter\Debug\Toolbar->respond()
#5 [internal function]: CodeIgniter\Events\Events::Config\{closure}()
#6 /developers/developer-talha/blackOptic/vendor/codeigniter4/framework/system/Events/Events.php(166): call_user_func(Object(Closure))
#7 /developers/developer-talha/blackOptic/vendor/codeigniter4/framework/system/CodeIgniter.php(319): CodeIgniter\Events\Events::trigger('pre_system')
#8 /developers/developer-talha/blackOptic/public/index.php(37): CodeIgniter\CodeIgniter->run()
#9 {main}
CRITICAL - 2022-07-06 16:38:43 --> unlink(/developers/developer-talha/blackOptic/writable/debugbar/debugbar_1634991869.json): Operation not permitted
#0 [internal function]: CodeIgniter\Debug\Exceptions->errorHandler(2, 'unlink(/develop...', '/developers/dev...', 78, Array)
#1 /developers/developer-talha/blackOptic/vendor/codeigniter4/framework/system/Debug/Toolbar/Collectors/History.php(78): unlink('/developers/dev...')
#2 /developers/developer-talha/blackOptic/vendor/codeigniter4/framework/system/Debug/Toolbar.php(480): CodeIgniter\Debug\Toolbar\Collectors\History->setFiles(1657107523, 20)
#3 /developers/developer-talha/blackOptic/vendor/codeigniter4/framework/system/Debug/Toolbar.php(452): CodeIgniter\Debug\Toolbar->format(Array, 'html')
#4 /developers/developer-talha/blackOptic/app/Config/Events.php(52): CodeIgniter\Debug\Toolbar->respond()
#5 [internal function]: CodeIgniter\Events\Events::Config\{closure}()
#6 /developers/developer-talha/blackOptic/vendor/codeigniter4/framework/system/Events/Events.php(166): call_user_func(Object(Closure))
#7 /developers/developer-talha/blackOptic/vendor/codeigniter4/framework/system/CodeIgniter.php(319): CodeIgniter\Events\Events::trigger('pre_system')
#8 /developers/developer-talha/blackOptic/public/index.php(37): CodeIgniter\CodeIgniter->run()
#9 {main}
CRITICAL - 2022-07-06 18:34:35 --> unlink(/developers/developer-talha/blackOptic/writable/debugbar/debugbar_1634991869.json): Operation not permitted
#0 [internal function]: CodeIgniter\Debug\Exceptions->errorHandler(2, 'unlink(/develop...', '/developers/dev...', 78, Array)
#1 /developers/developer-talha/blackOptic/vendor/codeigniter4/framework/system/Debug/Toolbar/Collectors/History.php(78): unlink('/developers/dev...')
#2 /developers/developer-talha/blackOptic/vendor/codeigniter4/framework/system/Debug/Toolbar.php(480): CodeIgniter\Debug\Toolbar\Collectors\History->setFiles(1657114474, 20)
#3 /developers/developer-talha/blackOptic/vendor/codeigniter4/framework/system/Debug/Toolbar.php(452): CodeIgniter\Debug\Toolbar->format(Array, 'html')
#4 /developers/developer-talha/blackOptic/app/Config/Events.php(52): CodeIgniter\Debug\Toolbar->respond()
#5 [internal function]: CodeIgniter\Events\Events::Config\{closure}()
#6 /developers/developer-talha/blackOptic/vendor/codeigniter4/framework/system/Events/Events.php(166): call_user_func(Object(Closure))
#7 /developers/developer-talha/blackOptic/vendor/codeigniter4/framework/system/CodeIgniter.php(319): CodeIgniter\Events\Events::trigger('pre_system')
#8 /developers/developer-talha/blackOptic/public/index.php(37): CodeIgniter\CodeIgniter->run()
#9 {main}
CRITICAL - 2022-07-06 18:34:56 --> unlink(/developers/developer-talha/blackOptic/writable/debugbar/debugbar_1634991869.json): Operation not permitted
#0 [internal function]: CodeIgniter\Debug\Exceptions->errorHandler(2, 'unlink(/develop...', '/developers/dev...', 78, Array)
#1 /developers/developer-talha/blackOptic/vendor/codeigniter4/framework/system/Debug/Toolbar/Collectors/History.php(78): unlink('/developers/dev...')
#2 /developers/developer-talha/blackOptic/vendor/codeigniter4/framework/system/Debug/Toolbar.php(480): CodeIgniter\Debug\Toolbar\Collectors\History->setFiles(1657114496, 20)
#3 /developers/developer-talha/blackOptic/vendor/codeigniter4/framework/system/Debug/Toolbar.php(452): CodeIgniter\Debug\Toolbar->format(Array, 'html')
#4 /developers/developer-talha/blackOptic/app/Config/Events.php(52): CodeIgniter\Debug\Toolbar->respond()
#5 [internal function]: CodeIgniter\Events\Events::Config\{closure}()
#6 /developers/developer-talha/blackOptic/vendor/codeigniter4/framework/system/Events/Events.php(166): call_user_func(Object(Closure))
#7 /developers/developer-talha/blackOptic/vendor/codeigniter4/framework/system/CodeIgniter.php(319): CodeIgniter\Events\Events::trigger('pre_system')
#8 /developers/developer-talha/blackOptic/public/index.php(37): CodeIgniter\CodeIgniter->run()
#9 {main}
CRITICAL - 2022-07-06 18:35:01 --> unlink(/developers/developer-talha/blackOptic/writable/debugbar/debugbar_1634991869.json): Operation not permitted
#0 [internal function]: CodeIgniter\Debug\Exceptions->errorHandler(2, 'unlink(/develop...', '/developers/dev...', 78, Array)
#1 /developers/developer-talha/blackOptic/vendor/codeigniter4/framework/system/Debug/Toolbar/Collectors/History.php(78): unlink('/developers/dev...')
#2 /developers/developer-talha/blackOptic/vendor/codeigniter4/framework/system/Debug/Toolbar.php(480): CodeIgniter\Debug\Toolbar\Collectors\History->setFiles(1657114500, 20)
#3 /developers/developer-talha/blackOptic/vendor/codeigniter4/framework/system/Debug/Toolbar.php(452): CodeIgniter\Debug\Toolbar->format(Array, 'html')
#4 /developers/developer-talha/blackOptic/app/Config/Events.php(52): CodeIgniter\Debug\Toolbar->respond()
#5 [internal function]: CodeIgniter\Events\Events::Config\{closure}()
#6 /developers/developer-talha/blackOptic/vendor/codeigniter4/framework/system/Events/Events.php(166): call_user_func(Object(Closure))
#7 /developers/developer-talha/blackOptic/vendor/codeigniter4/framework/system/CodeIgniter.php(319): CodeIgniter\Events\Events::trigger('pre_system')
#8 /developers/developer-talha/blackOptic/public/index.php(37): CodeIgniter\CodeIgniter->run()
#9 {main}
CRITICAL - 2022-07-06 18:35:18 --> unlink(/developers/developer-talha/blackOptic/writable/debugbar/debugbar_1634991869.json): Operation not permitted
#0 [internal function]: CodeIgniter\Debug\Exceptions->errorHandler(2, 'unlink(/develop...', '/developers/dev...', 78, Array)
#1 /developers/developer-talha/blackOptic/vendor/codeigniter4/framework/system/Debug/Toolbar/Collectors/History.php(78): unlink('/developers/dev...')
#2 /developers/developer-talha/blackOptic/vendor/codeigniter4/framework/system/Debug/Toolbar.php(480): CodeIgniter\Debug\Toolbar\Collectors\History->setFiles(1657114517, 20)
#3 /developers/developer-talha/blackOptic/vendor/codeigniter4/framework/system/Debug/Toolbar.php(452): CodeIgniter\Debug\Toolbar->format(Array, 'html')
#4 /developers/developer-talha/blackOptic/app/Config/Events.php(52): CodeIgniter\Debug\Toolbar->respond()
#5 [internal function]: CodeIgniter\Events\Events::Config\{closure}()
#6 /developers/developer-talha/blackOptic/vendor/codeigniter4/framework/system/Events/Events.php(166): call_user_func(Object(Closure))
#7 /developers/developer-talha/blackOptic/vendor/codeigniter4/framework/system/CodeIgniter.php(319): CodeIgniter\Events\Events::trigger('pre_system')
#8 /developers/developer-talha/blackOptic/public/index.php(37): CodeIgniter\CodeIgniter->run()
#9 {main}
CRITICAL - 2022-07-06 18:38:51 --> unlink(/developers/developer-talha/blackOptic/writable/debugbar/debugbar_1634991869.json): Operation not permitted
#0 [internal function]: CodeIgniter\Debug\Exceptions->errorHandler(2, 'unlink(/develop...', '/developers/dev...', 78, Array)
#1 /developers/developer-talha/blackOptic/vendor/codeigniter4/framework/system/Debug/Toolbar/Collectors/History.php(78): unlink('/developers/dev...')
#2 /developers/developer-talha/blackOptic/vendor/codeigniter4/framework/system/Debug/Toolbar.php(480): CodeIgniter\Debug\Toolbar\Collectors\History->setFiles(1657114730, 20)
#3 /developers/developer-talha/blackOptic/vendor/codeigniter4/framework/system/Debug/Toolbar.php(452): CodeIgniter\Debug\Toolbar->format(Array, 'html')
#4 /developers/developer-talha/blackOptic/app/Config/Events.php(52): CodeIgniter\Debug\Toolbar->respond()
#5 [internal function]: CodeIgniter\Events\Events::Config\{closure}()
#6 /developers/developer-talha/blackOptic/vendor/codeigniter4/framework/system/Events/Events.php(166): call_user_func(Object(Closure))
#7 /developers/developer-talha/blackOptic/vendor/codeigniter4/framework/system/CodeIgniter.php(319): CodeIgniter\Events\Events::trigger('pre_system')
#8 /developers/developer-talha/blackOptic/public/index.php(37): CodeIgniter\CodeIgniter->run()
#9 {main}
CRITICAL - 2022-07-06 18:39:07 --> unlink(/developers/developer-talha/blackOptic/writable/debugbar/debugbar_1634991869.json): Operation not permitted
#0 [internal function]: CodeIgniter\Debug\Exceptions->errorHandler(2, 'unlink(/develop...', '/developers/dev...', 78, Array)
#1 /developers/developer-talha/blackOptic/vendor/codeigniter4/framework/system/Debug/Toolbar/Collectors/History.php(78): unlink('/developers/dev...')
#2 /developers/developer-talha/blackOptic/vendor/codeigniter4/framework/system/Debug/Toolbar.php(480): CodeIgniter\Debug\Toolbar\Collectors\History->setFiles(1657114746, 20)
#3 /developers/developer-talha/blackOptic/vendor/codeigniter4/framework/system/Debug/Toolbar.php(452): CodeIgniter\Debug\Toolbar->format(Array, 'html')
#4 /developers/developer-talha/blackOptic/app/Config/Events.php(52): CodeIgniter\Debug\Toolbar->respond()
#5 [internal function]: CodeIgniter\Events\Events::Config\{closure}()
#6 /developers/developer-talha/blackOptic/vendor/codeigniter4/framework/system/Events/Events.php(166): call_user_func(Object(Closure))
#7 /developers/developer-talha/blackOptic/vendor/codeigniter4/framework/system/CodeIgniter.php(319): CodeIgniter\Events\Events::trigger('pre_system')
#8 /developers/developer-talha/blackOptic/public/index.php(37): CodeIgniter\CodeIgniter->run()
#9 {main}
CRITICAL - 2022-07-06 18:39:11 --> unlink(/developers/developer-talha/blackOptic/writable/debugbar/debugbar_1634991869.json): Operation not permitted
#0 [internal function]: CodeIgniter\Debug\Exceptions->errorHandler(2, 'unlink(/develop...', '/developers/dev...', 78, Array)
#1 /developers/developer-talha/blackOptic/vendor/codeigniter4/framework/system/Debug/Toolbar/Collectors/History.php(78): unlink('/developers/dev...')
#2 /developers/developer-talha/blackOptic/vendor/codeigniter4/framework/system/Debug/Toolbar.php(480): CodeIgniter\Debug\Toolbar\Collectors\History->setFiles(1657114750, 20)
#3 /developers/developer-talha/blackOptic/vendor/codeigniter4/framework/system/Debug/Toolbar.php(452): CodeIgniter\Debug\Toolbar->format(Array, 'html')
#4 /developers/developer-talha/blackOptic/app/Config/Events.php(52): CodeIgniter\Debug\Toolbar->respond()
#5 [internal function]: CodeIgniter\Events\Events::Config\{closure}()
#6 /developers/developer-talha/blackOptic/vendor/codeigniter4/framework/system/Events/Events.php(166): call_user_func(Object(Closure))
#7 /developers/developer-talha/blackOptic/vendor/codeigniter4/framework/system/CodeIgniter.php(319): CodeIgniter\Events\Events::trigger('pre_system')
#8 /developers/developer-talha/blackOptic/public/index.php(37): CodeIgniter\CodeIgniter->run()
#9 {main}
CRITICAL - 2022-07-06 18:39:24 --> unlink(/developers/developer-talha/blackOptic/writable/debugbar/debugbar_1634991869.json): Operation not permitted
#0 [internal function]: CodeIgniter\Debug\Exceptions->errorHandler(2, 'unlink(/develop...', '/developers/dev...', 78, Array)
#1 /developers/developer-talha/blackOptic/vendor/codeigniter4/framework/system/Debug/Toolbar/Collectors/History.php(78): unlink('/developers/dev...')
#2 /developers/developer-talha/blackOptic/vendor/codeigniter4/framework/system/Debug/Toolbar.php(480): CodeIgniter\Debug\Toolbar\Collectors\History->setFiles(1657114764, 20)
#3 /developers/developer-talha/blackOptic/vendor/codeigniter4/framework/system/Debug/Toolbar.php(452): CodeIgniter\Debug\Toolbar->format(Array, 'html')
#4 /developers/developer-talha/blackOptic/app/Config/Events.php(52): CodeIgniter\Debug\Toolbar->respond()
#5 [internal function]: CodeIgniter\Events\Events::Config\{closure}()
#6 /developers/developer-talha/blackOptic/vendor/codeigniter4/framework/system/Events/Events.php(166): call_user_func(Object(Closure))
#7 /developers/developer-talha/blackOptic/vendor/codeigniter4/framework/system/CodeIgniter.php(319): CodeIgniter\Events\Events::trigger('pre_system')
#8 /developers/developer-talha/blackOptic/public/index.php(37): CodeIgniter\CodeIgniter->run()
#9 {main}
