CRITICAL - 2022-11-07 20:25:32 --> unlink(/var/www/html/my-blackoptic/writable/debugbar/debugbar_1660721688.json): Operation not permitted
#0 [internal function]: CodeIgniter\Debug\Exceptions->errorHandler()
#1 /var/www/html/my-blackoptic/vendor/codeigniter4/framework/system/Debug/Toolbar/Collectors/History.php(78): unlink()
#2 /var/www/html/my-blackoptic/vendor/codeigniter4/framework/system/Debug/Toolbar.php(480): CodeIgniter\Debug\Toolbar\Collectors\History->setFiles()
#3 /var/www/html/my-blackoptic/vendor/codeigniter4/framework/system/Debug/Toolbar.php(452): CodeIgniter\Debug\Toolbar->format()
#4 /var/www/html/my-blackoptic/app/Config/Events.php(52): CodeIgniter\Debug\Toolbar->respond()
#5 [internal function]: CodeIgniter\Events\Events::Config\{closure}()
#6 /var/www/html/my-blackoptic/vendor/codeigniter4/framework/system/Events/Events.php(166): call_user_func()
#7 /var/www/html/my-blackoptic/vendor/codeigniter4/framework/system/CodeIgniter.php(319): CodeIgniter\Events\Events::trigger()
#8 /var/www/html/my-blackoptic/public/index.php(37): CodeIgniter\CodeIgniter->run()
#9 {main}
CRITICAL - 2022-11-07 20:25:39 --> unlink(/var/www/html/my-blackoptic/writable/debugbar/debugbar_1660721688.json): Operation not permitted
#0 [internal function]: CodeIgniter\Debug\Exceptions->errorHandler()
#1 /var/www/html/my-blackoptic/vendor/codeigniter4/framework/system/Debug/Toolbar/Collectors/History.php(78): unlink()
#2 /var/www/html/my-blackoptic/vendor/codeigniter4/framework/system/Debug/Toolbar.php(480): CodeIgniter\Debug\Toolbar\Collectors\History->setFiles()
#3 /var/www/html/my-blackoptic/vendor/codeigniter4/framework/system/Debug/Toolbar.php(452): CodeIgniter\Debug\Toolbar->format()
#4 /var/www/html/my-blackoptic/app/Config/Events.php(52): CodeIgniter\Debug\Toolbar->respond()
#5 [internal function]: CodeIgniter\Events\Events::Config\{closure}()
#6 /var/www/html/my-blackoptic/vendor/codeigniter4/framework/system/Events/Events.php(166): call_user_func()
#7 /var/www/html/my-blackoptic/vendor/codeigniter4/framework/system/CodeIgniter.php(319): CodeIgniter\Events\Events::trigger()
#8 /var/www/html/my-blackoptic/public/index.php(37): CodeIgniter\CodeIgniter->run()
#9 {main}
CRITICAL - 2022-11-07 20:25:42 --> unlink(/var/www/html/my-blackoptic/writable/debugbar/debugbar_1660721688.json): Operation not permitted
#0 [internal function]: CodeIgniter\Debug\Exceptions->errorHandler()
#1 /var/www/html/my-blackoptic/vendor/codeigniter4/framework/system/Debug/Toolbar/Collectors/History.php(78): unlink()
#2 /var/www/html/my-blackoptic/vendor/codeigniter4/framework/system/Debug/Toolbar.php(480): CodeIgniter\Debug\Toolbar\Collectors\History->setFiles()
#3 /var/www/html/my-blackoptic/vendor/codeigniter4/framework/system/Debug/Toolbar.php(452): CodeIgniter\Debug\Toolbar->format()
#4 /var/www/html/my-blackoptic/app/Config/Events.php(52): CodeIgniter\Debug\Toolbar->respond()
#5 [internal function]: CodeIgniter\Events\Events::Config\{closure}()
#6 /var/www/html/my-blackoptic/vendor/codeigniter4/framework/system/Events/Events.php(166): call_user_func()
#7 /var/www/html/my-blackoptic/vendor/codeigniter4/framework/system/CodeIgniter.php(319): CodeIgniter\Events\Events::trigger()
#8 /var/www/html/my-blackoptic/public/index.php(37): CodeIgniter\CodeIgniter->run()
#9 {main}
CRITICAL - 2022-11-07 20:27:44 --> unlink(/var/www/html/my-blackoptic/writable/debugbar/debugbar_1660721688.json): Operation not permitted
#0 [internal function]: CodeIgniter\Debug\Exceptions->errorHandler()
#1 /var/www/html/my-blackoptic/vendor/codeigniter4/framework/system/Debug/Toolbar/Collectors/History.php(78): unlink()
#2 /var/www/html/my-blackoptic/vendor/codeigniter4/framework/system/Debug/Toolbar.php(480): CodeIgniter\Debug\Toolbar\Collectors\History->setFiles()
#3 /var/www/html/my-blackoptic/vendor/codeigniter4/framework/system/Debug/Toolbar.php(452): CodeIgniter\Debug\Toolbar->format()
#4 /var/www/html/my-blackoptic/app/Config/Events.php(52): CodeIgniter\Debug\Toolbar->respond()
#5 [internal function]: CodeIgniter\Events\Events::Config\{closure}()
#6 /var/www/html/my-blackoptic/vendor/codeigniter4/framework/system/Events/Events.php(166): call_user_func()
#7 /var/www/html/my-blackoptic/vendor/codeigniter4/framework/system/CodeIgniter.php(319): CodeIgniter\Events\Events::trigger()
#8 /var/www/html/my-blackoptic/public/index.php(37): CodeIgniter\CodeIgniter->run()
#9 {main}
CRITICAL - 2022-11-07 20:27:46 --> unlink(/var/www/html/my-blackoptic/writable/debugbar/debugbar_1660721688.json): Operation not permitted
#0 [internal function]: CodeIgniter\Debug\Exceptions->errorHandler()
#1 /var/www/html/my-blackoptic/vendor/codeigniter4/framework/system/Debug/Toolbar/Collectors/History.php(78): unlink()
#2 /var/www/html/my-blackoptic/vendor/codeigniter4/framework/system/Debug/Toolbar.php(480): CodeIgniter\Debug\Toolbar\Collectors\History->setFiles()
#3 /var/www/html/my-blackoptic/vendor/codeigniter4/framework/system/Debug/Toolbar.php(452): CodeIgniter\Debug\Toolbar->format()
#4 /var/www/html/my-blackoptic/app/Config/Events.php(52): CodeIgniter\Debug\Toolbar->respond()
#5 [internal function]: CodeIgniter\Events\Events::Config\{closure}()
#6 /var/www/html/my-blackoptic/vendor/codeigniter4/framework/system/Events/Events.php(166): call_user_func()
#7 /var/www/html/my-blackoptic/vendor/codeigniter4/framework/system/CodeIgniter.php(319): CodeIgniter\Events\Events::trigger()
#8 /var/www/html/my-blackoptic/public/index.php(37): CodeIgniter\CodeIgniter->run()
#9 {main}
CRITICAL - 2022-11-07 20:27:49 --> unlink(/var/www/html/my-blackoptic/writable/debugbar/debugbar_1660721688.json): Operation not permitted
#0 [internal function]: CodeIgniter\Debug\Exceptions->errorHandler()
#1 /var/www/html/my-blackoptic/vendor/codeigniter4/framework/system/Debug/Toolbar/Collectors/History.php(78): unlink()
#2 /var/www/html/my-blackoptic/vendor/codeigniter4/framework/system/Debug/Toolbar.php(480): CodeIgniter\Debug\Toolbar\Collectors\History->setFiles()
#3 /var/www/html/my-blackoptic/vendor/codeigniter4/framework/system/Debug/Toolbar.php(452): CodeIgniter\Debug\Toolbar->format()
#4 /var/www/html/my-blackoptic/app/Config/Events.php(52): CodeIgniter\Debug\Toolbar->respond()
#5 [internal function]: CodeIgniter\Events\Events::Config\{closure}()
#6 /var/www/html/my-blackoptic/vendor/codeigniter4/framework/system/Events/Events.php(166): call_user_func()
#7 /var/www/html/my-blackoptic/vendor/codeigniter4/framework/system/CodeIgniter.php(319): CodeIgniter\Events\Events::trigger()
#8 /var/www/html/my-blackoptic/public/index.php(37): CodeIgniter\CodeIgniter->run()
#9 {main}
CRITICAL - 2022-11-07 20:27:53 --> unlink(/var/www/html/my-blackoptic/writable/debugbar/debugbar_1660721688.json): Operation not permitted
#0 [internal function]: CodeIgniter\Debug\Exceptions->errorHandler()
#1 /var/www/html/my-blackoptic/vendor/codeigniter4/framework/system/Debug/Toolbar/Collectors/History.php(78): unlink()
#2 /var/www/html/my-blackoptic/vendor/codeigniter4/framework/system/Debug/Toolbar.php(480): CodeIgniter\Debug\Toolbar\Collectors\History->setFiles()
#3 /var/www/html/my-blackoptic/vendor/codeigniter4/framework/system/Debug/Toolbar.php(452): CodeIgniter\Debug\Toolbar->format()
#4 /var/www/html/my-blackoptic/app/Config/Events.php(52): CodeIgniter\Debug\Toolbar->respond()
#5 [internal function]: CodeIgniter\Events\Events::Config\{closure}()
#6 /var/www/html/my-blackoptic/vendor/codeigniter4/framework/system/Events/Events.php(166): call_user_func()
#7 /var/www/html/my-blackoptic/vendor/codeigniter4/framework/system/CodeIgniter.php(319): CodeIgniter\Events\Events::trigger()
#8 /var/www/html/my-blackoptic/public/index.php(37): CodeIgniter\CodeIgniter->run()
#9 {main}
CRITICAL - 2022-11-07 20:27:55 --> unlink(/var/www/html/my-blackoptic/writable/debugbar/debugbar_1660721688.json): Operation not permitted
#0 [internal function]: CodeIgniter\Debug\Exceptions->errorHandler()
#1 /var/www/html/my-blackoptic/vendor/codeigniter4/framework/system/Debug/Toolbar/Collectors/History.php(78): unlink()
#2 /var/www/html/my-blackoptic/vendor/codeigniter4/framework/system/Debug/Toolbar.php(480): CodeIgniter\Debug\Toolbar\Collectors\History->setFiles()
#3 /var/www/html/my-blackoptic/vendor/codeigniter4/framework/system/Debug/Toolbar.php(452): CodeIgniter\Debug\Toolbar->format()
#4 /var/www/html/my-blackoptic/app/Config/Events.php(52): CodeIgniter\Debug\Toolbar->respond()
#5 [internal function]: CodeIgniter\Events\Events::Config\{closure}()
#6 /var/www/html/my-blackoptic/vendor/codeigniter4/framework/system/Events/Events.php(166): call_user_func()
#7 /var/www/html/my-blackoptic/vendor/codeigniter4/framework/system/CodeIgniter.php(319): CodeIgniter\Events\Events::trigger()
#8 /var/www/html/my-blackoptic/public/index.php(37): CodeIgniter\CodeIgniter->run()
#9 {main}
CRITICAL - 2022-11-07 20:27:57 --> unlink(/var/www/html/my-blackoptic/writable/debugbar/debugbar_1660721688.json): Operation not permitted
#0 [internal function]: CodeIgniter\Debug\Exceptions->errorHandler()
#1 /var/www/html/my-blackoptic/vendor/codeigniter4/framework/system/Debug/Toolbar/Collectors/History.php(78): unlink()
#2 /var/www/html/my-blackoptic/vendor/codeigniter4/framework/system/Debug/Toolbar.php(480): CodeIgniter\Debug\Toolbar\Collectors\History->setFiles()
#3 /var/www/html/my-blackoptic/vendor/codeigniter4/framework/system/Debug/Toolbar.php(452): CodeIgniter\Debug\Toolbar->format()
#4 /var/www/html/my-blackoptic/app/Config/Events.php(52): CodeIgniter\Debug\Toolbar->respond()
#5 [internal function]: CodeIgniter\Events\Events::Config\{closure}()
#6 /var/www/html/my-blackoptic/vendor/codeigniter4/framework/system/Events/Events.php(166): call_user_func()
#7 /var/www/html/my-blackoptic/vendor/codeigniter4/framework/system/CodeIgniter.php(319): CodeIgniter\Events\Events::trigger()
#8 /var/www/html/my-blackoptic/public/index.php(37): CodeIgniter\CodeIgniter->run()
#9 {main}
CRITICAL - 2022-11-07 20:28:05 --> unlink(/var/www/html/my-blackoptic/writable/debugbar/debugbar_1660721688.json): Operation not permitted
#0 [internal function]: CodeIgniter\Debug\Exceptions->errorHandler()
#1 /var/www/html/my-blackoptic/vendor/codeigniter4/framework/system/Debug/Toolbar/Collectors/History.php(78): unlink()
#2 /var/www/html/my-blackoptic/vendor/codeigniter4/framework/system/Debug/Toolbar.php(480): CodeIgniter\Debug\Toolbar\Collectors\History->setFiles()
#3 /var/www/html/my-blackoptic/vendor/codeigniter4/framework/system/Debug/Toolbar.php(452): CodeIgniter\Debug\Toolbar->format()
#4 /var/www/html/my-blackoptic/app/Config/Events.php(52): CodeIgniter\Debug\Toolbar->respond()
#5 [internal function]: CodeIgniter\Events\Events::Config\{closure}()
#6 /var/www/html/my-blackoptic/vendor/codeigniter4/framework/system/Events/Events.php(166): call_user_func()
#7 /var/www/html/my-blackoptic/vendor/codeigniter4/framework/system/CodeIgniter.php(319): CodeIgniter\Events\Events::trigger()
#8 /var/www/html/my-blackoptic/public/index.php(37): CodeIgniter\CodeIgniter->run()
#9 {main}
CRITICAL - 2022-11-07 20:28:12 --> unlink(/var/www/html/my-blackoptic/writable/debugbar/debugbar_1660721688.json): Operation not permitted
#0 [internal function]: CodeIgniter\Debug\Exceptions->errorHandler()
#1 /var/www/html/my-blackoptic/vendor/codeigniter4/framework/system/Debug/Toolbar/Collectors/History.php(78): unlink()
#2 /var/www/html/my-blackoptic/vendor/codeigniter4/framework/system/Debug/Toolbar.php(480): CodeIgniter\Debug\Toolbar\Collectors\History->setFiles()
#3 /var/www/html/my-blackoptic/vendor/codeigniter4/framework/system/Debug/Toolbar.php(452): CodeIgniter\Debug\Toolbar->format()
#4 /var/www/html/my-blackoptic/app/Config/Events.php(52): CodeIgniter\Debug\Toolbar->respond()
#5 [internal function]: CodeIgniter\Events\Events::Config\{closure}()
#6 /var/www/html/my-blackoptic/vendor/codeigniter4/framework/system/Events/Events.php(166): call_user_func()
#7 /var/www/html/my-blackoptic/vendor/codeigniter4/framework/system/CodeIgniter.php(319): CodeIgniter\Events\Events::trigger()
#8 /var/www/html/my-blackoptic/public/index.php(37): CodeIgniter\CodeIgniter->run()
#9 {main}
CRITICAL - 2022-11-07 20:28:15 --> unlink(/var/www/html/my-blackoptic/writable/debugbar/debugbar_1660721688.json): Operation not permitted
#0 [internal function]: CodeIgniter\Debug\Exceptions->errorHandler()
#1 /var/www/html/my-blackoptic/vendor/codeigniter4/framework/system/Debug/Toolbar/Collectors/History.php(78): unlink()
#2 /var/www/html/my-blackoptic/vendor/codeigniter4/framework/system/Debug/Toolbar.php(480): CodeIgniter\Debug\Toolbar\Collectors\History->setFiles()
#3 /var/www/html/my-blackoptic/vendor/codeigniter4/framework/system/Debug/Toolbar.php(452): CodeIgniter\Debug\Toolbar->format()
#4 /var/www/html/my-blackoptic/app/Config/Events.php(52): CodeIgniter\Debug\Toolbar->respond()
#5 [internal function]: CodeIgniter\Events\Events::Config\{closure}()
#6 /var/www/html/my-blackoptic/vendor/codeigniter4/framework/system/Events/Events.php(166): call_user_func()
#7 /var/www/html/my-blackoptic/vendor/codeigniter4/framework/system/CodeIgniter.php(319): CodeIgniter\Events\Events::trigger()
#8 /var/www/html/my-blackoptic/public/index.php(37): CodeIgniter\CodeIgniter->run()
#9 {main}
CRITICAL - 2022-11-07 20:28:19 --> unlink(/var/www/html/my-blackoptic/writable/debugbar/debugbar_1660721688.json): Operation not permitted
#0 [internal function]: CodeIgniter\Debug\Exceptions->errorHandler()
#1 /var/www/html/my-blackoptic/vendor/codeigniter4/framework/system/Debug/Toolbar/Collectors/History.php(78): unlink()
#2 /var/www/html/my-blackoptic/vendor/codeigniter4/framework/system/Debug/Toolbar.php(480): CodeIgniter\Debug\Toolbar\Collectors\History->setFiles()
#3 /var/www/html/my-blackoptic/vendor/codeigniter4/framework/system/Debug/Toolbar.php(452): CodeIgniter\Debug\Toolbar->format()
#4 /var/www/html/my-blackoptic/app/Config/Events.php(52): CodeIgniter\Debug\Toolbar->respond()
#5 [internal function]: CodeIgniter\Events\Events::Config\{closure}()
#6 /var/www/html/my-blackoptic/vendor/codeigniter4/framework/system/Events/Events.php(166): call_user_func()
#7 /var/www/html/my-blackoptic/vendor/codeigniter4/framework/system/CodeIgniter.php(319): CodeIgniter\Events\Events::trigger()
#8 /var/www/html/my-blackoptic/public/index.php(37): CodeIgniter\CodeIgniter->run()
#9 {main}
CRITICAL - 2022-11-07 20:29:07 --> unlink(/var/www/html/my-blackoptic/writable/debugbar/debugbar_1660721688.json): Operation not permitted
#0 [internal function]: CodeIgniter\Debug\Exceptions->errorHandler()
#1 /var/www/html/my-blackoptic/vendor/codeigniter4/framework/system/Debug/Toolbar/Collectors/History.php(78): unlink()
#2 /var/www/html/my-blackoptic/vendor/codeigniter4/framework/system/Debug/Toolbar.php(480): CodeIgniter\Debug\Toolbar\Collectors\History->setFiles()
#3 /var/www/html/my-blackoptic/vendor/codeigniter4/framework/system/Debug/Toolbar.php(452): CodeIgniter\Debug\Toolbar->format()
#4 /var/www/html/my-blackoptic/app/Config/Events.php(52): CodeIgniter\Debug\Toolbar->respond()
#5 [internal function]: CodeIgniter\Events\Events::Config\{closure}()
#6 /var/www/html/my-blackoptic/vendor/codeigniter4/framework/system/Events/Events.php(166): call_user_func()
#7 /var/www/html/my-blackoptic/vendor/codeigniter4/framework/system/CodeIgniter.php(319): CodeIgniter\Events\Events::trigger()
#8 /var/www/html/my-blackoptic/public/index.php(37): CodeIgniter\CodeIgniter->run()
#9 {main}
