ERROR - 2022-10-02 00:10:27 --> Error connecting to the database: No route to host
CRITICAL - 2022-10-02 00:10:27 --> Unable to connect to the database.
Main connection [MySQLi]: No route to host
#0 /var/www/html/my-blackoptic/vendor/codeigniter4/framework/system/Database/BaseConnection.php(625): CodeIgniter\Database\BaseConnection->initialize()
#1 /var/www/html/my-blackoptic/vendor/codeigniter4/framework/system/Database/BaseBuilder.php(1881): CodeIgniter\Database\BaseConnection->query()
#2 /var/www/html/my-blackoptic/app/Filters/MaintenanceFilter.php(17): CodeIgniter\Database\BaseBuilder->get()
#3 /var/www/html/my-blackoptic/vendor/codeigniter4/framework/system/Filters/Filters.php(181): App\Filters\MaintenanceFilter->before()
#4 /var/www/html/my-blackoptic/vendor/codeigniter4/framework/system/CodeIgniter.php(410): CodeIgniter\Filters\Filters->run()
#5 /var/www/html/my-blackoptic/vendor/codeigniter4/framework/system/CodeIgniter.php(339): CodeIgniter\CodeIgniter->handleRequest()
#6 /var/www/html/my-blackoptic/public/index.php(37): CodeIgniter\CodeIgniter->run()
#7 {main}
ERROR - 2022-10-02 00:17:44 --> Error connecting to the database: No route to host
CRITICAL - 2022-10-02 00:17:44 --> Unable to connect to the database.
Main connection [MySQLi]: No route to host
#0 /var/www/html/my-blackoptic/vendor/codeigniter4/framework/system/Database/BaseConnection.php(625): CodeIgniter\Database\BaseConnection->initialize()
#1 /var/www/html/my-blackoptic/vendor/codeigniter4/framework/system/Database/BaseBuilder.php(1881): CodeIgniter\Database\BaseConnection->query()
#2 /var/www/html/my-blackoptic/app/Filters/MaintenanceFilter.php(17): CodeIgniter\Database\BaseBuilder->get()
#3 /var/www/html/my-blackoptic/vendor/codeigniter4/framework/system/Filters/Filters.php(181): App\Filters\MaintenanceFilter->before()
#4 /var/www/html/my-blackoptic/vendor/codeigniter4/framework/system/CodeIgniter.php(410): CodeIgniter\Filters\Filters->run()
#5 /var/www/html/my-blackoptic/vendor/codeigniter4/framework/system/CodeIgniter.php(339): CodeIgniter\CodeIgniter->handleRequest()
#6 /var/www/html/my-blackoptic/public/index.php(37): CodeIgniter\CodeIgniter->run()
#7 {main}
ERROR - 2022-10-02 00:39:17 --> Error connecting to the database: No route to host
CRITICAL - 2022-10-02 00:39:17 --> Unable to connect to the database.
Main connection [MySQLi]: No route to host
#0 /var/www/html/my-blackoptic/vendor/codeigniter4/framework/system/Database/BaseConnection.php(625): CodeIgniter\Database\BaseConnection->initialize()
#1 /var/www/html/my-blackoptic/vendor/codeigniter4/framework/system/Database/BaseBuilder.php(1881): CodeIgniter\Database\BaseConnection->query()
#2 /var/www/html/my-blackoptic/app/Filters/MaintenanceFilter.php(17): CodeIgniter\Database\BaseBuilder->get()
#3 /var/www/html/my-blackoptic/vendor/codeigniter4/framework/system/Filters/Filters.php(181): App\Filters\MaintenanceFilter->before()
#4 /var/www/html/my-blackoptic/vendor/codeigniter4/framework/system/CodeIgniter.php(410): CodeIgniter\Filters\Filters->run()
#5 /var/www/html/my-blackoptic/vendor/codeigniter4/framework/system/CodeIgniter.php(339): CodeIgniter\CodeIgniter->handleRequest()
#6 /var/www/html/my-blackoptic/public/index.php(37): CodeIgniter\CodeIgniter->run()
#7 {main}
ERROR - 2022-10-02 01:39:18 --> Error connecting to the database: No route to host
CRITICAL - 2022-10-02 01:39:18 --> Unable to connect to the database.
Main connection [MySQLi]: No route to host
#0 /var/www/html/my-blackoptic/vendor/codeigniter4/framework/system/Database/BaseConnection.php(625): CodeIgniter\Database\BaseConnection->initialize()
#1 /var/www/html/my-blackoptic/vendor/codeigniter4/framework/system/Database/BaseBuilder.php(1881): CodeIgniter\Database\BaseConnection->query()
#2 /var/www/html/my-blackoptic/app/Filters/MaintenanceFilter.php(17): CodeIgniter\Database\BaseBuilder->get()
#3 /var/www/html/my-blackoptic/vendor/codeigniter4/framework/system/Filters/Filters.php(181): App\Filters\MaintenanceFilter->before()
#4 /var/www/html/my-blackoptic/vendor/codeigniter4/framework/system/CodeIgniter.php(410): CodeIgniter\Filters\Filters->run()
#5 /var/www/html/my-blackoptic/vendor/codeigniter4/framework/system/CodeIgniter.php(339): CodeIgniter\CodeIgniter->handleRequest()
#6 /var/www/html/my-blackoptic/public/index.php(37): CodeIgniter\CodeIgniter->run()
#7 {main}
ERROR - 2022-10-02 02:09:28 --> Error connecting to the database: No route to host
CRITICAL - 2022-10-02 02:09:28 --> Unable to connect to the database.
Main connection [MySQLi]: No route to host
#0 /var/www/html/my-blackoptic/vendor/codeigniter4/framework/system/Database/BaseConnection.php(625): CodeIgniter\Database\BaseConnection->initialize()
#1 /var/www/html/my-blackoptic/vendor/codeigniter4/framework/system/Database/BaseBuilder.php(1881): CodeIgniter\Database\BaseConnection->query()
#2 /var/www/html/my-blackoptic/app/Filters/MaintenanceFilter.php(17): CodeIgniter\Database\BaseBuilder->get()
#3 /var/www/html/my-blackoptic/vendor/codeigniter4/framework/system/Filters/Filters.php(181): App\Filters\MaintenanceFilter->before()
#4 /var/www/html/my-blackoptic/vendor/codeigniter4/framework/system/CodeIgniter.php(410): CodeIgniter\Filters\Filters->run()
#5 /var/www/html/my-blackoptic/vendor/codeigniter4/framework/system/CodeIgniter.php(339): CodeIgniter\CodeIgniter->handleRequest()
#6 /var/www/html/my-blackoptic/public/index.php(37): CodeIgniter\CodeIgniter->run()
#7 {main}
ERROR - 2022-10-02 10:01:51 --> Error connecting to the database: No route to host
CRITICAL - 2022-10-02 10:01:51 --> Unable to connect to the database.
Main connection [MySQLi]: No route to host
#0 /var/www/html/my-blackoptic/vendor/codeigniter4/framework/system/Database/BaseConnection.php(625): CodeIgniter\Database\BaseConnection->initialize()
#1 /var/www/html/my-blackoptic/vendor/codeigniter4/framework/system/Database/BaseBuilder.php(1881): CodeIgniter\Database\BaseConnection->query()
#2 /var/www/html/my-blackoptic/app/Filters/MaintenanceFilter.php(17): CodeIgniter\Database\BaseBuilder->get()
#3 /var/www/html/my-blackoptic/vendor/codeigniter4/framework/system/Filters/Filters.php(181): App\Filters\MaintenanceFilter->before()
#4 /var/www/html/my-blackoptic/vendor/codeigniter4/framework/system/CodeIgniter.php(410): CodeIgniter\Filters\Filters->run()
#5 /var/www/html/my-blackoptic/vendor/codeigniter4/framework/system/CodeIgniter.php(339): CodeIgniter\CodeIgniter->handleRequest()
#6 /var/www/html/my-blackoptic/public/index.php(37): CodeIgniter\CodeIgniter->run()
#7 {main}
ERROR - 2022-10-02 10:06:46 --> Error connecting to the database: No route to host
CRITICAL - 2022-10-02 10:06:46 --> Unable to connect to the database.
Main connection [MySQLi]: No route to host
#0 /var/www/html/my-blackoptic/vendor/codeigniter4/framework/system/Database/BaseConnection.php(625): CodeIgniter\Database\BaseConnection->initialize()
#1 /var/www/html/my-blackoptic/vendor/codeigniter4/framework/system/Database/BaseBuilder.php(1881): CodeIgniter\Database\BaseConnection->query()
#2 /var/www/html/my-blackoptic/app/Filters/MaintenanceFilter.php(17): CodeIgniter\Database\BaseBuilder->get()
#3 /var/www/html/my-blackoptic/vendor/codeigniter4/framework/system/Filters/Filters.php(181): App\Filters\MaintenanceFilter->before()
#4 /var/www/html/my-blackoptic/vendor/codeigniter4/framework/system/CodeIgniter.php(410): CodeIgniter\Filters\Filters->run()
#5 /var/www/html/my-blackoptic/vendor/codeigniter4/framework/system/CodeIgniter.php(339): CodeIgniter\CodeIgniter->handleRequest()
#6 /var/www/html/my-blackoptic/public/index.php(37): CodeIgniter\CodeIgniter->run()
#7 {main}
ERROR - 2022-10-02 10:10:28 --> Error connecting to the database: No route to host
CRITICAL - 2022-10-02 10:10:28 --> Unable to connect to the database.
Main connection [MySQLi]: No route to host
#0 /var/www/html/my-blackoptic/vendor/codeigniter4/framework/system/Database/BaseConnection.php(625): CodeIgniter\Database\BaseConnection->initialize()
#1 /var/www/html/my-blackoptic/vendor/codeigniter4/framework/system/Database/BaseBuilder.php(1881): CodeIgniter\Database\BaseConnection->query()
#2 /var/www/html/my-blackoptic/app/Filters/MaintenanceFilter.php(17): CodeIgniter\Database\BaseBuilder->get()
#3 /var/www/html/my-blackoptic/vendor/codeigniter4/framework/system/Filters/Filters.php(181): App\Filters\MaintenanceFilter->before()
#4 /var/www/html/my-blackoptic/vendor/codeigniter4/framework/system/CodeIgniter.php(410): CodeIgniter\Filters\Filters->run()
#5 /var/www/html/my-blackoptic/vendor/codeigniter4/framework/system/CodeIgniter.php(339): CodeIgniter\CodeIgniter->handleRequest()
#6 /var/www/html/my-blackoptic/public/index.php(37): CodeIgniter\CodeIgniter->run()
#7 {main}
ERROR - 2022-10-02 11:09:28 --> Error connecting to the database: No route to host
CRITICAL - 2022-10-02 11:09:28 --> Unable to connect to the database.
Main connection [MySQLi]: No route to host
#0 /var/www/html/my-blackoptic/vendor/codeigniter4/framework/system/Database/BaseConnection.php(625): CodeIgniter\Database\BaseConnection->initialize()
#1 /var/www/html/my-blackoptic/vendor/codeigniter4/framework/system/Database/BaseBuilder.php(1881): CodeIgniter\Database\BaseConnection->query()
#2 /var/www/html/my-blackoptic/app/Filters/MaintenanceFilter.php(17): CodeIgniter\Database\BaseBuilder->get()
#3 /var/www/html/my-blackoptic/vendor/codeigniter4/framework/system/Filters/Filters.php(181): App\Filters\MaintenanceFilter->before()
#4 /var/www/html/my-blackoptic/vendor/codeigniter4/framework/system/CodeIgniter.php(410): CodeIgniter\Filters\Filters->run()
#5 /var/www/html/my-blackoptic/vendor/codeigniter4/framework/system/CodeIgniter.php(339): CodeIgniter\CodeIgniter->handleRequest()
#6 /var/www/html/my-blackoptic/public/index.php(37): CodeIgniter\CodeIgniter->run()
#7 {main}
ERROR - 2022-10-02 11:10:42 --> Error connecting to the database: No route to host
CRITICAL - 2022-10-02 11:10:42 --> Unable to connect to the database.
Main connection [MySQLi]: No route to host
#0 /var/www/html/my-blackoptic/vendor/codeigniter4/framework/system/Database/BaseConnection.php(625): CodeIgniter\Database\BaseConnection->initialize()
#1 /var/www/html/my-blackoptic/vendor/codeigniter4/framework/system/Database/BaseBuilder.php(1881): CodeIgniter\Database\BaseConnection->query()
#2 /var/www/html/my-blackoptic/app/Filters/MaintenanceFilter.php(17): CodeIgniter\Database\BaseBuilder->get()
#3 /var/www/html/my-blackoptic/vendor/codeigniter4/framework/system/Filters/Filters.php(181): App\Filters\MaintenanceFilter->before()
#4 /var/www/html/my-blackoptic/vendor/codeigniter4/framework/system/CodeIgniter.php(410): CodeIgniter\Filters\Filters->run()
#5 /var/www/html/my-blackoptic/vendor/codeigniter4/framework/system/CodeIgniter.php(339): CodeIgniter\CodeIgniter->handleRequest()
#6 /var/www/html/my-blackoptic/public/index.php(37): CodeIgniter\CodeIgniter->run()
#7 {main}
ERROR - 2022-10-02 15:11:02 --> Error connecting to the database: No route to host
CRITICAL - 2022-10-02 15:11:02 --> Unable to connect to the database.
Main connection [MySQLi]: No route to host
#0 /var/www/html/my-blackoptic/vendor/codeigniter4/framework/system/Database/BaseConnection.php(625): CodeIgniter\Database\BaseConnection->initialize()
#1 /var/www/html/my-blackoptic/vendor/codeigniter4/framework/system/Database/BaseBuilder.php(1881): CodeIgniter\Database\BaseConnection->query()
#2 /var/www/html/my-blackoptic/app/Filters/MaintenanceFilter.php(17): CodeIgniter\Database\BaseBuilder->get()
#3 /var/www/html/my-blackoptic/vendor/codeigniter4/framework/system/Filters/Filters.php(181): App\Filters\MaintenanceFilter->before()
#4 /var/www/html/my-blackoptic/vendor/codeigniter4/framework/system/CodeIgniter.php(410): CodeIgniter\Filters\Filters->run()
#5 /var/www/html/my-blackoptic/vendor/codeigniter4/framework/system/CodeIgniter.php(339): CodeIgniter\CodeIgniter->handleRequest()
#6 /var/www/html/my-blackoptic/public/index.php(37): CodeIgniter\CodeIgniter->run()
#7 {main}
