CRITICAL - 2023-04-07 00:10:21 --> Undefined variable: totalTime
#0 /www/wwwroot/talha_logon/bo_old/vendor/codeigniter4/framework/system/Debug/Toolbar/Views/toolbar.tpl.php(41): CodeIgniter\Debug\Exceptions->errorHandler()
#1 /www/wwwroot/talha_logon/bo_old/vendor/codeigniter4/framework/system/Debug/Toolbar.php(495): include('/www/wwwroot/ta...')
#2 /www/wwwroot/talha_logon/bo_old/vendor/codeigniter4/framework/system/Debug/Toolbar.php(452): CodeIgniter\Debug\Toolbar->format()
#3 /www/wwwroot/talha_logon/bo_old/app/Config/Events.php(52): CodeIgniter\Debug\Toolbar->respond()
#4 [internal function]: CodeIgniter\Events\Events::Config\{closure}()
#5 /www/wwwroot/talha_logon/bo_old/vendor/codeigniter4/framework/system/Events/Events.php(166): call_user_func()
#6 /www/wwwroot/talha_logon/bo_old/vendor/codeigniter4/framework/system/CodeIgniter.php(319): CodeIgniter\Events\Events::trigger()
#7 /www/wwwroot/talha_logon/bo_old/public/index.php(37): CodeIgniter\CodeIgniter->run()
#8 {main}
CRITICAL - 2023-04-07 00:12:28 --> Undefined variable: totalTime
#0 /www/wwwroot/talha_logon/bo_old/vendor/codeigniter4/framework/system/Debug/Toolbar/Views/toolbar.tpl.php(41): CodeIgniter\Debug\Exceptions->errorHandler()
#1 /www/wwwroot/talha_logon/bo_old/vendor/codeigniter4/framework/system/Debug/Toolbar.php(495): include('/www/wwwroot/ta...')
#2 /www/wwwroot/talha_logon/bo_old/vendor/codeigniter4/framework/system/Debug/Toolbar.php(452): CodeIgniter\Debug\Toolbar->format()
#3 /www/wwwroot/talha_logon/bo_old/app/Config/Events.php(52): CodeIgniter\Debug\Toolbar->respond()
#4 [internal function]: CodeIgniter\Events\Events::Config\{closure}()
#5 /www/wwwroot/talha_logon/bo_old/vendor/codeigniter4/framework/system/Events/Events.php(166): call_user_func()
#6 /www/wwwroot/talha_logon/bo_old/vendor/codeigniter4/framework/system/CodeIgniter.php(319): CodeIgniter\Events\Events::trigger()
#7 /www/wwwroot/talha_logon/bo_old/public/index.php(37): CodeIgniter\CodeIgniter->run()
#8 {main}
