ERROR - 2023-03-28 16:11:35 --> Cannot delete or update a parent row: a foreign key constraint fails (`blackoptic_test`.`users_misc_equipment`, CONSTRAINT `users_misc_equipment_ibfk_1` FOREIGN KEY (`equip_id`) REFERENCES `miscellaneous_equipment` (`id`))
CRITICAL - 2023-03-28 16:11:35 --> Cannot delete or update a parent row: a foreign key constraint fails (`blackoptic_test`.`users_misc_equipment`, CONSTRAINT `users_misc_equipment_ibfk_1` FOREIGN KEY (`equip_id`) REFERENCES `miscellaneous_equipment` (`id`))
#0 /www/wwwroot/talha_logon/bo_old/vendor/codeigniter4/framework/system/Database/MySQLi/Connection.php(329): mysqli->query()
#1 /www/wwwroot/talha_logon/bo_old/vendor/codeigniter4/framework/system/Database/BaseConnection.php(732): CodeIgniter\Database\MySQLi\Connection->execute()
#2 /www/wwwroot/talha_logon/bo_old/vendor/codeigniter4/framework/system/Database/BaseConnection.php(647): CodeIgniter\Database\BaseConnection->simpleQuery()
#3 /www/wwwroot/talha_logon/bo_old/vendor/codeigniter4/framework/system/Database/BaseBuilder.php(2881): CodeIgniter\Database\BaseConnection->query()
#4 /www/wwwroot/talha_logon/bo_old/app/Controllers/General.php(248): CodeIgniter\Database\BaseBuilder->delete()
#5 /www/wwwroot/talha_logon/bo_old/vendor/codeigniter4/framework/system/CodeIgniter.php(931): App\Controllers\General->delet_misc_equipment()
#6 /www/wwwroot/talha_logon/bo_old/vendor/codeigniter4/framework/system/CodeIgniter.php(439): CodeIgniter\CodeIgniter->runController()
#7 /www/wwwroot/talha_logon/bo_old/vendor/codeigniter4/framework/system/CodeIgniter.php(339): CodeIgniter\CodeIgniter->handleRequest()
#8 /www/wwwroot/talha_logon/bo_old/public/index.php(37): CodeIgniter\CodeIgniter->run()
#9 {main}
CRITICAL - 2023-03-28 16:35:54 --> Invalid argument supplied for foreach()
#0 /www/wwwroot/talha_logon/bo_old/app/Models/Model_Notification.php(165): CodeIgniter\Debug\Exceptions->errorHandler()
#1 /www/wwwroot/talha_logon/bo_old/app/Controllers/General.php(188): App\Models\Model_Notification->set_notification()
#2 /www/wwwroot/talha_logon/bo_old/vendor/codeigniter4/framework/system/CodeIgniter.php(931): App\Controllers\General->assign_action()
#3 /www/wwwroot/talha_logon/bo_old/vendor/codeigniter4/framework/system/CodeIgniter.php(439): CodeIgniter\CodeIgniter->runController()
#4 /www/wwwroot/talha_logon/bo_old/vendor/codeigniter4/framework/system/CodeIgniter.php(339): CodeIgniter\CodeIgniter->handleRequest()
#5 /www/wwwroot/talha_logon/bo_old/public/index.php(37): CodeIgniter\CodeIgniter->run()
#6 {main}
CRITICAL - 2023-03-28 16:36:01 --> Invalid argument supplied for foreach()
#0 /www/wwwroot/talha_logon/bo_old/app/Models/Model_Notification.php(165): CodeIgniter\Debug\Exceptions->errorHandler()
#1 /www/wwwroot/talha_logon/bo_old/app/Controllers/General.php(188): App\Models\Model_Notification->set_notification()
#2 /www/wwwroot/talha_logon/bo_old/vendor/codeigniter4/framework/system/CodeIgniter.php(931): App\Controllers\General->assign_action()
#3 /www/wwwroot/talha_logon/bo_old/vendor/codeigniter4/framework/system/CodeIgniter.php(439): CodeIgniter\CodeIgniter->runController()
#4 /www/wwwroot/talha_logon/bo_old/vendor/codeigniter4/framework/system/CodeIgniter.php(339): CodeIgniter\CodeIgniter->handleRequest()
#5 /www/wwwroot/talha_logon/bo_old/public/index.php(37): CodeIgniter\CodeIgniter->run()
#6 {main}
CRITICAL - 2023-03-28 17:12:13 --> Call to undefined method CodeIgniter\Database\MySQLi\Result::getResults()
#0 /www/wwwroot/talha_logon/bo_old/vendor/codeigniter4/framework/system/View/View.php(230): include()
#1 /www/wwwroot/talha_logon/bo_old/vendor/codeigniter4/framework/system/View/View.php(232): CodeIgniter\View\View->CodeIgniter\View\{closure}()
#2 /www/wwwroot/talha_logon/bo_old/vendor/codeigniter4/framework/system/Common.php(1271): CodeIgniter\View\View->render()
#3 /www/wwwroot/talha_logon/bo_old/app/Controllers/General.php(307): view()
#4 /www/wwwroot/talha_logon/bo_old/vendor/codeigniter4/framework/system/CodeIgniter.php(931): App\Controllers\General->devices_n_tools()
#5 /www/wwwroot/talha_logon/bo_old/vendor/codeigniter4/framework/system/CodeIgniter.php(439): CodeIgniter\CodeIgniter->runController()
#6 /www/wwwroot/talha_logon/bo_old/vendor/codeigniter4/framework/system/CodeIgniter.php(339): CodeIgniter\CodeIgniter->handleRequest()
#7 /www/wwwroot/talha_logon/bo_old/public/index.php(37): CodeIgniter\CodeIgniter->run()
#8 {main}
CRITICAL - 2023-03-28 17:39:59 --> syntax error, unexpected ''. have been assigned to you'' (T_CONSTANT_ENCAPSED_STRING), expecting ')'
#0 /www/wwwroot/talha_logon/bo_old/vendor/codeigniter4/framework/system/Autoloader/Autoloader.php(273): CodeIgniter\Autoloader\Autoloader->includeFile()
#1 /www/wwwroot/talha_logon/bo_old/vendor/codeigniter4/framework/system/Autoloader/Autoloader.php(247): CodeIgniter\Autoloader\Autoloader->loadInNamespace()
#2 [internal function]: CodeIgniter\Autoloader\Autoloader->loadClass()
#3 [internal function]: spl_autoload_call()
#4 /www/wwwroot/talha_logon/bo_old/vendor/codeigniter4/framework/system/CodeIgniter.php(888): class_exists()
#5 /www/wwwroot/talha_logon/bo_old/vendor/codeigniter4/framework/system/CodeIgniter.php(424): CodeIgniter\CodeIgniter->startController()
#6 /www/wwwroot/talha_logon/bo_old/vendor/codeigniter4/framework/system/CodeIgniter.php(339): CodeIgniter\CodeIgniter->handleRequest()
#7 /www/wwwroot/talha_logon/bo_old/public/index.php(37): CodeIgniter\CodeIgniter->run()
#8 {main}
CRITICAL - 2023-03-28 18:36:45 --> Trying to get property 'id' of non-object
#0 /www/wwwroot/talha_logon/bo_old/app/Views/cpanel/team.php(46): CodeIgniter\Debug\Exceptions->errorHandler()
#1 /www/wwwroot/talha_logon/bo_old/vendor/codeigniter4/framework/system/View/View.php(230): include('/www/wwwroot/ta...')
#2 /www/wwwroot/talha_logon/bo_old/vendor/codeigniter4/framework/system/View/View.php(232): CodeIgniter\View\View->CodeIgniter\View\{closure}()
#3 /www/wwwroot/talha_logon/bo_old/vendor/codeigniter4/framework/system/Common.php(1271): CodeIgniter\View\View->render()
#4 /www/wwwroot/talha_logon/bo_old/app/Controllers/Team.php(25): view()
#5 /www/wwwroot/talha_logon/bo_old/vendor/codeigniter4/framework/system/CodeIgniter.php(931): App\Controllers\Team->index()
#6 /www/wwwroot/talha_logon/bo_old/vendor/codeigniter4/framework/system/CodeIgniter.php(439): CodeIgniter\CodeIgniter->runController()
#7 /www/wwwroot/talha_logon/bo_old/vendor/codeigniter4/framework/system/CodeIgniter.php(339): CodeIgniter\CodeIgniter->handleRequest()
#8 /www/wwwroot/talha_logon/bo_old/public/index.php(37): CodeIgniter\CodeIgniter->run()
#9 {main}
CRITICAL - 2023-03-28 18:37:24 --> Trying to get property 'id' of non-object
#0 /www/wwwroot/talha_logon/bo_old/app/Views/cpanel/team.php(46): CodeIgniter\Debug\Exceptions->errorHandler()
#1 /www/wwwroot/talha_logon/bo_old/vendor/codeigniter4/framework/system/View/View.php(230): include('/www/wwwroot/ta...')
#2 /www/wwwroot/talha_logon/bo_old/vendor/codeigniter4/framework/system/View/View.php(232): CodeIgniter\View\View->CodeIgniter\View\{closure}()
#3 /www/wwwroot/talha_logon/bo_old/vendor/codeigniter4/framework/system/Common.php(1271): CodeIgniter\View\View->render()
#4 /www/wwwroot/talha_logon/bo_old/app/Controllers/Team.php(25): view()
#5 /www/wwwroot/talha_logon/bo_old/vendor/codeigniter4/framework/system/CodeIgniter.php(931): App\Controllers\Team->index()
#6 /www/wwwroot/talha_logon/bo_old/vendor/codeigniter4/framework/system/CodeIgniter.php(439): CodeIgniter\CodeIgniter->runController()
#7 /www/wwwroot/talha_logon/bo_old/vendor/codeigniter4/framework/system/CodeIgniter.php(339): CodeIgniter\CodeIgniter->handleRequest()
#8 /www/wwwroot/talha_logon/bo_old/public/index.php(37): CodeIgniter\CodeIgniter->run()
#9 {main}
CRITICAL - 2023-03-28 18:38:21 --> Trying to get property 'id' of non-object
#0 /www/wwwroot/talha_logon/bo_old/app/Views/cpanel/team.php(46): CodeIgniter\Debug\Exceptions->errorHandler()
#1 /www/wwwroot/talha_logon/bo_old/vendor/codeigniter4/framework/system/View/View.php(230): include('/www/wwwroot/ta...')
#2 /www/wwwroot/talha_logon/bo_old/vendor/codeigniter4/framework/system/View/View.php(232): CodeIgniter\View\View->CodeIgniter\View\{closure}()
#3 /www/wwwroot/talha_logon/bo_old/vendor/codeigniter4/framework/system/Common.php(1271): CodeIgniter\View\View->render()
#4 /www/wwwroot/talha_logon/bo_old/app/Controllers/Team.php(25): view()
#5 /www/wwwroot/talha_logon/bo_old/vendor/codeigniter4/framework/system/CodeIgniter.php(931): App\Controllers\Team->index()
#6 /www/wwwroot/talha_logon/bo_old/vendor/codeigniter4/framework/system/CodeIgniter.php(439): CodeIgniter\CodeIgniter->runController()
#7 /www/wwwroot/talha_logon/bo_old/vendor/codeigniter4/framework/system/CodeIgniter.php(339): CodeIgniter\CodeIgniter->handleRequest()
#8 /www/wwwroot/talha_logon/bo_old/public/index.php(37): CodeIgniter\CodeIgniter->run()
#9 {main}
CRITICAL - 2023-03-28 18:38:22 --> Trying to get property 'id' of non-object
#0 /www/wwwroot/talha_logon/bo_old/app/Views/cpanel/team.php(46): CodeIgniter\Debug\Exceptions->errorHandler()
#1 /www/wwwroot/talha_logon/bo_old/vendor/codeigniter4/framework/system/View/View.php(230): include('/www/wwwroot/ta...')
#2 /www/wwwroot/talha_logon/bo_old/vendor/codeigniter4/framework/system/View/View.php(232): CodeIgniter\View\View->CodeIgniter\View\{closure}()
#3 /www/wwwroot/talha_logon/bo_old/vendor/codeigniter4/framework/system/Common.php(1271): CodeIgniter\View\View->render()
#4 /www/wwwroot/talha_logon/bo_old/app/Controllers/Team.php(25): view()
#5 /www/wwwroot/talha_logon/bo_old/vendor/codeigniter4/framework/system/CodeIgniter.php(931): App\Controllers\Team->index()
#6 /www/wwwroot/talha_logon/bo_old/vendor/codeigniter4/framework/system/CodeIgniter.php(439): CodeIgniter\CodeIgniter->runController()
#7 /www/wwwroot/talha_logon/bo_old/vendor/codeigniter4/framework/system/CodeIgniter.php(339): CodeIgniter\CodeIgniter->handleRequest()
#8 /www/wwwroot/talha_logon/bo_old/public/index.php(37): CodeIgniter\CodeIgniter->run()
#9 {main}
ERROR - 2023-03-28 20:24:15 --> Cannot delete or update a parent row: a foreign key constraint fails (`blackoptic_test`.`task_misc_equipment`, CONSTRAINT `task_misc_equipment_ibfk_1` FOREIGN KEY (`equip_id`) REFERENCES `miscellaneous_equipment` (`id`))
CRITICAL - 2023-03-28 20:24:15 --> Cannot delete or update a parent row: a foreign key constraint fails (`blackoptic_test`.`task_misc_equipment`, CONSTRAINT `task_misc_equipment_ibfk_1` FOREIGN KEY (`equip_id`) REFERENCES `miscellaneous_equipment` (`id`))
#0 /www/wwwroot/talha_logon/bo_old/vendor/codeigniter4/framework/system/Database/MySQLi/Connection.php(329): mysqli->query()
#1 /www/wwwroot/talha_logon/bo_old/vendor/codeigniter4/framework/system/Database/BaseConnection.php(732): CodeIgniter\Database\MySQLi\Connection->execute()
#2 /www/wwwroot/talha_logon/bo_old/vendor/codeigniter4/framework/system/Database/BaseConnection.php(647): CodeIgniter\Database\BaseConnection->simpleQuery()
#3 /www/wwwroot/talha_logon/bo_old/vendor/codeigniter4/framework/system/Database/BaseBuilder.php(2881): CodeIgniter\Database\BaseConnection->query()
#4 /www/wwwroot/talha_logon/bo_old/app/Controllers/General.php(255): CodeIgniter\Database\BaseBuilder->delete()
#5 /www/wwwroot/talha_logon/bo_old/vendor/codeigniter4/framework/system/CodeIgniter.php(931): App\Controllers\General->delet_misc_equipment()
#6 /www/wwwroot/talha_logon/bo_old/vendor/codeigniter4/framework/system/CodeIgniter.php(439): CodeIgniter\CodeIgniter->runController()
#7 /www/wwwroot/talha_logon/bo_old/vendor/codeigniter4/framework/system/CodeIgniter.php(339): CodeIgniter\CodeIgniter->handleRequest()
#8 /www/wwwroot/talha_logon/bo_old/public/index.php(37): CodeIgniter\CodeIgniter->run()
#9 {main}
ERROR - 2023-03-28 20:24:26 --> Cannot delete or update a parent row: a foreign key constraint fails (`blackoptic_test`.`team_member`, CONSTRAINT `team_member_ibfk_2` FOREIGN KEY (`user_id`) REFERENCES `bo_users` (`id`))
CRITICAL - 2023-03-28 20:24:26 --> Cannot delete or update a parent row: a foreign key constraint fails (`blackoptic_test`.`team_member`, CONSTRAINT `team_member_ibfk_2` FOREIGN KEY (`user_id`) REFERENCES `bo_users` (`id`))
#0 /www/wwwroot/talha_logon/bo_old/vendor/codeigniter4/framework/system/Database/MySQLi/Connection.php(329): mysqli->query()
#1 /www/wwwroot/talha_logon/bo_old/vendor/codeigniter4/framework/system/Database/BaseConnection.php(732): CodeIgniter\Database\MySQLi\Connection->execute()
#2 /www/wwwroot/talha_logon/bo_old/vendor/codeigniter4/framework/system/Database/BaseConnection.php(647): CodeIgniter\Database\BaseConnection->simpleQuery()
#3 /www/wwwroot/talha_logon/bo_old/vendor/codeigniter4/framework/system/Database/BaseBuilder.php(2881): CodeIgniter\Database\BaseConnection->query()
#4 /www/wwwroot/talha_logon/bo_old/app/Controllers/User.php(411): CodeIgniter\Database\BaseBuilder->delete()
#5 /www/wwwroot/talha_logon/bo_old/vendor/codeigniter4/framework/system/CodeIgniter.php(931): App\Controllers\User->delete_user()
#6 /www/wwwroot/talha_logon/bo_old/vendor/codeigniter4/framework/system/CodeIgniter.php(439): CodeIgniter\CodeIgniter->runController()
#7 /www/wwwroot/talha_logon/bo_old/vendor/codeigniter4/framework/system/CodeIgniter.php(339): CodeIgniter\CodeIgniter->handleRequest()
#8 /www/wwwroot/talha_logon/bo_old/public/index.php(37): CodeIgniter\CodeIgniter->run()
#9 {main}
ERROR - 2023-03-28 20:37:41 --> Cannot delete or update a parent row: a foreign key constraint fails (`blackoptic_test`.`team_member`, CONSTRAINT `team_member_ibfk_1` FOREIGN KEY (`team_id`) REFERENCES `team` (`id`))
CRITICAL - 2023-03-28 20:37:41 --> Cannot delete or update a parent row: a foreign key constraint fails (`blackoptic_test`.`team_member`, CONSTRAINT `team_member_ibfk_1` FOREIGN KEY (`team_id`) REFERENCES `team` (`id`))
#0 /www/wwwroot/talha_logon/bo_old/vendor/codeigniter4/framework/system/Database/MySQLi/Connection.php(329): mysqli->query()
#1 /www/wwwroot/talha_logon/bo_old/vendor/codeigniter4/framework/system/Database/BaseConnection.php(732): CodeIgniter\Database\MySQLi\Connection->execute()
#2 /www/wwwroot/talha_logon/bo_old/vendor/codeigniter4/framework/system/Database/BaseConnection.php(647): CodeIgniter\Database\BaseConnection->simpleQuery()
#3 /www/wwwroot/talha_logon/bo_old/vendor/codeigniter4/framework/system/Database/BaseBuilder.php(2881): CodeIgniter\Database\BaseConnection->query()
#4 /www/wwwroot/talha_logon/bo_old/app/Controllers/Team.php(81): CodeIgniter\Database\BaseBuilder->delete()
#5 /www/wwwroot/talha_logon/bo_old/vendor/codeigniter4/framework/system/CodeIgniter.php(931): App\Controllers\Team->delete_team()
#6 /www/wwwroot/talha_logon/bo_old/vendor/codeigniter4/framework/system/CodeIgniter.php(439): CodeIgniter\CodeIgniter->runController()
#7 /www/wwwroot/talha_logon/bo_old/vendor/codeigniter4/framework/system/CodeIgniter.php(339): CodeIgniter\CodeIgniter->handleRequest()
#8 /www/wwwroot/talha_logon/bo_old/public/index.php(37): CodeIgniter\CodeIgniter->run()
#9 {main}
ERROR - 2023-03-28 22:58:41 --> Cannot delete or update a parent row: a foreign key constraint fails (`blackoptic_test`.`team_member`, CONSTRAINT `team_member_ibfk_1` FOREIGN KEY (`team_id`) REFERENCES `team` (`id`))
CRITICAL - 2023-03-28 22:58:41 --> Cannot delete or update a parent row: a foreign key constraint fails (`blackoptic_test`.`team_member`, CONSTRAINT `team_member_ibfk_1` FOREIGN KEY (`team_id`) REFERENCES `team` (`id`))
#0 /www/wwwroot/talha_logon/bo_old/vendor/codeigniter4/framework/system/Database/MySQLi/Connection.php(329): mysqli->query()
#1 /www/wwwroot/talha_logon/bo_old/vendor/codeigniter4/framework/system/Database/BaseConnection.php(732): CodeIgniter\Database\MySQLi\Connection->execute()
#2 /www/wwwroot/talha_logon/bo_old/vendor/codeigniter4/framework/system/Database/BaseConnection.php(647): CodeIgniter\Database\BaseConnection->simpleQuery()
#3 /www/wwwroot/talha_logon/bo_old/vendor/codeigniter4/framework/system/Database/BaseBuilder.php(2881): CodeIgniter\Database\BaseConnection->query()
#4 /www/wwwroot/talha_logon/bo_old/app/Controllers/Team.php(81): CodeIgniter\Database\BaseBuilder->delete()
#5 /www/wwwroot/talha_logon/bo_old/vendor/codeigniter4/framework/system/CodeIgniter.php(931): App\Controllers\Team->delete_team()
#6 /www/wwwroot/talha_logon/bo_old/vendor/codeigniter4/framework/system/CodeIgniter.php(439): CodeIgniter\CodeIgniter->runController()
#7 /www/wwwroot/talha_logon/bo_old/vendor/codeigniter4/framework/system/CodeIgniter.php(339): CodeIgniter\CodeIgniter->handleRequest()
#8 /www/wwwroot/talha_logon/bo_old/public/index.php(37): CodeIgniter\CodeIgniter->run()
#9 {main}
