ERROR - 2022-10-01 01:49:33 --> Error connecting to the database: No route to host
CRITICAL - 2022-10-01 01:49:33 --> Unable to connect to the database.
Main connection [MySQLi]: No route to host
#0 /var/www/html/my-blackoptic/vendor/codeigniter4/framework/system/Database/BaseConnection.php(625): CodeIgniter\Database\BaseConnection->initialize()
#1 /var/www/html/my-blackoptic/vendor/codeigniter4/framework/system/Database/BaseBuilder.php(1881): CodeIgniter\Database\BaseConnection->query()
#2 /var/www/html/my-blackoptic/app/Filters/MaintenanceFilter.php(17): CodeIgniter\Database\BaseBuilder->get()
#3 /var/www/html/my-blackoptic/vendor/codeigniter4/framework/system/Filters/Filters.php(181): App\Filters\MaintenanceFilter->before()
#4 /var/www/html/my-blackoptic/vendor/codeigniter4/framework/system/CodeIgniter.php(410): CodeIgniter\Filters\Filters->run()
#5 /var/www/html/my-blackoptic/vendor/codeigniter4/framework/system/CodeIgniter.php(339): CodeIgniter\CodeIgniter->handleRequest()
#6 /var/www/html/my-blackoptic/public/index.php(37): CodeIgniter\CodeIgniter->run()
#7 {main}
ERROR - 2022-10-01 02:12:03 --> Error connecting to the database: No route to host
CRITICAL - 2022-10-01 02:12:03 --> Unable to connect to the database.
Main connection [MySQLi]: No route to host
#0 /var/www/html/my-blackoptic/vendor/codeigniter4/framework/system/Database/BaseConnection.php(625): CodeIgniter\Database\BaseConnection->initialize()
#1 /var/www/html/my-blackoptic/vendor/codeigniter4/framework/system/Database/BaseBuilder.php(1881): CodeIgniter\Database\BaseConnection->query()
#2 /var/www/html/my-blackoptic/app/Filters/MaintenanceFilter.php(17): CodeIgniter\Database\BaseBuilder->get()
#3 /var/www/html/my-blackoptic/vendor/codeigniter4/framework/system/Filters/Filters.php(181): App\Filters\MaintenanceFilter->before()
#4 /var/www/html/my-blackoptic/vendor/codeigniter4/framework/system/CodeIgniter.php(410): CodeIgniter\Filters\Filters->run()
#5 /var/www/html/my-blackoptic/vendor/codeigniter4/framework/system/CodeIgniter.php(339): CodeIgniter\CodeIgniter->handleRequest()
#6 /var/www/html/my-blackoptic/public/index.php(37): CodeIgniter\CodeIgniter->run()
#7 {main}
ERROR - 2022-10-01 08:22:23 --> Error connecting to the database: No route to host
CRITICAL - 2022-10-01 08:22:23 --> Unable to connect to the database.
Main connection [MySQLi]: No route to host
#0 /var/www/html/my-blackoptic/vendor/codeigniter4/framework/system/Database/BaseConnection.php(625): CodeIgniter\Database\BaseConnection->initialize()
#1 /var/www/html/my-blackoptic/vendor/codeigniter4/framework/system/Database/BaseBuilder.php(1881): CodeIgniter\Database\BaseConnection->query()
#2 /var/www/html/my-blackoptic/app/Filters/MaintenanceFilter.php(17): CodeIgniter\Database\BaseBuilder->get()
#3 /var/www/html/my-blackoptic/vendor/codeigniter4/framework/system/Filters/Filters.php(181): App\Filters\MaintenanceFilter->before()
#4 /var/www/html/my-blackoptic/vendor/codeigniter4/framework/system/CodeIgniter.php(410): CodeIgniter\Filters\Filters->run()
#5 /var/www/html/my-blackoptic/vendor/codeigniter4/framework/system/CodeIgniter.php(339): CodeIgniter\CodeIgniter->handleRequest()
#6 /var/www/html/my-blackoptic/public/index.php(37): CodeIgniter\CodeIgniter->run()
#7 {main}
ERROR - 2022-10-01 13:20:08 --> Error connecting to the database: No route to host
CRITICAL - 2022-10-01 13:20:08 --> Unable to connect to the database.
Main connection [MySQLi]: No route to host
#0 /var/www/html/my-blackoptic/vendor/codeigniter4/framework/system/Database/BaseConnection.php(625): CodeIgniter\Database\BaseConnection->initialize()
#1 /var/www/html/my-blackoptic/vendor/codeigniter4/framework/system/Database/BaseBuilder.php(1881): CodeIgniter\Database\BaseConnection->query()
#2 /var/www/html/my-blackoptic/app/Filters/MaintenanceFilter.php(17): CodeIgniter\Database\BaseBuilder->get()
#3 /var/www/html/my-blackoptic/vendor/codeigniter4/framework/system/Filters/Filters.php(181): App\Filters\MaintenanceFilter->before()
#4 /var/www/html/my-blackoptic/vendor/codeigniter4/framework/system/CodeIgniter.php(410): CodeIgniter\Filters\Filters->run()
#5 /var/www/html/my-blackoptic/vendor/codeigniter4/framework/system/CodeIgniter.php(339): CodeIgniter\CodeIgniter->handleRequest()
#6 /var/www/html/my-blackoptic/public/index.php(37): CodeIgniter\CodeIgniter->run()
#7 {main}
ERROR - 2022-10-01 13:41:43 --> Error connecting to the database: No route to host
CRITICAL - 2022-10-01 13:41:43 --> Unable to connect to the database.
Main connection [MySQLi]: No route to host
#0 /var/www/html/my-blackoptic/vendor/codeigniter4/framework/system/Database/BaseConnection.php(625): CodeIgniter\Database\BaseConnection->initialize()
#1 /var/www/html/my-blackoptic/vendor/codeigniter4/framework/system/Database/BaseBuilder.php(1881): CodeIgniter\Database\BaseConnection->query()
#2 /var/www/html/my-blackoptic/app/Filters/MaintenanceFilter.php(17): CodeIgniter\Database\BaseBuilder->get()
#3 /var/www/html/my-blackoptic/vendor/codeigniter4/framework/system/Filters/Filters.php(181): App\Filters\MaintenanceFilter->before()
#4 /var/www/html/my-blackoptic/vendor/codeigniter4/framework/system/CodeIgniter.php(410): CodeIgniter\Filters\Filters->run()
#5 /var/www/html/my-blackoptic/vendor/codeigniter4/framework/system/CodeIgniter.php(339): CodeIgniter\CodeIgniter->handleRequest()
#6 /var/www/html/my-blackoptic/public/index.php(37): CodeIgniter\CodeIgniter->run()
#7 {main}
ERROR - 2022-10-01 17:08:18 --> Error connecting to the database: No route to host
CRITICAL - 2022-10-01 17:08:18 --> Unable to connect to the database.
Main connection [MySQLi]: No route to host
#0 /var/www/html/my-blackoptic/vendor/codeigniter4/framework/system/Database/BaseConnection.php(625): CodeIgniter\Database\BaseConnection->initialize()
#1 /var/www/html/my-blackoptic/vendor/codeigniter4/framework/system/Database/BaseBuilder.php(1881): CodeIgniter\Database\BaseConnection->query()
#2 /var/www/html/my-blackoptic/app/Filters/MaintenanceFilter.php(17): CodeIgniter\Database\BaseBuilder->get()
#3 /var/www/html/my-blackoptic/vendor/codeigniter4/framework/system/Filters/Filters.php(181): App\Filters\MaintenanceFilter->before()
#4 /var/www/html/my-blackoptic/vendor/codeigniter4/framework/system/CodeIgniter.php(410): CodeIgniter\Filters\Filters->run()
#5 /var/www/html/my-blackoptic/vendor/codeigniter4/framework/system/CodeIgniter.php(339): CodeIgniter\CodeIgniter->handleRequest()
#6 /var/www/html/my-blackoptic/public/index.php(37): CodeIgniter\CodeIgniter->run()
#7 {main}
ERROR - 2022-10-01 17:08:48 --> Error connecting to the database: No route to host
CRITICAL - 2022-10-01 17:08:48 --> Unable to connect to the database.
Main connection [MySQLi]: No route to host
#0 /var/www/html/my-blackoptic/vendor/codeigniter4/framework/system/Database/BaseConnection.php(625): CodeIgniter\Database\BaseConnection->initialize()
#1 /var/www/html/my-blackoptic/vendor/codeigniter4/framework/system/Database/BaseBuilder.php(1881): CodeIgniter\Database\BaseConnection->query()
#2 /var/www/html/my-blackoptic/app/Filters/MaintenanceFilter.php(17): CodeIgniter\Database\BaseBuilder->get()
#3 /var/www/html/my-blackoptic/vendor/codeigniter4/framework/system/Filters/Filters.php(181): App\Filters\MaintenanceFilter->before()
#4 /var/www/html/my-blackoptic/vendor/codeigniter4/framework/system/CodeIgniter.php(410): CodeIgniter\Filters\Filters->run()
#5 /var/www/html/my-blackoptic/vendor/codeigniter4/framework/system/CodeIgniter.php(339): CodeIgniter\CodeIgniter->handleRequest()
#6 /var/www/html/my-blackoptic/public/index.php(37): CodeIgniter\CodeIgniter->run()
#7 {main}
ERROR - 2022-10-01 17:09:00 --> Error connecting to the database: No route to host
CRITICAL - 2022-10-01 17:09:00 --> Unable to connect to the database.
Main connection [MySQLi]: No route to host
#0 /var/www/html/my-blackoptic/vendor/codeigniter4/framework/system/Database/BaseConnection.php(625): CodeIgniter\Database\BaseConnection->initialize()
#1 /var/www/html/my-blackoptic/vendor/codeigniter4/framework/system/Database/BaseBuilder.php(1881): CodeIgniter\Database\BaseConnection->query()
#2 /var/www/html/my-blackoptic/app/Filters/MaintenanceFilter.php(17): CodeIgniter\Database\BaseBuilder->get()
#3 /var/www/html/my-blackoptic/vendor/codeigniter4/framework/system/Filters/Filters.php(181): App\Filters\MaintenanceFilter->before()
#4 /var/www/html/my-blackoptic/vendor/codeigniter4/framework/system/CodeIgniter.php(410): CodeIgniter\Filters\Filters->run()
#5 /var/www/html/my-blackoptic/vendor/codeigniter4/framework/system/CodeIgniter.php(339): CodeIgniter\CodeIgniter->handleRequest()
#6 /var/www/html/my-blackoptic/public/index.php(37): CodeIgniter\CodeIgniter->run()
#7 {main}
