CRITICAL - 2022-11-02 00:04:24 --> unlink(/var/www/html/my-blackoptic/writable/debugbar/debugbar_1660721688.json): Operation not permitted
#0 [internal function]: CodeIgniter\Debug\Exceptions->errorHandler()
#1 /var/www/html/my-blackoptic/vendor/codeigniter4/framework/system/Debug/Toolbar/Collectors/History.php(78): unlink()
#2 /var/www/html/my-blackoptic/vendor/codeigniter4/framework/system/Debug/Toolbar.php(480): CodeIgniter\Debug\Toolbar\Collectors\History->setFiles()
#3 /var/www/html/my-blackoptic/vendor/codeigniter4/framework/system/Debug/Toolbar.php(452): CodeIgniter\Debug\Toolbar->format()
#4 /var/www/html/my-blackoptic/app/Config/Events.php(52): CodeIgniter\Debug\Toolbar->respond()
#5 [internal function]: CodeIgniter\Events\Events::Config\{closure}()
#6 /var/www/html/my-blackoptic/vendor/codeigniter4/framework/system/Events/Events.php(166): call_user_func()
#7 /var/www/html/my-blackoptic/vendor/codeigniter4/framework/system/CodeIgniter.php(319): CodeIgniter\Events\Events::trigger()
#8 /var/www/html/my-blackoptic/public/index.php(37): CodeIgniter\CodeIgniter->run()
#9 {main}
CRITICAL - 2022-11-02 12:48:53 --> unlink(/var/www/html/my-blackoptic/writable/debugbar/debugbar_1660721688.json): Operation not permitted
#0 [internal function]: CodeIgniter\Debug\Exceptions->errorHandler()
#1 /var/www/html/my-blackoptic/vendor/codeigniter4/framework/system/Debug/Toolbar/Collectors/History.php(78): unlink()
#2 /var/www/html/my-blackoptic/vendor/codeigniter4/framework/system/Debug/Toolbar.php(480): CodeIgniter\Debug\Toolbar\Collectors\History->setFiles()
#3 /var/www/html/my-blackoptic/vendor/codeigniter4/framework/system/Debug/Toolbar.php(452): CodeIgniter\Debug\Toolbar->format()
#4 /var/www/html/my-blackoptic/app/Config/Events.php(52): CodeIgniter\Debug\Toolbar->respond()
#5 [internal function]: CodeIgniter\Events\Events::Config\{closure}()
#6 /var/www/html/my-blackoptic/vendor/codeigniter4/framework/system/Events/Events.php(166): call_user_func()
#7 /var/www/html/my-blackoptic/vendor/codeigniter4/framework/system/CodeIgniter.php(319): CodeIgniter\Events\Events::trigger()
#8 /var/www/html/my-blackoptic/public/index.php(37): CodeIgniter\CodeIgniter->run()
#9 {main}
CRITICAL - 2022-11-02 12:52:32 --> unlink(/var/www/html/my-blackoptic/writable/debugbar/debugbar_1660721688.json): Operation not permitted
#0 [internal function]: CodeIgniter\Debug\Exceptions->errorHandler()
#1 /var/www/html/my-blackoptic/vendor/codeigniter4/framework/system/Debug/Toolbar/Collectors/History.php(78): unlink()
#2 /var/www/html/my-blackoptic/vendor/codeigniter4/framework/system/Debug/Toolbar.php(480): CodeIgniter\Debug\Toolbar\Collectors\History->setFiles()
#3 /var/www/html/my-blackoptic/vendor/codeigniter4/framework/system/Debug/Toolbar.php(452): CodeIgniter\Debug\Toolbar->format()
#4 /var/www/html/my-blackoptic/app/Config/Events.php(52): CodeIgniter\Debug\Toolbar->respond()
#5 [internal function]: CodeIgniter\Events\Events::Config\{closure}()
#6 /var/www/html/my-blackoptic/vendor/codeigniter4/framework/system/Events/Events.php(166): call_user_func()
#7 /var/www/html/my-blackoptic/vendor/codeigniter4/framework/system/CodeIgniter.php(319): CodeIgniter\Events\Events::trigger()
#8 /var/www/html/my-blackoptic/public/index.php(37): CodeIgniter\CodeIgniter->run()
#9 {main}
CRITICAL - 2022-11-02 12:52:41 --> unlink(/var/www/html/my-blackoptic/writable/debugbar/debugbar_1660721688.json): Operation not permitted
#0 [internal function]: CodeIgniter\Debug\Exceptions->errorHandler()
#1 /var/www/html/my-blackoptic/vendor/codeigniter4/framework/system/Debug/Toolbar/Collectors/History.php(78): unlink()
#2 /var/www/html/my-blackoptic/vendor/codeigniter4/framework/system/Debug/Toolbar.php(480): CodeIgniter\Debug\Toolbar\Collectors\History->setFiles()
#3 /var/www/html/my-blackoptic/vendor/codeigniter4/framework/system/Debug/Toolbar.php(452): CodeIgniter\Debug\Toolbar->format()
#4 /var/www/html/my-blackoptic/app/Config/Events.php(52): CodeIgniter\Debug\Toolbar->respond()
#5 [internal function]: CodeIgniter\Events\Events::Config\{closure}()
#6 /var/www/html/my-blackoptic/vendor/codeigniter4/framework/system/Events/Events.php(166): call_user_func()
#7 /var/www/html/my-blackoptic/vendor/codeigniter4/framework/system/CodeIgniter.php(319): CodeIgniter\Events\Events::trigger()
#8 /var/www/html/my-blackoptic/public/index.php(37): CodeIgniter\CodeIgniter->run()
#9 {main}
CRITICAL - 2022-11-02 12:52:44 --> unlink(/var/www/html/my-blackoptic/writable/debugbar/debugbar_1660721688.json): Operation not permitted
#0 [internal function]: CodeIgniter\Debug\Exceptions->errorHandler()
#1 /var/www/html/my-blackoptic/vendor/codeigniter4/framework/system/Debug/Toolbar/Collectors/History.php(78): unlink()
#2 /var/www/html/my-blackoptic/vendor/codeigniter4/framework/system/Debug/Toolbar.php(480): CodeIgniter\Debug\Toolbar\Collectors\History->setFiles()
#3 /var/www/html/my-blackoptic/vendor/codeigniter4/framework/system/Debug/Toolbar.php(452): CodeIgniter\Debug\Toolbar->format()
#4 /var/www/html/my-blackoptic/app/Config/Events.php(52): CodeIgniter\Debug\Toolbar->respond()
#5 [internal function]: CodeIgniter\Events\Events::Config\{closure}()
#6 /var/www/html/my-blackoptic/vendor/codeigniter4/framework/system/Events/Events.php(166): call_user_func()
#7 /var/www/html/my-blackoptic/vendor/codeigniter4/framework/system/CodeIgniter.php(319): CodeIgniter\Events\Events::trigger()
#8 /var/www/html/my-blackoptic/public/index.php(37): CodeIgniter\CodeIgniter->run()
#9 {main}
CRITICAL - 2022-11-02 12:52:46 --> unlink(/var/www/html/my-blackoptic/writable/debugbar/debugbar_1660721688.json): Operation not permitted
#0 [internal function]: CodeIgniter\Debug\Exceptions->errorHandler()
#1 /var/www/html/my-blackoptic/vendor/codeigniter4/framework/system/Debug/Toolbar/Collectors/History.php(78): unlink()
#2 /var/www/html/my-blackoptic/vendor/codeigniter4/framework/system/Debug/Toolbar.php(480): CodeIgniter\Debug\Toolbar\Collectors\History->setFiles()
#3 /var/www/html/my-blackoptic/vendor/codeigniter4/framework/system/Debug/Toolbar.php(452): CodeIgniter\Debug\Toolbar->format()
#4 /var/www/html/my-blackoptic/app/Config/Events.php(52): CodeIgniter\Debug\Toolbar->respond()
#5 [internal function]: CodeIgniter\Events\Events::Config\{closure}()
#6 /var/www/html/my-blackoptic/vendor/codeigniter4/framework/system/Events/Events.php(166): call_user_func()
#7 /var/www/html/my-blackoptic/vendor/codeigniter4/framework/system/CodeIgniter.php(319): CodeIgniter\Events\Events::trigger()
#8 /var/www/html/my-blackoptic/public/index.php(37): CodeIgniter\CodeIgniter->run()
#9 {main}
CRITICAL - 2022-11-02 12:53:54 --> unlink(/var/www/html/my-blackoptic/writable/debugbar/debugbar_1660721688.json): Operation not permitted
#0 [internal function]: CodeIgniter\Debug\Exceptions->errorHandler()
#1 /var/www/html/my-blackoptic/vendor/codeigniter4/framework/system/Debug/Toolbar/Collectors/History.php(78): unlink()
#2 /var/www/html/my-blackoptic/vendor/codeigniter4/framework/system/Debug/Toolbar.php(480): CodeIgniter\Debug\Toolbar\Collectors\History->setFiles()
#3 /var/www/html/my-blackoptic/vendor/codeigniter4/framework/system/Debug/Toolbar.php(452): CodeIgniter\Debug\Toolbar->format()
#4 /var/www/html/my-blackoptic/app/Config/Events.php(52): CodeIgniter\Debug\Toolbar->respond()
#5 [internal function]: CodeIgniter\Events\Events::Config\{closure}()
#6 /var/www/html/my-blackoptic/vendor/codeigniter4/framework/system/Events/Events.php(166): call_user_func()
#7 /var/www/html/my-blackoptic/vendor/codeigniter4/framework/system/CodeIgniter.php(319): CodeIgniter\Events\Events::trigger()
#8 /var/www/html/my-blackoptic/public/index.php(37): CodeIgniter\CodeIgniter->run()
#9 {main}
CRITICAL - 2022-11-02 12:54:09 --> unlink(/var/www/html/my-blackoptic/writable/debugbar/debugbar_1660721688.json): Operation not permitted
#0 [internal function]: CodeIgniter\Debug\Exceptions->errorHandler()
#1 /var/www/html/my-blackoptic/vendor/codeigniter4/framework/system/Debug/Toolbar/Collectors/History.php(78): unlink()
#2 /var/www/html/my-blackoptic/vendor/codeigniter4/framework/system/Debug/Toolbar.php(480): CodeIgniter\Debug\Toolbar\Collectors\History->setFiles()
#3 /var/www/html/my-blackoptic/vendor/codeigniter4/framework/system/Debug/Toolbar.php(452): CodeIgniter\Debug\Toolbar->format()
#4 /var/www/html/my-blackoptic/app/Config/Events.php(52): CodeIgniter\Debug\Toolbar->respond()
#5 [internal function]: CodeIgniter\Events\Events::Config\{closure}()
#6 /var/www/html/my-blackoptic/vendor/codeigniter4/framework/system/Events/Events.php(166): call_user_func()
#7 /var/www/html/my-blackoptic/vendor/codeigniter4/framework/system/CodeIgniter.php(319): CodeIgniter\Events\Events::trigger()
#8 /var/www/html/my-blackoptic/public/index.php(37): CodeIgniter\CodeIgniter->run()
#9 {main}
CRITICAL - 2022-11-02 12:54:15 --> unlink(/var/www/html/my-blackoptic/writable/debugbar/debugbar_1660721688.json): Operation not permitted
#0 [internal function]: CodeIgniter\Debug\Exceptions->errorHandler()
#1 /var/www/html/my-blackoptic/vendor/codeigniter4/framework/system/Debug/Toolbar/Collectors/History.php(78): unlink()
#2 /var/www/html/my-blackoptic/vendor/codeigniter4/framework/system/Debug/Toolbar.php(480): CodeIgniter\Debug\Toolbar\Collectors\History->setFiles()
#3 /var/www/html/my-blackoptic/vendor/codeigniter4/framework/system/Debug/Toolbar.php(452): CodeIgniter\Debug\Toolbar->format()
#4 /var/www/html/my-blackoptic/app/Config/Events.php(52): CodeIgniter\Debug\Toolbar->respond()
#5 [internal function]: CodeIgniter\Events\Events::Config\{closure}()
#6 /var/www/html/my-blackoptic/vendor/codeigniter4/framework/system/Events/Events.php(166): call_user_func()
#7 /var/www/html/my-blackoptic/vendor/codeigniter4/framework/system/CodeIgniter.php(319): CodeIgniter\Events\Events::trigger()
#8 /var/www/html/my-blackoptic/public/index.php(37): CodeIgniter\CodeIgniter->run()
#9 {main}
CRITICAL - 2022-11-02 12:54:24 --> Invalid file: cpanel/reports/report_bill.php
#0 /var/www/html/my-blackoptic/vendor/codeigniter4/framework/system/View/View.php(213): CodeIgniter\Exceptions\FrameworkException::forInvalidFile()
#1 /var/www/html/my-blackoptic/vendor/codeigniter4/framework/system/Common.php(1271): CodeIgniter\View\View->render()
#2 /var/www/html/my-blackoptic/app/Controllers/Report.php(21): view()
#3 /var/www/html/my-blackoptic/vendor/codeigniter4/framework/system/CodeIgniter.php(931): App\Controllers\Report->customer_bill()
#4 /var/www/html/my-blackoptic/vendor/codeigniter4/framework/system/CodeIgniter.php(439): CodeIgniter\CodeIgniter->runController()
#5 /var/www/html/my-blackoptic/vendor/codeigniter4/framework/system/CodeIgniter.php(339): CodeIgniter\CodeIgniter->handleRequest()
#6 /var/www/html/my-blackoptic/public/index.php(37): CodeIgniter\CodeIgniter->run()
#7 {main}
CRITICAL - 2022-11-02 12:54:37 --> unlink(/var/www/html/my-blackoptic/writable/debugbar/debugbar_1660721688.json): Operation not permitted
#0 [internal function]: CodeIgniter\Debug\Exceptions->errorHandler()
#1 /var/www/html/my-blackoptic/vendor/codeigniter4/framework/system/Debug/Toolbar/Collectors/History.php(78): unlink()
#2 /var/www/html/my-blackoptic/vendor/codeigniter4/framework/system/Debug/Toolbar.php(480): CodeIgniter\Debug\Toolbar\Collectors\History->setFiles()
#3 /var/www/html/my-blackoptic/vendor/codeigniter4/framework/system/Debug/Toolbar.php(452): CodeIgniter\Debug\Toolbar->format()
#4 /var/www/html/my-blackoptic/app/Config/Events.php(52): CodeIgniter\Debug\Toolbar->respond()
#5 [internal function]: CodeIgniter\Events\Events::Config\{closure}()
#6 /var/www/html/my-blackoptic/vendor/codeigniter4/framework/system/Events/Events.php(166): call_user_func()
#7 /var/www/html/my-blackoptic/vendor/codeigniter4/framework/system/CodeIgniter.php(319): CodeIgniter\Events\Events::trigger()
#8 /var/www/html/my-blackoptic/public/index.php(37): CodeIgniter\CodeIgniter->run()
#9 {main}
CRITICAL - 2022-11-02 12:54:56 --> unlink(/var/www/html/my-blackoptic/writable/debugbar/debugbar_1660721688.json): Operation not permitted
#0 [internal function]: CodeIgniter\Debug\Exceptions->errorHandler()
#1 /var/www/html/my-blackoptic/vendor/codeigniter4/framework/system/Debug/Toolbar/Collectors/History.php(78): unlink()
#2 /var/www/html/my-blackoptic/vendor/codeigniter4/framework/system/Debug/Toolbar.php(480): CodeIgniter\Debug\Toolbar\Collectors\History->setFiles()
#3 /var/www/html/my-blackoptic/vendor/codeigniter4/framework/system/Debug/Toolbar.php(452): CodeIgniter\Debug\Toolbar->format()
#4 /var/www/html/my-blackoptic/app/Config/Events.php(52): CodeIgniter\Debug\Toolbar->respond()
#5 [internal function]: CodeIgniter\Events\Events::Config\{closure}()
#6 /var/www/html/my-blackoptic/vendor/codeigniter4/framework/system/Events/Events.php(166): call_user_func()
#7 /var/www/html/my-blackoptic/vendor/codeigniter4/framework/system/CodeIgniter.php(319): CodeIgniter\Events\Events::trigger()
#8 /var/www/html/my-blackoptic/public/index.php(37): CodeIgniter\CodeIgniter->run()
#9 {main}
CRITICAL - 2022-11-02 12:55:58 --> unlink(/var/www/html/my-blackoptic/writable/debugbar/debugbar_1660721688.json): Operation not permitted
#0 [internal function]: CodeIgniter\Debug\Exceptions->errorHandler()
#1 /var/www/html/my-blackoptic/vendor/codeigniter4/framework/system/Debug/Toolbar/Collectors/History.php(78): unlink()
#2 /var/www/html/my-blackoptic/vendor/codeigniter4/framework/system/Debug/Toolbar.php(480): CodeIgniter\Debug\Toolbar\Collectors\History->setFiles()
#3 /var/www/html/my-blackoptic/vendor/codeigniter4/framework/system/Debug/Toolbar.php(452): CodeIgniter\Debug\Toolbar->format()
#4 /var/www/html/my-blackoptic/app/Config/Events.php(52): CodeIgniter\Debug\Toolbar->respond()
#5 [internal function]: CodeIgniter\Events\Events::Config\{closure}()
#6 /var/www/html/my-blackoptic/vendor/codeigniter4/framework/system/Events/Events.php(166): call_user_func()
#7 /var/www/html/my-blackoptic/vendor/codeigniter4/framework/system/CodeIgniter.php(319): CodeIgniter\Events\Events::trigger()
#8 /var/www/html/my-blackoptic/public/index.php(37): CodeIgniter\CodeIgniter->run()
#9 {main}
CRITICAL - 2022-11-02 12:57:18 --> unlink(/var/www/html/my-blackoptic/writable/debugbar/debugbar_1660721688.json): Operation not permitted
#0 [internal function]: CodeIgniter\Debug\Exceptions->errorHandler()
#1 /var/www/html/my-blackoptic/vendor/codeigniter4/framework/system/Debug/Toolbar/Collectors/History.php(78): unlink()
#2 /var/www/html/my-blackoptic/vendor/codeigniter4/framework/system/Debug/Toolbar.php(480): CodeIgniter\Debug\Toolbar\Collectors\History->setFiles()
#3 /var/www/html/my-blackoptic/vendor/codeigniter4/framework/system/Debug/Toolbar.php(452): CodeIgniter\Debug\Toolbar->format()
#4 /var/www/html/my-blackoptic/app/Config/Events.php(52): CodeIgniter\Debug\Toolbar->respond()
#5 [internal function]: CodeIgniter\Events\Events::Config\{closure}()
#6 /var/www/html/my-blackoptic/vendor/codeigniter4/framework/system/Events/Events.php(166): call_user_func()
#7 /var/www/html/my-blackoptic/vendor/codeigniter4/framework/system/CodeIgniter.php(319): CodeIgniter\Events\Events::trigger()
#8 /var/www/html/my-blackoptic/public/index.php(37): CodeIgniter\CodeIgniter->run()
#9 {main}
CRITICAL - 2022-11-02 12:57:30 --> unlink(/var/www/html/my-blackoptic/writable/debugbar/debugbar_1660721688.json): Operation not permitted
#0 [internal function]: CodeIgniter\Debug\Exceptions->errorHandler()
#1 /var/www/html/my-blackoptic/vendor/codeigniter4/framework/system/Debug/Toolbar/Collectors/History.php(78): unlink()
#2 /var/www/html/my-blackoptic/vendor/codeigniter4/framework/system/Debug/Toolbar.php(480): CodeIgniter\Debug\Toolbar\Collectors\History->setFiles()
#3 /var/www/html/my-blackoptic/vendor/codeigniter4/framework/system/Debug/Toolbar.php(452): CodeIgniter\Debug\Toolbar->format()
#4 /var/www/html/my-blackoptic/app/Config/Events.php(52): CodeIgniter\Debug\Toolbar->respond()
#5 [internal function]: CodeIgniter\Events\Events::Config\{closure}()
#6 /var/www/html/my-blackoptic/vendor/codeigniter4/framework/system/Events/Events.php(166): call_user_func()
#7 /var/www/html/my-blackoptic/vendor/codeigniter4/framework/system/CodeIgniter.php(319): CodeIgniter\Events\Events::trigger()
#8 /var/www/html/my-blackoptic/public/index.php(37): CodeIgniter\CodeIgniter->run()
#9 {main}
CRITICAL - 2022-11-02 12:58:37 --> unlink(/var/www/html/my-blackoptic/writable/debugbar/debugbar_1660721688.json): Operation not permitted
#0 [internal function]: CodeIgniter\Debug\Exceptions->errorHandler()
#1 /var/www/html/my-blackoptic/vendor/codeigniter4/framework/system/Debug/Toolbar/Collectors/History.php(78): unlink()
#2 /var/www/html/my-blackoptic/vendor/codeigniter4/framework/system/Debug/Toolbar.php(480): CodeIgniter\Debug\Toolbar\Collectors\History->setFiles()
#3 /var/www/html/my-blackoptic/vendor/codeigniter4/framework/system/Debug/Toolbar.php(452): CodeIgniter\Debug\Toolbar->format()
#4 /var/www/html/my-blackoptic/app/Config/Events.php(52): CodeIgniter\Debug\Toolbar->respond()
#5 [internal function]: CodeIgniter\Events\Events::Config\{closure}()
#6 /var/www/html/my-blackoptic/vendor/codeigniter4/framework/system/Events/Events.php(166): call_user_func()
#7 /var/www/html/my-blackoptic/vendor/codeigniter4/framework/system/CodeIgniter.php(319): CodeIgniter\Events\Events::trigger()
#8 /var/www/html/my-blackoptic/public/index.php(37): CodeIgniter\CodeIgniter->run()
#9 {main}
CRITICAL - 2022-11-02 12:58:42 --> unlink(/var/www/html/my-blackoptic/writable/debugbar/debugbar_1660721688.json): Operation not permitted
#0 [internal function]: CodeIgniter\Debug\Exceptions->errorHandler()
#1 /var/www/html/my-blackoptic/vendor/codeigniter4/framework/system/Debug/Toolbar/Collectors/History.php(78): unlink()
#2 /var/www/html/my-blackoptic/vendor/codeigniter4/framework/system/Debug/Toolbar.php(480): CodeIgniter\Debug\Toolbar\Collectors\History->setFiles()
#3 /var/www/html/my-blackoptic/vendor/codeigniter4/framework/system/Debug/Toolbar.php(452): CodeIgniter\Debug\Toolbar->format()
#4 /var/www/html/my-blackoptic/app/Config/Events.php(52): CodeIgniter\Debug\Toolbar->respond()
#5 [internal function]: CodeIgniter\Events\Events::Config\{closure}()
#6 /var/www/html/my-blackoptic/vendor/codeigniter4/framework/system/Events/Events.php(166): call_user_func()
#7 /var/www/html/my-blackoptic/vendor/codeigniter4/framework/system/CodeIgniter.php(319): CodeIgniter\Events\Events::trigger()
#8 /var/www/html/my-blackoptic/public/index.php(37): CodeIgniter\CodeIgniter->run()
#9 {main}
CRITICAL - 2022-11-02 12:59:17 --> unlink(/var/www/html/my-blackoptic/writable/debugbar/debugbar_1660721688.json): Operation not permitted
#0 [internal function]: CodeIgniter\Debug\Exceptions->errorHandler()
#1 /var/www/html/my-blackoptic/vendor/codeigniter4/framework/system/Debug/Toolbar/Collectors/History.php(78): unlink()
#2 /var/www/html/my-blackoptic/vendor/codeigniter4/framework/system/Debug/Toolbar.php(480): CodeIgniter\Debug\Toolbar\Collectors\History->setFiles()
#3 /var/www/html/my-blackoptic/vendor/codeigniter4/framework/system/Debug/Toolbar.php(452): CodeIgniter\Debug\Toolbar->format()
#4 /var/www/html/my-blackoptic/app/Config/Events.php(52): CodeIgniter\Debug\Toolbar->respond()
#5 [internal function]: CodeIgniter\Events\Events::Config\{closure}()
#6 /var/www/html/my-blackoptic/vendor/codeigniter4/framework/system/Events/Events.php(166): call_user_func()
#7 /var/www/html/my-blackoptic/vendor/codeigniter4/framework/system/CodeIgniter.php(319): CodeIgniter\Events\Events::trigger()
#8 /var/www/html/my-blackoptic/public/index.php(37): CodeIgniter\CodeIgniter->run()
#9 {main}
CRITICAL - 2022-11-02 13:00:26 --> unlink(/var/www/html/my-blackoptic/writable/debugbar/debugbar_1660721688.json): Operation not permitted
#0 [internal function]: CodeIgniter\Debug\Exceptions->errorHandler()
#1 /var/www/html/my-blackoptic/vendor/codeigniter4/framework/system/Debug/Toolbar/Collectors/History.php(78): unlink()
#2 /var/www/html/my-blackoptic/vendor/codeigniter4/framework/system/Debug/Toolbar.php(480): CodeIgniter\Debug\Toolbar\Collectors\History->setFiles()
#3 /var/www/html/my-blackoptic/vendor/codeigniter4/framework/system/Debug/Toolbar.php(452): CodeIgniter\Debug\Toolbar->format()
#4 /var/www/html/my-blackoptic/app/Config/Events.php(52): CodeIgniter\Debug\Toolbar->respond()
#5 [internal function]: CodeIgniter\Events\Events::Config\{closure}()
#6 /var/www/html/my-blackoptic/vendor/codeigniter4/framework/system/Events/Events.php(166): call_user_func()
#7 /var/www/html/my-blackoptic/vendor/codeigniter4/framework/system/CodeIgniter.php(319): CodeIgniter\Events\Events::trigger()
#8 /var/www/html/my-blackoptic/public/index.php(37): CodeIgniter\CodeIgniter->run()
#9 {main}
CRITICAL - 2022-11-02 13:00:30 --> unlink(/var/www/html/my-blackoptic/writable/debugbar/debugbar_1660721688.json): Operation not permitted
#0 [internal function]: CodeIgniter\Debug\Exceptions->errorHandler()
#1 /var/www/html/my-blackoptic/vendor/codeigniter4/framework/system/Debug/Toolbar/Collectors/History.php(78): unlink()
#2 /var/www/html/my-blackoptic/vendor/codeigniter4/framework/system/Debug/Toolbar.php(480): CodeIgniter\Debug\Toolbar\Collectors\History->setFiles()
#3 /var/www/html/my-blackoptic/vendor/codeigniter4/framework/system/Debug/Toolbar.php(452): CodeIgniter\Debug\Toolbar->format()
#4 /var/www/html/my-blackoptic/app/Config/Events.php(52): CodeIgniter\Debug\Toolbar->respond()
#5 [internal function]: CodeIgniter\Events\Events::Config\{closure}()
#6 /var/www/html/my-blackoptic/vendor/codeigniter4/framework/system/Events/Events.php(166): call_user_func()
#7 /var/www/html/my-blackoptic/vendor/codeigniter4/framework/system/CodeIgniter.php(319): CodeIgniter\Events\Events::trigger()
#8 /var/www/html/my-blackoptic/public/index.php(37): CodeIgniter\CodeIgniter->run()
#9 {main}
CRITICAL - 2022-11-02 13:00:33 --> unlink(/var/www/html/my-blackoptic/writable/debugbar/debugbar_1660721688.json): Operation not permitted
#0 [internal function]: CodeIgniter\Debug\Exceptions->errorHandler()
#1 /var/www/html/my-blackoptic/vendor/codeigniter4/framework/system/Debug/Toolbar/Collectors/History.php(78): unlink()
#2 /var/www/html/my-blackoptic/vendor/codeigniter4/framework/system/Debug/Toolbar.php(480): CodeIgniter\Debug\Toolbar\Collectors\History->setFiles()
#3 /var/www/html/my-blackoptic/vendor/codeigniter4/framework/system/Debug/Toolbar.php(452): CodeIgniter\Debug\Toolbar->format()
#4 /var/www/html/my-blackoptic/app/Config/Events.php(52): CodeIgniter\Debug\Toolbar->respond()
#5 [internal function]: CodeIgniter\Events\Events::Config\{closure}()
#6 /var/www/html/my-blackoptic/vendor/codeigniter4/framework/system/Events/Events.php(166): call_user_func()
#7 /var/www/html/my-blackoptic/vendor/codeigniter4/framework/system/CodeIgniter.php(319): CodeIgniter\Events\Events::trigger()
#8 /var/www/html/my-blackoptic/public/index.php(37): CodeIgniter\CodeIgniter->run()
#9 {main}
CRITICAL - 2022-11-02 22:03:20 --> unlink(/var/www/html/my-blackoptic/writable/debugbar/debugbar_1660721688.json): Operation not permitted
#0 [internal function]: CodeIgniter\Debug\Exceptions->errorHandler()
#1 /var/www/html/my-blackoptic/vendor/codeigniter4/framework/system/Debug/Toolbar/Collectors/History.php(78): unlink()
#2 /var/www/html/my-blackoptic/vendor/codeigniter4/framework/system/Debug/Toolbar.php(480): CodeIgniter\Debug\Toolbar\Collectors\History->setFiles()
#3 /var/www/html/my-blackoptic/vendor/codeigniter4/framework/system/Debug/Toolbar.php(452): CodeIgniter\Debug\Toolbar->format()
#4 /var/www/html/my-blackoptic/app/Config/Events.php(52): CodeIgniter\Debug\Toolbar->respond()
#5 [internal function]: CodeIgniter\Events\Events::Config\{closure}()
#6 /var/www/html/my-blackoptic/vendor/codeigniter4/framework/system/Events/Events.php(166): call_user_func()
#7 /var/www/html/my-blackoptic/vendor/codeigniter4/framework/system/CodeIgniter.php(319): CodeIgniter\Events\Events::trigger()
#8 /var/www/html/my-blackoptic/public/index.php(37): CodeIgniter\CodeIgniter->run()
#9 {main}
