CRITICAL - 2021-09-07 07:43:33 --> unlink(/developers/developer-talha/blackOptic/writable/debugbar/debugbar_1624603189.json): Operation not permitted
#0 [internal function]: CodeIgniter\Debug\Exceptions->errorHandler(2, 'unlink(/develop...', '/developers/dev...', 78, Array)
#1 /developers/developer-talha/blackOptic/vendor/codeigniter4/framework/system/Debug/Toolbar/Collectors/History.php(78): unlink('/developers/dev...')
#2 /developers/developer-talha/blackOptic/vendor/codeigniter4/framework/system/Debug/Toolbar.php(480): CodeIgniter\Debug\Toolbar\Collectors\History->setFiles(1631018611, 20)
#3 /developers/developer-talha/blackOptic/vendor/codeigniter4/framework/system/Debug/Toolbar.php(452): CodeIgniter\Debug\Toolbar->format(Array, 'html')
#4 /developers/developer-talha/blackOptic/app/Config/Events.php(52): CodeIgniter\Debug\Toolbar->respond()
#5 [internal function]: CodeIgniter\Events\Events::Config\{closure}()
#6 /developers/developer-talha/blackOptic/vendor/codeigniter4/framework/system/Events/Events.php(166): call_user_func(Object(Closure))
#7 /developers/developer-talha/blackOptic/vendor/codeigniter4/framework/system/CodeIgniter.php(316): CodeIgniter\Events\Events::trigger('pre_system')
#8 /developers/developer-talha/blackOptic/public/index.php(37): CodeIgniter\CodeIgniter->run()
#9 {main}
CRITICAL - 2021-09-07 07:43:39 --> unlink(/developers/developer-talha/blackOptic/writable/debugbar/debugbar_1624603189.json): Operation not permitted
#0 [internal function]: CodeIgniter\Debug\Exceptions->errorHandler(2, 'unlink(/develop...', '/developers/dev...', 78, Array)
#1 /developers/developer-talha/blackOptic/vendor/codeigniter4/framework/system/Debug/Toolbar/Collectors/History.php(78): unlink('/developers/dev...')
#2 /developers/developer-talha/blackOptic/vendor/codeigniter4/framework/system/Debug/Toolbar.php(480): CodeIgniter\Debug\Toolbar\Collectors\History->setFiles(1631018619, 20)
#3 /developers/developer-talha/blackOptic/vendor/codeigniter4/framework/system/Debug/Toolbar.php(452): CodeIgniter\Debug\Toolbar->format(Array, 'html')
#4 /developers/developer-talha/blackOptic/app/Config/Events.php(52): CodeIgniter\Debug\Toolbar->respond()
#5 [internal function]: CodeIgniter\Events\Events::Config\{closure}()
#6 /developers/developer-talha/blackOptic/vendor/codeigniter4/framework/system/Events/Events.php(166): call_user_func(Object(Closure))
#7 /developers/developer-talha/blackOptic/vendor/codeigniter4/framework/system/CodeIgniter.php(316): CodeIgniter\Events\Events::trigger('pre_system')
#8 /developers/developer-talha/blackOptic/public/index.php(37): CodeIgniter\CodeIgniter->run()
#9 {main}
CRITICAL - 2021-09-07 07:43:44 --> unlink(/developers/developer-talha/blackOptic/writable/debugbar/debugbar_1624603189.json): Operation not permitted
#0 [internal function]: CodeIgniter\Debug\Exceptions->errorHandler(2, 'unlink(/develop...', '/developers/dev...', 78, Array)
#1 /developers/developer-talha/blackOptic/vendor/codeigniter4/framework/system/Debug/Toolbar/Collectors/History.php(78): unlink('/developers/dev...')
#2 /developers/developer-talha/blackOptic/vendor/codeigniter4/framework/system/Debug/Toolbar.php(480): CodeIgniter\Debug\Toolbar\Collectors\History->setFiles(1631018624, 20)
#3 /developers/developer-talha/blackOptic/vendor/codeigniter4/framework/system/Debug/Toolbar.php(452): CodeIgniter\Debug\Toolbar->format(Array, 'html')
#4 /developers/developer-talha/blackOptic/app/Config/Events.php(52): CodeIgniter\Debug\Toolbar->respond()
#5 [internal function]: CodeIgniter\Events\Events::Config\{closure}()
#6 /developers/developer-talha/blackOptic/vendor/codeigniter4/framework/system/Events/Events.php(166): call_user_func(Object(Closure))
#7 /developers/developer-talha/blackOptic/vendor/codeigniter4/framework/system/CodeIgniter.php(316): CodeIgniter\Events\Events::trigger('pre_system')
#8 /developers/developer-talha/blackOptic/public/index.php(37): CodeIgniter\CodeIgniter->run()
#9 {main}
CRITICAL - 2021-09-07 07:43:47 --> unlink(/developers/developer-talha/blackOptic/writable/debugbar/debugbar_1624603189.json): Operation not permitted
#0 [internal function]: CodeIgniter\Debug\Exceptions->errorHandler(2, 'unlink(/develop...', '/developers/dev...', 78, Array)
#1 /developers/developer-talha/blackOptic/vendor/codeigniter4/framework/system/Debug/Toolbar/Collectors/History.php(78): unlink('/developers/dev...')
#2 /developers/developer-talha/blackOptic/vendor/codeigniter4/framework/system/Debug/Toolbar.php(480): CodeIgniter\Debug\Toolbar\Collectors\History->setFiles(1631018627, 20)
#3 /developers/developer-talha/blackOptic/vendor/codeigniter4/framework/system/Debug/Toolbar.php(452): CodeIgniter\Debug\Toolbar->format(Array, 'html')
#4 /developers/developer-talha/blackOptic/app/Config/Events.php(52): CodeIgniter\Debug\Toolbar->respond()
#5 [internal function]: CodeIgniter\Events\Events::Config\{closure}()
#6 /developers/developer-talha/blackOptic/vendor/codeigniter4/framework/system/Events/Events.php(166): call_user_func(Object(Closure))
#7 /developers/developer-talha/blackOptic/vendor/codeigniter4/framework/system/CodeIgniter.php(316): CodeIgniter\Events\Events::trigger('pre_system')
#8 /developers/developer-talha/blackOptic/public/index.php(37): CodeIgniter\CodeIgniter->run()
#9 {main}
CRITICAL - 2021-09-07 07:43:49 --> unlink(/developers/developer-talha/blackOptic/writable/debugbar/debugbar_1624603189.json): Operation not permitted
#0 [internal function]: CodeIgniter\Debug\Exceptions->errorHandler(2, 'unlink(/develop...', '/developers/dev...', 78, Array)
#1 /developers/developer-talha/blackOptic/vendor/codeigniter4/framework/system/Debug/Toolbar/Collectors/History.php(78): unlink('/developers/dev...')
#2 /developers/developer-talha/blackOptic/vendor/codeigniter4/framework/system/Debug/Toolbar.php(480): CodeIgniter\Debug\Toolbar\Collectors\History->setFiles(1631018629, 20)
#3 /developers/developer-talha/blackOptic/vendor/codeigniter4/framework/system/Debug/Toolbar.php(452): CodeIgniter\Debug\Toolbar->format(Array, 'html')
#4 /developers/developer-talha/blackOptic/app/Config/Events.php(52): CodeIgniter\Debug\Toolbar->respond()
#5 [internal function]: CodeIgniter\Events\Events::Config\{closure}()
#6 /developers/developer-talha/blackOptic/vendor/codeigniter4/framework/system/Events/Events.php(166): call_user_func(Object(Closure))
#7 /developers/developer-talha/blackOptic/vendor/codeigniter4/framework/system/CodeIgniter.php(316): CodeIgniter\Events\Events::trigger('pre_system')
#8 /developers/developer-talha/blackOptic/public/index.php(37): CodeIgniter\CodeIgniter->run()
#9 {main}
CRITICAL - 2021-09-07 07:45:28 --> unlink(/developers/developer-talha/blackOptic/writable/debugbar/debugbar_1624603189.json): Operation not permitted
#0 [internal function]: CodeIgniter\Debug\Exceptions->errorHandler(2, 'unlink(/develop...', '/developers/dev...', 78, Array)
#1 /developers/developer-talha/blackOptic/vendor/codeigniter4/framework/system/Debug/Toolbar/Collectors/History.php(78): unlink('/developers/dev...')
#2 /developers/developer-talha/blackOptic/vendor/codeigniter4/framework/system/Debug/Toolbar.php(480): CodeIgniter\Debug\Toolbar\Collectors\History->setFiles(1631018728, 20)
#3 /developers/developer-talha/blackOptic/vendor/codeigniter4/framework/system/Debug/Toolbar.php(452): CodeIgniter\Debug\Toolbar->format(Array, 'html')
#4 /developers/developer-talha/blackOptic/app/Config/Events.php(52): CodeIgniter\Debug\Toolbar->respond()
#5 [internal function]: CodeIgniter\Events\Events::Config\{closure}()
#6 /developers/developer-talha/blackOptic/vendor/codeigniter4/framework/system/Events/Events.php(166): call_user_func(Object(Closure))
#7 /developers/developer-talha/blackOptic/vendor/codeigniter4/framework/system/CodeIgniter.php(316): CodeIgniter\Events\Events::trigger('pre_system')
#8 /developers/developer-talha/blackOptic/public/index.php(37): CodeIgniter\CodeIgniter->run()
#9 {main}
CRITICAL - 2021-09-07 07:45:34 --> unlink(/developers/developer-talha/blackOptic/writable/debugbar/debugbar_1624603189.json): Operation not permitted
#0 [internal function]: CodeIgniter\Debug\Exceptions->errorHandler(2, 'unlink(/develop...', '/developers/dev...', 78, Array)
#1 /developers/developer-talha/blackOptic/vendor/codeigniter4/framework/system/Debug/Toolbar/Collectors/History.php(78): unlink('/developers/dev...')
#2 /developers/developer-talha/blackOptic/vendor/codeigniter4/framework/system/Debug/Toolbar.php(480): CodeIgniter\Debug\Toolbar\Collectors\History->setFiles(1631018733, 20)
#3 /developers/developer-talha/blackOptic/vendor/codeigniter4/framework/system/Debug/Toolbar.php(452): CodeIgniter\Debug\Toolbar->format(Array, 'html')
#4 /developers/developer-talha/blackOptic/app/Config/Events.php(52): CodeIgniter\Debug\Toolbar->respond()
#5 [internal function]: CodeIgniter\Events\Events::Config\{closure}()
#6 /developers/developer-talha/blackOptic/vendor/codeigniter4/framework/system/Events/Events.php(166): call_user_func(Object(Closure))
#7 /developers/developer-talha/blackOptic/vendor/codeigniter4/framework/system/CodeIgniter.php(316): CodeIgniter\Events\Events::trigger('pre_system')
#8 /developers/developer-talha/blackOptic/public/index.php(37): CodeIgniter\CodeIgniter->run()
#9 {main}
CRITICAL - 2021-09-07 07:45:38 --> unlink(/developers/developer-talha/blackOptic/writable/debugbar/debugbar_1624603189.json): Operation not permitted
#0 [internal function]: CodeIgniter\Debug\Exceptions->errorHandler(2, 'unlink(/develop...', '/developers/dev...', 78, Array)
#1 /developers/developer-talha/blackOptic/vendor/codeigniter4/framework/system/Debug/Toolbar/Collectors/History.php(78): unlink('/developers/dev...')
#2 /developers/developer-talha/blackOptic/vendor/codeigniter4/framework/system/Debug/Toolbar.php(480): CodeIgniter\Debug\Toolbar\Collectors\History->setFiles(1631018738, 20)
#3 /developers/developer-talha/blackOptic/vendor/codeigniter4/framework/system/Debug/Toolbar.php(452): CodeIgniter\Debug\Toolbar->format(Array, 'html')
#4 /developers/developer-talha/blackOptic/app/Config/Events.php(52): CodeIgniter\Debug\Toolbar->respond()
#5 [internal function]: CodeIgniter\Events\Events::Config\{closure}()
#6 /developers/developer-talha/blackOptic/vendor/codeigniter4/framework/system/Events/Events.php(166): call_user_func(Object(Closure))
#7 /developers/developer-talha/blackOptic/vendor/codeigniter4/framework/system/CodeIgniter.php(316): CodeIgniter\Events\Events::trigger('pre_system')
#8 /developers/developer-talha/blackOptic/public/index.php(37): CodeIgniter\CodeIgniter->run()
#9 {main}
