CRITICAL - 2022-05-30 10:44:08 --> unlink(/developers/developer-talha/blackOptic/writable/debugbar/debugbar_1634991869.json): Operation not permitted
#0 [internal function]: CodeIgniter\Debug\Exceptions->errorHandler(2, 'unlink(/develop...', '/developers/dev...', 78, Array)
#1 /developers/developer-talha/blackOptic/vendor/codeigniter4/framework/system/Debug/Toolbar/Collectors/History.php(78): unlink('/developers/dev...')
#2 /developers/developer-talha/blackOptic/vendor/codeigniter4/framework/system/Debug/Toolbar.php(480): CodeIgniter\Debug\Toolbar\Collectors\History->setFiles(1653889443, 20)
#3 /developers/developer-talha/blackOptic/vendor/codeigniter4/framework/system/Debug/Toolbar.php(452): CodeIgniter\Debug\Toolbar->format(Array, 'html')
#4 /developers/developer-talha/blackOptic/app/Config/Events.php(52): CodeIgniter\Debug\Toolbar->respond()
#5 [internal function]: CodeIgniter\Events\Events::Config\{closure}()
#6 /developers/developer-talha/blackOptic/vendor/codeigniter4/framework/system/Events/Events.php(166): call_user_func(Object(Closure))
#7 /developers/developer-talha/blackOptic/vendor/codeigniter4/framework/system/CodeIgniter.php(319): CodeIgniter\Events\Events::trigger('pre_system')
#8 /developers/developer-talha/blackOptic/public/index.php(37): CodeIgniter\CodeIgniter->run()
#9 {main}
CRITICAL - 2022-05-30 10:44:09 --> unlink(/developers/developer-talha/blackOptic/writable/debugbar/debugbar_1634991869.json): Operation not permitted
#0 [internal function]: CodeIgniter\Debug\Exceptions->errorHandler(2, 'unlink(/develop...', '/developers/dev...', 78, Array)
#1 /developers/developer-talha/blackOptic/vendor/codeigniter4/framework/system/Debug/Toolbar/Collectors/History.php(78): unlink('/developers/dev...')
#2 /developers/developer-talha/blackOptic/vendor/codeigniter4/framework/system/Debug/Toolbar.php(480): CodeIgniter\Debug\Toolbar\Collectors\History->setFiles(1653889448, 20)
#3 /developers/developer-talha/blackOptic/vendor/codeigniter4/framework/system/Debug/Toolbar.php(452): CodeIgniter\Debug\Toolbar->format(Array, 'html')
#4 /developers/developer-talha/blackOptic/app/Config/Events.php(52): CodeIgniter\Debug\Toolbar->respond()
#5 [internal function]: CodeIgniter\Events\Events::Config\{closure}()
#6 /developers/developer-talha/blackOptic/vendor/codeigniter4/framework/system/Events/Events.php(166): call_user_func(Object(Closure))
#7 /developers/developer-talha/blackOptic/vendor/codeigniter4/framework/system/CodeIgniter.php(319): CodeIgniter\Events\Events::trigger('pre_system')
#8 /developers/developer-talha/blackOptic/public/index.php(37): CodeIgniter\CodeIgniter->run()
#9 {main}
CRITICAL - 2022-05-30 10:44:12 --> unlink(/developers/developer-talha/blackOptic/writable/debugbar/debugbar_1634991869.json): Operation not permitted
#0 [internal function]: CodeIgniter\Debug\Exceptions->errorHandler(2, 'unlink(/develop...', '/developers/dev...', 78, Array)
#1 /developers/developer-talha/blackOptic/vendor/codeigniter4/framework/system/Debug/Toolbar/Collectors/History.php(78): unlink('/developers/dev...')
#2 /developers/developer-talha/blackOptic/vendor/codeigniter4/framework/system/Debug/Toolbar.php(480): CodeIgniter\Debug\Toolbar\Collectors\History->setFiles(1653889449, 20)
#3 /developers/developer-talha/blackOptic/vendor/codeigniter4/framework/system/Debug/Toolbar.php(452): CodeIgniter\Debug\Toolbar->format(Array, 'html')
#4 /developers/developer-talha/blackOptic/app/Config/Events.php(52): CodeIgniter\Debug\Toolbar->respond()
#5 [internal function]: CodeIgniter\Events\Events::Config\{closure}()
#6 /developers/developer-talha/blackOptic/vendor/codeigniter4/framework/system/Events/Events.php(166): call_user_func(Object(Closure))
#7 /developers/developer-talha/blackOptic/vendor/codeigniter4/framework/system/CodeIgniter.php(319): CodeIgniter\Events\Events::trigger('pre_system')
#8 /developers/developer-talha/blackOptic/public/index.php(37): CodeIgniter\CodeIgniter->run()
#9 {main}
CRITICAL - 2022-05-30 10:44:20 --> unlink(/developers/developer-talha/blackOptic/writable/debugbar/debugbar_1634991869.json): Operation not permitted
#0 [internal function]: CodeIgniter\Debug\Exceptions->errorHandler(2, 'unlink(/develop...', '/developers/dev...', 78, Array)
#1 /developers/developer-talha/blackOptic/vendor/codeigniter4/framework/system/Debug/Toolbar/Collectors/History.php(78): unlink('/developers/dev...')
#2 /developers/developer-talha/blackOptic/vendor/codeigniter4/framework/system/Debug/Toolbar.php(480): CodeIgniter\Debug\Toolbar\Collectors\History->setFiles(1653889460, 20)
#3 /developers/developer-talha/blackOptic/vendor/codeigniter4/framework/system/Debug/Toolbar.php(452): CodeIgniter\Debug\Toolbar->format(Array, 'html')
#4 /developers/developer-talha/blackOptic/app/Config/Events.php(52): CodeIgniter\Debug\Toolbar->respond()
#5 [internal function]: CodeIgniter\Events\Events::Config\{closure}()
#6 /developers/developer-talha/blackOptic/vendor/codeigniter4/framework/system/Events/Events.php(166): call_user_func(Object(Closure))
#7 /developers/developer-talha/blackOptic/vendor/codeigniter4/framework/system/CodeIgniter.php(319): CodeIgniter\Events\Events::trigger('pre_system')
#8 /developers/developer-talha/blackOptic/public/index.php(37): CodeIgniter\CodeIgniter->run()
#9 {main}
CRITICAL - 2022-05-30 10:44:21 --> unlink(/developers/developer-talha/blackOptic/writable/debugbar/debugbar_1634991869.json): Operation not permitted
#0 [internal function]: CodeIgniter\Debug\Exceptions->errorHandler(2, 'unlink(/develop...', '/developers/dev...', 78, Array)
#1 /developers/developer-talha/blackOptic/vendor/codeigniter4/framework/system/Debug/Toolbar/Collectors/History.php(78): unlink('/developers/dev...')
#2 /developers/developer-talha/blackOptic/vendor/codeigniter4/framework/system/Debug/Toolbar.php(480): CodeIgniter\Debug\Toolbar\Collectors\History->setFiles(1653889458, 20)
#3 /developers/developer-talha/blackOptic/vendor/codeigniter4/framework/system/Debug/Toolbar.php(452): CodeIgniter\Debug\Toolbar->format(Array, 'html')
#4 /developers/developer-talha/blackOptic/app/Config/Events.php(52): CodeIgniter\Debug\Toolbar->respond()
#5 [internal function]: CodeIgniter\Events\Events::Config\{closure}()
#6 /developers/developer-talha/blackOptic/vendor/codeigniter4/framework/system/Events/Events.php(166): call_user_func(Object(Closure))
#7 /developers/developer-talha/blackOptic/vendor/codeigniter4/framework/system/CodeIgniter.php(319): CodeIgniter\Events\Events::trigger('pre_system')
#8 /developers/developer-talha/blackOptic/public/index.php(37): CodeIgniter\CodeIgniter->run()
#9 {main}
CRITICAL - 2022-05-30 10:44:26 --> unlink(/developers/developer-talha/blackOptic/writable/debugbar/debugbar_1634991869.json): Operation not permitted
#0 [internal function]: CodeIgniter\Debug\Exceptions->errorHandler(2, 'unlink(/develop...', '/developers/dev...', 78, Array)
#1 /developers/developer-talha/blackOptic/vendor/codeigniter4/framework/system/Debug/Toolbar/Collectors/History.php(78): unlink('/developers/dev...')
#2 /developers/developer-talha/blackOptic/vendor/codeigniter4/framework/system/Debug/Toolbar.php(480): CodeIgniter\Debug\Toolbar\Collectors\History->setFiles(1653889466, 20)
#3 /developers/developer-talha/blackOptic/vendor/codeigniter4/framework/system/Debug/Toolbar.php(452): CodeIgniter\Debug\Toolbar->format(Array, 'html')
#4 /developers/developer-talha/blackOptic/app/Config/Events.php(52): CodeIgniter\Debug\Toolbar->respond()
#5 [internal function]: CodeIgniter\Events\Events::Config\{closure}()
#6 /developers/developer-talha/blackOptic/vendor/codeigniter4/framework/system/Events/Events.php(166): call_user_func(Object(Closure))
#7 /developers/developer-talha/blackOptic/vendor/codeigniter4/framework/system/CodeIgniter.php(319): CodeIgniter\Events\Events::trigger('pre_system')
#8 /developers/developer-talha/blackOptic/public/index.php(37): CodeIgniter\CodeIgniter->run()
#9 {main}
CRITICAL - 2022-05-30 10:44:29 --> unlink(/developers/developer-talha/blackOptic/writable/debugbar/debugbar_1634991869.json): Operation not permitted
#0 [internal function]: CodeIgniter\Debug\Exceptions->errorHandler(2, 'unlink(/develop...', '/developers/dev...', 78, Array)
#1 /developers/developer-talha/blackOptic/vendor/codeigniter4/framework/system/Debug/Toolbar/Collectors/History.php(78): unlink('/developers/dev...')
#2 /developers/developer-talha/blackOptic/vendor/codeigniter4/framework/system/Debug/Toolbar.php(480): CodeIgniter\Debug\Toolbar\Collectors\History->setFiles(1653889469, 20)
#3 /developers/developer-talha/blackOptic/vendor/codeigniter4/framework/system/Debug/Toolbar.php(452): CodeIgniter\Debug\Toolbar->format(Array, 'html')
#4 /developers/developer-talha/blackOptic/app/Config/Events.php(52): CodeIgniter\Debug\Toolbar->respond()
#5 [internal function]: CodeIgniter\Events\Events::Config\{closure}()
#6 /developers/developer-talha/blackOptic/vendor/codeigniter4/framework/system/Events/Events.php(166): call_user_func(Object(Closure))
#7 /developers/developer-talha/blackOptic/vendor/codeigniter4/framework/system/CodeIgniter.php(319): CodeIgniter\Events\Events::trigger('pre_system')
#8 /developers/developer-talha/blackOptic/public/index.php(37): CodeIgniter\CodeIgniter->run()
#9 {main}
CRITICAL - 2022-05-30 10:44:30 --> unlink(/developers/developer-talha/blackOptic/writable/debugbar/debugbar_1634991869.json): Operation not permitted
#0 [internal function]: CodeIgniter\Debug\Exceptions->errorHandler(2, 'unlink(/develop...', '/developers/dev...', 78, Array)
#1 /developers/developer-talha/blackOptic/vendor/codeigniter4/framework/system/Debug/Toolbar/Collectors/History.php(78): unlink('/developers/dev...')
#2 /developers/developer-talha/blackOptic/vendor/codeigniter4/framework/system/Debug/Toolbar.php(480): CodeIgniter\Debug\Toolbar\Collectors\History->setFiles(1653889470, 20)
#3 /developers/developer-talha/blackOptic/vendor/codeigniter4/framework/system/Debug/Toolbar.php(452): CodeIgniter\Debug\Toolbar->format(Array, 'html')
#4 /developers/developer-talha/blackOptic/app/Config/Events.php(52): CodeIgniter\Debug\Toolbar->respond()
#5 [internal function]: CodeIgniter\Events\Events::Config\{closure}()
#6 /developers/developer-talha/blackOptic/vendor/codeigniter4/framework/system/Events/Events.php(166): call_user_func(Object(Closure))
#7 /developers/developer-talha/blackOptic/vendor/codeigniter4/framework/system/CodeIgniter.php(319): CodeIgniter\Events\Events::trigger('pre_system')
#8 /developers/developer-talha/blackOptic/public/index.php(37): CodeIgniter\CodeIgniter->run()
#9 {main}
CRITICAL - 2022-05-30 10:44:43 --> unlink(/developers/developer-talha/blackOptic/writable/debugbar/debugbar_1634991869.json): Operation not permitted
#0 [internal function]: CodeIgniter\Debug\Exceptions->errorHandler(2, 'unlink(/develop...', '/developers/dev...', 78, Array)
#1 /developers/developer-talha/blackOptic/vendor/codeigniter4/framework/system/Debug/Toolbar/Collectors/History.php(78): unlink('/developers/dev...')
#2 /developers/developer-talha/blackOptic/vendor/codeigniter4/framework/system/Debug/Toolbar.php(480): CodeIgniter\Debug\Toolbar\Collectors\History->setFiles(1653889482, 20)
#3 /developers/developer-talha/blackOptic/vendor/codeigniter4/framework/system/Debug/Toolbar.php(452): CodeIgniter\Debug\Toolbar->format(Array, 'html')
#4 /developers/developer-talha/blackOptic/app/Config/Events.php(52): CodeIgniter\Debug\Toolbar->respond()
#5 [internal function]: CodeIgniter\Events\Events::Config\{closure}()
#6 /developers/developer-talha/blackOptic/vendor/codeigniter4/framework/system/Events/Events.php(166): call_user_func(Object(Closure))
#7 /developers/developer-talha/blackOptic/vendor/codeigniter4/framework/system/CodeIgniter.php(319): CodeIgniter\Events\Events::trigger('pre_system')
#8 /developers/developer-talha/blackOptic/public/index.php(37): CodeIgniter\CodeIgniter->run()
#9 {main}
CRITICAL - 2022-05-30 10:44:47 --> unlink(/developers/developer-talha/blackOptic/writable/debugbar/debugbar_1634991869.json): Operation not permitted
#0 [internal function]: CodeIgniter\Debug\Exceptions->errorHandler(2, 'unlink(/develop...', '/developers/dev...', 78, Array)
#1 /developers/developer-talha/blackOptic/vendor/codeigniter4/framework/system/Debug/Toolbar/Collectors/History.php(78): unlink('/developers/dev...')
#2 /developers/developer-talha/blackOptic/vendor/codeigniter4/framework/system/Debug/Toolbar.php(480): CodeIgniter\Debug\Toolbar\Collectors\History->setFiles(1653889487, 20)
#3 /developers/developer-talha/blackOptic/vendor/codeigniter4/framework/system/Debug/Toolbar.php(452): CodeIgniter\Debug\Toolbar->format(Array, 'html')
#4 /developers/developer-talha/blackOptic/app/Config/Events.php(52): CodeIgniter\Debug\Toolbar->respond()
#5 [internal function]: CodeIgniter\Events\Events::Config\{closure}()
#6 /developers/developer-talha/blackOptic/vendor/codeigniter4/framework/system/Events/Events.php(166): call_user_func(Object(Closure))
#7 /developers/developer-talha/blackOptic/vendor/codeigniter4/framework/system/CodeIgniter.php(319): CodeIgniter\Events\Events::trigger('pre_system')
#8 /developers/developer-talha/blackOptic/public/index.php(37): CodeIgniter\CodeIgniter->run()
#9 {main}
CRITICAL - 2022-05-30 10:44:51 --> unlink(/developers/developer-talha/blackOptic/writable/debugbar/debugbar_1634991869.json): Operation not permitted
#0 [internal function]: CodeIgniter\Debug\Exceptions->errorHandler(2, 'unlink(/develop...', '/developers/dev...', 78, Array)
#1 /developers/developer-talha/blackOptic/vendor/codeigniter4/framework/system/Debug/Toolbar/Collectors/History.php(78): unlink('/developers/dev...')
#2 /developers/developer-talha/blackOptic/vendor/codeigniter4/framework/system/Debug/Toolbar.php(480): CodeIgniter\Debug\Toolbar\Collectors\History->setFiles(1653889491, 20)
#3 /developers/developer-talha/blackOptic/vendor/codeigniter4/framework/system/Debug/Toolbar.php(452): CodeIgniter\Debug\Toolbar->format(Array, 'html')
#4 /developers/developer-talha/blackOptic/app/Config/Events.php(52): CodeIgniter\Debug\Toolbar->respond()
#5 [internal function]: CodeIgniter\Events\Events::Config\{closure}()
#6 /developers/developer-talha/blackOptic/vendor/codeigniter4/framework/system/Events/Events.php(166): call_user_func(Object(Closure))
#7 /developers/developer-talha/blackOptic/vendor/codeigniter4/framework/system/CodeIgniter.php(319): CodeIgniter\Events\Events::trigger('pre_system')
#8 /developers/developer-talha/blackOptic/public/index.php(37): CodeIgniter\CodeIgniter->run()
#9 {main}
CRITICAL - 2022-05-30 10:44:52 --> unlink(/developers/developer-talha/blackOptic/writable/debugbar/debugbar_1634991869.json): Operation not permitted
#0 [internal function]: CodeIgniter\Debug\Exceptions->errorHandler(2, 'unlink(/develop...', '/developers/dev...', 78, Array)
#1 /developers/developer-talha/blackOptic/vendor/codeigniter4/framework/system/Debug/Toolbar/Collectors/History.php(78): unlink('/developers/dev...')
#2 /developers/developer-talha/blackOptic/vendor/codeigniter4/framework/system/Debug/Toolbar.php(480): CodeIgniter\Debug\Toolbar\Collectors\History->setFiles(1653889492, 20)
#3 /developers/developer-talha/blackOptic/vendor/codeigniter4/framework/system/Debug/Toolbar.php(452): CodeIgniter\Debug\Toolbar->format(Array, 'html')
#4 /developers/developer-talha/blackOptic/app/Config/Events.php(52): CodeIgniter\Debug\Toolbar->respond()
#5 [internal function]: CodeIgniter\Events\Events::Config\{closure}()
#6 /developers/developer-talha/blackOptic/vendor/codeigniter4/framework/system/Events/Events.php(166): call_user_func(Object(Closure))
#7 /developers/developer-talha/blackOptic/vendor/codeigniter4/framework/system/CodeIgniter.php(319): CodeIgniter\Events\Events::trigger('pre_system')
#8 /developers/developer-talha/blackOptic/public/index.php(37): CodeIgniter\CodeIgniter->run()
#9 {main}
CRITICAL - 2022-05-30 10:45:11 --> unlink(/developers/developer-talha/blackOptic/writable/debugbar/debugbar_1634991869.json): Operation not permitted
#0 [internal function]: CodeIgniter\Debug\Exceptions->errorHandler(2, 'unlink(/develop...', '/developers/dev...', 78, Array)
#1 /developers/developer-talha/blackOptic/vendor/codeigniter4/framework/system/Debug/Toolbar/Collectors/History.php(78): unlink('/developers/dev...')
#2 /developers/developer-talha/blackOptic/vendor/codeigniter4/framework/system/Debug/Toolbar.php(480): CodeIgniter\Debug\Toolbar\Collectors\History->setFiles(1653889511, 20)
#3 /developers/developer-talha/blackOptic/vendor/codeigniter4/framework/system/Debug/Toolbar.php(452): CodeIgniter\Debug\Toolbar->format(Array, 'html')
#4 /developers/developer-talha/blackOptic/app/Config/Events.php(52): CodeIgniter\Debug\Toolbar->respond()
#5 [internal function]: CodeIgniter\Events\Events::Config\{closure}()
#6 /developers/developer-talha/blackOptic/vendor/codeigniter4/framework/system/Events/Events.php(166): call_user_func(Object(Closure))
#7 /developers/developer-talha/blackOptic/vendor/codeigniter4/framework/system/CodeIgniter.php(319): CodeIgniter\Events\Events::trigger('pre_system')
#8 /developers/developer-talha/blackOptic/public/index.php(37): CodeIgniter\CodeIgniter->run()
#9 {main}
CRITICAL - 2022-05-30 10:45:16 --> unlink(/developers/developer-talha/blackOptic/writable/debugbar/debugbar_1634991869.json): Operation not permitted
#0 [internal function]: CodeIgniter\Debug\Exceptions->errorHandler(2, 'unlink(/develop...', '/developers/dev...', 78, Array)
#1 /developers/developer-talha/blackOptic/vendor/codeigniter4/framework/system/Debug/Toolbar/Collectors/History.php(78): unlink('/developers/dev...')
#2 /developers/developer-talha/blackOptic/vendor/codeigniter4/framework/system/Debug/Toolbar.php(480): CodeIgniter\Debug\Toolbar\Collectors\History->setFiles(1653889516, 20)
#3 /developers/developer-talha/blackOptic/vendor/codeigniter4/framework/system/Debug/Toolbar.php(452): CodeIgniter\Debug\Toolbar->format(Array, 'html')
#4 /developers/developer-talha/blackOptic/app/Config/Events.php(52): CodeIgniter\Debug\Toolbar->respond()
#5 [internal function]: CodeIgniter\Events\Events::Config\{closure}()
#6 /developers/developer-talha/blackOptic/vendor/codeigniter4/framework/system/Events/Events.php(166): call_user_func(Object(Closure))
#7 /developers/developer-talha/blackOptic/vendor/codeigniter4/framework/system/CodeIgniter.php(319): CodeIgniter\Events\Events::trigger('pre_system')
#8 /developers/developer-talha/blackOptic/public/index.php(37): CodeIgniter\CodeIgniter->run()
#9 {main}
CRITICAL - 2022-05-30 10:45:25 --> unlink(/developers/developer-talha/blackOptic/writable/debugbar/debugbar_1634991869.json): Operation not permitted
#0 [internal function]: CodeIgniter\Debug\Exceptions->errorHandler(2, 'unlink(/develop...', '/developers/dev...', 78, Array)
#1 /developers/developer-talha/blackOptic/vendor/codeigniter4/framework/system/Debug/Toolbar/Collectors/History.php(78): unlink('/developers/dev...')
#2 /developers/developer-talha/blackOptic/vendor/codeigniter4/framework/system/Debug/Toolbar.php(480): CodeIgniter\Debug\Toolbar\Collectors\History->setFiles(1653889525, 20)
#3 /developers/developer-talha/blackOptic/vendor/codeigniter4/framework/system/Debug/Toolbar.php(452): CodeIgniter\Debug\Toolbar->format(Array, 'html')
#4 /developers/developer-talha/blackOptic/app/Config/Events.php(52): CodeIgniter\Debug\Toolbar->respond()
#5 [internal function]: CodeIgniter\Events\Events::Config\{closure}()
#6 /developers/developer-talha/blackOptic/vendor/codeigniter4/framework/system/Events/Events.php(166): call_user_func(Object(Closure))
#7 /developers/developer-talha/blackOptic/vendor/codeigniter4/framework/system/CodeIgniter.php(319): CodeIgniter\Events\Events::trigger('pre_system')
#8 /developers/developer-talha/blackOptic/public/index.php(37): CodeIgniter\CodeIgniter->run()
#9 {main}
CRITICAL - 2022-05-30 10:45:26 --> unlink(/developers/developer-talha/blackOptic/writable/debugbar/debugbar_1634991869.json): Operation not permitted
#0 [internal function]: CodeIgniter\Debug\Exceptions->errorHandler(2, 'unlink(/develop...', '/developers/dev...', 78, Array)
#1 /developers/developer-talha/blackOptic/vendor/codeigniter4/framework/system/Debug/Toolbar/Collectors/History.php(78): unlink('/developers/dev...')
#2 /developers/developer-talha/blackOptic/vendor/codeigniter4/framework/system/Debug/Toolbar.php(480): CodeIgniter\Debug\Toolbar\Collectors\History->setFiles(1653889526, 20)
#3 /developers/developer-talha/blackOptic/vendor/codeigniter4/framework/system/Debug/Toolbar.php(452): CodeIgniter\Debug\Toolbar->format(Array, 'html')
#4 /developers/developer-talha/blackOptic/app/Config/Events.php(52): CodeIgniter\Debug\Toolbar->respond()
#5 [internal function]: CodeIgniter\Events\Events::Config\{closure}()
#6 /developers/developer-talha/blackOptic/vendor/codeigniter4/framework/system/Events/Events.php(166): call_user_func(Object(Closure))
#7 /developers/developer-talha/blackOptic/vendor/codeigniter4/framework/system/CodeIgniter.php(319): CodeIgniter\Events\Events::trigger('pre_system')
#8 /developers/developer-talha/blackOptic/public/index.php(37): CodeIgniter\CodeIgniter->run()
#9 {main}
CRITICAL - 2022-05-30 10:45:48 --> unlink(/developers/developer-talha/blackOptic/writable/debugbar/debugbar_1634991869.json): Operation not permitted
#0 [internal function]: CodeIgniter\Debug\Exceptions->errorHandler(2, 'unlink(/develop...', '/developers/dev...', 78, Array)
#1 /developers/developer-talha/blackOptic/vendor/codeigniter4/framework/system/Debug/Toolbar/Collectors/History.php(78): unlink('/developers/dev...')
#2 /developers/developer-talha/blackOptic/vendor/codeigniter4/framework/system/Debug/Toolbar.php(480): CodeIgniter\Debug\Toolbar\Collectors\History->setFiles(1653889548, 20)
#3 /developers/developer-talha/blackOptic/vendor/codeigniter4/framework/system/Debug/Toolbar.php(452): CodeIgniter\Debug\Toolbar->format(Array, 'html')
#4 /developers/developer-talha/blackOptic/app/Config/Events.php(52): CodeIgniter\Debug\Toolbar->respond()
#5 [internal function]: CodeIgniter\Events\Events::Config\{closure}()
#6 /developers/developer-talha/blackOptic/vendor/codeigniter4/framework/system/Events/Events.php(166): call_user_func(Object(Closure))
#7 /developers/developer-talha/blackOptic/vendor/codeigniter4/framework/system/CodeIgniter.php(319): CodeIgniter\Events\Events::trigger('pre_system')
#8 /developers/developer-talha/blackOptic/public/index.php(37): CodeIgniter\CodeIgniter->run()
#9 {main}
CRITICAL - 2022-05-30 10:45:56 --> unlink(/developers/developer-talha/blackOptic/writable/debugbar/debugbar_1634991869.json): Operation not permitted
#0 [internal function]: CodeIgniter\Debug\Exceptions->errorHandler(2, 'unlink(/develop...', '/developers/dev...', 78, Array)
#1 /developers/developer-talha/blackOptic/vendor/codeigniter4/framework/system/Debug/Toolbar/Collectors/History.php(78): unlink('/developers/dev...')
#2 /developers/developer-talha/blackOptic/vendor/codeigniter4/framework/system/Debug/Toolbar.php(480): CodeIgniter\Debug\Toolbar\Collectors\History->setFiles(1653889556, 20)
#3 /developers/developer-talha/blackOptic/vendor/codeigniter4/framework/system/Debug/Toolbar.php(452): CodeIgniter\Debug\Toolbar->format(Array, 'html')
#4 /developers/developer-talha/blackOptic/app/Config/Events.php(52): CodeIgniter\Debug\Toolbar->respond()
#5 [internal function]: CodeIgniter\Events\Events::Config\{closure}()
#6 /developers/developer-talha/blackOptic/vendor/codeigniter4/framework/system/Events/Events.php(166): call_user_func(Object(Closure))
#7 /developers/developer-talha/blackOptic/vendor/codeigniter4/framework/system/CodeIgniter.php(319): CodeIgniter\Events\Events::trigger('pre_system')
#8 /developers/developer-talha/blackOptic/public/index.php(37): CodeIgniter\CodeIgniter->run()
#9 {main}
CRITICAL - 2022-05-30 10:46:03 --> unlink(/developers/developer-talha/blackOptic/writable/debugbar/debugbar_1634991869.json): Operation not permitted
#0 [internal function]: CodeIgniter\Debug\Exceptions->errorHandler(2, 'unlink(/develop...', '/developers/dev...', 78, Array)
#1 /developers/developer-talha/blackOptic/vendor/codeigniter4/framework/system/Debug/Toolbar/Collectors/History.php(78): unlink('/developers/dev...')
#2 /developers/developer-talha/blackOptic/vendor/codeigniter4/framework/system/Debug/Toolbar.php(480): CodeIgniter\Debug\Toolbar\Collectors\History->setFiles(1653889562, 20)
#3 /developers/developer-talha/blackOptic/vendor/codeigniter4/framework/system/Debug/Toolbar.php(452): CodeIgniter\Debug\Toolbar->format(Array, 'html')
#4 /developers/developer-talha/blackOptic/app/Config/Events.php(52): CodeIgniter\Debug\Toolbar->respond()
#5 [internal function]: CodeIgniter\Events\Events::Config\{closure}()
#6 /developers/developer-talha/blackOptic/vendor/codeigniter4/framework/system/Events/Events.php(166): call_user_func(Object(Closure))
#7 /developers/developer-talha/blackOptic/vendor/codeigniter4/framework/system/CodeIgniter.php(319): CodeIgniter\Events\Events::trigger('pre_system')
#8 /developers/developer-talha/blackOptic/public/index.php(37): CodeIgniter\CodeIgniter->run()
#9 {main}
CRITICAL - 2022-05-30 10:46:21 --> unlink(/developers/developer-talha/blackOptic/writable/debugbar/debugbar_1634991869.json): Operation not permitted
#0 [internal function]: CodeIgniter\Debug\Exceptions->errorHandler(2, 'unlink(/develop...', '/developers/dev...', 78, Array)
#1 /developers/developer-talha/blackOptic/vendor/codeigniter4/framework/system/Debug/Toolbar/Collectors/History.php(78): unlink('/developers/dev...')
#2 /developers/developer-talha/blackOptic/vendor/codeigniter4/framework/system/Debug/Toolbar.php(480): CodeIgniter\Debug\Toolbar\Collectors\History->setFiles(1653889580, 20)
#3 /developers/developer-talha/blackOptic/vendor/codeigniter4/framework/system/Debug/Toolbar.php(452): CodeIgniter\Debug\Toolbar->format(Array, 'html')
#4 /developers/developer-talha/blackOptic/app/Config/Events.php(52): CodeIgniter\Debug\Toolbar->respond()
#5 [internal function]: CodeIgniter\Events\Events::Config\{closure}()
#6 /developers/developer-talha/blackOptic/vendor/codeigniter4/framework/system/Events/Events.php(166): call_user_func(Object(Closure))
#7 /developers/developer-talha/blackOptic/vendor/codeigniter4/framework/system/CodeIgniter.php(319): CodeIgniter\Events\Events::trigger('pre_system')
#8 /developers/developer-talha/blackOptic/public/index.php(37): CodeIgniter\CodeIgniter->run()
#9 {main}
CRITICAL - 2022-05-30 10:46:25 --> unlink(/developers/developer-talha/blackOptic/writable/debugbar/debugbar_1634991869.json): Operation not permitted
#0 [internal function]: CodeIgniter\Debug\Exceptions->errorHandler(2, 'unlink(/develop...', '/developers/dev...', 78, Array)
#1 /developers/developer-talha/blackOptic/vendor/codeigniter4/framework/system/Debug/Toolbar/Collectors/History.php(78): unlink('/developers/dev...')
#2 /developers/developer-talha/blackOptic/vendor/codeigniter4/framework/system/Debug/Toolbar.php(480): CodeIgniter\Debug\Toolbar\Collectors\History->setFiles(1653889584, 20)
#3 /developers/developer-talha/blackOptic/vendor/codeigniter4/framework/system/Debug/Toolbar.php(452): CodeIgniter\Debug\Toolbar->format(Array, 'html')
#4 /developers/developer-talha/blackOptic/app/Config/Events.php(52): CodeIgniter\Debug\Toolbar->respond()
#5 [internal function]: CodeIgniter\Events\Events::Config\{closure}()
#6 /developers/developer-talha/blackOptic/vendor/codeigniter4/framework/system/Events/Events.php(166): call_user_func(Object(Closure))
#7 /developers/developer-talha/blackOptic/vendor/codeigniter4/framework/system/CodeIgniter.php(319): CodeIgniter\Events\Events::trigger('pre_system')
#8 /developers/developer-talha/blackOptic/public/index.php(37): CodeIgniter\CodeIgniter->run()
#9 {main}
CRITICAL - 2022-05-30 10:58:06 --> unlink(/developers/developer-talha/blackOptic/writable/debugbar/debugbar_1634991869.json): Operation not permitted
#0 [internal function]: CodeIgniter\Debug\Exceptions->errorHandler(2, 'unlink(/develop...', '/developers/dev...', 78, Array)
#1 /developers/developer-talha/blackOptic/vendor/codeigniter4/framework/system/Debug/Toolbar/Collectors/History.php(78): unlink('/developers/dev...')
#2 /developers/developer-talha/blackOptic/vendor/codeigniter4/framework/system/Debug/Toolbar.php(480): CodeIgniter\Debug\Toolbar\Collectors\History->setFiles(1653890286, 20)
#3 /developers/developer-talha/blackOptic/vendor/codeigniter4/framework/system/Debug/Toolbar.php(452): CodeIgniter\Debug\Toolbar->format(Array, 'html')
#4 /developers/developer-talha/blackOptic/app/Config/Events.php(52): CodeIgniter\Debug\Toolbar->respond()
#5 [internal function]: CodeIgniter\Events\Events::Config\{closure}()
#6 /developers/developer-talha/blackOptic/vendor/codeigniter4/framework/system/Events/Events.php(166): call_user_func(Object(Closure))
#7 /developers/developer-talha/blackOptic/vendor/codeigniter4/framework/system/CodeIgniter.php(319): CodeIgniter\Events\Events::trigger('pre_system')
#8 /developers/developer-talha/blackOptic/public/index.php(37): CodeIgniter\CodeIgniter->run()
#9 {main}
CRITICAL - 2022-05-30 10:58:18 --> unlink(/developers/developer-talha/blackOptic/writable/debugbar/debugbar_1634991869.json): Operation not permitted
#0 [internal function]: CodeIgniter\Debug\Exceptions->errorHandler(2, 'unlink(/develop...', '/developers/dev...', 78, Array)
#1 /developers/developer-talha/blackOptic/vendor/codeigniter4/framework/system/Debug/Toolbar/Collectors/History.php(78): unlink('/developers/dev...')
#2 /developers/developer-talha/blackOptic/vendor/codeigniter4/framework/system/Debug/Toolbar.php(480): CodeIgniter\Debug\Toolbar\Collectors\History->setFiles(1653890298, 20)
#3 /developers/developer-talha/blackOptic/vendor/codeigniter4/framework/system/Debug/Toolbar.php(452): CodeIgniter\Debug\Toolbar->format(Array, 'html')
#4 /developers/developer-talha/blackOptic/app/Config/Events.php(52): CodeIgniter\Debug\Toolbar->respond()
#5 [internal function]: CodeIgniter\Events\Events::Config\{closure}()
#6 /developers/developer-talha/blackOptic/vendor/codeigniter4/framework/system/Events/Events.php(166): call_user_func(Object(Closure))
#7 /developers/developer-talha/blackOptic/vendor/codeigniter4/framework/system/CodeIgniter.php(319): CodeIgniter\Events\Events::trigger('pre_system')
#8 /developers/developer-talha/blackOptic/public/index.php(37): CodeIgniter\CodeIgniter->run()
#9 {main}
CRITICAL - 2022-05-30 10:58:23 --> unlink(/developers/developer-talha/blackOptic/writable/debugbar/debugbar_1634991869.json): Operation not permitted
#0 [internal function]: CodeIgniter\Debug\Exceptions->errorHandler(2, 'unlink(/develop...', '/developers/dev...', 78, Array)
#1 /developers/developer-talha/blackOptic/vendor/codeigniter4/framework/system/Debug/Toolbar/Collectors/History.php(78): unlink('/developers/dev...')
#2 /developers/developer-talha/blackOptic/vendor/codeigniter4/framework/system/Debug/Toolbar.php(480): CodeIgniter\Debug\Toolbar\Collectors\History->setFiles(1653890303, 20)
#3 /developers/developer-talha/blackOptic/vendor/codeigniter4/framework/system/Debug/Toolbar.php(452): CodeIgniter\Debug\Toolbar->format(Array, 'html')
#4 /developers/developer-talha/blackOptic/app/Config/Events.php(52): CodeIgniter\Debug\Toolbar->respond()
#5 [internal function]: CodeIgniter\Events\Events::Config\{closure}()
#6 /developers/developer-talha/blackOptic/vendor/codeigniter4/framework/system/Events/Events.php(166): call_user_func(Object(Closure))
#7 /developers/developer-talha/blackOptic/vendor/codeigniter4/framework/system/CodeIgniter.php(319): CodeIgniter\Events\Events::trigger('pre_system')
#8 /developers/developer-talha/blackOptic/public/index.php(37): CodeIgniter\CodeIgniter->run()
#9 {main}
CRITICAL - 2022-05-30 10:58:48 --> unlink(/developers/developer-talha/blackOptic/writable/debugbar/debugbar_1634991869.json): Operation not permitted
#0 [internal function]: CodeIgniter\Debug\Exceptions->errorHandler(2, 'unlink(/develop...', '/developers/dev...', 78, Array)
#1 /developers/developer-talha/blackOptic/vendor/codeigniter4/framework/system/Debug/Toolbar/Collectors/History.php(78): unlink('/developers/dev...')
#2 /developers/developer-talha/blackOptic/vendor/codeigniter4/framework/system/Debug/Toolbar.php(480): CodeIgniter\Debug\Toolbar\Collectors\History->setFiles(1653890327, 20)
#3 /developers/developer-talha/blackOptic/vendor/codeigniter4/framework/system/Debug/Toolbar.php(452): CodeIgniter\Debug\Toolbar->format(Array, 'html')
#4 /developers/developer-talha/blackOptic/app/Config/Events.php(52): CodeIgniter\Debug\Toolbar->respond()
#5 [internal function]: CodeIgniter\Events\Events::Config\{closure}()
#6 /developers/developer-talha/blackOptic/vendor/codeigniter4/framework/system/Events/Events.php(166): call_user_func(Object(Closure))
#7 /developers/developer-talha/blackOptic/vendor/codeigniter4/framework/system/CodeIgniter.php(319): CodeIgniter\Events\Events::trigger('pre_system')
#8 /developers/developer-talha/blackOptic/public/index.php(37): CodeIgniter\CodeIgniter->run()
#9 {main}
CRITICAL - 2022-05-30 10:58:53 --> unlink(/developers/developer-talha/blackOptic/writable/debugbar/debugbar_1634991869.json): Operation not permitted
#0 [internal function]: CodeIgniter\Debug\Exceptions->errorHandler(2, 'unlink(/develop...', '/developers/dev...', 78, Array)
#1 /developers/developer-talha/blackOptic/vendor/codeigniter4/framework/system/Debug/Toolbar/Collectors/History.php(78): unlink('/developers/dev...')
#2 /developers/developer-talha/blackOptic/vendor/codeigniter4/framework/system/Debug/Toolbar.php(480): CodeIgniter\Debug\Toolbar\Collectors\History->setFiles(1653890333, 20)
#3 /developers/developer-talha/blackOptic/vendor/codeigniter4/framework/system/Debug/Toolbar.php(452): CodeIgniter\Debug\Toolbar->format(Array, 'html')
#4 /developers/developer-talha/blackOptic/app/Config/Events.php(52): CodeIgniter\Debug\Toolbar->respond()
#5 [internal function]: CodeIgniter\Events\Events::Config\{closure}()
#6 /developers/developer-talha/blackOptic/vendor/codeigniter4/framework/system/Events/Events.php(166): call_user_func(Object(Closure))
#7 /developers/developer-talha/blackOptic/vendor/codeigniter4/framework/system/CodeIgniter.php(319): CodeIgniter\Events\Events::trigger('pre_system')
#8 /developers/developer-talha/blackOptic/public/index.php(37): CodeIgniter\CodeIgniter->run()
#9 {main}
CRITICAL - 2022-05-30 10:59:07 --> unlink(/developers/developer-talha/blackOptic/writable/debugbar/debugbar_1634991869.json): Operation not permitted
#0 [internal function]: CodeIgniter\Debug\Exceptions->errorHandler(2, 'unlink(/develop...', '/developers/dev...', 78, Array)
#1 /developers/developer-talha/blackOptic/vendor/codeigniter4/framework/system/Debug/Toolbar/Collectors/History.php(78): unlink('/developers/dev...')
#2 /developers/developer-talha/blackOptic/vendor/codeigniter4/framework/system/Debug/Toolbar.php(480): CodeIgniter\Debug\Toolbar\Collectors\History->setFiles(1653890346, 20)
#3 /developers/developer-talha/blackOptic/vendor/codeigniter4/framework/system/Debug/Toolbar.php(452): CodeIgniter\Debug\Toolbar->format(Array, 'html')
#4 /developers/developer-talha/blackOptic/app/Config/Events.php(52): CodeIgniter\Debug\Toolbar->respond()
#5 [internal function]: CodeIgniter\Events\Events::Config\{closure}()
#6 /developers/developer-talha/blackOptic/vendor/codeigniter4/framework/system/Events/Events.php(166): call_user_func(Object(Closure))
#7 /developers/developer-talha/blackOptic/vendor/codeigniter4/framework/system/CodeIgniter.php(319): CodeIgniter\Events\Events::trigger('pre_system')
#8 /developers/developer-talha/blackOptic/public/index.php(37): CodeIgniter\CodeIgniter->run()
#9 {main}
CRITICAL - 2022-05-30 10:59:10 --> unlink(/developers/developer-talha/blackOptic/writable/debugbar/debugbar_1634991869.json): Operation not permitted
#0 [internal function]: CodeIgniter\Debug\Exceptions->errorHandler(2, 'unlink(/develop...', '/developers/dev...', 78, Array)
#1 /developers/developer-talha/blackOptic/vendor/codeigniter4/framework/system/Debug/Toolbar/Collectors/History.php(78): unlink('/developers/dev...')
#2 /developers/developer-talha/blackOptic/vendor/codeigniter4/framework/system/Debug/Toolbar.php(480): CodeIgniter\Debug\Toolbar\Collectors\History->setFiles(1653890349, 20)
#3 /developers/developer-talha/blackOptic/vendor/codeigniter4/framework/system/Debug/Toolbar.php(452): CodeIgniter\Debug\Toolbar->format(Array, 'html')
#4 /developers/developer-talha/blackOptic/app/Config/Events.php(52): CodeIgniter\Debug\Toolbar->respond()
#5 [internal function]: CodeIgniter\Events\Events::Config\{closure}()
#6 /developers/developer-talha/blackOptic/vendor/codeigniter4/framework/system/Events/Events.php(166): call_user_func(Object(Closure))
#7 /developers/developer-talha/blackOptic/vendor/codeigniter4/framework/system/CodeIgniter.php(319): CodeIgniter\Events\Events::trigger('pre_system')
#8 /developers/developer-talha/blackOptic/public/index.php(37): CodeIgniter\CodeIgniter->run()
#9 {main}
CRITICAL - 2022-05-30 11:02:13 --> unlink(/developers/developer-talha/blackOptic/writable/debugbar/debugbar_1634991869.json): Operation not permitted
#0 [internal function]: CodeIgniter\Debug\Exceptions->errorHandler(2, 'unlink(/develop...', '/developers/dev...', 78, Array)
#1 /developers/developer-talha/blackOptic/vendor/codeigniter4/framework/system/Debug/Toolbar/Collectors/History.php(78): unlink('/developers/dev...')
#2 /developers/developer-talha/blackOptic/vendor/codeigniter4/framework/system/Debug/Toolbar.php(480): CodeIgniter\Debug\Toolbar\Collectors\History->setFiles(1653890532, 20)
#3 /developers/developer-talha/blackOptic/vendor/codeigniter4/framework/system/Debug/Toolbar.php(452): CodeIgniter\Debug\Toolbar->format(Array, 'html')
#4 /developers/developer-talha/blackOptic/app/Config/Events.php(52): CodeIgniter\Debug\Toolbar->respond()
#5 [internal function]: CodeIgniter\Events\Events::Config\{closure}()
#6 /developers/developer-talha/blackOptic/vendor/codeigniter4/framework/system/Events/Events.php(166): call_user_func(Object(Closure))
#7 /developers/developer-talha/blackOptic/vendor/codeigniter4/framework/system/CodeIgniter.php(319): CodeIgniter\Events\Events::trigger('pre_system')
#8 /developers/developer-talha/blackOptic/public/index.php(37): CodeIgniter\CodeIgniter->run()
#9 {main}
CRITICAL - 2022-05-30 11:12:44 --> unlink(/developers/developer-talha/blackOptic/writable/debugbar/debugbar_1634991869.json): Operation not permitted
#0 [internal function]: CodeIgniter\Debug\Exceptions->errorHandler(2, 'unlink(/develop...', '/developers/dev...', 78, Array)
#1 /developers/developer-talha/blackOptic/vendor/codeigniter4/framework/system/Debug/Toolbar/Collectors/History.php(78): unlink('/developers/dev...')
#2 /developers/developer-talha/blackOptic/vendor/codeigniter4/framework/system/Debug/Toolbar.php(480): CodeIgniter\Debug\Toolbar\Collectors\History->setFiles(1653891164, 20)
#3 /developers/developer-talha/blackOptic/vendor/codeigniter4/framework/system/Debug/Toolbar.php(452): CodeIgniter\Debug\Toolbar->format(Array, 'html')
#4 /developers/developer-talha/blackOptic/app/Config/Events.php(52): CodeIgniter\Debug\Toolbar->respond()
#5 [internal function]: CodeIgniter\Events\Events::Config\{closure}()
#6 /developers/developer-talha/blackOptic/vendor/codeigniter4/framework/system/Events/Events.php(166): call_user_func(Object(Closure))
#7 /developers/developer-talha/blackOptic/vendor/codeigniter4/framework/system/CodeIgniter.php(319): CodeIgniter\Events\Events::trigger('pre_system')
#8 /developers/developer-talha/blackOptic/public/index.php(37): CodeIgniter\CodeIgniter->run()
#9 {main}
CRITICAL - 2022-05-30 11:12:47 --> unlink(/developers/developer-talha/blackOptic/writable/debugbar/debugbar_1634991869.json): Operation not permitted
#0 [internal function]: CodeIgniter\Debug\Exceptions->errorHandler(2, 'unlink(/develop...', '/developers/dev...', 78, Array)
#1 /developers/developer-talha/blackOptic/vendor/codeigniter4/framework/system/Debug/Toolbar/Collectors/History.php(78): unlink('/developers/dev...')
#2 /developers/developer-talha/blackOptic/vendor/codeigniter4/framework/system/Debug/Toolbar.php(480): CodeIgniter\Debug\Toolbar\Collectors\History->setFiles(1653891164, 20)
#3 /developers/developer-talha/blackOptic/vendor/codeigniter4/framework/system/Debug/Toolbar.php(452): CodeIgniter\Debug\Toolbar->format(Array, 'html')
#4 /developers/developer-talha/blackOptic/app/Config/Events.php(52): CodeIgniter\Debug\Toolbar->respond()
#5 [internal function]: CodeIgniter\Events\Events::Config\{closure}()
#6 /developers/developer-talha/blackOptic/vendor/codeigniter4/framework/system/Events/Events.php(166): call_user_func(Object(Closure))
#7 /developers/developer-talha/blackOptic/vendor/codeigniter4/framework/system/CodeIgniter.php(319): CodeIgniter\Events\Events::trigger('pre_system')
#8 /developers/developer-talha/blackOptic/public/index.php(37): CodeIgniter\CodeIgniter->run()
#9 {main}
CRITICAL - 2022-05-30 11:40:56 --> unlink(/developers/developer-talha/blackOptic/writable/debugbar/debugbar_1634991869.json): Operation not permitted
#0 [internal function]: CodeIgniter\Debug\Exceptions->errorHandler(2, 'unlink(/develop...', '/developers/dev...', 78, Array)
#1 /developers/developer-talha/blackOptic/vendor/codeigniter4/framework/system/Debug/Toolbar/Collectors/History.php(78): unlink('/developers/dev...')
#2 /developers/developer-talha/blackOptic/vendor/codeigniter4/framework/system/Debug/Toolbar.php(480): CodeIgniter\Debug\Toolbar\Collectors\History->setFiles(1653892854, 20)
#3 /developers/developer-talha/blackOptic/vendor/codeigniter4/framework/system/Debug/Toolbar.php(452): CodeIgniter\Debug\Toolbar->format(Array, 'html')
#4 /developers/developer-talha/blackOptic/app/Config/Events.php(52): CodeIgniter\Debug\Toolbar->respond()
#5 [internal function]: CodeIgniter\Events\Events::Config\{closure}()
#6 /developers/developer-talha/blackOptic/vendor/codeigniter4/framework/system/Events/Events.php(166): call_user_func(Object(Closure))
#7 /developers/developer-talha/blackOptic/vendor/codeigniter4/framework/system/CodeIgniter.php(319): CodeIgniter\Events\Events::trigger('pre_system')
#8 /developers/developer-talha/blackOptic/public/index.php(37): CodeIgniter\CodeIgniter->run()
#9 {main}
CRITICAL - 2022-05-30 11:56:40 --> unlink(/developers/developer-talha/blackOptic/writable/debugbar/debugbar_1634991869.json): Operation not permitted
#0 [internal function]: CodeIgniter\Debug\Exceptions->errorHandler(2, 'unlink(/develop...', '/developers/dev...', 78, Array)
#1 /developers/developer-talha/blackOptic/vendor/codeigniter4/framework/system/Debug/Toolbar/Collectors/History.php(78): unlink('/developers/dev...')
#2 /developers/developer-talha/blackOptic/vendor/codeigniter4/framework/system/Debug/Toolbar.php(480): CodeIgniter\Debug\Toolbar\Collectors\History->setFiles(1653893797, 20)
#3 /developers/developer-talha/blackOptic/vendor/codeigniter4/framework/system/Debug/Toolbar.php(452): CodeIgniter\Debug\Toolbar->format(Array, 'html')
#4 /developers/developer-talha/blackOptic/app/Config/Events.php(52): CodeIgniter\Debug\Toolbar->respond()
#5 [internal function]: CodeIgniter\Events\Events::Config\{closure}()
#6 /developers/developer-talha/blackOptic/vendor/codeigniter4/framework/system/Events/Events.php(166): call_user_func(Object(Closure))
#7 /developers/developer-talha/blackOptic/vendor/codeigniter4/framework/system/CodeIgniter.php(319): CodeIgniter\Events\Events::trigger('pre_system')
#8 /developers/developer-talha/blackOptic/public/index.php(37): CodeIgniter\CodeIgniter->run()
#9 {main}
CRITICAL - 2022-05-30 15:34:55 --> unlink(/developers/developer-talha/blackOptic/writable/debugbar/debugbar_1634991869.json): Operation not permitted
#0 [internal function]: CodeIgniter\Debug\Exceptions->errorHandler(2, 'unlink(/develop...', '/developers/dev...', 78, Array)
#1 /developers/developer-talha/blackOptic/vendor/codeigniter4/framework/system/Debug/Toolbar/Collectors/History.php(78): unlink('/developers/dev...')
#2 /developers/developer-talha/blackOptic/vendor/codeigniter4/framework/system/Debug/Toolbar.php(480): CodeIgniter\Debug\Toolbar\Collectors\History->setFiles(1653906894, 20)
#3 /developers/developer-talha/blackOptic/vendor/codeigniter4/framework/system/Debug/Toolbar.php(452): CodeIgniter\Debug\Toolbar->format(Array, 'html')
#4 /developers/developer-talha/blackOptic/app/Config/Events.php(52): CodeIgniter\Debug\Toolbar->respond()
#5 [internal function]: CodeIgniter\Events\Events::Config\{closure}()
#6 /developers/developer-talha/blackOptic/vendor/codeigniter4/framework/system/Events/Events.php(166): call_user_func(Object(Closure))
#7 /developers/developer-talha/blackOptic/vendor/codeigniter4/framework/system/CodeIgniter.php(319): CodeIgniter\Events\Events::trigger('pre_system')
#8 /developers/developer-talha/blackOptic/public/index.php(37): CodeIgniter\CodeIgniter->run()
#9 {main}
CRITICAL - 2022-05-30 16:31:42 --> unlink(/developers/developer-talha/blackOptic/writable/debugbar/debugbar_1634991869.json): Operation not permitted
#0 [internal function]: CodeIgniter\Debug\Exceptions->errorHandler(2, 'unlink(/develop...', '/developers/dev...', 78, Array)
#1 /developers/developer-talha/blackOptic/vendor/codeigniter4/framework/system/Debug/Toolbar/Collectors/History.php(78): unlink('/developers/dev...')
#2 /developers/developer-talha/blackOptic/vendor/codeigniter4/framework/system/Debug/Toolbar.php(480): CodeIgniter\Debug\Toolbar\Collectors\History->setFiles(1653910301, 20)
#3 /developers/developer-talha/blackOptic/vendor/codeigniter4/framework/system/Debug/Toolbar.php(452): CodeIgniter\Debug\Toolbar->format(Array, 'html')
#4 /developers/developer-talha/blackOptic/app/Config/Events.php(52): CodeIgniter\Debug\Toolbar->respond()
#5 [internal function]: CodeIgniter\Events\Events::Config\{closure}()
#6 /developers/developer-talha/blackOptic/vendor/codeigniter4/framework/system/Events/Events.php(166): call_user_func(Object(Closure))
#7 /developers/developer-talha/blackOptic/vendor/codeigniter4/framework/system/CodeIgniter.php(319): CodeIgniter\Events\Events::trigger('pre_system')
#8 /developers/developer-talha/blackOptic/public/index.php(37): CodeIgniter\CodeIgniter->run()
#9 {main}
CRITICAL - 2022-05-30 17:38:57 --> unlink(/developers/developer-talha/blackOptic/writable/debugbar/debugbar_1634991869.json): Operation not permitted
#0 [internal function]: CodeIgniter\Debug\Exceptions->errorHandler(2, 'unlink(/develop...', '/developers/dev...', 78, Array)
#1 /developers/developer-talha/blackOptic/vendor/codeigniter4/framework/system/Debug/Toolbar/Collectors/History.php(78): unlink('/developers/dev...')
#2 /developers/developer-talha/blackOptic/vendor/codeigniter4/framework/system/Debug/Toolbar.php(480): CodeIgniter\Debug\Toolbar\Collectors\History->setFiles(1653914337, 20)
#3 /developers/developer-talha/blackOptic/vendor/codeigniter4/framework/system/Debug/Toolbar.php(452): CodeIgniter\Debug\Toolbar->format(Array, 'html')
#4 /developers/developer-talha/blackOptic/app/Config/Events.php(52): CodeIgniter\Debug\Toolbar->respond()
#5 [internal function]: CodeIgniter\Events\Events::Config\{closure}()
#6 /developers/developer-talha/blackOptic/vendor/codeigniter4/framework/system/Events/Events.php(166): call_user_func(Object(Closure))
#7 /developers/developer-talha/blackOptic/vendor/codeigniter4/framework/system/CodeIgniter.php(319): CodeIgniter\Events\Events::trigger('pre_system')
#8 /developers/developer-talha/blackOptic/public/index.php(37): CodeIgniter\CodeIgniter->run()
#9 {main}
CRITICAL - 2022-05-30 18:16:59 --> unlink(/developers/developer-talha/blackOptic/writable/debugbar/debugbar_1634991869.json): Operation not permitted
#0 [internal function]: CodeIgniter\Debug\Exceptions->errorHandler(2, 'unlink(/develop...', '/developers/dev...', 78, Array)
#1 /developers/developer-talha/blackOptic/vendor/codeigniter4/framework/system/Debug/Toolbar/Collectors/History.php(78): unlink('/developers/dev...')
#2 /developers/developer-talha/blackOptic/vendor/codeigniter4/framework/system/Debug/Toolbar.php(480): CodeIgniter\Debug\Toolbar\Collectors\History->setFiles(1653916618, 20)
#3 /developers/developer-talha/blackOptic/vendor/codeigniter4/framework/system/Debug/Toolbar.php(452): CodeIgniter\Debug\Toolbar->format(Array, 'html')
#4 /developers/developer-talha/blackOptic/app/Config/Events.php(52): CodeIgniter\Debug\Toolbar->respond()
#5 [internal function]: CodeIgniter\Events\Events::Config\{closure}()
#6 /developers/developer-talha/blackOptic/vendor/codeigniter4/framework/system/Events/Events.php(166): call_user_func(Object(Closure))
#7 /developers/developer-talha/blackOptic/vendor/codeigniter4/framework/system/CodeIgniter.php(319): CodeIgniter\Events\Events::trigger('pre_system')
#8 /developers/developer-talha/blackOptic/public/index.php(37): CodeIgniter\CodeIgniter->run()
#9 {main}
CRITICAL - 2022-05-30 18:19:42 --> unlink(/developers/developer-talha/blackOptic/writable/debugbar/debugbar_1634991869.json): Operation not permitted
#0 [internal function]: CodeIgniter\Debug\Exceptions->errorHandler(2, 'unlink(/develop...', '/developers/dev...', 78, Array)
#1 /developers/developer-talha/blackOptic/vendor/codeigniter4/framework/system/Debug/Toolbar/Collectors/History.php(78): unlink('/developers/dev...')
#2 /developers/developer-talha/blackOptic/vendor/codeigniter4/framework/system/Debug/Toolbar.php(480): CodeIgniter\Debug\Toolbar\Collectors\History->setFiles(1653916781, 20)
#3 /developers/developer-talha/blackOptic/vendor/codeigniter4/framework/system/Debug/Toolbar.php(452): CodeIgniter\Debug\Toolbar->format(Array, 'html')
#4 /developers/developer-talha/blackOptic/app/Config/Events.php(52): CodeIgniter\Debug\Toolbar->respond()
#5 [internal function]: CodeIgniter\Events\Events::Config\{closure}()
#6 /developers/developer-talha/blackOptic/vendor/codeigniter4/framework/system/Events/Events.php(166): call_user_func(Object(Closure))
#7 /developers/developer-talha/blackOptic/vendor/codeigniter4/framework/system/CodeIgniter.php(319): CodeIgniter\Events\Events::trigger('pre_system')
#8 /developers/developer-talha/blackOptic/public/index.php(37): CodeIgniter\CodeIgniter->run()
#9 {main}
