CRITICAL - 2022-08-31 01:54:23 --> unlink(/var/www/html/my-blackoptic/writable/debugbar/debugbar_1660721688.json): Operation not permitted
#0 [internal function]: CodeIgniter\Debug\Exceptions->errorHandler()
#1 /var/www/html/my-blackoptic/vendor/codeigniter4/framework/system/Debug/Toolbar/Collectors/History.php(78): unlink()
#2 /var/www/html/my-blackoptic/vendor/codeigniter4/framework/system/Debug/Toolbar.php(480): CodeIgniter\Debug\Toolbar\Collectors\History->setFiles()
#3 /var/www/html/my-blackoptic/vendor/codeigniter4/framework/system/Debug/Toolbar.php(452): CodeIgniter\Debug\Toolbar->format()
#4 /var/www/html/my-blackoptic/app/Config/Events.php(52): CodeIgniter\Debug\Toolbar->respond()
#5 [internal function]: CodeIgniter\Events\Events::Config\{closure}()
#6 /var/www/html/my-blackoptic/vendor/codeigniter4/framework/system/Events/Events.php(166): call_user_func()
#7 /var/www/html/my-blackoptic/vendor/codeigniter4/framework/system/CodeIgniter.php(319): CodeIgniter\Events\Events::trigger()
#8 /var/www/html/my-blackoptic/public/index.php(37): CodeIgniter\CodeIgniter->run()
#9 {main}
CRITICAL - 2022-08-31 12:17:15 --> unlink(/var/www/html/my-blackoptic/writable/debugbar/debugbar_1660721688.json): Operation not permitted
#0 [internal function]: CodeIgniter\Debug\Exceptions->errorHandler()
#1 /var/www/html/my-blackoptic/vendor/codeigniter4/framework/system/Debug/Toolbar/Collectors/History.php(78): unlink()
#2 /var/www/html/my-blackoptic/vendor/codeigniter4/framework/system/Debug/Toolbar.php(480): CodeIgniter\Debug\Toolbar\Collectors\History->setFiles()
#3 /var/www/html/my-blackoptic/vendor/codeigniter4/framework/system/Debug/Toolbar.php(452): CodeIgniter\Debug\Toolbar->format()
#4 /var/www/html/my-blackoptic/app/Config/Events.php(52): CodeIgniter\Debug\Toolbar->respond()
#5 [internal function]: CodeIgniter\Events\Events::Config\{closure}()
#6 /var/www/html/my-blackoptic/vendor/codeigniter4/framework/system/Events/Events.php(166): call_user_func()
#7 /var/www/html/my-blackoptic/vendor/codeigniter4/framework/system/CodeIgniter.php(319): CodeIgniter\Events\Events::trigger()
#8 /var/www/html/my-blackoptic/public/index.php(37): CodeIgniter\CodeIgniter->run()
#9 {main}
CRITICAL - 2022-08-31 12:17:21 --> unlink(/var/www/html/my-blackoptic/writable/debugbar/debugbar_1660721688.json): Operation not permitted
#0 [internal function]: CodeIgniter\Debug\Exceptions->errorHandler()
#1 /var/www/html/my-blackoptic/vendor/codeigniter4/framework/system/Debug/Toolbar/Collectors/History.php(78): unlink()
#2 /var/www/html/my-blackoptic/vendor/codeigniter4/framework/system/Debug/Toolbar.php(480): CodeIgniter\Debug\Toolbar\Collectors\History->setFiles()
#3 /var/www/html/my-blackoptic/vendor/codeigniter4/framework/system/Debug/Toolbar.php(452): CodeIgniter\Debug\Toolbar->format()
#4 /var/www/html/my-blackoptic/app/Config/Events.php(52): CodeIgniter\Debug\Toolbar->respond()
#5 [internal function]: CodeIgniter\Events\Events::Config\{closure}()
#6 /var/www/html/my-blackoptic/vendor/codeigniter4/framework/system/Events/Events.php(166): call_user_func()
#7 /var/www/html/my-blackoptic/vendor/codeigniter4/framework/system/CodeIgniter.php(319): CodeIgniter\Events\Events::trigger()
#8 /var/www/html/my-blackoptic/public/index.php(37): CodeIgniter\CodeIgniter->run()
#9 {main}
CRITICAL - 2022-08-31 12:17:26 --> unlink(/var/www/html/my-blackoptic/writable/debugbar/debugbar_1660721688.json): Operation not permitted
#0 [internal function]: CodeIgniter\Debug\Exceptions->errorHandler()
#1 /var/www/html/my-blackoptic/vendor/codeigniter4/framework/system/Debug/Toolbar/Collectors/History.php(78): unlink()
#2 /var/www/html/my-blackoptic/vendor/codeigniter4/framework/system/Debug/Toolbar.php(480): CodeIgniter\Debug\Toolbar\Collectors\History->setFiles()
#3 /var/www/html/my-blackoptic/vendor/codeigniter4/framework/system/Debug/Toolbar.php(452): CodeIgniter\Debug\Toolbar->format()
#4 /var/www/html/my-blackoptic/app/Config/Events.php(52): CodeIgniter\Debug\Toolbar->respond()
#5 [internal function]: CodeIgniter\Events\Events::Config\{closure}()
#6 /var/www/html/my-blackoptic/vendor/codeigniter4/framework/system/Events/Events.php(166): call_user_func()
#7 /var/www/html/my-blackoptic/vendor/codeigniter4/framework/system/CodeIgniter.php(319): CodeIgniter\Events\Events::trigger()
#8 /var/www/html/my-blackoptic/public/index.php(37): CodeIgniter\CodeIgniter->run()
#9 {main}
CRITICAL - 2022-08-31 12:17:51 --> unlink(/var/www/html/my-blackoptic/writable/debugbar/debugbar_1660721688.json): Operation not permitted
#0 [internal function]: CodeIgniter\Debug\Exceptions->errorHandler()
#1 /var/www/html/my-blackoptic/vendor/codeigniter4/framework/system/Debug/Toolbar/Collectors/History.php(78): unlink()
#2 /var/www/html/my-blackoptic/vendor/codeigniter4/framework/system/Debug/Toolbar.php(480): CodeIgniter\Debug\Toolbar\Collectors\History->setFiles()
#3 /var/www/html/my-blackoptic/vendor/codeigniter4/framework/system/Debug/Toolbar.php(452): CodeIgniter\Debug\Toolbar->format()
#4 /var/www/html/my-blackoptic/app/Config/Events.php(52): CodeIgniter\Debug\Toolbar->respond()
#5 [internal function]: CodeIgniter\Events\Events::Config\{closure}()
#6 /var/www/html/my-blackoptic/vendor/codeigniter4/framework/system/Events/Events.php(166): call_user_func()
#7 /var/www/html/my-blackoptic/vendor/codeigniter4/framework/system/CodeIgniter.php(319): CodeIgniter\Events\Events::trigger()
#8 /var/www/html/my-blackoptic/public/index.php(37): CodeIgniter\CodeIgniter->run()
#9 {main}
CRITICAL - 2022-08-31 12:18:50 --> unlink(/var/www/html/my-blackoptic/writable/debugbar/debugbar_1660721688.json): Operation not permitted
#0 [internal function]: CodeIgniter\Debug\Exceptions->errorHandler()
#1 /var/www/html/my-blackoptic/vendor/codeigniter4/framework/system/Debug/Toolbar/Collectors/History.php(78): unlink()
#2 /var/www/html/my-blackoptic/vendor/codeigniter4/framework/system/Debug/Toolbar.php(480): CodeIgniter\Debug\Toolbar\Collectors\History->setFiles()
#3 /var/www/html/my-blackoptic/vendor/codeigniter4/framework/system/Debug/Toolbar.php(452): CodeIgniter\Debug\Toolbar->format()
#4 /var/www/html/my-blackoptic/app/Config/Events.php(52): CodeIgniter\Debug\Toolbar->respond()
#5 [internal function]: CodeIgniter\Events\Events::Config\{closure}()
#6 /var/www/html/my-blackoptic/vendor/codeigniter4/framework/system/Events/Events.php(166): call_user_func()
#7 /var/www/html/my-blackoptic/vendor/codeigniter4/framework/system/CodeIgniter.php(319): CodeIgniter\Events\Events::trigger()
#8 /var/www/html/my-blackoptic/public/index.php(37): CodeIgniter\CodeIgniter->run()
#9 {main}
CRITICAL - 2022-08-31 12:19:14 --> unlink(/var/www/html/my-blackoptic/writable/debugbar/debugbar_1660721688.json): Operation not permitted
#0 [internal function]: CodeIgniter\Debug\Exceptions->errorHandler()
#1 /var/www/html/my-blackoptic/vendor/codeigniter4/framework/system/Debug/Toolbar/Collectors/History.php(78): unlink()
#2 /var/www/html/my-blackoptic/vendor/codeigniter4/framework/system/Debug/Toolbar.php(480): CodeIgniter\Debug\Toolbar\Collectors\History->setFiles()
#3 /var/www/html/my-blackoptic/vendor/codeigniter4/framework/system/Debug/Toolbar.php(452): CodeIgniter\Debug\Toolbar->format()
#4 /var/www/html/my-blackoptic/app/Config/Events.php(52): CodeIgniter\Debug\Toolbar->respond()
#5 [internal function]: CodeIgniter\Events\Events::Config\{closure}()
#6 /var/www/html/my-blackoptic/vendor/codeigniter4/framework/system/Events/Events.php(166): call_user_func()
#7 /var/www/html/my-blackoptic/vendor/codeigniter4/framework/system/CodeIgniter.php(319): CodeIgniter\Events\Events::trigger()
#8 /var/www/html/my-blackoptic/public/index.php(37): CodeIgniter\CodeIgniter->run()
#9 {main}
CRITICAL - 2022-08-31 12:19:34 --> unlink(/var/www/html/my-blackoptic/writable/debugbar/debugbar_1660721688.json): Operation not permitted
#0 [internal function]: CodeIgniter\Debug\Exceptions->errorHandler()
#1 /var/www/html/my-blackoptic/vendor/codeigniter4/framework/system/Debug/Toolbar/Collectors/History.php(78): unlink()
#2 /var/www/html/my-blackoptic/vendor/codeigniter4/framework/system/Debug/Toolbar.php(480): CodeIgniter\Debug\Toolbar\Collectors\History->setFiles()
#3 /var/www/html/my-blackoptic/vendor/codeigniter4/framework/system/Debug/Toolbar.php(452): CodeIgniter\Debug\Toolbar->format()
#4 /var/www/html/my-blackoptic/app/Config/Events.php(52): CodeIgniter\Debug\Toolbar->respond()
#5 [internal function]: CodeIgniter\Events\Events::Config\{closure}()
#6 /var/www/html/my-blackoptic/vendor/codeigniter4/framework/system/Events/Events.php(166): call_user_func()
#7 /var/www/html/my-blackoptic/vendor/codeigniter4/framework/system/CodeIgniter.php(319): CodeIgniter\Events\Events::trigger()
#8 /var/www/html/my-blackoptic/public/index.php(37): CodeIgniter\CodeIgniter->run()
#9 {main}
CRITICAL - 2022-08-31 13:04:43 --> unlink(/var/www/html/my-blackoptic/writable/debugbar/debugbar_1660721688.json): Operation not permitted
#0 [internal function]: CodeIgniter\Debug\Exceptions->errorHandler()
#1 /var/www/html/my-blackoptic/vendor/codeigniter4/framework/system/Debug/Toolbar/Collectors/History.php(78): unlink()
#2 /var/www/html/my-blackoptic/vendor/codeigniter4/framework/system/Debug/Toolbar.php(480): CodeIgniter\Debug\Toolbar\Collectors\History->setFiles()
#3 /var/www/html/my-blackoptic/vendor/codeigniter4/framework/system/Debug/Toolbar.php(452): CodeIgniter\Debug\Toolbar->format()
#4 /var/www/html/my-blackoptic/app/Config/Events.php(52): CodeIgniter\Debug\Toolbar->respond()
#5 [internal function]: CodeIgniter\Events\Events::Config\{closure}()
#6 /var/www/html/my-blackoptic/vendor/codeigniter4/framework/system/Events/Events.php(166): call_user_func()
#7 /var/www/html/my-blackoptic/vendor/codeigniter4/framework/system/CodeIgniter.php(319): CodeIgniter\Events\Events::trigger()
#8 /var/www/html/my-blackoptic/public/index.php(37): CodeIgniter\CodeIgniter->run()
#9 {main}
CRITICAL - 2022-08-31 13:05:00 --> unlink(/var/www/html/my-blackoptic/writable/debugbar/debugbar_1660721688.json): Operation not permitted
#0 [internal function]: CodeIgniter\Debug\Exceptions->errorHandler()
#1 /var/www/html/my-blackoptic/vendor/codeigniter4/framework/system/Debug/Toolbar/Collectors/History.php(78): unlink()
#2 /var/www/html/my-blackoptic/vendor/codeigniter4/framework/system/Debug/Toolbar.php(480): CodeIgniter\Debug\Toolbar\Collectors\History->setFiles()
#3 /var/www/html/my-blackoptic/vendor/codeigniter4/framework/system/Debug/Toolbar.php(452): CodeIgniter\Debug\Toolbar->format()
#4 /var/www/html/my-blackoptic/app/Config/Events.php(52): CodeIgniter\Debug\Toolbar->respond()
#5 [internal function]: CodeIgniter\Events\Events::Config\{closure}()
#6 /var/www/html/my-blackoptic/vendor/codeigniter4/framework/system/Events/Events.php(166): call_user_func()
#7 /var/www/html/my-blackoptic/vendor/codeigniter4/framework/system/CodeIgniter.php(319): CodeIgniter\Events\Events::trigger()
#8 /var/www/html/my-blackoptic/public/index.php(37): CodeIgniter\CodeIgniter->run()
#9 {main}
CRITICAL - 2022-08-31 13:05:10 --> unlink(/var/www/html/my-blackoptic/writable/debugbar/debugbar_1660721688.json): Operation not permitted
#0 [internal function]: CodeIgniter\Debug\Exceptions->errorHandler()
#1 /var/www/html/my-blackoptic/vendor/codeigniter4/framework/system/Debug/Toolbar/Collectors/History.php(78): unlink()
#2 /var/www/html/my-blackoptic/vendor/codeigniter4/framework/system/Debug/Toolbar.php(480): CodeIgniter\Debug\Toolbar\Collectors\History->setFiles()
#3 /var/www/html/my-blackoptic/vendor/codeigniter4/framework/system/Debug/Toolbar.php(452): CodeIgniter\Debug\Toolbar->format()
#4 /var/www/html/my-blackoptic/app/Config/Events.php(52): CodeIgniter\Debug\Toolbar->respond()
#5 [internal function]: CodeIgniter\Events\Events::Config\{closure}()
#6 /var/www/html/my-blackoptic/vendor/codeigniter4/framework/system/Events/Events.php(166): call_user_func()
#7 /var/www/html/my-blackoptic/vendor/codeigniter4/framework/system/CodeIgniter.php(319): CodeIgniter\Events\Events::trigger()
#8 /var/www/html/my-blackoptic/public/index.php(37): CodeIgniter\CodeIgniter->run()
#9 {main}
CRITICAL - 2022-08-31 13:05:19 --> unlink(/var/www/html/my-blackoptic/writable/debugbar/debugbar_1660721688.json): Operation not permitted
#0 [internal function]: CodeIgniter\Debug\Exceptions->errorHandler()
#1 /var/www/html/my-blackoptic/vendor/codeigniter4/framework/system/Debug/Toolbar/Collectors/History.php(78): unlink()
#2 /var/www/html/my-blackoptic/vendor/codeigniter4/framework/system/Debug/Toolbar.php(480): CodeIgniter\Debug\Toolbar\Collectors\History->setFiles()
#3 /var/www/html/my-blackoptic/vendor/codeigniter4/framework/system/Debug/Toolbar.php(452): CodeIgniter\Debug\Toolbar->format()
#4 /var/www/html/my-blackoptic/app/Config/Events.php(52): CodeIgniter\Debug\Toolbar->respond()
#5 [internal function]: CodeIgniter\Events\Events::Config\{closure}()
#6 /var/www/html/my-blackoptic/vendor/codeigniter4/framework/system/Events/Events.php(166): call_user_func()
#7 /var/www/html/my-blackoptic/vendor/codeigniter4/framework/system/CodeIgniter.php(319): CodeIgniter\Events\Events::trigger()
#8 /var/www/html/my-blackoptic/public/index.php(37): CodeIgniter\CodeIgniter->run()
#9 {main}
CRITICAL - 2022-08-31 13:34:35 --> unlink(/var/www/html/my-blackoptic/writable/debugbar/debugbar_1660721688.json): Operation not permitted
#0 [internal function]: CodeIgniter\Debug\Exceptions->errorHandler()
#1 /var/www/html/my-blackoptic/vendor/codeigniter4/framework/system/Debug/Toolbar/Collectors/History.php(78): unlink()
#2 /var/www/html/my-blackoptic/vendor/codeigniter4/framework/system/Debug/Toolbar.php(480): CodeIgniter\Debug\Toolbar\Collectors\History->setFiles()
#3 /var/www/html/my-blackoptic/vendor/codeigniter4/framework/system/Debug/Toolbar.php(452): CodeIgniter\Debug\Toolbar->format()
#4 /var/www/html/my-blackoptic/app/Config/Events.php(52): CodeIgniter\Debug\Toolbar->respond()
#5 [internal function]: CodeIgniter\Events\Events::Config\{closure}()
#6 /var/www/html/my-blackoptic/vendor/codeigniter4/framework/system/Events/Events.php(166): call_user_func()
#7 /var/www/html/my-blackoptic/vendor/codeigniter4/framework/system/CodeIgniter.php(319): CodeIgniter\Events\Events::trigger()
#8 /var/www/html/my-blackoptic/public/index.php(37): CodeIgniter\CodeIgniter->run()
#9 {main}
CRITICAL - 2022-08-31 13:34:42 --> unlink(/var/www/html/my-blackoptic/writable/debugbar/debugbar_1660721688.json): Operation not permitted
#0 [internal function]: CodeIgniter\Debug\Exceptions->errorHandler()
#1 /var/www/html/my-blackoptic/vendor/codeigniter4/framework/system/Debug/Toolbar/Collectors/History.php(78): unlink()
#2 /var/www/html/my-blackoptic/vendor/codeigniter4/framework/system/Debug/Toolbar.php(480): CodeIgniter\Debug\Toolbar\Collectors\History->setFiles()
#3 /var/www/html/my-blackoptic/vendor/codeigniter4/framework/system/Debug/Toolbar.php(452): CodeIgniter\Debug\Toolbar->format()
#4 /var/www/html/my-blackoptic/app/Config/Events.php(52): CodeIgniter\Debug\Toolbar->respond()
#5 [internal function]: CodeIgniter\Events\Events::Config\{closure}()
#6 /var/www/html/my-blackoptic/vendor/codeigniter4/framework/system/Events/Events.php(166): call_user_func()
#7 /var/www/html/my-blackoptic/vendor/codeigniter4/framework/system/CodeIgniter.php(319): CodeIgniter\Events\Events::trigger()
#8 /var/www/html/my-blackoptic/public/index.php(37): CodeIgniter\CodeIgniter->run()
#9 {main}
CRITICAL - 2022-08-31 13:35:02 --> unlink(/var/www/html/my-blackoptic/writable/debugbar/debugbar_1660721688.json): Operation not permitted
#0 [internal function]: CodeIgniter\Debug\Exceptions->errorHandler()
#1 /var/www/html/my-blackoptic/vendor/codeigniter4/framework/system/Debug/Toolbar/Collectors/History.php(78): unlink()
#2 /var/www/html/my-blackoptic/vendor/codeigniter4/framework/system/Debug/Toolbar.php(480): CodeIgniter\Debug\Toolbar\Collectors\History->setFiles()
#3 /var/www/html/my-blackoptic/vendor/codeigniter4/framework/system/Debug/Toolbar.php(452): CodeIgniter\Debug\Toolbar->format()
#4 /var/www/html/my-blackoptic/app/Config/Events.php(52): CodeIgniter\Debug\Toolbar->respond()
#5 [internal function]: CodeIgniter\Events\Events::Config\{closure}()
#6 /var/www/html/my-blackoptic/vendor/codeigniter4/framework/system/Events/Events.php(166): call_user_func()
#7 /var/www/html/my-blackoptic/vendor/codeigniter4/framework/system/CodeIgniter.php(319): CodeIgniter\Events\Events::trigger()
#8 /var/www/html/my-blackoptic/public/index.php(37): CodeIgniter\CodeIgniter->run()
#9 {main}
CRITICAL - 2022-08-31 13:36:43 --> unlink(/var/www/html/my-blackoptic/writable/debugbar/debugbar_1660721688.json): Operation not permitted
#0 [internal function]: CodeIgniter\Debug\Exceptions->errorHandler()
#1 /var/www/html/my-blackoptic/vendor/codeigniter4/framework/system/Debug/Toolbar/Collectors/History.php(78): unlink()
#2 /var/www/html/my-blackoptic/vendor/codeigniter4/framework/system/Debug/Toolbar.php(480): CodeIgniter\Debug\Toolbar\Collectors\History->setFiles()
#3 /var/www/html/my-blackoptic/vendor/codeigniter4/framework/system/Debug/Toolbar.php(452): CodeIgniter\Debug\Toolbar->format()
#4 /var/www/html/my-blackoptic/app/Config/Events.php(52): CodeIgniter\Debug\Toolbar->respond()
#5 [internal function]: CodeIgniter\Events\Events::Config\{closure}()
#6 /var/www/html/my-blackoptic/vendor/codeigniter4/framework/system/Events/Events.php(166): call_user_func()
#7 /var/www/html/my-blackoptic/vendor/codeigniter4/framework/system/CodeIgniter.php(319): CodeIgniter\Events\Events::trigger()
#8 /var/www/html/my-blackoptic/public/index.php(37): CodeIgniter\CodeIgniter->run()
#9 {main}
CRITICAL - 2022-08-31 18:47:49 --> unlink(/var/www/html/my-blackoptic/writable/debugbar/debugbar_1660721688.json): Operation not permitted
#0 [internal function]: CodeIgniter\Debug\Exceptions->errorHandler()
#1 /var/www/html/my-blackoptic/vendor/codeigniter4/framework/system/Debug/Toolbar/Collectors/History.php(78): unlink()
#2 /var/www/html/my-blackoptic/vendor/codeigniter4/framework/system/Debug/Toolbar.php(480): CodeIgniter\Debug\Toolbar\Collectors\History->setFiles()
#3 /var/www/html/my-blackoptic/vendor/codeigniter4/framework/system/Debug/Toolbar.php(452): CodeIgniter\Debug\Toolbar->format()
#4 /var/www/html/my-blackoptic/app/Config/Events.php(52): CodeIgniter\Debug\Toolbar->respond()
#5 [internal function]: CodeIgniter\Events\Events::Config\{closure}()
#6 /var/www/html/my-blackoptic/vendor/codeigniter4/framework/system/Events/Events.php(166): call_user_func()
#7 /var/www/html/my-blackoptic/vendor/codeigniter4/framework/system/CodeIgniter.php(319): CodeIgniter\Events\Events::trigger()
#8 /var/www/html/my-blackoptic/public/index.php(37): CodeIgniter\CodeIgniter->run()
#9 {main}
CRITICAL - 2022-08-31 18:57:44 --> unlink(/var/www/html/my-blackoptic/writable/debugbar/debugbar_1660721688.json): Operation not permitted
#0 [internal function]: CodeIgniter\Debug\Exceptions->errorHandler()
#1 /var/www/html/my-blackoptic/vendor/codeigniter4/framework/system/Debug/Toolbar/Collectors/History.php(78): unlink()
#2 /var/www/html/my-blackoptic/vendor/codeigniter4/framework/system/Debug/Toolbar.php(480): CodeIgniter\Debug\Toolbar\Collectors\History->setFiles()
#3 /var/www/html/my-blackoptic/vendor/codeigniter4/framework/system/Debug/Toolbar.php(452): CodeIgniter\Debug\Toolbar->format()
#4 /var/www/html/my-blackoptic/app/Config/Events.php(52): CodeIgniter\Debug\Toolbar->respond()
#5 [internal function]: CodeIgniter\Events\Events::Config\{closure}()
#6 /var/www/html/my-blackoptic/vendor/codeigniter4/framework/system/Events/Events.php(166): call_user_func()
#7 /var/www/html/my-blackoptic/vendor/codeigniter4/framework/system/CodeIgniter.php(319): CodeIgniter\Events\Events::trigger()
#8 /var/www/html/my-blackoptic/public/index.php(37): CodeIgniter\CodeIgniter->run()
#9 {main}
CRITICAL - 2022-08-31 18:57:46 --> unlink(/var/www/html/my-blackoptic/writable/debugbar/debugbar_1660721688.json): Operation not permitted
#0 [internal function]: CodeIgniter\Debug\Exceptions->errorHandler()
#1 /var/www/html/my-blackoptic/vendor/codeigniter4/framework/system/Debug/Toolbar/Collectors/History.php(78): unlink()
#2 /var/www/html/my-blackoptic/vendor/codeigniter4/framework/system/Debug/Toolbar.php(480): CodeIgniter\Debug\Toolbar\Collectors\History->setFiles()
#3 /var/www/html/my-blackoptic/vendor/codeigniter4/framework/system/Debug/Toolbar.php(452): CodeIgniter\Debug\Toolbar->format()
#4 /var/www/html/my-blackoptic/app/Config/Events.php(52): CodeIgniter\Debug\Toolbar->respond()
#5 [internal function]: CodeIgniter\Events\Events::Config\{closure}()
#6 /var/www/html/my-blackoptic/vendor/codeigniter4/framework/system/Events/Events.php(166): call_user_func()
#7 /var/www/html/my-blackoptic/vendor/codeigniter4/framework/system/CodeIgniter.php(319): CodeIgniter\Events\Events::trigger()
#8 /var/www/html/my-blackoptic/public/index.php(37): CodeIgniter\CodeIgniter->run()
#9 {main}
CRITICAL - 2022-08-31 18:57:52 --> unlink(/var/www/html/my-blackoptic/writable/debugbar/debugbar_1660721688.json): Operation not permitted
#0 [internal function]: CodeIgniter\Debug\Exceptions->errorHandler()
#1 /var/www/html/my-blackoptic/vendor/codeigniter4/framework/system/Debug/Toolbar/Collectors/History.php(78): unlink()
#2 /var/www/html/my-blackoptic/vendor/codeigniter4/framework/system/Debug/Toolbar.php(480): CodeIgniter\Debug\Toolbar\Collectors\History->setFiles()
#3 /var/www/html/my-blackoptic/vendor/codeigniter4/framework/system/Debug/Toolbar.php(452): CodeIgniter\Debug\Toolbar->format()
#4 /var/www/html/my-blackoptic/app/Config/Events.php(52): CodeIgniter\Debug\Toolbar->respond()
#5 [internal function]: CodeIgniter\Events\Events::Config\{closure}()
#6 /var/www/html/my-blackoptic/vendor/codeigniter4/framework/system/Events/Events.php(166): call_user_func()
#7 /var/www/html/my-blackoptic/vendor/codeigniter4/framework/system/CodeIgniter.php(319): CodeIgniter\Events\Events::trigger()
#8 /var/www/html/my-blackoptic/public/index.php(37): CodeIgniter\CodeIgniter->run()
#9 {main}
