ERROR - 2023-03-09 00:10:59 --> Unknown column 'no' in 'order clause'
CRITICAL - 2023-03-09 00:10:59 --> Unknown column 'no' in 'order clause'
#0 /www/wwwroot/talha_logon/bo_old/vendor/codeigniter4/framework/system/Database/MySQLi/Connection.php(329): mysqli->query()
#1 /www/wwwroot/talha_logon/bo_old/vendor/codeigniter4/framework/system/Database/BaseConnection.php(732): CodeIgniter\Database\MySQLi\Connection->execute()
#2 /www/wwwroot/talha_logon/bo_old/vendor/codeigniter4/framework/system/Database/BaseConnection.php(647): CodeIgniter\Database\BaseConnection->simpleQuery()
#3 /www/wwwroot/talha_logon/bo_old/vendor/codeigniter4/framework/system/Database/BaseBuilder.php(1881): CodeIgniter\Database\BaseConnection->query()
#4 /www/wwwroot/talha_logon/bo_old/app/ThirdParty/codeigniter4-datatables/src/DataTableQuery.php(219): CodeIgniter\Database\BaseBuilder->get()
#5 /www/wwwroot/talha_logon/bo_old/app/ThirdParty/codeigniter4-datatables/src/DataTableQuery.php(70): Hermawan\DataTables\DataTableQuery->queryResult()
#6 /www/wwwroot/talha_logon/bo_old/app/ThirdParty/codeigniter4-datatables/src/DataTable.php(176): Hermawan\DataTables\DataTableQuery->getDataResult()
#7 /www/wwwroot/talha_logon/bo_old/app/Controllers/General.php(123): Hermawan\DataTables\DataTable->toJson()
#8 /www/wwwroot/talha_logon/bo_old/vendor/codeigniter4/framework/system/CodeIgniter.php(931): App\Controllers\General->get_getway_list()
#9 /www/wwwroot/talha_logon/bo_old/vendor/codeigniter4/framework/system/CodeIgniter.php(439): CodeIgniter\CodeIgniter->runController()
#10 /www/wwwroot/talha_logon/bo_old/vendor/codeigniter4/framework/system/CodeIgniter.php(339): CodeIgniter\CodeIgniter->handleRequest()
#11 /www/wwwroot/talha_logon/bo_old/public/index.php(37): CodeIgniter\CodeIgniter->run()
#12 {main}
ERROR - 2023-03-09 00:11:35 --> Unknown column 'no' in 'order clause'
CRITICAL - 2023-03-09 00:11:35 --> Unknown column 'no' in 'order clause'
#0 /www/wwwroot/talha_logon/bo_old/vendor/codeigniter4/framework/system/Database/MySQLi/Connection.php(329): mysqli->query()
#1 /www/wwwroot/talha_logon/bo_old/vendor/codeigniter4/framework/system/Database/BaseConnection.php(732): CodeIgniter\Database\MySQLi\Connection->execute()
#2 /www/wwwroot/talha_logon/bo_old/vendor/codeigniter4/framework/system/Database/BaseConnection.php(647): CodeIgniter\Database\BaseConnection->simpleQuery()
#3 /www/wwwroot/talha_logon/bo_old/vendor/codeigniter4/framework/system/Database/BaseBuilder.php(1881): CodeIgniter\Database\BaseConnection->query()
#4 /www/wwwroot/talha_logon/bo_old/app/ThirdParty/codeigniter4-datatables/src/DataTableQuery.php(219): CodeIgniter\Database\BaseBuilder->get()
#5 /www/wwwroot/talha_logon/bo_old/app/ThirdParty/codeigniter4-datatables/src/DataTableQuery.php(70): Hermawan\DataTables\DataTableQuery->queryResult()
#6 /www/wwwroot/talha_logon/bo_old/app/ThirdParty/codeigniter4-datatables/src/DataTable.php(176): Hermawan\DataTables\DataTableQuery->getDataResult()
#7 /www/wwwroot/talha_logon/bo_old/app/Controllers/General.php(123): Hermawan\DataTables\DataTable->toJson()
#8 /www/wwwroot/talha_logon/bo_old/vendor/codeigniter4/framework/system/CodeIgniter.php(931): App\Controllers\General->get_getway_list()
#9 /www/wwwroot/talha_logon/bo_old/vendor/codeigniter4/framework/system/CodeIgniter.php(439): CodeIgniter\CodeIgniter->runController()
#10 /www/wwwroot/talha_logon/bo_old/vendor/codeigniter4/framework/system/CodeIgniter.php(339): CodeIgniter\CodeIgniter->handleRequest()
#11 /www/wwwroot/talha_logon/bo_old/public/index.php(37): CodeIgniter\CodeIgniter->run()
#12 {main}
CRITICAL - 2023-03-09 11:40:15 --> Undefined property: stdClass::$status
#0 /www/wwwroot/talha_logon/bo_old/app/Controllers/Task.php(87): CodeIgniter\Debug\Exceptions->errorHandler()
#1 /www/wwwroot/talha_logon/bo_old/app/ThirdParty/codeigniter4-datatables/src/DataTableQuery.php(195): App\Controllers\Task->App\Controllers\{closure}()
#2 /www/wwwroot/talha_logon/bo_old/app/ThirdParty/codeigniter4-datatables/src/DataTableQuery.php(185): Hermawan\DataTables\DataTableQuery->queryFilter()
#3 /www/wwwroot/talha_logon/bo_old/app/ThirdParty/codeigniter4-datatables/src/DataTableQuery.php(61): Hermawan\DataTables\DataTableQuery->queryFilterSearch()
#4 /www/wwwroot/talha_logon/bo_old/app/ThirdParty/codeigniter4-datatables/src/DataTable.php(175): Hermawan\DataTables\DataTableQuery->countFiltered()
#5 /www/wwwroot/talha_logon/bo_old/app/Controllers/Task.php(95): Hermawan\DataTables\DataTable->toJson()
#6 /www/wwwroot/talha_logon/bo_old/vendor/codeigniter4/framework/system/CodeIgniter.php(931): App\Controllers\Task->show_assign_list()
#7 /www/wwwroot/talha_logon/bo_old/vendor/codeigniter4/framework/system/CodeIgniter.php(439): CodeIgniter\CodeIgniter->runController()
#8 /www/wwwroot/talha_logon/bo_old/vendor/codeigniter4/framework/system/CodeIgniter.php(339): CodeIgniter\CodeIgniter->handleRequest()
#9 /www/wwwroot/talha_logon/bo_old/public/index.php(37): CodeIgniter\CodeIgniter->run()
#10 {main}
CRITICAL - 2023-03-09 11:40:34 --> Undefined property: stdClass::$status
#0 /www/wwwroot/talha_logon/bo_old/app/Controllers/Task.php(87): CodeIgniter\Debug\Exceptions->errorHandler()
#1 /www/wwwroot/talha_logon/bo_old/app/ThirdParty/codeigniter4-datatables/src/DataTableQuery.php(195): App\Controllers\Task->App\Controllers\{closure}()
#2 /www/wwwroot/talha_logon/bo_old/app/ThirdParty/codeigniter4-datatables/src/DataTableQuery.php(185): Hermawan\DataTables\DataTableQuery->queryFilter()
#3 /www/wwwroot/talha_logon/bo_old/app/ThirdParty/codeigniter4-datatables/src/DataTableQuery.php(61): Hermawan\DataTables\DataTableQuery->queryFilterSearch()
#4 /www/wwwroot/talha_logon/bo_old/app/ThirdParty/codeigniter4-datatables/src/DataTable.php(175): Hermawan\DataTables\DataTableQuery->countFiltered()
#5 /www/wwwroot/talha_logon/bo_old/app/Controllers/Task.php(95): Hermawan\DataTables\DataTable->toJson()
#6 /www/wwwroot/talha_logon/bo_old/vendor/codeigniter4/framework/system/CodeIgniter.php(931): App\Controllers\Task->show_assign_list()
#7 /www/wwwroot/talha_logon/bo_old/vendor/codeigniter4/framework/system/CodeIgniter.php(439): CodeIgniter\CodeIgniter->runController()
#8 /www/wwwroot/talha_logon/bo_old/vendor/codeigniter4/framework/system/CodeIgniter.php(339): CodeIgniter\CodeIgniter->handleRequest()
#9 /www/wwwroot/talha_logon/bo_old/public/index.php(37): CodeIgniter\CodeIgniter->run()
#10 {main}
CRITICAL - 2023-03-09 11:47:41 --> Undefined property: stdClass::$status
#0 /www/wwwroot/talha_logon/bo_old/app/Controllers/Task.php(87): CodeIgniter\Debug\Exceptions->errorHandler()
#1 /www/wwwroot/talha_logon/bo_old/app/ThirdParty/codeigniter4-datatables/src/DataTableQuery.php(195): App\Controllers\Task->App\Controllers\{closure}()
#2 /www/wwwroot/talha_logon/bo_old/app/ThirdParty/codeigniter4-datatables/src/DataTableQuery.php(185): Hermawan\DataTables\DataTableQuery->queryFilter()
#3 /www/wwwroot/talha_logon/bo_old/app/ThirdParty/codeigniter4-datatables/src/DataTableQuery.php(61): Hermawan\DataTables\DataTableQuery->queryFilterSearch()
#4 /www/wwwroot/talha_logon/bo_old/app/ThirdParty/codeigniter4-datatables/src/DataTable.php(175): Hermawan\DataTables\DataTableQuery->countFiltered()
#5 /www/wwwroot/talha_logon/bo_old/app/Controllers/Task.php(95): Hermawan\DataTables\DataTable->toJson()
#6 /www/wwwroot/talha_logon/bo_old/vendor/codeigniter4/framework/system/CodeIgniter.php(931): App\Controllers\Task->show_assign_list()
#7 /www/wwwroot/talha_logon/bo_old/vendor/codeigniter4/framework/system/CodeIgniter.php(439): CodeIgniter\CodeIgniter->runController()
#8 /www/wwwroot/talha_logon/bo_old/vendor/codeigniter4/framework/system/CodeIgniter.php(339): CodeIgniter\CodeIgniter->handleRequest()
#9 /www/wwwroot/talha_logon/bo_old/public/index.php(37): CodeIgniter\CodeIgniter->run()
#10 {main}
CRITICAL - 2023-03-09 11:48:10 --> Undefined property: stdClass::$status
#0 /www/wwwroot/talha_logon/bo_old/app/Controllers/Task.php(87): CodeIgniter\Debug\Exceptions->errorHandler()
#1 /www/wwwroot/talha_logon/bo_old/app/ThirdParty/codeigniter4-datatables/src/DataTableQuery.php(195): App\Controllers\Task->App\Controllers\{closure}()
#2 /www/wwwroot/talha_logon/bo_old/app/ThirdParty/codeigniter4-datatables/src/DataTableQuery.php(185): Hermawan\DataTables\DataTableQuery->queryFilter()
#3 /www/wwwroot/talha_logon/bo_old/app/ThirdParty/codeigniter4-datatables/src/DataTableQuery.php(61): Hermawan\DataTables\DataTableQuery->queryFilterSearch()
#4 /www/wwwroot/talha_logon/bo_old/app/ThirdParty/codeigniter4-datatables/src/DataTable.php(175): Hermawan\DataTables\DataTableQuery->countFiltered()
#5 /www/wwwroot/talha_logon/bo_old/app/Controllers/Task.php(95): Hermawan\DataTables\DataTable->toJson()
#6 /www/wwwroot/talha_logon/bo_old/vendor/codeigniter4/framework/system/CodeIgniter.php(931): App\Controllers\Task->show_assign_list()
#7 /www/wwwroot/talha_logon/bo_old/vendor/codeigniter4/framework/system/CodeIgniter.php(439): CodeIgniter\CodeIgniter->runController()
#8 /www/wwwroot/talha_logon/bo_old/vendor/codeigniter4/framework/system/CodeIgniter.php(339): CodeIgniter\CodeIgniter->handleRequest()
#9 /www/wwwroot/talha_logon/bo_old/public/index.php(37): CodeIgniter\CodeIgniter->run()
#10 {main}
CRITICAL - 2023-03-09 11:50:22 --> Undefined property: stdClass::$status
#0 /www/wwwroot/talha_logon/bo_old/app/Controllers/Task.php(87): CodeIgniter\Debug\Exceptions->errorHandler()
#1 /www/wwwroot/talha_logon/bo_old/app/ThirdParty/codeigniter4-datatables/src/DataTableQuery.php(195): App\Controllers\Task->App\Controllers\{closure}()
#2 /www/wwwroot/talha_logon/bo_old/app/ThirdParty/codeigniter4-datatables/src/DataTableQuery.php(185): Hermawan\DataTables\DataTableQuery->queryFilter()
#3 /www/wwwroot/talha_logon/bo_old/app/ThirdParty/codeigniter4-datatables/src/DataTableQuery.php(61): Hermawan\DataTables\DataTableQuery->queryFilterSearch()
#4 /www/wwwroot/talha_logon/bo_old/app/ThirdParty/codeigniter4-datatables/src/DataTable.php(175): Hermawan\DataTables\DataTableQuery->countFiltered()
#5 /www/wwwroot/talha_logon/bo_old/app/Controllers/Task.php(95): Hermawan\DataTables\DataTable->toJson()
#6 /www/wwwroot/talha_logon/bo_old/vendor/codeigniter4/framework/system/CodeIgniter.php(931): App\Controllers\Task->show_assign_list()
#7 /www/wwwroot/talha_logon/bo_old/vendor/codeigniter4/framework/system/CodeIgniter.php(439): CodeIgniter\CodeIgniter->runController()
#8 /www/wwwroot/talha_logon/bo_old/vendor/codeigniter4/framework/system/CodeIgniter.php(339): CodeIgniter\CodeIgniter->handleRequest()
#9 /www/wwwroot/talha_logon/bo_old/public/index.php(37): CodeIgniter\CodeIgniter->run()
#10 {main}
CRITICAL - 2023-03-09 12:00:34 --> Undefined variable: value
#0 /www/wwwroot/talha_logon/bo_old/app/Controllers/Task.php(95): CodeIgniter\Debug\Exceptions->errorHandler()
#1 /www/wwwroot/talha_logon/bo_old/app/ThirdParty/codeigniter4-datatables/src/DataTableQuery.php(91): App\Controllers\Task->App\Controllers\{closure}()
#2 /www/wwwroot/talha_logon/bo_old/app/ThirdParty/codeigniter4-datatables/src/DataTable.php(176): Hermawan\DataTables\DataTableQuery->getDataResult()
#3 /www/wwwroot/talha_logon/bo_old/app/Controllers/Task.php(104): Hermawan\DataTables\DataTable->toJson()
#4 /www/wwwroot/talha_logon/bo_old/vendor/codeigniter4/framework/system/CodeIgniter.php(931): App\Controllers\Task->show_assign_list()
#5 /www/wwwroot/talha_logon/bo_old/vendor/codeigniter4/framework/system/CodeIgniter.php(439): CodeIgniter\CodeIgniter->runController()
#6 /www/wwwroot/talha_logon/bo_old/vendor/codeigniter4/framework/system/CodeIgniter.php(339): CodeIgniter\CodeIgniter->handleRequest()
#7 /www/wwwroot/talha_logon/bo_old/public/index.php(37): CodeIgniter\CodeIgniter->run()
#8 {main}
CRITICAL - 2023-03-09 12:02:54 --> Undefined property: stdClass::$status
#0 /www/wwwroot/talha_logon/bo_old/app/Controllers/Task.php(86): CodeIgniter\Debug\Exceptions->errorHandler()
#1 /www/wwwroot/talha_logon/bo_old/app/ThirdParty/codeigniter4-datatables/src/DataTableQuery.php(195): App\Controllers\Task->App\Controllers\{closure}()
#2 /www/wwwroot/talha_logon/bo_old/app/ThirdParty/codeigniter4-datatables/src/DataTableQuery.php(185): Hermawan\DataTables\DataTableQuery->queryFilter()
#3 /www/wwwroot/talha_logon/bo_old/app/ThirdParty/codeigniter4-datatables/src/DataTableQuery.php(61): Hermawan\DataTables\DataTableQuery->queryFilterSearch()
#4 /www/wwwroot/talha_logon/bo_old/app/ThirdParty/codeigniter4-datatables/src/DataTable.php(175): Hermawan\DataTables\DataTableQuery->countFiltered()
#5 /www/wwwroot/talha_logon/bo_old/app/Controllers/Task.php(104): Hermawan\DataTables\DataTable->toJson()
#6 /www/wwwroot/talha_logon/bo_old/vendor/codeigniter4/framework/system/CodeIgniter.php(931): App\Controllers\Task->show_assign_list()
#7 /www/wwwroot/talha_logon/bo_old/vendor/codeigniter4/framework/system/CodeIgniter.php(439): CodeIgniter\CodeIgniter->runController()
#8 /www/wwwroot/talha_logon/bo_old/vendor/codeigniter4/framework/system/CodeIgniter.php(339): CodeIgniter\CodeIgniter->handleRequest()
#9 /www/wwwroot/talha_logon/bo_old/public/index.php(37): CodeIgniter\CodeIgniter->run()
#10 {main}
CRITICAL - 2023-03-09 12:02:58 --> Undefined property: stdClass::$status
#0 /www/wwwroot/talha_logon/bo_old/app/Controllers/Task.php(86): CodeIgniter\Debug\Exceptions->errorHandler()
#1 /www/wwwroot/talha_logon/bo_old/app/ThirdParty/codeigniter4-datatables/src/DataTableQuery.php(195): App\Controllers\Task->App\Controllers\{closure}()
#2 /www/wwwroot/talha_logon/bo_old/app/ThirdParty/codeigniter4-datatables/src/DataTableQuery.php(185): Hermawan\DataTables\DataTableQuery->queryFilter()
#3 /www/wwwroot/talha_logon/bo_old/app/ThirdParty/codeigniter4-datatables/src/DataTableQuery.php(61): Hermawan\DataTables\DataTableQuery->queryFilterSearch()
#4 /www/wwwroot/talha_logon/bo_old/app/ThirdParty/codeigniter4-datatables/src/DataTable.php(175): Hermawan\DataTables\DataTableQuery->countFiltered()
#5 /www/wwwroot/talha_logon/bo_old/app/Controllers/Task.php(104): Hermawan\DataTables\DataTable->toJson()
#6 /www/wwwroot/talha_logon/bo_old/vendor/codeigniter4/framework/system/CodeIgniter.php(931): App\Controllers\Task->show_assign_list()
#7 /www/wwwroot/talha_logon/bo_old/vendor/codeigniter4/framework/system/CodeIgniter.php(439): CodeIgniter\CodeIgniter->runController()
#8 /www/wwwroot/talha_logon/bo_old/vendor/codeigniter4/framework/system/CodeIgniter.php(339): CodeIgniter\CodeIgniter->handleRequest()
#9 /www/wwwroot/talha_logon/bo_old/public/index.php(37): CodeIgniter\CodeIgniter->run()
#10 {main}
CRITICAL - 2023-03-09 12:03:12 --> Undefined property: stdClass::$status
#0 /www/wwwroot/talha_logon/bo_old/app/Controllers/Task.php(86): CodeIgniter\Debug\Exceptions->errorHandler()
#1 /www/wwwroot/talha_logon/bo_old/app/ThirdParty/codeigniter4-datatables/src/DataTableQuery.php(195): App\Controllers\Task->App\Controllers\{closure}()
#2 /www/wwwroot/talha_logon/bo_old/app/ThirdParty/codeigniter4-datatables/src/DataTableQuery.php(185): Hermawan\DataTables\DataTableQuery->queryFilter()
#3 /www/wwwroot/talha_logon/bo_old/app/ThirdParty/codeigniter4-datatables/src/DataTableQuery.php(61): Hermawan\DataTables\DataTableQuery->queryFilterSearch()
#4 /www/wwwroot/talha_logon/bo_old/app/ThirdParty/codeigniter4-datatables/src/DataTable.php(175): Hermawan\DataTables\DataTableQuery->countFiltered()
#5 /www/wwwroot/talha_logon/bo_old/app/Controllers/Task.php(104): Hermawan\DataTables\DataTable->toJson()
#6 /www/wwwroot/talha_logon/bo_old/vendor/codeigniter4/framework/system/CodeIgniter.php(931): App\Controllers\Task->show_assign_list()
#7 /www/wwwroot/talha_logon/bo_old/vendor/codeigniter4/framework/system/CodeIgniter.php(439): CodeIgniter\CodeIgniter->runController()
#8 /www/wwwroot/talha_logon/bo_old/vendor/codeigniter4/framework/system/CodeIgniter.php(339): CodeIgniter\CodeIgniter->handleRequest()
#9 /www/wwwroot/talha_logon/bo_old/public/index.php(37): CodeIgniter\CodeIgniter->run()
#10 {main}
CRITICAL - 2023-03-09 12:03:23 --> Undefined property: stdClass::$status
#0 /www/wwwroot/talha_logon/bo_old/app/Controllers/Task.php(86): CodeIgniter\Debug\Exceptions->errorHandler()
#1 /www/wwwroot/talha_logon/bo_old/app/ThirdParty/codeigniter4-datatables/src/DataTableQuery.php(195): App\Controllers\Task->App\Controllers\{closure}()
#2 /www/wwwroot/talha_logon/bo_old/app/ThirdParty/codeigniter4-datatables/src/DataTableQuery.php(185): Hermawan\DataTables\DataTableQuery->queryFilter()
#3 /www/wwwroot/talha_logon/bo_old/app/ThirdParty/codeigniter4-datatables/src/DataTableQuery.php(61): Hermawan\DataTables\DataTableQuery->queryFilterSearch()
#4 /www/wwwroot/talha_logon/bo_old/app/ThirdParty/codeigniter4-datatables/src/DataTable.php(175): Hermawan\DataTables\DataTableQuery->countFiltered()
#5 /www/wwwroot/talha_logon/bo_old/app/Controllers/Task.php(104): Hermawan\DataTables\DataTable->toJson()
#6 /www/wwwroot/talha_logon/bo_old/vendor/codeigniter4/framework/system/CodeIgniter.php(931): App\Controllers\Task->show_assign_list()
#7 /www/wwwroot/talha_logon/bo_old/vendor/codeigniter4/framework/system/CodeIgniter.php(439): CodeIgniter\CodeIgniter->runController()
#8 /www/wwwroot/talha_logon/bo_old/vendor/codeigniter4/framework/system/CodeIgniter.php(339): CodeIgniter\CodeIgniter->handleRequest()
#9 /www/wwwroot/talha_logon/bo_old/public/index.php(37): CodeIgniter\CodeIgniter->run()
#10 {main}
CRITICAL - 2023-03-09 12:03:29 --> Undefined property: stdClass::$status
#0 /www/wwwroot/talha_logon/bo_old/app/Controllers/Task.php(86): CodeIgniter\Debug\Exceptions->errorHandler()
#1 /www/wwwroot/talha_logon/bo_old/app/ThirdParty/codeigniter4-datatables/src/DataTableQuery.php(195): App\Controllers\Task->App\Controllers\{closure}()
#2 /www/wwwroot/talha_logon/bo_old/app/ThirdParty/codeigniter4-datatables/src/DataTableQuery.php(185): Hermawan\DataTables\DataTableQuery->queryFilter()
#3 /www/wwwroot/talha_logon/bo_old/app/ThirdParty/codeigniter4-datatables/src/DataTableQuery.php(61): Hermawan\DataTables\DataTableQuery->queryFilterSearch()
#4 /www/wwwroot/talha_logon/bo_old/app/ThirdParty/codeigniter4-datatables/src/DataTable.php(175): Hermawan\DataTables\DataTableQuery->countFiltered()
#5 /www/wwwroot/talha_logon/bo_old/app/Controllers/Task.php(104): Hermawan\DataTables\DataTable->toJson()
#6 /www/wwwroot/talha_logon/bo_old/vendor/codeigniter4/framework/system/CodeIgniter.php(931): App\Controllers\Task->show_assign_list()
#7 /www/wwwroot/talha_logon/bo_old/vendor/codeigniter4/framework/system/CodeIgniter.php(439): CodeIgniter\CodeIgniter->runController()
#8 /www/wwwroot/talha_logon/bo_old/vendor/codeigniter4/framework/system/CodeIgniter.php(339): CodeIgniter\CodeIgniter->handleRequest()
#9 /www/wwwroot/talha_logon/bo_old/public/index.php(37): CodeIgniter\CodeIgniter->run()
#10 {main}
CRITICAL - 2023-03-09 12:03:42 --> Undefined property: stdClass::$status
#0 /www/wwwroot/talha_logon/bo_old/app/Controllers/Task.php(86): CodeIgniter\Debug\Exceptions->errorHandler()
#1 /www/wwwroot/talha_logon/bo_old/app/ThirdParty/codeigniter4-datatables/src/DataTableQuery.php(195): App\Controllers\Task->App\Controllers\{closure}()
#2 /www/wwwroot/talha_logon/bo_old/app/ThirdParty/codeigniter4-datatables/src/DataTableQuery.php(185): Hermawan\DataTables\DataTableQuery->queryFilter()
#3 /www/wwwroot/talha_logon/bo_old/app/ThirdParty/codeigniter4-datatables/src/DataTableQuery.php(61): Hermawan\DataTables\DataTableQuery->queryFilterSearch()
#4 /www/wwwroot/talha_logon/bo_old/app/ThirdParty/codeigniter4-datatables/src/DataTable.php(175): Hermawan\DataTables\DataTableQuery->countFiltered()
#5 /www/wwwroot/talha_logon/bo_old/app/Controllers/Task.php(104): Hermawan\DataTables\DataTable->toJson()
#6 /www/wwwroot/talha_logon/bo_old/vendor/codeigniter4/framework/system/CodeIgniter.php(931): App\Controllers\Task->show_assign_list()
#7 /www/wwwroot/talha_logon/bo_old/vendor/codeigniter4/framework/system/CodeIgniter.php(439): CodeIgniter\CodeIgniter->runController()
#8 /www/wwwroot/talha_logon/bo_old/vendor/codeigniter4/framework/system/CodeIgniter.php(339): CodeIgniter\CodeIgniter->handleRequest()
#9 /www/wwwroot/talha_logon/bo_old/public/index.php(37): CodeIgniter\CodeIgniter->run()
#10 {main}
CRITICAL - 2023-03-09 12:03:46 --> Undefined property: stdClass::$status
#0 /www/wwwroot/talha_logon/bo_old/app/Controllers/Task.php(86): CodeIgniter\Debug\Exceptions->errorHandler()
#1 /www/wwwroot/talha_logon/bo_old/app/ThirdParty/codeigniter4-datatables/src/DataTableQuery.php(195): App\Controllers\Task->App\Controllers\{closure}()
#2 /www/wwwroot/talha_logon/bo_old/app/ThirdParty/codeigniter4-datatables/src/DataTableQuery.php(185): Hermawan\DataTables\DataTableQuery->queryFilter()
#3 /www/wwwroot/talha_logon/bo_old/app/ThirdParty/codeigniter4-datatables/src/DataTableQuery.php(61): Hermawan\DataTables\DataTableQuery->queryFilterSearch()
#4 /www/wwwroot/talha_logon/bo_old/app/ThirdParty/codeigniter4-datatables/src/DataTable.php(175): Hermawan\DataTables\DataTableQuery->countFiltered()
#5 /www/wwwroot/talha_logon/bo_old/app/Controllers/Task.php(104): Hermawan\DataTables\DataTable->toJson()
#6 /www/wwwroot/talha_logon/bo_old/vendor/codeigniter4/framework/system/CodeIgniter.php(931): App\Controllers\Task->show_assign_list()
#7 /www/wwwroot/talha_logon/bo_old/vendor/codeigniter4/framework/system/CodeIgniter.php(439): CodeIgniter\CodeIgniter->runController()
#8 /www/wwwroot/talha_logon/bo_old/vendor/codeigniter4/framework/system/CodeIgniter.php(339): CodeIgniter\CodeIgniter->handleRequest()
#9 /www/wwwroot/talha_logon/bo_old/public/index.php(37): CodeIgniter\CodeIgniter->run()
#10 {main}
CRITICAL - 2023-03-09 12:52:29 --> Undefined variable: modelUser
#0 /www/wwwroot/talha_logon/bo_old/app/Views/cpanel/user_access.php(73): CodeIgniter\Debug\Exceptions->errorHandler()
#1 /www/wwwroot/talha_logon/bo_old/vendor/codeigniter4/framework/system/View/View.php(230): include('/www/wwwroot/ta...')
#2 /www/wwwroot/talha_logon/bo_old/vendor/codeigniter4/framework/system/View/View.php(232): CodeIgniter\View\View->CodeIgniter\View\{closure}()
#3 /www/wwwroot/talha_logon/bo_old/vendor/codeigniter4/framework/system/Common.php(1271): CodeIgniter\View\View->render()
#4 /www/wwwroot/talha_logon/bo_old/app/Controllers/User.php(409): view()
#5 /www/wwwroot/talha_logon/bo_old/vendor/codeigniter4/framework/system/CodeIgniter.php(931): App\Controllers\User->user_access()
#6 /www/wwwroot/talha_logon/bo_old/vendor/codeigniter4/framework/system/CodeIgniter.php(439): CodeIgniter\CodeIgniter->runController()
#7 /www/wwwroot/talha_logon/bo_old/vendor/codeigniter4/framework/system/CodeIgniter.php(339): CodeIgniter\CodeIgniter->handleRequest()
#8 /www/wwwroot/talha_logon/bo_old/public/index.php(37): CodeIgniter\CodeIgniter->run()
#9 {main}
CRITICAL - 2023-03-09 12:53:43 --> Undefined variable: modelUser
#0 /www/wwwroot/talha_logon/bo_old/app/Views/cpanel/user_access.php(73): CodeIgniter\Debug\Exceptions->errorHandler()
#1 /www/wwwroot/talha_logon/bo_old/vendor/codeigniter4/framework/system/View/View.php(230): include('/www/wwwroot/ta...')
#2 /www/wwwroot/talha_logon/bo_old/vendor/codeigniter4/framework/system/View/View.php(232): CodeIgniter\View\View->CodeIgniter\View\{closure}()
#3 /www/wwwroot/talha_logon/bo_old/vendor/codeigniter4/framework/system/Common.php(1271): CodeIgniter\View\View->render()
#4 /www/wwwroot/talha_logon/bo_old/app/Controllers/User.php(409): view()
#5 /www/wwwroot/talha_logon/bo_old/vendor/codeigniter4/framework/system/CodeIgniter.php(931): App\Controllers\User->user_access()
#6 /www/wwwroot/talha_logon/bo_old/vendor/codeigniter4/framework/system/CodeIgniter.php(439): CodeIgniter\CodeIgniter->runController()
#7 /www/wwwroot/talha_logon/bo_old/vendor/codeigniter4/framework/system/CodeIgniter.php(339): CodeIgniter\CodeIgniter->handleRequest()
#8 /www/wwwroot/talha_logon/bo_old/public/index.php(37): CodeIgniter\CodeIgniter->run()
#9 {main}
CRITICAL - 2023-03-09 12:53:56 --> You must set the database table to be used with your query.
#0 /www/wwwroot/talha_logon/bo_old/vendor/codeigniter4/framework/system/Model.php(602): CodeIgniter\Database\BaseConnection->table()
#1 /www/wwwroot/talha_logon/bo_old/vendor/codeigniter4/framework/system/Model.php(798): CodeIgniter\Model->builder()
#2 /www/wwwroot/talha_logon/bo_old/app/Views/cpanel/user_access.php(73): CodeIgniter\Model->__call()
#3 /www/wwwroot/talha_logon/bo_old/vendor/codeigniter4/framework/system/View/View.php(230): include('/www/wwwroot/ta...')
#4 /www/wwwroot/talha_logon/bo_old/vendor/codeigniter4/framework/system/View/View.php(232): CodeIgniter\View\View->CodeIgniter\View\{closure}()
#5 /www/wwwroot/talha_logon/bo_old/vendor/codeigniter4/framework/system/Common.php(1271): CodeIgniter\View\View->render()
#6 /www/wwwroot/talha_logon/bo_old/app/Controllers/User.php(407): view()
#7 /www/wwwroot/talha_logon/bo_old/vendor/codeigniter4/framework/system/CodeIgniter.php(931): App\Controllers\User->user_access()
#8 /www/wwwroot/talha_logon/bo_old/vendor/codeigniter4/framework/system/CodeIgniter.php(439): CodeIgniter\CodeIgniter->runController()
#9 /www/wwwroot/talha_logon/bo_old/vendor/codeigniter4/framework/system/CodeIgniter.php(339): CodeIgniter\CodeIgniter->handleRequest()
#10 /www/wwwroot/talha_logon/bo_old/public/index.php(37): CodeIgniter\CodeIgniter->run()
#11 {main}
CRITICAL - 2023-03-09 12:53:59 --> You must set the database table to be used with your query.
#0 /www/wwwroot/talha_logon/bo_old/vendor/codeigniter4/framework/system/Model.php(602): CodeIgniter\Database\BaseConnection->table()
#1 /www/wwwroot/talha_logon/bo_old/vendor/codeigniter4/framework/system/Model.php(798): CodeIgniter\Model->builder()
#2 /www/wwwroot/talha_logon/bo_old/app/Views/cpanel/user_access.php(73): CodeIgniter\Model->__call()
#3 /www/wwwroot/talha_logon/bo_old/vendor/codeigniter4/framework/system/View/View.php(230): include('/www/wwwroot/ta...')
#4 /www/wwwroot/talha_logon/bo_old/vendor/codeigniter4/framework/system/View/View.php(232): CodeIgniter\View\View->CodeIgniter\View\{closure}()
#5 /www/wwwroot/talha_logon/bo_old/vendor/codeigniter4/framework/system/Common.php(1271): CodeIgniter\View\View->render()
#6 /www/wwwroot/talha_logon/bo_old/app/Controllers/User.php(407): view()
#7 /www/wwwroot/talha_logon/bo_old/vendor/codeigniter4/framework/system/CodeIgniter.php(931): App\Controllers\User->user_access()
#8 /www/wwwroot/talha_logon/bo_old/vendor/codeigniter4/framework/system/CodeIgniter.php(439): CodeIgniter\CodeIgniter->runController()
#9 /www/wwwroot/talha_logon/bo_old/vendor/codeigniter4/framework/system/CodeIgniter.php(339): CodeIgniter\CodeIgniter->handleRequest()
#10 /www/wwwroot/talha_logon/bo_old/public/index.php(37): CodeIgniter\CodeIgniter->run()
#11 {main}
CRITICAL - 2023-03-09 12:56:36 --> You must set the database table to be used with your query.
#0 /www/wwwroot/talha_logon/bo_old/vendor/codeigniter4/framework/system/Model.php(602): CodeIgniter\Database\BaseConnection->table()
#1 /www/wwwroot/talha_logon/bo_old/vendor/codeigniter4/framework/system/Model.php(798): CodeIgniter\Model->builder()
#2 /www/wwwroot/talha_logon/bo_old/app/Views/cpanel/user_access.php(73): CodeIgniter\Model->__call()
#3 /www/wwwroot/talha_logon/bo_old/vendor/codeigniter4/framework/system/View/View.php(230): include('/www/wwwroot/ta...')
#4 /www/wwwroot/talha_logon/bo_old/vendor/codeigniter4/framework/system/View/View.php(232): CodeIgniter\View\View->CodeIgniter\View\{closure}()
#5 /www/wwwroot/talha_logon/bo_old/vendor/codeigniter4/framework/system/Common.php(1271): CodeIgniter\View\View->render()
#6 /www/wwwroot/talha_logon/bo_old/app/Controllers/User.php(407): view()
#7 /www/wwwroot/talha_logon/bo_old/vendor/codeigniter4/framework/system/CodeIgniter.php(931): App\Controllers\User->user_access()
#8 /www/wwwroot/talha_logon/bo_old/vendor/codeigniter4/framework/system/CodeIgniter.php(439): CodeIgniter\CodeIgniter->runController()
#9 /www/wwwroot/talha_logon/bo_old/vendor/codeigniter4/framework/system/CodeIgniter.php(339): CodeIgniter\CodeIgniter->handleRequest()
#10 /www/wwwroot/talha_logon/bo_old/public/index.php(37): CodeIgniter\CodeIgniter->run()
#11 {main}
