CRITICAL - 2021-11-18 10:47:04 --> Call to undefined function CodeIgniter\locale_set_default()
#0 /developers/developer-talha/blackOptic/vendor/codeigniter4/framework/system/bootstrap.php(157): CodeIgniter\CodeIgniter->initialize()
#1 /developers/developer-talha/blackOptic/public/index.php(28): require('/developers/dev...')
#2 {main}
CRITICAL - 2021-11-18 10:47:31 --> Call to undefined function CodeIgniter\locale_set_default()
#0 /developers/developer-talha/blackOptic/vendor/codeigniter4/framework/system/bootstrap.php(157): CodeIgniter\CodeIgniter->initialize()
#1 /developers/developer-talha/blackOptic/public/index.php(28): require('/developers/dev...')
#2 {main}
CRITICAL - 2021-11-18 10:52:21 --> Call to undefined function CodeIgniter\locale_set_default()
#0 /developers/developer-talha/blackOptic/vendor/codeigniter4/framework/system/bootstrap.php(157): CodeIgniter\CodeIgniter->initialize()
#1 /developers/developer-talha/blackOptic/public/index.php(28): require('/developers/dev...')
#2 {main}
CRITICAL - 2021-11-18 10:52:22 --> Call to undefined function CodeIgniter\locale_set_default()
#0 /developers/developer-talha/blackOptic/vendor/codeigniter4/framework/system/bootstrap.php(157): CodeIgniter\CodeIgniter->initialize()
#1 /developers/developer-talha/blackOptic/public/index.php(28): require('/developers/dev...')
#2 {main}
CRITICAL - 2021-11-18 10:52:23 --> Call to undefined function CodeIgniter\locale_set_default()
#0 /developers/developer-talha/blackOptic/vendor/codeigniter4/framework/system/bootstrap.php(157): CodeIgniter\CodeIgniter->initialize()
#1 /developers/developer-talha/blackOptic/public/index.php(28): require('/developers/dev...')
#2 {main}
CRITICAL - 2021-11-18 10:52:23 --> Call to undefined function CodeIgniter\locale_set_default()
#0 /developers/developer-talha/blackOptic/vendor/codeigniter4/framework/system/bootstrap.php(157): CodeIgniter\CodeIgniter->initialize()
#1 /developers/developer-talha/blackOptic/public/index.php(28): require('/developers/dev...')
#2 {main}
CRITICAL - 2021-11-18 10:53:02 --> Call to undefined function CodeIgniter\locale_set_default()
#0 /developers/developer-talha/blackOptic/vendor/codeigniter4/framework/system/bootstrap.php(157): CodeIgniter\CodeIgniter->initialize()
#1 /developers/developer-talha/blackOptic/public/index.php(28): require('/developers/dev...')
#2 {main}
CRITICAL - 2021-11-18 10:53:03 --> Call to undefined function CodeIgniter\locale_set_default()
#0 /developers/developer-talha/blackOptic/vendor/codeigniter4/framework/system/bootstrap.php(157): CodeIgniter\CodeIgniter->initialize()
#1 /developers/developer-talha/blackOptic/public/index.php(28): require('/developers/dev...')
#2 {main}
CRITICAL - 2021-11-18 10:53:05 --> Call to undefined function CodeIgniter\locale_set_default()
#0 /developers/developer-talha/blackOptic/vendor/codeigniter4/framework/system/bootstrap.php(157): CodeIgniter\CodeIgniter->initialize()
#1 /developers/developer-talha/blackOptic/public/index.php(28): require('/developers/dev...')
#2 {main}
CRITICAL - 2021-11-18 10:53:05 --> Call to undefined function CodeIgniter\locale_set_default()
#0 /developers/developer-talha/blackOptic/vendor/codeigniter4/framework/system/bootstrap.php(157): CodeIgniter\CodeIgniter->initialize()
#1 /developers/developer-talha/blackOptic/public/index.php(28): require('/developers/dev...')
#2 {main}
CRITICAL - 2021-11-18 10:53:06 --> Call to undefined function CodeIgniter\locale_set_default()
#0 /developers/developer-talha/blackOptic/vendor/codeigniter4/framework/system/bootstrap.php(157): CodeIgniter\CodeIgniter->initialize()
#1 /developers/developer-talha/blackOptic/public/index.php(28): require('/developers/dev...')
#2 {main}
CRITICAL - 2021-11-18 10:53:06 --> Call to undefined function CodeIgniter\locale_set_default()
#0 /developers/developer-talha/blackOptic/vendor/codeigniter4/framework/system/bootstrap.php(157): CodeIgniter\CodeIgniter->initialize()
#1 /developers/developer-talha/blackOptic/public/index.php(28): require('/developers/dev...')
#2 {main}
CRITICAL - 2021-11-18 10:53:06 --> Call to undefined function CodeIgniter\locale_set_default()
#0 /developers/developer-talha/blackOptic/vendor/codeigniter4/framework/system/bootstrap.php(157): CodeIgniter\CodeIgniter->initialize()
#1 /developers/developer-talha/blackOptic/public/index.php(28): require('/developers/dev...')
#2 {main}
CRITICAL - 2021-11-18 10:53:06 --> Call to undefined function CodeIgniter\locale_set_default()
#0 /developers/developer-talha/blackOptic/vendor/codeigniter4/framework/system/bootstrap.php(157): CodeIgniter\CodeIgniter->initialize()
#1 /developers/developer-talha/blackOptic/public/index.php(28): require('/developers/dev...')
#2 {main}
CRITICAL - 2021-11-18 11:08:28 --> Call to undefined function CodeIgniter\locale_set_default()
#0 /developers/developer-talha/blackOptic/vendor/codeigniter4/framework/system/bootstrap.php(157): CodeIgniter\CodeIgniter->initialize()
#1 /developers/developer-talha/blackOptic/public/index.php(28): require('/developers/dev...')
#2 {main}
CRITICAL - 2021-11-18 11:08:30 --> Call to undefined function CodeIgniter\locale_set_default()
#0 /developers/developer-talha/blackOptic/vendor/codeigniter4/framework/system/bootstrap.php(157): CodeIgniter\CodeIgniter->initialize()
#1 /developers/developer-talha/blackOptic/public/index.php(28): require('/developers/dev...')
#2 {main}
CRITICAL - 2021-11-18 11:19:18 --> Call to undefined function CodeIgniter\locale_set_default()
#0 /developers/developer-talha/blackOptic/vendor/codeigniter4/framework/system/bootstrap.php(157): CodeIgniter\CodeIgniter->initialize()
#1 /developers/developer-talha/blackOptic/public/index.php(28): require('/developers/dev...')
#2 {main}
CRITICAL - 2021-11-18 11:19:19 --> Call to undefined function CodeIgniter\locale_set_default()
#0 /developers/developer-talha/blackOptic/vendor/codeigniter4/framework/system/bootstrap.php(157): CodeIgniter\CodeIgniter->initialize()
#1 /developers/developer-talha/blackOptic/public/index.php(28): require('/developers/dev...')
#2 {main}
CRITICAL - 2021-11-18 11:19:20 --> Call to undefined function CodeIgniter\locale_set_default()
#0 /developers/developer-talha/blackOptic/vendor/codeigniter4/framework/system/bootstrap.php(157): CodeIgniter\CodeIgniter->initialize()
#1 /developers/developer-talha/blackOptic/public/index.php(28): require('/developers/dev...')
#2 {main}
CRITICAL - 2021-11-18 11:19:20 --> Call to undefined function CodeIgniter\locale_set_default()
#0 /developers/developer-talha/blackOptic/vendor/codeigniter4/framework/system/bootstrap.php(157): CodeIgniter\CodeIgniter->initialize()
#1 /developers/developer-talha/blackOptic/public/index.php(28): require('/developers/dev...')
#2 {main}
CRITICAL - 2021-11-18 11:19:21 --> Call to undefined function CodeIgniter\locale_set_default()
#0 /developers/developer-talha/blackOptic/vendor/codeigniter4/framework/system/bootstrap.php(157): CodeIgniter\CodeIgniter->initialize()
#1 /developers/developer-talha/blackOptic/public/index.php(28): require('/developers/dev...')
#2 {main}
CRITICAL - 2021-11-18 11:20:06 --> Call to undefined function CodeIgniter\locale_set_default()
#0 /developers/developer-talha/blackOptic/vendor/codeigniter4/framework/system/bootstrap.php(157): CodeIgniter\CodeIgniter->initialize()
#1 /developers/developer-talha/blackOptic/public/index.php(28): require('/developers/dev...')
#2 {main}
CRITICAL - 2021-11-18 11:20:07 --> Call to undefined function CodeIgniter\locale_set_default()
#0 /developers/developer-talha/blackOptic/vendor/codeigniter4/framework/system/bootstrap.php(157): CodeIgniter\CodeIgniter->initialize()
#1 /developers/developer-talha/blackOptic/public/index.php(28): require('/developers/dev...')
#2 {main}
CRITICAL - 2021-11-18 11:20:07 --> Call to undefined function CodeIgniter\locale_set_default()
#0 /developers/developer-talha/blackOptic/vendor/codeigniter4/framework/system/bootstrap.php(157): CodeIgniter\CodeIgniter->initialize()
#1 /developers/developer-talha/blackOptic/public/index.php(28): require('/developers/dev...')
#2 {main}
CRITICAL - 2021-11-18 11:21:35 --> Call to undefined function CodeIgniter\locale_set_default()
#0 /developers/developer-talha/blackOptic/vendor/codeigniter4/framework/system/bootstrap.php(157): CodeIgniter\CodeIgniter->initialize()
#1 /developers/developer-talha/blackOptic/public/index.php(28): require('/developers/dev...')
#2 {main}
CRITICAL - 2021-11-18 11:21:36 --> Call to undefined function CodeIgniter\locale_set_default()
#0 /developers/developer-talha/blackOptic/vendor/codeigniter4/framework/system/bootstrap.php(157): CodeIgniter\CodeIgniter->initialize()
#1 /developers/developer-talha/blackOptic/public/index.php(28): require('/developers/dev...')
#2 {main}
CRITICAL - 2021-11-18 11:24:39 --> Call to undefined function CodeIgniter\locale_set_default()
#0 /developers/developer-talha/blackOptic/vendor/codeigniter4/framework/system/bootstrap.php(157): CodeIgniter\CodeIgniter->initialize()
#1 /developers/developer-talha/blackOptic/public/index.php(28): require('/developers/dev...')
#2 {main}
CRITICAL - 2021-11-18 11:26:23 --> Call to undefined function CodeIgniter\locale_set_default()
#0 /developers/developer-talha/blackOptic/vendor/codeigniter4/framework/system/bootstrap.php(157): CodeIgniter\CodeIgniter->initialize()
#1 /developers/developer-talha/blackOptic/public/index.php(28): require('/developers/dev...')
#2 {main}
CRITICAL - 2021-11-18 11:26:24 --> Call to undefined function CodeIgniter\locale_set_default()
#0 /developers/developer-talha/blackOptic/vendor/codeigniter4/framework/system/bootstrap.php(157): CodeIgniter\CodeIgniter->initialize()
#1 /developers/developer-talha/blackOptic/public/index.php(28): require('/developers/dev...')
#2 {main}
CRITICAL - 2021-11-18 11:26:24 --> Call to undefined function CodeIgniter\locale_set_default()
#0 /developers/developer-talha/blackOptic/vendor/codeigniter4/framework/system/bootstrap.php(157): CodeIgniter\CodeIgniter->initialize()
#1 /developers/developer-talha/blackOptic/public/index.php(28): require('/developers/dev...')
#2 {main}
CRITICAL - 2021-11-18 11:26:24 --> Call to undefined function CodeIgniter\locale_set_default()
#0 /developers/developer-talha/blackOptic/vendor/codeigniter4/framework/system/bootstrap.php(157): CodeIgniter\CodeIgniter->initialize()
#1 /developers/developer-talha/blackOptic/public/index.php(28): require('/developers/dev...')
#2 {main}
CRITICAL - 2021-11-18 11:26:24 --> Call to undefined function CodeIgniter\locale_set_default()
#0 /developers/developer-talha/blackOptic/vendor/codeigniter4/framework/system/bootstrap.php(157): CodeIgniter\CodeIgniter->initialize()
#1 /developers/developer-talha/blackOptic/public/index.php(28): require('/developers/dev...')
#2 {main}
CRITICAL - 2021-11-18 11:26:24 --> Call to undefined function CodeIgniter\locale_set_default()
#0 /developers/developer-talha/blackOptic/vendor/codeigniter4/framework/system/bootstrap.php(157): CodeIgniter\CodeIgniter->initialize()
#1 /developers/developer-talha/blackOptic/public/index.php(28): require('/developers/dev...')
#2 {main}
CRITICAL - 2021-11-18 11:26:24 --> Call to undefined function CodeIgniter\locale_set_default()
#0 /developers/developer-talha/blackOptic/vendor/codeigniter4/framework/system/bootstrap.php(157): CodeIgniter\CodeIgniter->initialize()
#1 /developers/developer-talha/blackOptic/public/index.php(28): require('/developers/dev...')
#2 {main}
CRITICAL - 2021-11-18 11:29:43 --> Call to undefined function CodeIgniter\locale_set_default()
#0 /developers/developer-talha/blackOptic/vendor/codeigniter4/framework/system/bootstrap.php(157): CodeIgniter\CodeIgniter->initialize()
#1 /developers/developer-talha/blackOptic/public/index.php(28): require('/developers/dev...')
#2 {main}
CRITICAL - 2021-11-18 11:34:27 --> Call to undefined function CodeIgniter\locale_set_default()
#0 /developers/developer-talha/blackOptic/vendor/codeigniter4/framework/system/bootstrap.php(157): CodeIgniter\CodeIgniter->initialize()
#1 /developers/developer-talha/blackOptic/public/index.php(28): require('/developers/dev...')
#2 {main}
CRITICAL - 2021-11-18 11:34:28 --> Call to undefined function CodeIgniter\locale_set_default()
#0 /developers/developer-talha/blackOptic/vendor/codeigniter4/framework/system/bootstrap.php(157): CodeIgniter\CodeIgniter->initialize()
#1 /developers/developer-talha/blackOptic/public/index.php(28): require('/developers/dev...')
#2 {main}
CRITICAL - 2021-11-18 11:34:29 --> Call to undefined function CodeIgniter\locale_set_default()
#0 /developers/developer-talha/blackOptic/vendor/codeigniter4/framework/system/bootstrap.php(157): CodeIgniter\CodeIgniter->initialize()
#1 /developers/developer-talha/blackOptic/public/index.php(28): require('/developers/dev...')
#2 {main}
CRITICAL - 2021-11-18 11:34:29 --> Call to undefined function CodeIgniter\locale_set_default()
#0 /developers/developer-talha/blackOptic/vendor/codeigniter4/framework/system/bootstrap.php(157): CodeIgniter\CodeIgniter->initialize()
#1 /developers/developer-talha/blackOptic/public/index.php(28): require('/developers/dev...')
#2 {main}
CRITICAL - 2021-11-18 11:34:38 --> Call to undefined function CodeIgniter\locale_set_default()
#0 /developers/developer-talha/blackOptic/vendor/codeigniter4/framework/system/bootstrap.php(157): CodeIgniter\CodeIgniter->initialize()
#1 /developers/developer-talha/blackOptic/public/index.php(28): require('/developers/dev...')
#2 {main}
CRITICAL - 2021-11-18 11:34:39 --> Call to undefined function CodeIgniter\locale_set_default()
#0 /developers/developer-talha/blackOptic/vendor/codeigniter4/framework/system/bootstrap.php(157): CodeIgniter\CodeIgniter->initialize()
#1 /developers/developer-talha/blackOptic/public/index.php(28): require('/developers/dev...')
#2 {main}
CRITICAL - 2021-11-18 11:34:39 --> Call to undefined function CodeIgniter\locale_set_default()
#0 /developers/developer-talha/blackOptic/vendor/codeigniter4/framework/system/bootstrap.php(157): CodeIgniter\CodeIgniter->initialize()
#1 /developers/developer-talha/blackOptic/public/index.php(28): require('/developers/dev...')
#2 {main}
CRITICAL - 2021-11-18 11:34:39 --> Call to undefined function CodeIgniter\locale_set_default()
#0 /developers/developer-talha/blackOptic/vendor/codeigniter4/framework/system/bootstrap.php(157): CodeIgniter\CodeIgniter->initialize()
#1 /developers/developer-talha/blackOptic/public/index.php(28): require('/developers/dev...')
#2 {main}
CRITICAL - 2021-11-18 11:34:52 --> Call to undefined function CodeIgniter\locale_set_default()
#0 /developers/developer-talha/blackOptic/vendor/codeigniter4/framework/system/bootstrap.php(157): CodeIgniter\CodeIgniter->initialize()
#1 /developers/developer-talha/blackOptic/public/index.php(28): require('/developers/dev...')
#2 {main}
CRITICAL - 2021-11-18 11:34:53 --> Call to undefined function CodeIgniter\locale_set_default()
#0 /developers/developer-talha/blackOptic/vendor/codeigniter4/framework/system/bootstrap.php(157): CodeIgniter\CodeIgniter->initialize()
#1 /developers/developer-talha/blackOptic/public/index.php(28): require('/developers/dev...')
#2 {main}
CRITICAL - 2021-11-18 11:34:53 --> Call to undefined function CodeIgniter\locale_set_default()
#0 /developers/developer-talha/blackOptic/vendor/codeigniter4/framework/system/bootstrap.php(157): CodeIgniter\CodeIgniter->initialize()
#1 /developers/developer-talha/blackOptic/public/index.php(28): require('/developers/dev...')
#2 {main}
CRITICAL - 2021-11-18 11:34:54 --> Call to undefined function CodeIgniter\locale_set_default()
#0 /developers/developer-talha/blackOptic/vendor/codeigniter4/framework/system/bootstrap.php(157): CodeIgniter\CodeIgniter->initialize()
#1 /developers/developer-talha/blackOptic/public/index.php(28): require('/developers/dev...')
#2 {main}
CRITICAL - 2021-11-18 11:34:54 --> Call to undefined function CodeIgniter\locale_set_default()
#0 /developers/developer-talha/blackOptic/vendor/codeigniter4/framework/system/bootstrap.php(157): CodeIgniter\CodeIgniter->initialize()
#1 /developers/developer-talha/blackOptic/public/index.php(28): require('/developers/dev...')
#2 {main}
CRITICAL - 2021-11-18 11:34:54 --> Call to undefined function CodeIgniter\locale_set_default()
#0 /developers/developer-talha/blackOptic/vendor/codeigniter4/framework/system/bootstrap.php(157): CodeIgniter\CodeIgniter->initialize()
#1 /developers/developer-talha/blackOptic/public/index.php(28): require('/developers/dev...')
#2 {main}
CRITICAL - 2021-11-18 11:34:54 --> Call to undefined function CodeIgniter\locale_set_default()
#0 /developers/developer-talha/blackOptic/vendor/codeigniter4/framework/system/bootstrap.php(157): CodeIgniter\CodeIgniter->initialize()
#1 /developers/developer-talha/blackOptic/public/index.php(28): require('/developers/dev...')
#2 {main}
CRITICAL - 2021-11-18 11:34:55 --> Call to undefined function CodeIgniter\locale_set_default()
#0 /developers/developer-talha/blackOptic/vendor/codeigniter4/framework/system/bootstrap.php(157): CodeIgniter\CodeIgniter->initialize()
#1 /developers/developer-talha/blackOptic/public/index.php(28): require('/developers/dev...')
#2 {main}
CRITICAL - 2021-11-18 11:35:27 --> Call to undefined function CodeIgniter\locale_set_default()
#0 /developers/developer-talha/blackOptic/vendor/codeigniter4/framework/system/bootstrap.php(157): CodeIgniter\CodeIgniter->initialize()
#1 /developers/developer-talha/blackOptic/public/index.php(28): require('/developers/dev...')
#2 {main}
CRITICAL - 2021-11-18 11:35:28 --> Call to undefined function CodeIgniter\locale_set_default()
#0 /developers/developer-talha/blackOptic/vendor/codeigniter4/framework/system/bootstrap.php(157): CodeIgniter\CodeIgniter->initialize()
#1 /developers/developer-talha/blackOptic/public/index.php(28): require('/developers/dev...')
#2 {main}
CRITICAL - 2021-11-18 11:35:29 --> Call to undefined function CodeIgniter\locale_set_default()
#0 /developers/developer-talha/blackOptic/vendor/codeigniter4/framework/system/bootstrap.php(157): CodeIgniter\CodeIgniter->initialize()
#1 /developers/developer-talha/blackOptic/public/index.php(28): require('/developers/dev...')
#2 {main}
CRITICAL - 2021-11-18 11:35:29 --> Call to undefined function CodeIgniter\locale_set_default()
#0 /developers/developer-talha/blackOptic/vendor/codeigniter4/framework/system/bootstrap.php(157): CodeIgniter\CodeIgniter->initialize()
#1 /developers/developer-talha/blackOptic/public/index.php(28): require('/developers/dev...')
#2 {main}
CRITICAL - 2021-11-18 11:35:30 --> Call to undefined function CodeIgniter\locale_set_default()
#0 /developers/developer-talha/blackOptic/vendor/codeigniter4/framework/system/bootstrap.php(157): CodeIgniter\CodeIgniter->initialize()
#1 /developers/developer-talha/blackOptic/public/index.php(28): require('/developers/dev...')
#2 {main}
CRITICAL - 2021-11-18 11:35:30 --> Call to undefined function CodeIgniter\locale_set_default()
#0 /developers/developer-talha/blackOptic/vendor/codeigniter4/framework/system/bootstrap.php(157): CodeIgniter\CodeIgniter->initialize()
#1 /developers/developer-talha/blackOptic/public/index.php(28): require('/developers/dev...')
#2 {main}
CRITICAL - 2021-11-18 11:35:30 --> Call to undefined function CodeIgniter\locale_set_default()
#0 /developers/developer-talha/blackOptic/vendor/codeigniter4/framework/system/bootstrap.php(157): CodeIgniter\CodeIgniter->initialize()
#1 /developers/developer-talha/blackOptic/public/index.php(28): require('/developers/dev...')
#2 {main}
CRITICAL - 2021-11-18 11:35:30 --> Call to undefined function CodeIgniter\locale_set_default()
#0 /developers/developer-talha/blackOptic/vendor/codeigniter4/framework/system/bootstrap.php(157): CodeIgniter\CodeIgniter->initialize()
#1 /developers/developer-talha/blackOptic/public/index.php(28): require('/developers/dev...')
#2 {main}
CRITICAL - 2021-11-18 11:35:30 --> Call to undefined function CodeIgniter\locale_set_default()
#0 /developers/developer-talha/blackOptic/vendor/codeigniter4/framework/system/bootstrap.php(157): CodeIgniter\CodeIgniter->initialize()
#1 /developers/developer-talha/blackOptic/public/index.php(28): require('/developers/dev...')
#2 {main}
CRITICAL - 2021-11-18 11:36:14 --> Call to undefined function CodeIgniter\locale_set_default()
#0 /developers/developer-talha/blackOptic/vendor/codeigniter4/framework/system/bootstrap.php(157): CodeIgniter\CodeIgniter->initialize()
#1 /developers/developer-talha/blackOptic/public/index.php(28): require('/developers/dev...')
#2 {main}
CRITICAL - 2021-11-18 11:36:36 --> Call to undefined function CodeIgniter\locale_set_default()
#0 /developers/developer-talha/blackOptic/vendor/codeigniter4/framework/system/bootstrap.php(157): CodeIgniter\CodeIgniter->initialize()
#1 /developers/developer-talha/blackOptic/public/index.php(28): require('/developers/dev...')
#2 {main}
CRITICAL - 2021-11-18 11:36:37 --> Call to undefined function CodeIgniter\locale_set_default()
#0 /developers/developer-talha/blackOptic/vendor/codeigniter4/framework/system/bootstrap.php(157): CodeIgniter\CodeIgniter->initialize()
#1 /developers/developer-talha/blackOptic/public/index.php(28): require('/developers/dev...')
#2 {main}
CRITICAL - 2021-11-18 11:36:37 --> Call to undefined function CodeIgniter\locale_set_default()
#0 /developers/developer-talha/blackOptic/vendor/codeigniter4/framework/system/bootstrap.php(157): CodeIgniter\CodeIgniter->initialize()
#1 /developers/developer-talha/blackOptic/public/index.php(28): require('/developers/dev...')
#2 {main}
CRITICAL - 2021-11-18 11:36:37 --> Call to undefined function CodeIgniter\locale_set_default()
#0 /developers/developer-talha/blackOptic/vendor/codeigniter4/framework/system/bootstrap.php(157): CodeIgniter\CodeIgniter->initialize()
#1 /developers/developer-talha/blackOptic/public/index.php(28): require('/developers/dev...')
#2 {main}
CRITICAL - 2021-11-18 11:36:47 --> Call to undefined function CodeIgniter\locale_set_default()
#0 /developers/developer-talha/blackOptic/vendor/codeigniter4/framework/system/bootstrap.php(157): CodeIgniter\CodeIgniter->initialize()
#1 /developers/developer-talha/blackOptic/public/index.php(28): require('/developers/dev...')
#2 {main}
CRITICAL - 2021-11-18 11:36:47 --> Call to undefined function CodeIgniter\locale_set_default()
#0 /developers/developer-talha/blackOptic/vendor/codeigniter4/framework/system/bootstrap.php(157): CodeIgniter\CodeIgniter->initialize()
#1 /developers/developer-talha/blackOptic/public/index.php(28): require('/developers/dev...')
#2 {main}
CRITICAL - 2021-11-18 11:36:48 --> Call to undefined function CodeIgniter\locale_set_default()
#0 /developers/developer-talha/blackOptic/vendor/codeigniter4/framework/system/bootstrap.php(157): CodeIgniter\CodeIgniter->initialize()
#1 /developers/developer-talha/blackOptic/public/index.php(28): require('/developers/dev...')
#2 {main}
CRITICAL - 2021-11-18 11:38:00 --> Call to undefined function CodeIgniter\locale_set_default()
#0 /developers/developer-talha/blackOptic/vendor/codeigniter4/framework/system/bootstrap.php(157): CodeIgniter\CodeIgniter->initialize()
#1 /developers/developer-talha/blackOptic/public/index.php(28): require('/developers/dev...')
#2 {main}
CRITICAL - 2021-11-18 11:41:43 --> Call to undefined function CodeIgniter\locale_set_default()
#0 /developers/developer-talha/blackOptic/vendor/codeigniter4/framework/system/bootstrap.php(157): CodeIgniter\CodeIgniter->initialize()
#1 /developers/developer-talha/blackOptic/public/index.php(28): require('/developers/dev...')
#2 {main}
CRITICAL - 2021-11-18 11:47:10 --> Call to undefined function CodeIgniter\locale_set_default()
#0 /developers/developer-talha/blackOptic/vendor/codeigniter4/framework/system/bootstrap.php(157): CodeIgniter\CodeIgniter->initialize()
#1 /developers/developer-talha/blackOptic/public/index.php(28): require('/developers/dev...')
#2 {main}
CRITICAL - 2021-11-18 11:47:11 --> Call to undefined function CodeIgniter\locale_set_default()
#0 /developers/developer-talha/blackOptic/vendor/codeigniter4/framework/system/bootstrap.php(157): CodeIgniter\CodeIgniter->initialize()
#1 /developers/developer-talha/blackOptic/public/index.php(28): require('/developers/dev...')
#2 {main}
CRITICAL - 2021-11-18 11:52:19 --> Call to undefined function CodeIgniter\locale_set_default()
#0 /developers/developer-talha/blackOptic/vendor/codeigniter4/framework/system/bootstrap.php(157): CodeIgniter\CodeIgniter->initialize()
#1 /developers/developer-talha/blackOptic/public/index.php(28): require('/developers/dev...')
#2 {main}
CRITICAL - 2021-11-18 11:54:54 --> Call to undefined function CodeIgniter\locale_set_default()
#0 /developers/developer-talha/blackOptic/vendor/codeigniter4/framework/system/bootstrap.php(157): CodeIgniter\CodeIgniter->initialize()
#1 /developers/developer-talha/blackOptic/public/index.php(28): require('/developers/dev...')
#2 {main}
CRITICAL - 2021-11-18 11:54:56 --> Call to undefined function CodeIgniter\locale_set_default()
#0 /developers/developer-talha/blackOptic/vendor/codeigniter4/framework/system/bootstrap.php(157): CodeIgniter\CodeIgniter->initialize()
#1 /developers/developer-talha/blackOptic/public/index.php(28): require('/developers/dev...')
#2 {main}
CRITICAL - 2021-11-18 11:54:56 --> Call to undefined function CodeIgniter\locale_set_default()
#0 /developers/developer-talha/blackOptic/vendor/codeigniter4/framework/system/bootstrap.php(157): CodeIgniter\CodeIgniter->initialize()
#1 /developers/developer-talha/blackOptic/public/index.php(28): require('/developers/dev...')
#2 {main}
CRITICAL - 2021-11-18 11:54:57 --> Call to undefined function CodeIgniter\locale_set_default()
#0 /developers/developer-talha/blackOptic/vendor/codeigniter4/framework/system/bootstrap.php(157): CodeIgniter\CodeIgniter->initialize()
#1 /developers/developer-talha/blackOptic/public/index.php(28): require('/developers/dev...')
#2 {main}
CRITICAL - 2021-11-18 11:54:57 --> Call to undefined function CodeIgniter\locale_set_default()
#0 /developers/developer-talha/blackOptic/vendor/codeigniter4/framework/system/bootstrap.php(157): CodeIgniter\CodeIgniter->initialize()
#1 /developers/developer-talha/blackOptic/public/index.php(28): require('/developers/dev...')
#2 {main}
CRITICAL - 2021-11-18 11:54:57 --> Call to undefined function CodeIgniter\locale_set_default()
#0 /developers/developer-talha/blackOptic/vendor/codeigniter4/framework/system/bootstrap.php(157): CodeIgniter\CodeIgniter->initialize()
#1 /developers/developer-talha/blackOptic/public/index.php(28): require('/developers/dev...')
#2 {main}
CRITICAL - 2021-11-18 11:55:39 --> Call to undefined function CodeIgniter\locale_set_default()
#0 /developers/developer-talha/blackOptic/vendor/codeigniter4/framework/system/bootstrap.php(157): CodeIgniter\CodeIgniter->initialize()
#1 /developers/developer-talha/blackOptic/public/index.php(28): require('/developers/dev...')
#2 {main}
CRITICAL - 2021-11-18 11:55:40 --> Call to undefined function CodeIgniter\locale_set_default()
#0 /developers/developer-talha/blackOptic/vendor/codeigniter4/framework/system/bootstrap.php(157): CodeIgniter\CodeIgniter->initialize()
#1 /developers/developer-talha/blackOptic/public/index.php(28): require('/developers/dev...')
#2 {main}
CRITICAL - 2021-11-18 11:55:40 --> Call to undefined function CodeIgniter\locale_set_default()
#0 /developers/developer-talha/blackOptic/vendor/codeigniter4/framework/system/bootstrap.php(157): CodeIgniter\CodeIgniter->initialize()
#1 /developers/developer-talha/blackOptic/public/index.php(28): require('/developers/dev...')
#2 {main}
CRITICAL - 2021-11-18 11:55:41 --> Call to undefined function CodeIgniter\locale_set_default()
#0 /developers/developer-talha/blackOptic/vendor/codeigniter4/framework/system/bootstrap.php(157): CodeIgniter\CodeIgniter->initialize()
#1 /developers/developer-talha/blackOptic/public/index.php(28): require('/developers/dev...')
#2 {main}
CRITICAL - 2021-11-18 11:55:41 --> Call to undefined function CodeIgniter\locale_set_default()
#0 /developers/developer-talha/blackOptic/vendor/codeigniter4/framework/system/bootstrap.php(157): CodeIgniter\CodeIgniter->initialize()
#1 /developers/developer-talha/blackOptic/public/index.php(28): require('/developers/dev...')
#2 {main}
CRITICAL - 2021-11-18 11:55:41 --> Call to undefined function CodeIgniter\locale_set_default()
#0 /developers/developer-talha/blackOptic/vendor/codeigniter4/framework/system/bootstrap.php(157): CodeIgniter\CodeIgniter->initialize()
#1 /developers/developer-talha/blackOptic/public/index.php(28): require('/developers/dev...')
#2 {main}
CRITICAL - 2021-11-18 11:55:41 --> Call to undefined function CodeIgniter\locale_set_default()
#0 /developers/developer-talha/blackOptic/vendor/codeigniter4/framework/system/bootstrap.php(157): CodeIgniter\CodeIgniter->initialize()
#1 /developers/developer-talha/blackOptic/public/index.php(28): require('/developers/dev...')
#2 {main}
CRITICAL - 2021-11-18 12:04:26 --> Call to undefined function CodeIgniter\locale_set_default()
#0 /developers/developer-talha/blackOptic/vendor/codeigniter4/framework/system/bootstrap.php(157): CodeIgniter\CodeIgniter->initialize()
#1 /developers/developer-talha/blackOptic/public/index.php(28): require('/developers/dev...')
#2 {main}
CRITICAL - 2021-11-18 12:04:28 --> Call to undefined function CodeIgniter\locale_set_default()
#0 /developers/developer-talha/blackOptic/vendor/codeigniter4/framework/system/bootstrap.php(157): CodeIgniter\CodeIgniter->initialize()
#1 /developers/developer-talha/blackOptic/public/index.php(28): require('/developers/dev...')
#2 {main}
CRITICAL - 2021-11-18 12:04:30 --> Call to undefined function CodeIgniter\locale_set_default()
#0 /developers/developer-talha/blackOptic/vendor/codeigniter4/framework/system/bootstrap.php(157): CodeIgniter\CodeIgniter->initialize()
#1 /developers/developer-talha/blackOptic/public/index.php(28): require('/developers/dev...')
#2 {main}
CRITICAL - 2021-11-18 12:05:02 --> Call to undefined function CodeIgniter\locale_set_default()
#0 /developers/developer-talha/blackOptic/vendor/codeigniter4/framework/system/bootstrap.php(157): CodeIgniter\CodeIgniter->initialize()
#1 /developers/developer-talha/blackOptic/public/index.php(28): require('/developers/dev...')
#2 {main}
CRITICAL - 2021-11-18 12:05:03 --> Call to undefined function CodeIgniter\locale_set_default()
#0 /developers/developer-talha/blackOptic/vendor/codeigniter4/framework/system/bootstrap.php(157): CodeIgniter\CodeIgniter->initialize()
#1 /developers/developer-talha/blackOptic/public/index.php(28): require('/developers/dev...')
#2 {main}
CRITICAL - 2021-11-18 12:05:03 --> Call to undefined function CodeIgniter\locale_set_default()
#0 /developers/developer-talha/blackOptic/vendor/codeigniter4/framework/system/bootstrap.php(157): CodeIgniter\CodeIgniter->initialize()
#1 /developers/developer-talha/blackOptic/public/index.php(28): require('/developers/dev...')
#2 {main}
CRITICAL - 2021-11-18 12:05:04 --> Call to undefined function CodeIgniter\locale_set_default()
#0 /developers/developer-talha/blackOptic/vendor/codeigniter4/framework/system/bootstrap.php(157): CodeIgniter\CodeIgniter->initialize()
#1 /developers/developer-talha/blackOptic/public/index.php(28): require('/developers/dev...')
#2 {main}
CRITICAL - 2021-11-18 12:05:04 --> Call to undefined function CodeIgniter\locale_set_default()
#0 /developers/developer-talha/blackOptic/vendor/codeigniter4/framework/system/bootstrap.php(157): CodeIgniter\CodeIgniter->initialize()
#1 /developers/developer-talha/blackOptic/public/index.php(28): require('/developers/dev...')
#2 {main}
CRITICAL - 2021-11-18 12:05:04 --> Call to undefined function CodeIgniter\locale_set_default()
#0 /developers/developer-talha/blackOptic/vendor/codeigniter4/framework/system/bootstrap.php(157): CodeIgniter\CodeIgniter->initialize()
#1 /developers/developer-talha/blackOptic/public/index.php(28): require('/developers/dev...')
#2 {main}
CRITICAL - 2021-11-18 12:05:04 --> Call to undefined function CodeIgniter\locale_set_default()
#0 /developers/developer-talha/blackOptic/vendor/codeigniter4/framework/system/bootstrap.php(157): CodeIgniter\CodeIgniter->initialize()
#1 /developers/developer-talha/blackOptic/public/index.php(28): require('/developers/dev...')
#2 {main}
CRITICAL - 2021-11-18 12:08:36 --> Call to undefined function CodeIgniter\locale_set_default()
#0 /developers/developer-talha/blackOptic/vendor/codeigniter4/framework/system/bootstrap.php(157): CodeIgniter\CodeIgniter->initialize()
#1 /developers/developer-talha/blackOptic/public/index.php(28): require('/developers/dev...')
#2 {main}
CRITICAL - 2021-11-18 12:08:37 --> Call to undefined function CodeIgniter\locale_set_default()
#0 /developers/developer-talha/blackOptic/vendor/codeigniter4/framework/system/bootstrap.php(157): CodeIgniter\CodeIgniter->initialize()
#1 /developers/developer-talha/blackOptic/public/index.php(28): require('/developers/dev...')
#2 {main}
CRITICAL - 2021-11-18 12:08:37 --> Call to undefined function CodeIgniter\locale_set_default()
#0 /developers/developer-talha/blackOptic/vendor/codeigniter4/framework/system/bootstrap.php(157): CodeIgniter\CodeIgniter->initialize()
#1 /developers/developer-talha/blackOptic/public/index.php(28): require('/developers/dev...')
#2 {main}
CRITICAL - 2021-11-18 12:08:37 --> Call to undefined function CodeIgniter\locale_set_default()
#0 /developers/developer-talha/blackOptic/vendor/codeigniter4/framework/system/bootstrap.php(157): CodeIgniter\CodeIgniter->initialize()
#1 /developers/developer-talha/blackOptic/public/index.php(28): require('/developers/dev...')
#2 {main}
CRITICAL - 2021-11-18 17:09:21 --> unlink(/developers/developer-talha/blackOptic/writable/debugbar/debugbar_1634114408.json): Operation not permitted
#0 [internal function]: CodeIgniter\Debug\Exceptions->errorHandler(2, 'unlink(/develop...', '/developers/dev...', 78, Array)
#1 /developers/developer-talha/blackOptic/vendor/codeigniter4/framework/system/Debug/Toolbar/Collectors/History.php(78): unlink('/developers/dev...')
#2 /developers/developer-talha/blackOptic/vendor/codeigniter4/framework/system/Debug/Toolbar.php(480): CodeIgniter\Debug\Toolbar\Collectors\History->setFiles(1637237358, 20)
#3 /developers/developer-talha/blackOptic/vendor/codeigniter4/framework/system/Debug/Toolbar.php(452): CodeIgniter\Debug\Toolbar->format(Array, 'html')
#4 /developers/developer-talha/blackOptic/app/Config/Events.php(52): CodeIgniter\Debug\Toolbar->respond()
#5 [internal function]: CodeIgniter\Events\Events::Config\{closure}()
#6 /developers/developer-talha/blackOptic/vendor/codeigniter4/framework/system/Events/Events.php(166): call_user_func(Object(Closure))
#7 /developers/developer-talha/blackOptic/vendor/codeigniter4/framework/system/CodeIgniter.php(319): CodeIgniter\Events\Events::trigger('pre_system')
#8 /developers/developer-talha/blackOptic/public/index.php(37): CodeIgniter\CodeIgniter->run()
#9 {main}
CRITICAL - 2021-11-18 17:09:44 --> unlink(/developers/developer-talha/blackOptic/writable/debugbar/debugbar_1634271749.json): Operation not permitted
#0 [internal function]: CodeIgniter\Debug\Exceptions->errorHandler(2, 'unlink(/develop...', '/developers/dev...', 78, Array)
#1 /developers/developer-talha/blackOptic/vendor/codeigniter4/framework/system/Debug/Toolbar/Collectors/History.php(78): unlink('/developers/dev...')
#2 /developers/developer-talha/blackOptic/vendor/codeigniter4/framework/system/Debug/Toolbar.php(480): CodeIgniter\Debug\Toolbar\Collectors\History->setFiles(1637237383, 20)
#3 /developers/developer-talha/blackOptic/vendor/codeigniter4/framework/system/Debug/Toolbar.php(452): CodeIgniter\Debug\Toolbar->format(Array, 'html')
#4 /developers/developer-talha/blackOptic/app/Config/Events.php(52): CodeIgniter\Debug\Toolbar->respond()
#5 [internal function]: CodeIgniter\Events\Events::Config\{closure}()
#6 /developers/developer-talha/blackOptic/vendor/codeigniter4/framework/system/Events/Events.php(166): call_user_func(Object(Closure))
#7 /developers/developer-talha/blackOptic/vendor/codeigniter4/framework/system/CodeIgniter.php(319): CodeIgniter\Events\Events::trigger('pre_system')
#8 /developers/developer-talha/blackOptic/public/index.php(37): CodeIgniter\CodeIgniter->run()
#9 {main}
CRITICAL - 2021-11-18 17:09:52 --> unlink(/developers/developer-talha/blackOptic/writable/debugbar/debugbar_1634283292.json): Operation not permitted
#0 [internal function]: CodeIgniter\Debug\Exceptions->errorHandler(2, 'unlink(/develop...', '/developers/dev...', 78, Array)
#1 /developers/developer-talha/blackOptic/vendor/codeigniter4/framework/system/Debug/Toolbar/Collectors/History.php(78): unlink('/developers/dev...')
#2 /developers/developer-talha/blackOptic/vendor/codeigniter4/framework/system/Debug/Toolbar.php(480): CodeIgniter\Debug\Toolbar\Collectors\History->setFiles(1637237391, 20)
#3 /developers/developer-talha/blackOptic/vendor/codeigniter4/framework/system/Debug/Toolbar.php(452): CodeIgniter\Debug\Toolbar->format(Array, 'html')
#4 /developers/developer-talha/blackOptic/app/Config/Events.php(52): CodeIgniter\Debug\Toolbar->respond()
#5 [internal function]: CodeIgniter\Events\Events::Config\{closure}()
#6 /developers/developer-talha/blackOptic/vendor/codeigniter4/framework/system/Events/Events.php(166): call_user_func(Object(Closure))
#7 /developers/developer-talha/blackOptic/vendor/codeigniter4/framework/system/CodeIgniter.php(319): CodeIgniter\Events\Events::trigger('pre_system')
#8 /developers/developer-talha/blackOptic/public/index.php(37): CodeIgniter\CodeIgniter->run()
#9 {main}
CRITICAL - 2021-11-18 17:09:59 --> unlink(/developers/developer-talha/blackOptic/writable/debugbar/debugbar_1634283293.json): Operation not permitted
#0 [internal function]: CodeIgniter\Debug\Exceptions->errorHandler(2, 'unlink(/develop...', '/developers/dev...', 78, Array)
#1 /developers/developer-talha/blackOptic/vendor/codeigniter4/framework/system/Debug/Toolbar/Collectors/History.php(78): unlink('/developers/dev...')
#2 /developers/developer-talha/blackOptic/vendor/codeigniter4/framework/system/Debug/Toolbar.php(480): CodeIgniter\Debug\Toolbar\Collectors\History->setFiles(1637237399, 20)
#3 /developers/developer-talha/blackOptic/vendor/codeigniter4/framework/system/Debug/Toolbar.php(452): CodeIgniter\Debug\Toolbar->format(Array, 'html')
#4 /developers/developer-talha/blackOptic/app/Config/Events.php(52): CodeIgniter\Debug\Toolbar->respond()
#5 [internal function]: CodeIgniter\Events\Events::Config\{closure}()
#6 /developers/developer-talha/blackOptic/vendor/codeigniter4/framework/system/Events/Events.php(166): call_user_func(Object(Closure))
#7 /developers/developer-talha/blackOptic/vendor/codeigniter4/framework/system/CodeIgniter.php(319): CodeIgniter\Events\Events::trigger('pre_system')
#8 /developers/developer-talha/blackOptic/public/index.php(37): CodeIgniter\CodeIgniter->run()
#9 {main}
CRITICAL - 2021-11-18 17:10:16 --> unlink(/developers/developer-talha/blackOptic/writable/debugbar/debugbar_1634456500.json): Operation not permitted
#0 [internal function]: CodeIgniter\Debug\Exceptions->errorHandler(2, 'unlink(/develop...', '/developers/dev...', 78, Array)
#1 /developers/developer-talha/blackOptic/vendor/codeigniter4/framework/system/Debug/Toolbar/Collectors/History.php(78): unlink('/developers/dev...')
#2 /developers/developer-talha/blackOptic/vendor/codeigniter4/framework/system/Debug/Toolbar.php(480): CodeIgniter\Debug\Toolbar\Collectors\History->setFiles(1637237416, 20)
#3 /developers/developer-talha/blackOptic/vendor/codeigniter4/framework/system/Debug/Toolbar.php(452): CodeIgniter\Debug\Toolbar->format(Array, 'html')
#4 /developers/developer-talha/blackOptic/app/Config/Events.php(52): CodeIgniter\Debug\Toolbar->respond()
#5 [internal function]: CodeIgniter\Events\Events::Config\{closure}()
#6 /developers/developer-talha/blackOptic/vendor/codeigniter4/framework/system/Events/Events.php(166): call_user_func(Object(Closure))
#7 /developers/developer-talha/blackOptic/vendor/codeigniter4/framework/system/CodeIgniter.php(319): CodeIgniter\Events\Events::trigger('pre_system')
#8 /developers/developer-talha/blackOptic/public/index.php(37): CodeIgniter\CodeIgniter->run()
#9 {main}
CRITICAL - 2021-11-18 17:10:20 --> unlink(/developers/developer-talha/blackOptic/writable/debugbar/debugbar_1634456502.json): Operation not permitted
#0 [internal function]: CodeIgniter\Debug\Exceptions->errorHandler(2, 'unlink(/develop...', '/developers/dev...', 78, Array)
#1 /developers/developer-talha/blackOptic/vendor/codeigniter4/framework/system/Debug/Toolbar/Collectors/History.php(78): unlink('/developers/dev...')
#2 /developers/developer-talha/blackOptic/vendor/codeigniter4/framework/system/Debug/Toolbar.php(480): CodeIgniter\Debug\Toolbar\Collectors\History->setFiles(1637237419, 20)
#3 /developers/developer-talha/blackOptic/vendor/codeigniter4/framework/system/Debug/Toolbar.php(452): CodeIgniter\Debug\Toolbar->format(Array, 'html')
#4 /developers/developer-talha/blackOptic/app/Config/Events.php(52): CodeIgniter\Debug\Toolbar->respond()
#5 [internal function]: CodeIgniter\Events\Events::Config\{closure}()
#6 /developers/developer-talha/blackOptic/vendor/codeigniter4/framework/system/Events/Events.php(166): call_user_func(Object(Closure))
#7 /developers/developer-talha/blackOptic/vendor/codeigniter4/framework/system/CodeIgniter.php(319): CodeIgniter\Events\Events::trigger('pre_system')
#8 /developers/developer-talha/blackOptic/public/index.php(37): CodeIgniter\CodeIgniter->run()
#9 {main}
CRITICAL - 2021-11-18 17:10:23 --> unlink(/developers/developer-talha/blackOptic/writable/debugbar/debugbar_1634502199.json): Operation not permitted
#0 [internal function]: CodeIgniter\Debug\Exceptions->errorHandler(2, 'unlink(/develop...', '/developers/dev...', 78, Array)
#1 /developers/developer-talha/blackOptic/vendor/codeigniter4/framework/system/Debug/Toolbar/Collectors/History.php(78): unlink('/developers/dev...')
#2 /developers/developer-talha/blackOptic/vendor/codeigniter4/framework/system/Debug/Toolbar.php(480): CodeIgniter\Debug\Toolbar\Collectors\History->setFiles(1637237423, 20)
#3 /developers/developer-talha/blackOptic/vendor/codeigniter4/framework/system/Debug/Toolbar.php(452): CodeIgniter\Debug\Toolbar->format(Array, 'html')
#4 /developers/developer-talha/blackOptic/app/Config/Events.php(52): CodeIgniter\Debug\Toolbar->respond()
#5 [internal function]: CodeIgniter\Events\Events::Config\{closure}()
#6 /developers/developer-talha/blackOptic/vendor/codeigniter4/framework/system/Events/Events.php(166): call_user_func(Object(Closure))
#7 /developers/developer-talha/blackOptic/vendor/codeigniter4/framework/system/CodeIgniter.php(319): CodeIgniter\Events\Events::trigger('pre_system')
#8 /developers/developer-talha/blackOptic/public/index.php(37): CodeIgniter\CodeIgniter->run()
#9 {main}
CRITICAL - 2021-11-18 17:10:28 --> unlink(/developers/developer-talha/blackOptic/writable/debugbar/debugbar_1634580904.json): Operation not permitted
#0 [internal function]: CodeIgniter\Debug\Exceptions->errorHandler(2, 'unlink(/develop...', '/developers/dev...', 78, Array)
#1 /developers/developer-talha/blackOptic/vendor/codeigniter4/framework/system/Debug/Toolbar/Collectors/History.php(78): unlink('/developers/dev...')
#2 /developers/developer-talha/blackOptic/vendor/codeigniter4/framework/system/Debug/Toolbar.php(480): CodeIgniter\Debug\Toolbar\Collectors\History->setFiles(1637237427, 20)
#3 /developers/developer-talha/blackOptic/vendor/codeigniter4/framework/system/Debug/Toolbar.php(452): CodeIgniter\Debug\Toolbar->format(Array, 'html')
#4 /developers/developer-talha/blackOptic/app/Config/Events.php(52): CodeIgniter\Debug\Toolbar->respond()
#5 [internal function]: CodeIgniter\Events\Events::Config\{closure}()
#6 /developers/developer-talha/blackOptic/vendor/codeigniter4/framework/system/Events/Events.php(166): call_user_func(Object(Closure))
#7 /developers/developer-talha/blackOptic/vendor/codeigniter4/framework/system/CodeIgniter.php(319): CodeIgniter\Events\Events::trigger('pre_system')
#8 /developers/developer-talha/blackOptic/public/index.php(37): CodeIgniter\CodeIgniter->run()
#9 {main}
CRITICAL - 2021-11-18 17:19:24 --> unlink(/developers/developer-talha/blackOptic/writable/debugbar/debugbar_1634720483.json): Operation not permitted
#0 [internal function]: CodeIgniter\Debug\Exceptions->errorHandler(2, 'unlink(/develop...', '/developers/dev...', 78, Array)
#1 /developers/developer-talha/blackOptic/vendor/codeigniter4/framework/system/Debug/Toolbar/Collectors/History.php(78): unlink('/developers/dev...')
#2 /developers/developer-talha/blackOptic/vendor/codeigniter4/framework/system/Debug/Toolbar.php(480): CodeIgniter\Debug\Toolbar\Collectors\History->setFiles(1637237963, 20)
#3 /developers/developer-talha/blackOptic/vendor/codeigniter4/framework/system/Debug/Toolbar.php(452): CodeIgniter\Debug\Toolbar->format(Array, 'html')
#4 /developers/developer-talha/blackOptic/app/Config/Events.php(52): CodeIgniter\Debug\Toolbar->respond()
#5 [internal function]: CodeIgniter\Events\Events::Config\{closure}()
#6 /developers/developer-talha/blackOptic/vendor/codeigniter4/framework/system/Events/Events.php(166): call_user_func(Object(Closure))
#7 /developers/developer-talha/blackOptic/vendor/codeigniter4/framework/system/CodeIgniter.php(319): CodeIgniter\Events\Events::trigger('pre_system')
#8 /developers/developer-talha/blackOptic/public/index.php(37): CodeIgniter\CodeIgniter->run()
#9 {main}
CRITICAL - 2021-11-18 17:19:31 --> unlink(/developers/developer-talha/blackOptic/writable/debugbar/debugbar_1634720487.json): Operation not permitted
#0 [internal function]: CodeIgniter\Debug\Exceptions->errorHandler(2, 'unlink(/develop...', '/developers/dev...', 78, Array)
#1 /developers/developer-talha/blackOptic/vendor/codeigniter4/framework/system/Debug/Toolbar/Collectors/History.php(78): unlink('/developers/dev...')
#2 /developers/developer-talha/blackOptic/vendor/codeigniter4/framework/system/Debug/Toolbar.php(480): CodeIgniter\Debug\Toolbar\Collectors\History->setFiles(1637237971, 20)
#3 /developers/developer-talha/blackOptic/vendor/codeigniter4/framework/system/Debug/Toolbar.php(452): CodeIgniter\Debug\Toolbar->format(Array, 'html')
#4 /developers/developer-talha/blackOptic/app/Config/Events.php(52): CodeIgniter\Debug\Toolbar->respond()
#5 [internal function]: CodeIgniter\Events\Events::Config\{closure}()
#6 /developers/developer-talha/blackOptic/vendor/codeigniter4/framework/system/Events/Events.php(166): call_user_func(Object(Closure))
#7 /developers/developer-talha/blackOptic/vendor/codeigniter4/framework/system/CodeIgniter.php(319): CodeIgniter\Events\Events::trigger('pre_system')
#8 /developers/developer-talha/blackOptic/public/index.php(37): CodeIgniter\CodeIgniter->run()
#9 {main}
CRITICAL - 2021-11-18 17:19:40 --> unlink(/developers/developer-talha/blackOptic/writable/debugbar/debugbar_1634734212.json): Operation not permitted
#0 [internal function]: CodeIgniter\Debug\Exceptions->errorHandler(2, 'unlink(/develop...', '/developers/dev...', 78, Array)
#1 /developers/developer-talha/blackOptic/vendor/codeigniter4/framework/system/Debug/Toolbar/Collectors/History.php(78): unlink('/developers/dev...')
#2 /developers/developer-talha/blackOptic/vendor/codeigniter4/framework/system/Debug/Toolbar.php(480): CodeIgniter\Debug\Toolbar\Collectors\History->setFiles(1637237979, 20)
#3 /developers/developer-talha/blackOptic/vendor/codeigniter4/framework/system/Debug/Toolbar.php(452): CodeIgniter\Debug\Toolbar->format(Array, 'html')
#4 /developers/developer-talha/blackOptic/app/Config/Events.php(52): CodeIgniter\Debug\Toolbar->respond()
#5 [internal function]: CodeIgniter\Events\Events::Config\{closure}()
#6 /developers/developer-talha/blackOptic/vendor/codeigniter4/framework/system/Events/Events.php(166): call_user_func(Object(Closure))
#7 /developers/developer-talha/blackOptic/vendor/codeigniter4/framework/system/CodeIgniter.php(319): CodeIgniter\Events\Events::trigger('pre_system')
#8 /developers/developer-talha/blackOptic/public/index.php(37): CodeIgniter\CodeIgniter->run()
#9 {main}
CRITICAL - 2021-11-18 17:19:50 --> unlink(/developers/developer-talha/blackOptic/writable/debugbar/debugbar_1634968028.json): Operation not permitted
#0 [internal function]: CodeIgniter\Debug\Exceptions->errorHandler(2, 'unlink(/develop...', '/developers/dev...', 78, Array)
#1 /developers/developer-talha/blackOptic/vendor/codeigniter4/framework/system/Debug/Toolbar/Collectors/History.php(78): unlink('/developers/dev...')
#2 /developers/developer-talha/blackOptic/vendor/codeigniter4/framework/system/Debug/Toolbar.php(480): CodeIgniter\Debug\Toolbar\Collectors\History->setFiles(1637237989, 20)
#3 /developers/developer-talha/blackOptic/vendor/codeigniter4/framework/system/Debug/Toolbar.php(452): CodeIgniter\Debug\Toolbar->format(Array, 'html')
#4 /developers/developer-talha/blackOptic/app/Config/Events.php(52): CodeIgniter\Debug\Toolbar->respond()
#5 [internal function]: CodeIgniter\Events\Events::Config\{closure}()
#6 /developers/developer-talha/blackOptic/vendor/codeigniter4/framework/system/Events/Events.php(166): call_user_func(Object(Closure))
#7 /developers/developer-talha/blackOptic/vendor/codeigniter4/framework/system/CodeIgniter.php(319): CodeIgniter\Events\Events::trigger('pre_system')
#8 /developers/developer-talha/blackOptic/public/index.php(37): CodeIgniter\CodeIgniter->run()
#9 {main}
CRITICAL - 2021-11-18 17:20:05 --> unlink(/developers/developer-talha/blackOptic/writable/debugbar/debugbar_1634991868.json): Operation not permitted
#0 [internal function]: CodeIgniter\Debug\Exceptions->errorHandler(2, 'unlink(/develop...', '/developers/dev...', 78, Array)
#1 /developers/developer-talha/blackOptic/vendor/codeigniter4/framework/system/Debug/Toolbar/Collectors/History.php(78): unlink('/developers/dev...')
#2 /developers/developer-talha/blackOptic/vendor/codeigniter4/framework/system/Debug/Toolbar.php(480): CodeIgniter\Debug\Toolbar\Collectors\History->setFiles(1637238004, 20)
#3 /developers/developer-talha/blackOptic/vendor/codeigniter4/framework/system/Debug/Toolbar.php(452): CodeIgniter\Debug\Toolbar->format(Array, 'html')
#4 /developers/developer-talha/blackOptic/app/Config/Events.php(52): CodeIgniter\Debug\Toolbar->respond()
#5 [internal function]: CodeIgniter\Events\Events::Config\{closure}()
#6 /developers/developer-talha/blackOptic/vendor/codeigniter4/framework/system/Events/Events.php(166): call_user_func(Object(Closure))
#7 /developers/developer-talha/blackOptic/vendor/codeigniter4/framework/system/CodeIgniter.php(319): CodeIgniter\Events\Events::trigger('pre_system')
#8 /developers/developer-talha/blackOptic/public/index.php(37): CodeIgniter\CodeIgniter->run()
#9 {main}
CRITICAL - 2021-11-18 17:20:14 --> unlink(/developers/developer-talha/blackOptic/writable/debugbar/debugbar_1634991869.json): Operation not permitted
#0 [internal function]: CodeIgniter\Debug\Exceptions->errorHandler(2, 'unlink(/develop...', '/developers/dev...', 78, Array)
#1 /developers/developer-talha/blackOptic/vendor/codeigniter4/framework/system/Debug/Toolbar/Collectors/History.php(78): unlink('/developers/dev...')
#2 /developers/developer-talha/blackOptic/vendor/codeigniter4/framework/system/Debug/Toolbar.php(480): CodeIgniter\Debug\Toolbar\Collectors\History->setFiles(1637238014, 20)
#3 /developers/developer-talha/blackOptic/vendor/codeigniter4/framework/system/Debug/Toolbar.php(452): CodeIgniter\Debug\Toolbar->format(Array, 'html')
#4 /developers/developer-talha/blackOptic/app/Config/Events.php(52): CodeIgniter\Debug\Toolbar->respond()
#5 [internal function]: CodeIgniter\Events\Events::Config\{closure}()
#6 /developers/developer-talha/blackOptic/vendor/codeigniter4/framework/system/Events/Events.php(166): call_user_func(Object(Closure))
#7 /developers/developer-talha/blackOptic/vendor/codeigniter4/framework/system/CodeIgniter.php(319): CodeIgniter\Events\Events::trigger('pre_system')
#8 /developers/developer-talha/blackOptic/public/index.php(37): CodeIgniter\CodeIgniter->run()
#9 {main}
CRITICAL - 2021-11-18 17:20:18 --> unlink(/developers/developer-talha/blackOptic/writable/debugbar/debugbar_1634991869.json): Operation not permitted
#0 [internal function]: CodeIgniter\Debug\Exceptions->errorHandler(2, 'unlink(/develop...', '/developers/dev...', 78, Array)
#1 /developers/developer-talha/blackOptic/vendor/codeigniter4/framework/system/Debug/Toolbar/Collectors/History.php(78): unlink('/developers/dev...')
#2 /developers/developer-talha/blackOptic/vendor/codeigniter4/framework/system/Debug/Toolbar.php(480): CodeIgniter\Debug\Toolbar\Collectors\History->setFiles(1637238018, 20)
#3 /developers/developer-talha/blackOptic/vendor/codeigniter4/framework/system/Debug/Toolbar.php(452): CodeIgniter\Debug\Toolbar->format(Array, 'html')
#4 /developers/developer-talha/blackOptic/app/Config/Events.php(52): CodeIgniter\Debug\Toolbar->respond()
#5 [internal function]: CodeIgniter\Events\Events::Config\{closure}()
#6 /developers/developer-talha/blackOptic/vendor/codeigniter4/framework/system/Events/Events.php(166): call_user_func(Object(Closure))
#7 /developers/developer-talha/blackOptic/vendor/codeigniter4/framework/system/CodeIgniter.php(319): CodeIgniter\Events\Events::trigger('pre_system')
#8 /developers/developer-talha/blackOptic/public/index.php(37): CodeIgniter\CodeIgniter->run()
#9 {main}
CRITICAL - 2021-11-18 17:20:20 --> unlink(/developers/developer-talha/blackOptic/writable/debugbar/debugbar_1634991869.json): Operation not permitted
#0 [internal function]: CodeIgniter\Debug\Exceptions->errorHandler(2, 'unlink(/develop...', '/developers/dev...', 78, Array)
#1 /developers/developer-talha/blackOptic/vendor/codeigniter4/framework/system/Debug/Toolbar/Collectors/History.php(78): unlink('/developers/dev...')
#2 /developers/developer-talha/blackOptic/vendor/codeigniter4/framework/system/Debug/Toolbar.php(480): CodeIgniter\Debug\Toolbar\Collectors\History->setFiles(1637238020, 20)
#3 /developers/developer-talha/blackOptic/vendor/codeigniter4/framework/system/Debug/Toolbar.php(452): CodeIgniter\Debug\Toolbar->format(Array, 'html')
#4 /developers/developer-talha/blackOptic/app/Config/Events.php(52): CodeIgniter\Debug\Toolbar->respond()
#5 [internal function]: CodeIgniter\Events\Events::Config\{closure}()
#6 /developers/developer-talha/blackOptic/vendor/codeigniter4/framework/system/Events/Events.php(166): call_user_func(Object(Closure))
#7 /developers/developer-talha/blackOptic/vendor/codeigniter4/framework/system/CodeIgniter.php(319): CodeIgniter\Events\Events::trigger('pre_system')
#8 /developers/developer-talha/blackOptic/public/index.php(37): CodeIgniter\CodeIgniter->run()
#9 {main}
CRITICAL - 2021-11-18 17:20:25 --> unlink(/developers/developer-talha/blackOptic/writable/debugbar/debugbar_1634991869.json): Operation not permitted
#0 [internal function]: CodeIgniter\Debug\Exceptions->errorHandler(2, 'unlink(/develop...', '/developers/dev...', 78, Array)
#1 /developers/developer-talha/blackOptic/vendor/codeigniter4/framework/system/Debug/Toolbar/Collectors/History.php(78): unlink('/developers/dev...')
#2 /developers/developer-talha/blackOptic/vendor/codeigniter4/framework/system/Debug/Toolbar.php(480): CodeIgniter\Debug\Toolbar\Collectors\History->setFiles(1637238024, 20)
#3 /developers/developer-talha/blackOptic/vendor/codeigniter4/framework/system/Debug/Toolbar.php(452): CodeIgniter\Debug\Toolbar->format(Array, 'html')
#4 /developers/developer-talha/blackOptic/app/Config/Events.php(52): CodeIgniter\Debug\Toolbar->respond()
#5 [internal function]: CodeIgniter\Events\Events::Config\{closure}()
#6 /developers/developer-talha/blackOptic/vendor/codeigniter4/framework/system/Events/Events.php(166): call_user_func(Object(Closure))
#7 /developers/developer-talha/blackOptic/vendor/codeigniter4/framework/system/CodeIgniter.php(319): CodeIgniter\Events\Events::trigger('pre_system')
#8 /developers/developer-talha/blackOptic/public/index.php(37): CodeIgniter\CodeIgniter->run()
#9 {main}
CRITICAL - 2021-11-18 17:20:32 --> unlink(/developers/developer-talha/blackOptic/writable/debugbar/debugbar_1634991869.json): Operation not permitted
#0 [internal function]: CodeIgniter\Debug\Exceptions->errorHandler(2, 'unlink(/develop...', '/developers/dev...', 78, Array)
#1 /developers/developer-talha/blackOptic/vendor/codeigniter4/framework/system/Debug/Toolbar/Collectors/History.php(78): unlink('/developers/dev...')
#2 /developers/developer-talha/blackOptic/vendor/codeigniter4/framework/system/Debug/Toolbar.php(480): CodeIgniter\Debug\Toolbar\Collectors\History->setFiles(1637238032, 20)
#3 /developers/developer-talha/blackOptic/vendor/codeigniter4/framework/system/Debug/Toolbar.php(452): CodeIgniter\Debug\Toolbar->format(Array, 'html')
#4 /developers/developer-talha/blackOptic/app/Config/Events.php(52): CodeIgniter\Debug\Toolbar->respond()
#5 [internal function]: CodeIgniter\Events\Events::Config\{closure}()
#6 /developers/developer-talha/blackOptic/vendor/codeigniter4/framework/system/Events/Events.php(166): call_user_func(Object(Closure))
#7 /developers/developer-talha/blackOptic/vendor/codeigniter4/framework/system/CodeIgniter.php(319): CodeIgniter\Events\Events::trigger('pre_system')
#8 /developers/developer-talha/blackOptic/public/index.php(37): CodeIgniter\CodeIgniter->run()
#9 {main}
CRITICAL - 2021-11-18 17:20:38 --> unlink(/developers/developer-talha/blackOptic/writable/debugbar/debugbar_1634991869.json): Operation not permitted
#0 [internal function]: CodeIgniter\Debug\Exceptions->errorHandler(2, 'unlink(/develop...', '/developers/dev...', 78, Array)
#1 /developers/developer-talha/blackOptic/vendor/codeigniter4/framework/system/Debug/Toolbar/Collectors/History.php(78): unlink('/developers/dev...')
#2 /developers/developer-talha/blackOptic/vendor/codeigniter4/framework/system/Debug/Toolbar.php(480): CodeIgniter\Debug\Toolbar\Collectors\History->setFiles(1637238037, 20)
#3 /developers/developer-talha/blackOptic/vendor/codeigniter4/framework/system/Debug/Toolbar.php(452): CodeIgniter\Debug\Toolbar->format(Array, 'html')
#4 /developers/developer-talha/blackOptic/app/Config/Events.php(52): CodeIgniter\Debug\Toolbar->respond()
#5 [internal function]: CodeIgniter\Events\Events::Config\{closure}()
#6 /developers/developer-talha/blackOptic/vendor/codeigniter4/framework/system/Events/Events.php(166): call_user_func(Object(Closure))
#7 /developers/developer-talha/blackOptic/vendor/codeigniter4/framework/system/CodeIgniter.php(319): CodeIgniter\Events\Events::trigger('pre_system')
#8 /developers/developer-talha/blackOptic/public/index.php(37): CodeIgniter\CodeIgniter->run()
#9 {main}
